INFO:root:Successfully created bot! My Player ID is 0.
INFO:root:=============== TURN 001 ================
INFO:root:[]
INFO:root:=============== TURN 002 ================
INFO:root:Ship 0 has 0 halite.
INFO:root:[(16, 31), (16, 32)]
INFO:root:=============== TURN 003 ================
INFO:root:Ship 0 has 0 halite.
INFO:root:[(16, 31), (16, 31)]
INFO:root:=============== TURN 004 ================
INFO:root:Ship 0 has 178 halite.
INFO:root:Ship 2 has 0 halite.
INFO:root:[(16, 31), (16, 31), (17, 32), (16, 32)]
INFO:root:=============== TURN 005 ================
INFO:root:Ship 0 has 312 halite.
INFO:root:Ship 2 has 0 halite.
INFO:root:[(16, 31), (16, 31), (17, 32), (17, 32)]
INFO:root:=============== TURN 006 ================
INFO:root:Ship 0 has 412 halite.
INFO:root:Ship 2 has 172 halite.
INFO:root:Ship 4 has 0 halite.
INFO:root:[(16, 31), (16, 31), (17, 32), (17, 32), (16, 33), (16, 32)]
INFO:root:=============== TURN 007 ================
INFO:root:Ship 0 has 487 halite.
INFO:root:Ship 2 has 301 halite.
INFO:root:Ship 4 has 0 halite.
INFO:root:[(16, 31), (16, 31), (17, 32), (17, 32), (16, 33), (16, 33)]
INFO:root:=============== TURN 008 ================
INFO:root:Ship 0 has 543 halite.
INFO:root:Ship 2 has 398 halite.
INFO:root:Ship 4 has 159 halite.
INFO:root:Ship 6 has 0 halite.
INFO:root:[(16, 31), (16, 31), (17, 32), (17, 32), (16, 33), (16, 33), (15, 32), (16, 32)]
INFO:root:=============== TURN 009 ================
INFO:root:Ship 0 has 585 halite.
INFO:root:Ship 2 has 470 halite.
INFO:root:Ship 4 has 278 halite.
INFO:root:Ship 6 has 0 halite.
INFO:root:[(17, 31), (16, 31), (17, 32), (17, 32), (16, 33), (16, 33), (15, 32), (15, 32)]
INFO:root:=============== TURN 010 ================
INFO:root:Ship 2 has 524 halite.
INFO:root:Ship 4 has 367 halite.
INFO:root:Ship 6 has 153 halite.
INFO:root:Ship 0 has 573 halite.
INFO:root:Ship 8 has 0 halite.
INFO:root:[(17, 32), (17, 32), (16, 33), (16, 33), (15, 32), (15, 32), (17, 31), (17, 31), (16, 31), (16, 32)]
INFO:root:=============== TURN 011 ================
INFO:root:Ship 2 has 565 halite.
INFO:root:Ship 4 has 434 halite.
INFO:root:Ship 6 has 268 halite.
INFO:root:Ship 0 has 725 halite.
INFO:root:Ship 8 has 0 halite.
INFO:root:[(17, 33), (17, 32), (16, 33), (16, 33), (15, 32), (15, 32), (17, 31), (17, 31), (15, 31), (16, 31)]
INFO:root:=============== TURN 012 ================
INFO:root:Ship 4 has 484 halite.
INFO:root:Ship 6 has 354 halite.
INFO:root:Ship 8 has 32 halite.
INFO:root:Ship 0 has 839 halite.
INFO:root:Ship 2 has 553 halite.
INFO:root:[(15, 33), (16, 33), (15, 32), (15, 32), (15, 31), (16, 31), (17, 31), (17, 31), (17, 33), (17, 33)]
INFO:root:=============== TURN 013 ================
INFO:root:Ship 6 has 418 halite.
INFO:root:Ship 8 has 23 halite.
INFO:root:Ship 0 has 924 halite.
INFO:root:Ship 2 has 684 halite.
INFO:root:Ship 4 has 469 halite.
INFO:root:[(15, 32), (15, 32), (15, 31), (15, 31), (17, 31), (17, 31), (17, 33), (17, 33), (15, 33), (15, 33)]
INFO:root:=============== TURN 014 ================
INFO:root:Ship 6 has 466 halite.
INFO:root:Ship 8 has 146 halite.
INFO:root:Ship 0 has 988 halite.
INFO:root:Ship 2 has 782 halite.
INFO:root:Ship 4 has 617 halite.
INFO:root:[(14, 32), (15, 32), (15, 31), (15, 31), (16, 31), (17, 33), (17, 33), (15, 33), (15, 33)]
INFO:root:=============== TURN 015 ================
INFO:root:Ship 0 has 969 halite.
INFO:root:Ship 8 has 239 halite.
INFO:root:Ship 2 has 856 halite.
INFO:root:Ship 4 has 728 halite.
INFO:root:Ship 6 has 452 halite.
INFO:root:[(16, 32), (15, 31), (15, 31), (17, 33), (17, 33), (15, 33), (15, 33), (14, 32), (14, 32)]
INFO:root:=============== TURN 016 ================
INFO:root:Ship 0 has 0 halite.
INFO:root:Ship 8 has 308 halite.
INFO:root:Ship 2 has 911 halite.
INFO:root:Ship 4 has 811 halite.
INFO:root:Ship 6 has 629 halite.
INFO:root:[(15, 32), (16, 32), (15, 31), (15, 31), (16, 33), (15, 33), (15, 33), (14, 32), (14, 32)]
INFO:root:=============== TURN 017 ================
INFO:root:Ship 0 has 0 halite.
INFO:root:Ship 8 has 360 halite.
INFO:root:Ship 4 has 873 halite.
INFO:root:Ship 6 has 761 halite.
INFO:root:Ship 2 has 895 halite.
INFO:root:[(14, 32), (15, 32), (15, 31), (15, 31), (15, 33), (15, 33), (15, 32), (14, 32), (16, 32)]
INFO:root:=============== TURN 018 ================
INFO:root:Ship 8 has 399 halite.
INFO:root:Ship 4 has 920 halite.
INFO:root:Ship 2 has 0 halite.
INFO:root:[(15, 32), (15, 31), (16, 33), (17, 32), (16, 32)]
INFO:root:=============== TURN 019 ================
INFO:root:Ship 8 has 388 halite.
INFO:root:Ship 4 has 907 halite.
INFO:root:Ship 2 has 0 halite.
INFO:root:[(15, 32), (15, 32), (16, 32), (18, 32), (17, 32)]
INFO:root:=============== TURN 020 ================
INFO:root:Ship 8 has 605 halite.
INFO:root:Ship 2 has 31 halite.
INFO:root:Ship 4 has 0 halite.
INFO:root:[(15, 32), (15, 32), (18, 32), (17, 32), (16, 33), (16, 32)]
INFO:root:=============== TURN 021 ================
INFO:root:Ship 8 has 768 halite.
INFO:root:Ship 2 has 22 halite.
INFO:root:Ship 4 has 0 halite.
INFO:root:[(15, 32), (15, 32), (18, 32), (18, 32), (16, 34), (16, 33)]
INFO:root:=============== TURN 022 ================
INFO:root:Ship 8 has 890 halite.
INFO:root:Ship 2 has 139 halite.
INFO:root:Ship 4 has 38 halite.
INFO:root:Ship 10 has 0 halite.
INFO:root:[(15, 32), (15, 32), (18, 32), (18, 32), (16, 34), (16, 33), (16, 31), (16, 32)]
INFO:root:=============== TURN 023 ================
INFO:root:Ship 8 has 981 halite.
INFO:root:Ship 2 has 226 halite.
INFO:root:Ship 4 has 27 halite.
INFO:root:Ship 10 has 0 halite.
INFO:root:[(16, 32), (18, 32), (18, 32), (16, 34), (16, 34), (15, 31), (16, 31)]
INFO:root:=============== TURN 024 ================
INFO:root:Ship 2 has 292 halite.
INFO:root:Ship 4 has 148 halite.
INFO:root:Ship 8 has 0 halite.
INFO:root:Ship 10 has 24 halite.
INFO:root:[(18, 32), (18, 32), (16, 34), (16, 34), (16, 31), (16, 32), (15, 31), (16, 31)]
INFO:root:=============== TURN 025 ================
INFO:root:Ship 2 has 341 halite.
INFO:root:Ship 4 has 239 halite.
INFO:root:Ship 8 has 0 halite.
INFO:root:Ship 10 has 17 halite.
INFO:root:[(18, 33), (18, 32), (16, 34), (16, 34), (15, 31), (16, 31), (14, 31), (15, 31)]
INFO:root:=============== TURN 026 ================
INFO:root:Ship 4 has 307 halite.
INFO:root:Ship 8 has 18 halite.
INFO:root:Ship 10 has 6 halite.
INFO:root:Ship 2 has 327 halite.
INFO:root:Ship 12 has 0 halite.
INFO:root:[(16, 34), (16, 34), (15, 31), (16, 31), (14, 31), (14, 31), (18, 33), (18, 33), (16, 33), (16, 32)]
INFO:root:=============== TURN 027 ================
INFO:root:Ship 4 has 358 halite.
INFO:root:Ship 10 has 154 halite.
INFO:root:Ship 2 has 465 halite.
INFO:root:Ship 8 has 13 halite.
INFO:root:Ship 12 has 0 halite.
INFO:root:[(16, 34), (16, 34), (14, 31), (14, 31), (18, 33), (18, 33), (16, 31), (15, 31), (15, 33), (16, 33)]
INFO:root:=============== TURN 028 ================
INFO:root:Ship 4 has 397 halite.
INFO:root:Ship 10 has 265 halite.
INFO:root:Ship 2 has 568 halite.
INFO:root:Ship 8 has 2 halite.
INFO:root:Ship 12 has 28 halite.
INFO:root:Ship 14 has 0 halite.
INFO:root:[(17, 34), (16, 34), (14, 31), (14, 31), (18, 33), (18, 33), (16, 30), (16, 31), (15, 33), (16, 33), (17, 32), (16, 32)]
INFO:root:=============== TURN 029 ================
INFO:root:Ship 10 has 348 halite.
INFO:root:Ship 2 has 645 halite.
INFO:root:Ship 8 has 15 halite.
INFO:root:Ship 4 has 386 halite.
INFO:root:Ship 12 has 20 halite.
INFO:root:Ship 14 has 0 halite.
INFO:root:[(14, 31), (14, 31), (18, 33), (18, 33), (16, 30), (16, 31), (17, 34), (17, 34), (15, 34), (15, 33), (18, 32), (17, 32)]
INFO:root:=============== TURN 030 ================
INFO:root:Ship 10 has 411 halite.
INFO:root:Ship 2 has 703 halite.
INFO:root:Ship 12 has 7 halite.
INFO:root:Ship 4 has 512 halite.
INFO:root:Ship 8 has 12 halite.
INFO:root:Ship 14 has 23 halite.
INFO:root:[(14, 31), (14, 31), (18, 33), (18, 33), (15, 34), (15, 34), (17, 34), (17, 34), (16, 30), (16, 30), (18, 32), (17, 32)]
INFO:root:=============== TURN 031 ================
INFO:root:Ship 10 has 458 halite.
INFO:root:Ship 2 has 747 halite.
INFO:root:Ship 12 has 130 halite.
INFO:root:Ship 4 has 606 halite.
INFO:root:Ship 8 has 133 halite.
INFO:root:Ship 14 has 17 halite.
INFO:root:[(14, 30), (14, 31), (19, 33), (18, 33), (15, 34), (15, 34), (17, 34), (17, 34), (16, 30), (16, 30), (18, 31), (18, 32)]
INFO:root:=============== TURN 032 ================
INFO:root:Ship 12 has 223 halite.
INFO:root:Ship 4 has 677 halite.
INFO:root:Ship 8 has 223 halite.
INFO:root:Ship 2 has 735 halite.
INFO:root:Ship 10 has 445 halite.
INFO:root:Ship 14 has 3 halite.
INFO:root:[(15, 34), (15, 34), (17, 34), (17, 34), (16, 30), (16, 30), (19, 33), (19, 33), (14, 30), (14, 30), (18, 31), (18, 31)]
INFO:root:=============== TURN 033 ================
INFO:root:Ship 12 has 292 halite.
INFO:root:Ship 4 has 730 halite.
INFO:root:Ship 8 has 291 halite.
INFO:root:Ship 2 has 856 halite.
INFO:root:Ship 10 has 548 halite.
INFO:root:Ship 14 has 115 halite.
INFO:root:[(15, 34), (15, 34), (17, 34), (17, 34), (16, 30), (16, 30), (19, 33), (19, 33), (14, 30), (14, 30), (18, 31), (18, 31)]
INFO:root:=============== TURN 034 ================
INFO:root:Ship 12 has 344 halite.
INFO:root:Ship 4 has 770 halite.
INFO:root:Ship 8 has 342 halite.
INFO:root:Ship 2 has 947 halite.
INFO:root:Ship 10 has 625 halite.
INFO:root:Ship 14 has 199 halite.
INFO:root:[(15, 34), (15, 34), (17, 35), (17, 34), (16, 30), (16, 30), (18, 33), (14, 30), (14, 30), (18, 31), (18, 31)]
INFO:root:=============== TURN 035 ================
INFO:root:Ship 4 has 759 halite.
INFO:root:Ship 12 has 383 halite.
INFO:root:Ship 8 has 380 halite.
INFO:root:Ship 2 has 920 halite.
INFO:root:Ship 10 has 683 halite.
INFO:root:Ship 14 has 262 halite.
INFO:root:[(17, 35), (17, 35), (15, 35), (15, 34), (17, 30), (16, 30), (17, 33), (14, 30), (14, 30), (18, 31), (18, 31)]
INFO:root:=============== TURN 036 ================
INFO:root:Ship 12 has 372 halite.
INFO:root:Ship 4 has 853 halite.
INFO:root:Ship 2 has 908 halite.
INFO:root:Ship 10 has 727 halite.
INFO:root:Ship 14 has 310 halite.
INFO:root:Ship 8 has 369 halite.
INFO:root:[(15, 35), (15, 35), (17, 35), (17, 35), (16, 33), (14, 31), (14, 30), (18, 32), (18, 31), (17, 30), (17, 30)]
INFO:root:=============== TURN 037 ================
INFO:root:Ship 12 has 483 halite.
INFO:root:Ship 4 has 923 halite.
INFO:root:Ship 8 has 459 halite.
INFO:root:Ship 10 has 715 halite.
INFO:root:Ship 2 has 892 halite.
INFO:root:Ship 14 has 296 halite.
INFO:root:[(15, 35), (15, 35), (16, 35), (17, 30), (17, 30), (14, 32), (14, 31), (16, 32), (19, 32), (18, 32)]
INFO:root:=============== TURN 038 ================
INFO:root:Ship 4 has 903 halite.
INFO:root:Ship 12 has 566 halite.
INFO:root:Ship 8 has 527 halite.
INFO:root:Ship 2 has 0 halite.
INFO:root:Ship 10 has 702 halite.
INFO:root:Ship 14 has 282 halite.
INFO:root:[(16, 34), (15, 35), (15, 35), (17, 30), (17, 30), (16, 33), (16, 32), (14, 32), (14, 32), (19, 32), (19, 32)]
INFO:root:=============== TURN 039 ================
INFO:root:Ship 4 has 861 halite.
INFO:root:Ship 12 has 628 halite.
INFO:root:Ship 8 has 578 halite.
INFO:root:Ship 2 has 0 halite.
INFO:root:Ship 10 has 801 halite.
INFO:root:Ship 14 has 381 halite.
INFO:root:[(16, 34), (15, 35), (15, 35), (17, 30), (17, 30), (15, 33), (16, 33), (14, 32), (14, 32), (19, 32), (19, 32)]
INFO:root:=============== TURN 040 ================
INFO:root:Ship 4 has 890 halite.
INFO:root:Ship 12 has 675 halite.
INFO:root:Ship 8 has 616 halite.
INFO:root:Ship 2 has 21 halite.
INFO:root:Ship 10 has 876 halite.
INFO:root:Ship 14 has 455 halite.
INFO:root:Ship 16 has 0 halite.
INFO:root:[(16, 34), (15, 36), (15, 35), (18, 30), (17, 30), (15, 33), (16, 33), (14, 32), (14, 32), (19, 32), (19, 32), (15, 32), (16, 32)]
INFO:root:=============== TURN 041 ================
INFO:root:Ship 12 has 662 halite.
INFO:root:Ship 4 has 912 halite.
INFO:root:Ship 2 has 15 halite.
INFO:root:Ship 10 has 932 halite.
INFO:root:Ship 14 has 510 halite.
INFO:root:Ship 16 has 0 halite.
INFO:root:Ship 8 has 605 halite.
INFO:root:[(15, 36), (15, 36), (16, 33), (14, 33), (15, 33), (14, 32), (19, 32), (19, 32), (15, 32), (15, 32), (18, 30), (18, 30)]
INFO:root:=============== TURN 042 ================
INFO:root:Ship 4 has 906 halite.
INFO:root:Ship 12 has 783 halite.
INFO:root:Ship 2 has 2 halite.
INFO:root:Ship 10 has 974 halite.
INFO:root:Ship 14 has 552 halite.
INFO:root:Ship 16 has 69 halite.
INFO:root:Ship 8 has 678 halite.
INFO:root:[(16, 32), (15, 36), (15, 36), (14, 33), (14, 33), (14, 32), (20, 32), (19, 32), (15, 32), (15, 32), (18, 30), (18, 30)]
INFO:root:=============== TURN 043 ================
INFO:root:Ship 4 has 0 halite.
INFO:root:Ship 12 has 874 halite.
INFO:root:Ship 2 has 111 halite.
INFO:root:Ship 10 has 1000 halite.
INFO:root:Ship 16 has 120 halite.
INFO:root:Ship 8 has 733 halite.
INFO:root:Ship 14 has 540 halite.
INFO:root:[(17, 32), (16, 32), (15, 36), (15, 36), (14, 33), (14, 33), (14, 32), (15, 32), (15, 32), (18, 30), (18, 30), (20, 32), (20, 32)]
INFO:root:=============== TURN 044 ================
INFO:root:Ship 4 has 0 halite.
INFO:root:Ship 12 has 942 halite.
INFO:root:Ship 2 has 193 halite.
INFO:root:Ship 10 has 1000 halite.
INFO:root:Ship 16 has 159 halite.
INFO:root:Ship 8 has 774 halite.
INFO:root:Ship 14 has 664 halite.
INFO:root:[(18, 32), (17, 32), (16, 36), (14, 33), (14, 33), (14, 32), (15, 31), (15, 32), (18, 29), (18, 30), (20, 32), (20, 32)]
INFO:root:=============== TURN 045 ================
INFO:root:Ship 12 has 922 halite.
INFO:root:Ship 4 has 17 halite.
INFO:root:Ship 2 has 254 halite.
INFO:root:Ship 10 has 1000 halite.
INFO:root:Ship 14 has 757 halite.
INFO:root:Ship 8 has 762 halite.
INFO:root:Ship 16 has 148 halite.
INFO:root:Ship 18 has 0 halite.
INFO:root:[(16, 35), (18, 32), (17, 32), (14, 33), (14, 33), (15, 32), (20, 32), (20, 32), (18, 29), (18, 29), (14, 31), (15, 31), (16, 33), (16, 32)]
INFO:root:=============== TURN 046 ================
INFO:root:Ship 10 has 991 halite.
INFO:root:Ship 2 has 300 halite.
INFO:root:Ship 14 has 826 halite.
INFO:root:Ship 16 has 137 halite.
INFO:root:Ship 8 has 838 halite.
INFO:root:Ship 4 has 12 halite.
INFO:root:Ship 12 has 876 halite.
INFO:root:Ship 18 has 0 halite.
INFO:root:[(16, 32), (14, 32), (14, 33), (20, 32), (20, 32), (13, 31), (14, 31), (18, 29), (18, 29), (18, 33), (18, 32), (16, 34), (15, 33), (16, 33)]
INFO:root:=============== TURN 047 ================
INFO:root:Ship 2 has 287 halite.
INFO:root:Ship 10 has 0 halite.
INFO:root:Ship 14 has 878 halite.
INFO:root:Ship 16 has 124 halite.
INFO:root:Ship 8 has 895 halite.
INFO:root:Ship 12 has 834 halite.
INFO:root:Ship 4 has 49 halite.
INFO:root:Ship 18 has 16 halite.
INFO:root:[(13, 32), (14, 32), (15, 32), (16, 32), (20, 32), (20, 32), (13, 31), (13, 31), (18, 29), (18, 29), (16, 34), (18, 33), (18, 32), (15, 33), (16, 33)]
INFO:root:=============== TURN 048 ================
INFO:root:Ship 14 has 917 halite.
INFO:root:Ship 16 has 222 halite.
INFO:root:Ship 8 has 938 halite.
INFO:root:Ship 4 has 39 halite.
INFO:root:Ship 12 has 850 halite.
INFO:root:Ship 10 has 0 halite.
INFO:root:Ship 2 has 278 halite.
INFO:root:Ship 18 has 12 halite.
INFO:root:[(19, 32), (13, 31), (13, 31), (17, 29), (18, 34), (18, 33), (16, 33), (14, 32), (15, 32), (13, 32), (13, 32), (15, 34), (15, 33)]
INFO:root:=============== TURN 049 ================
INFO:root:Ship 8 has 926 halite.
INFO:root:Ship 16 has 295 halite.
INFO:root:Ship 10 has 29 halite.
INFO:root:Ship 2 has 379 halite.
INFO:root:Ship 4 has 27 halite.
INFO:root:Ship 12 has 846 halite.
INFO:root:Ship 14 has 906 halite.
INFO:root:Ship 18 has 47 halite.
INFO:root:Ship 20 has 0 halite.
INFO:root:[(16, 29), (13, 31), (13, 31), (15, 31), (15, 32), (13, 32), (13, 32), (18, 34), (18, 34), (16, 33), (18, 32), (15, 34), (15, 33), (16, 31), (16, 32)]
INFO:root:sleep
INFO:root:=============== TURN 050 ================
INFO:root:Ship 16 has 350 halite.
INFO:root:Ship 2 has 454 halite.
INFO:root:Ship 4 has 113 halite.
INFO:root:Ship 12 has 858 halite.
INFO:root:Ship 8 has 902 halite.
INFO:root:Ship 10 has 21 halite.
INFO:root:Ship 14 has 894 halite.
INFO:root:Ship 20 has 0 halite.
INFO:root:Ship 18 has 37 halite.
INFO:root:[(13, 31), (13, 31), (13, 32), (13, 32), (18, 34), (18, 34), (16, 32), (16, 30), (15, 30), (15, 31), (17, 32), (17, 31), (16, 31), (15, 35), (15, 34)]
