INFO:root:Successfully created bot! My Player ID is 1.
INFO:root:=============== TURN 001 ================
INFO:root:[]
INFO:root:=============== TURN 002 ================
INFO:root:Ship 1 has 0 halite.
INFO:root:[(47, 31), (47, 32)]
INFO:root:=============== TURN 003 ================
INFO:root:Ship 1 has 0 halite.
INFO:root:[(47, 31), (47, 31)]
INFO:root:=============== TURN 004 ================
INFO:root:Ship 1 has 178 halite.
INFO:root:Ship 3 has 0 halite.
INFO:root:[(47, 31), (47, 31), (46, 32), (47, 32)]
INFO:root:=============== TURN 005 ================
INFO:root:Ship 1 has 312 halite.
INFO:root:Ship 3 has 0 halite.
INFO:root:[(47, 31), (47, 31), (46, 32), (46, 32)]
INFO:root:=============== TURN 006 ================
INFO:root:Ship 1 has 412 halite.
INFO:root:Ship 3 has 172 halite.
INFO:root:Ship 5 has 0 halite.
INFO:root:[(47, 31), (47, 31), (46, 32), (46, 32), (47, 33), (47, 32)]
INFO:root:=============== TURN 007 ================
INFO:root:Ship 1 has 487 halite.
INFO:root:Ship 3 has 301 halite.
INFO:root:Ship 5 has 0 halite.
INFO:root:[(47, 31), (47, 31), (46, 32), (46, 32), (47, 33), (47, 33)]
INFO:root:=============== TURN 008 ================
INFO:root:Ship 1 has 543 halite.
INFO:root:Ship 3 has 398 halite.
INFO:root:Ship 5 has 159 halite.
INFO:root:Ship 7 has 0 halite.
INFO:root:[(47, 31), (47, 31), (46, 32), (46, 32), (47, 33), (47, 33), (48, 32), (47, 32)]
INFO:root:=============== TURN 009 ================
INFO:root:Ship 1 has 585 halite.
INFO:root:Ship 3 has 470 halite.
INFO:root:Ship 5 has 278 halite.
INFO:root:Ship 7 has 0 halite.
INFO:root:[(46, 31), (47, 31), (46, 32), (46, 32), (47, 33), (47, 33), (48, 32), (48, 32)]
INFO:root:=============== TURN 010 ================
INFO:root:Ship 3 has 524 halite.
INFO:root:Ship 5 has 367 halite.
INFO:root:Ship 7 has 153 halite.
INFO:root:Ship 1 has 573 halite.
INFO:root:Ship 9 has 0 halite.
INFO:root:[(46, 32), (46, 32), (47, 33), (47, 33), (48, 32), (48, 32), (46, 31), (46, 31), (47, 31), (47, 32)]
INFO:root:=============== TURN 011 ================
INFO:root:Ship 3 has 565 halite.
INFO:root:Ship 5 has 434 halite.
INFO:root:Ship 7 has 268 halite.
INFO:root:Ship 1 has 725 halite.
INFO:root:Ship 9 has 0 halite.
INFO:root:[(46, 33), (46, 32), (47, 33), (47, 33), (48, 32), (48, 32), (46, 31), (46, 31), (48, 31), (47, 31)]
INFO:root:=============== TURN 012 ================
INFO:root:Ship 5 has 484 halite.
INFO:root:Ship 7 has 354 halite.
INFO:root:Ship 9 has 32 halite.
INFO:root:Ship 1 has 839 halite.
INFO:root:Ship 3 has 553 halite.
INFO:root:[(48, 33), (47, 33), (48, 32), (48, 32), (48, 31), (47, 31), (46, 31), (46, 31), (46, 33), (46, 33)]
INFO:root:=============== TURN 013 ================
INFO:root:Ship 7 has 418 halite.
INFO:root:Ship 9 has 23 halite.
INFO:root:Ship 1 has 924 halite.
INFO:root:Ship 3 has 684 halite.
INFO:root:Ship 5 has 469 halite.
INFO:root:[(48, 32), (48, 32), (48, 31), (48, 31), (46, 31), (46, 31), (46, 33), (46, 33), (48, 33), (48, 33)]
INFO:root:=============== TURN 014 ================
INFO:root:Ship 7 has 466 halite.
INFO:root:Ship 9 has 146 halite.
INFO:root:Ship 1 has 988 halite.
INFO:root:Ship 3 has 782 halite.
INFO:root:Ship 5 has 617 halite.
INFO:root:[(49, 32), (48, 32), (48, 31), (48, 31), (47, 31), (46, 33), (46, 33), (48, 33), (48, 33)]
INFO:root:=============== TURN 015 ================
INFO:root:Ship 1 has 969 halite.
INFO:root:Ship 9 has 239 halite.
INFO:root:Ship 3 has 856 halite.
INFO:root:Ship 5 has 728 halite.
INFO:root:Ship 7 has 452 halite.
INFO:root:[(47, 32), (48, 31), (48, 31), (46, 33), (46, 33), (48, 33), (48, 33), (49, 32), (49, 32)]
INFO:root:=============== TURN 016 ================
INFO:root:Ship 1 has 0 halite.
INFO:root:Ship 9 has 308 halite.
INFO:root:Ship 3 has 911 halite.
INFO:root:Ship 5 has 811 halite.
INFO:root:Ship 7 has 629 halite.
INFO:root:[(48, 32), (47, 32), (48, 31), (48, 31), (47, 33), (48, 33), (48, 33), (49, 32), (49, 32)]
INFO:root:=============== TURN 017 ================
INFO:root:Ship 1 has 0 halite.
INFO:root:Ship 9 has 360 halite.
INFO:root:Ship 5 has 873 halite.
INFO:root:Ship 7 has 761 halite.
INFO:root:Ship 3 has 895 halite.
INFO:root:[(49, 32), (48, 32), (48, 31), (48, 31), (48, 33), (48, 33), (48, 32), (49, 32), (47, 32)]
INFO:root:=============== TURN 018 ================
INFO:root:Ship 9 has 399 halite.
INFO:root:Ship 5 has 920 halite.
INFO:root:Ship 3 has 0 halite.
INFO:root:[(48, 32), (48, 31), (47, 33), (46, 32), (47, 32)]
INFO:root:=============== TURN 019 ================
INFO:root:Ship 9 has 388 halite.
INFO:root:Ship 3 has 0 halite.
INFO:root:Ship 5 has 907 halite.
INFO:root:[(48, 32), (48, 32), (45, 32), (46, 32), (47, 32)]
INFO:root:=============== TURN 020 ================
INFO:root:Ship 9 has 605 halite.
INFO:root:Ship 3 has 31 halite.
INFO:root:Ship 5 has 0 halite.
INFO:root:[(48, 32), (48, 32), (45, 32), (46, 32), (47, 33), (47, 32)]
INFO:root:=============== TURN 021 ================
INFO:root:Ship 9 has 768 halite.
INFO:root:Ship 3 has 22 halite.
INFO:root:Ship 5 has 0 halite.
INFO:root:[(48, 32), (48, 32), (45, 32), (45, 32), (47, 34), (47, 33)]
INFO:root:=============== TURN 022 ================
INFO:root:Ship 9 has 890 halite.
INFO:root:Ship 3 has 139 halite.
INFO:root:Ship 5 has 38 halite.
INFO:root:Ship 11 has 0 halite.
INFO:root:[(48, 32), (48, 32), (45, 32), (45, 32), (47, 34), (47, 33), (47, 31), (47, 32)]
INFO:root:=============== TURN 023 ================
INFO:root:Ship 9 has 981 halite.
INFO:root:Ship 3 has 226 halite.
INFO:root:Ship 5 has 27 halite.
INFO:root:Ship 11 has 0 halite.
INFO:root:[(47, 32), (45, 32), (45, 32), (47, 34), (47, 34), (48, 31), (47, 31)]
INFO:root:=============== TURN 024 ================
INFO:root:Ship 3 has 292 halite.
INFO:root:Ship 5 has 148 halite.
INFO:root:Ship 9 has 0 halite.
INFO:root:Ship 11 has 24 halite.
INFO:root:[(45, 32), (45, 32), (47, 34), (47, 34), (47, 31), (47, 32), (48, 31), (47, 31)]
INFO:root:=============== TURN 025 ================
INFO:root:Ship 3 has 341 halite.
INFO:root:Ship 5 has 239 halite.
INFO:root:Ship 9 has 0 halite.
INFO:root:Ship 11 has 17 halite.
INFO:root:[(45, 33), (45, 32), (47, 34), (47, 34), (48, 31), (47, 31), (49, 31), (48, 31)]
INFO:root:=============== TURN 026 ================
INFO:root:Ship 5 has 307 halite.
INFO:root:Ship 9 has 18 halite.
INFO:root:Ship 3 has 327 halite.
INFO:root:Ship 11 has 6 halite.
INFO:root:Ship 13 has 0 halite.
INFO:root:[(47, 34), (47, 34), (48, 31), (47, 31), (45, 33), (45, 33), (49, 31), (49, 31), (47, 33), (47, 32)]
INFO:root:=============== TURN 027 ================
INFO:root:Ship 5 has 358 halite.
INFO:root:Ship 3 has 465 halite.
INFO:root:Ship 11 has 154 halite.
INFO:root:Ship 9 has 13 halite.
INFO:root:Ship 13 has 0 halite.
INFO:root:[(47, 34), (47, 34), (45, 33), (45, 33), (49, 31), (49, 31), (47, 31), (48, 31), (48, 33), (47, 33)]
INFO:root:=============== TURN 028 ================
INFO:root:Ship 5 has 397 halite.
INFO:root:Ship 3 has 568 halite.
INFO:root:Ship 11 has 265 halite.
INFO:root:Ship 9 has 2 halite.
INFO:root:Ship 13 has 28 halite.
INFO:root:Ship 15 has 0 halite.
INFO:root:[(46, 34), (47, 34), (45, 33), (45, 33), (49, 31), (49, 31), (47, 30), (47, 31), (48, 33), (47, 33), (46, 32), (47, 32)]
INFO:root:=============== TURN 029 ================
INFO:root:Ship 3 has 645 halite.
INFO:root:Ship 11 has 348 halite.
INFO:root:Ship 9 has 15 halite.
INFO:root:Ship 5 has 386 halite.
INFO:root:Ship 13 has 20 halite.
INFO:root:Ship 15 has 0 halite.
INFO:root:[(45, 33), (45, 33), (49, 31), (49, 31), (47, 30), (47, 31), (46, 34), (46, 34), (48, 34), (48, 33), (45, 32), (46, 32)]
INFO:root:=============== TURN 030 ================
INFO:root:Ship 3 has 703 halite.
INFO:root:Ship 11 has 411 halite.
INFO:root:Ship 13 has 7 halite.
INFO:root:Ship 5 has 512 halite.
INFO:root:Ship 9 has 12 halite.
INFO:root:Ship 15 has 23 halite.
INFO:root:[(45, 33), (45, 33), (49, 31), (49, 31), (48, 34), (48, 34), (46, 34), (46, 34), (47, 30), (47, 30), (45, 32), (46, 32)]
INFO:root:=============== TURN 031 ================
INFO:root:Ship 3 has 747 halite.
INFO:root:Ship 11 has 458 halite.
INFO:root:Ship 13 has 130 halite.
INFO:root:Ship 5 has 606 halite.
INFO:root:Ship 9 has 133 halite.
INFO:root:Ship 15 has 17 halite.
INFO:root:[(44, 33), (45, 33), (49, 30), (49, 31), (48, 34), (48, 34), (46, 34), (46, 34), (47, 30), (47, 30), (45, 31), (45, 32)]
INFO:root:=============== TURN 032 ================
INFO:root:Ship 13 has 223 halite.
INFO:root:Ship 5 has 677 halite.
INFO:root:Ship 9 has 223 halite.
INFO:root:Ship 15 has 3 halite.
INFO:root:Ship 11 has 445 halite.
INFO:root:Ship 3 has 735 halite.
INFO:root:[(48, 34), (48, 34), (46, 34), (46, 34), (47, 30), (47, 30), (45, 31), (45, 31), (49, 30), (49, 30), (44, 33), (44, 33)]
INFO:root:=============== TURN 033 ================
INFO:root:Ship 13 has 292 halite.
INFO:root:Ship 5 has 730 halite.
INFO:root:Ship 9 has 291 halite.
INFO:root:Ship 15 has 115 halite.
INFO:root:Ship 11 has 548 halite.
INFO:root:Ship 3 has 856 halite.
INFO:root:[(48, 34), (48, 34), (46, 34), (46, 34), (47, 30), (47, 30), (45, 31), (45, 31), (49, 30), (49, 30), (44, 33), (44, 33)]
INFO:root:=============== TURN 034 ================
INFO:root:Ship 13 has 344 halite.
INFO:root:Ship 5 has 770 halite.
INFO:root:Ship 9 has 342 halite.
INFO:root:Ship 15 has 199 halite.
INFO:root:Ship 11 has 625 halite.
INFO:root:Ship 3 has 947 halite.
INFO:root:[(48, 34), (48, 34), (46, 35), (46, 34), (47, 30), (47, 30), (45, 31), (45, 31), (49, 30), (49, 30), (45, 33)]
INFO:root:=============== TURN 035 ================
INFO:root:Ship 5 has 759 halite.
INFO:root:Ship 13 has 383 halite.
INFO:root:Ship 9 has 380 halite.
INFO:root:Ship 15 has 262 halite.
INFO:root:Ship 3 has 920 halite.
INFO:root:Ship 11 has 683 halite.
INFO:root:[(46, 35), (46, 35), (48, 35), (48, 34), (46, 30), (47, 30), (45, 31), (45, 31), (46, 33), (49, 30), (49, 30)]
INFO:root:=============== TURN 036 ================
INFO:root:Ship 13 has 372 halite.
INFO:root:Ship 5 has 853 halite.
INFO:root:Ship 15 has 310 halite.
INFO:root:Ship 3 has 908 halite.
INFO:root:Ship 11 has 727 halite.
INFO:root:Ship 9 has 369 halite.
INFO:root:[(48, 35), (48, 35), (46, 35), (46, 35), (45, 32), (45, 31), (47, 33), (49, 31), (49, 30), (46, 30), (46, 30)]
INFO:root:=============== TURN 037 ================
INFO:root:Ship 13 has 483 halite.
INFO:root:Ship 5 has 923 halite.
INFO:root:Ship 9 has 459 halite.
INFO:root:Ship 3 has 892 halite.
INFO:root:Ship 11 has 715 halite.
INFO:root:Ship 15 has 296 halite.
INFO:root:[(48, 35), (48, 35), (47, 35), (46, 30), (46, 30), (47, 32), (49, 32), (49, 31), (44, 32), (45, 32)]
INFO:root:=============== TURN 038 ================
INFO:root:Ship 5 has 903 halite.
INFO:root:Ship 13 has 566 halite.
INFO:root:Ship 9 has 527 halite.
INFO:root:Ship 15 has 282 halite.
INFO:root:Ship 11 has 702 halite.
INFO:root:Ship 3 has 0 halite.
INFO:root:[(47, 34), (48, 35), (48, 35), (46, 30), (46, 30), (44, 32), (44, 32), (49, 32), (49, 32), (47, 33), (47, 32)]
INFO:root:=============== TURN 039 ================
INFO:root:Ship 5 has 861 halite.
INFO:root:Ship 13 has 628 halite.
INFO:root:Ship 9 has 578 halite.
INFO:root:Ship 15 has 381 halite.
INFO:root:Ship 3 has 0 halite.
INFO:root:Ship 11 has 801 halite.
INFO:root:[(47, 34), (48, 35), (48, 35), (46, 30), (46, 30), (44, 32), (44, 32), (48, 33), (47, 33), (49, 32), (49, 32)]
INFO:root:=============== TURN 040 ================
INFO:root:Ship 5 has 890 halite.
INFO:root:Ship 13 has 675 halite.
INFO:root:Ship 9 has 616 halite.
INFO:root:Ship 15 has 455 halite.
INFO:root:Ship 3 has 21 halite.
INFO:root:Ship 11 has 876 halite.
INFO:root:Ship 17 has 0 halite.
INFO:root:[(47, 34), (48, 36), (48, 35), (45, 30), (46, 30), (44, 32), (44, 32), (48, 33), (47, 33), (49, 32), (49, 32), (48, 32), (47, 32)]
INFO:root:=============== TURN 041 ================
INFO:root:Ship 13 has 662 halite.
INFO:root:Ship 5 has 912 halite.
INFO:root:Ship 15 has 510 halite.
INFO:root:Ship 3 has 15 halite.
INFO:root:Ship 11 has 932 halite.
INFO:root:Ship 17 has 0 halite.
INFO:root:Ship 9 has 605 halite.
INFO:root:[(48, 36), (48, 36), (47, 33), (44, 32), (44, 32), (49, 33), (48, 33), (49, 32), (48, 32), (48, 32), (45, 30), (45, 30)]
INFO:root:=============== TURN 042 ================
INFO:root:Ship 5 has 906 halite.
INFO:root:Ship 13 has 783 halite.
INFO:root:Ship 15 has 552 halite.
INFO:root:Ship 3 has 2 halite.
INFO:root:Ship 11 has 974 halite.
INFO:root:Ship 17 has 69 halite.
INFO:root:Ship 9 has 678 halite.
INFO:root:[(47, 32), (48, 36), (48, 36), (43, 32), (44, 32), (49, 33), (49, 33), (49, 32), (48, 32), (48, 32), (45, 30), (45, 30)]
INFO:root:=============== TURN 043 ================
INFO:root:Ship 5 has 0 halite.
INFO:root:Ship 13 has 874 halite.
INFO:root:Ship 3 has 111 halite.
INFO:root:Ship 11 has 1000 halite.
INFO:root:Ship 17 has 120 halite.
INFO:root:Ship 9 has 733 halite.
INFO:root:Ship 15 has 540 halite.
INFO:root:[(46, 32), (47, 32), (48, 36), (48, 36), (49, 33), (49, 33), (49, 32), (48, 32), (48, 32), (45, 30), (45, 30), (43, 32), (43, 32)]
INFO:root:=============== TURN 044 ================
INFO:root:Ship 5 has 0 halite.
INFO:root:Ship 13 has 942 halite.
INFO:root:Ship 3 has 193 halite.
INFO:root:Ship 11 has 1000 halite.
INFO:root:Ship 17 has 159 halite.
INFO:root:Ship 9 has 774 halite.
INFO:root:Ship 15 has 664 halite.
INFO:root:[(45, 32), (46, 32), (47, 36), (49, 33), (49, 33), (49, 32), (48, 31), (48, 32), (45, 29), (45, 30), (43, 32), (43, 32)]
INFO:root:=============== TURN 045 ================
INFO:root:Ship 13 has 922 halite.
INFO:root:Ship 5 has 17 halite.
INFO:root:Ship 3 has 254 halite.
INFO:root:Ship 11 has 1000 halite.
INFO:root:Ship 15 has 757 halite.
INFO:root:Ship 17 has 148 halite.
INFO:root:Ship 9 has 762 halite.
INFO:root:Ship 19 has 0 halite.
INFO:root:[(47, 35), (45, 32), (46, 32), (49, 33), (49, 33), (48, 32), (43, 32), (43, 32), (49, 31), (48, 31), (45, 29), (45, 29), (47, 33), (47, 32)]
INFO:root:=============== TURN 046 ================
INFO:root:Ship 11 has 991 halite.
INFO:root:Ship 3 has 300 halite.
INFO:root:Ship 15 has 826 halite.
INFO:root:Ship 17 has 137 halite.
INFO:root:Ship 9 has 838 halite.
INFO:root:Ship 5 has 12 halite.
INFO:root:Ship 13 has 876 halite.
INFO:root:Ship 19 has 0 halite.
INFO:root:[(47, 32), (49, 32), (49, 33), (43, 32), (43, 32), (50, 31), (49, 31), (45, 29), (45, 29), (45, 33), (45, 32), (47, 34), (48, 33), (47, 33)]
INFO:root:=============== TURN 047 ================
INFO:root:Ship 3 has 287 halite.
INFO:root:Ship 11 has 0 halite.
INFO:root:Ship 15 has 878 halite.
INFO:root:Ship 17 has 124 halite.
INFO:root:Ship 9 has 895 halite.
INFO:root:Ship 13 has 834 halite.
INFO:root:Ship 5 has 49 halite.
INFO:root:Ship 19 has 16 halite.
INFO:root:[(50, 32), (49, 32), (48, 32), (47, 32), (43, 32), (43, 32), (50, 31), (50, 31), (45, 29), (45, 29), (47, 34), (45, 33), (45, 32), (48, 33), (47, 33)]
INFO:root:=============== TURN 048 ================
INFO:root:Ship 15 has 917 halite.
INFO:root:Ship 17 has 222 halite.
INFO:root:Ship 9 has 938 halite.
INFO:root:Ship 5 has 39 halite.
INFO:root:Ship 13 has 850 halite.
INFO:root:Ship 11 has 0 halite.
INFO:root:Ship 3 has 278 halite.
INFO:root:Ship 19 has 12 halite.
INFO:root:[(44, 32), (50, 31), (50, 31), (46, 29), (45, 34), (45, 33), (47, 33), (49, 32), (48, 32), (50, 32), (50, 32), (48, 34), (48, 33)]
INFO:root:=============== TURN 049 ================
INFO:root:Ship 9 has 926 halite.
INFO:root:Ship 17 has 295 halite.
INFO:root:Ship 11 has 29 halite.
INFO:root:Ship 3 has 379 halite.
INFO:root:Ship 13 has 846 halite.
INFO:root:Ship 5 has 27 halite.
INFO:root:Ship 15 has 906 halite.
INFO:root:Ship 19 has 47 halite.
INFO:root:Ship 21 has 0 halite.
INFO:root:[(47, 29), (50, 31), (50, 31), (48, 31), (48, 32), (50, 32), (50, 32), (47, 33), (45, 34), (45, 34), (45, 32), (48, 34), (48, 33), (47, 31), (47, 32)]
INFO:root:sleep
INFO:root:=============== TURN 050 ================
INFO:root:Ship 17 has 350 halite.
INFO:root:Ship 3 has 454 halite.
INFO:root:Ship 13 has 858 halite.
INFO:root:Ship 5 has 113 halite.
INFO:root:Ship 11 has 21 halite.
INFO:root:Ship 15 has 894 halite.
INFO:root:Ship 9 has 902 halite.
INFO:root:Ship 21 has 0 halite.
INFO:root:Ship 19 has 37 halite.
INFO:root:[(50, 31), (50, 31), (50, 32), (50, 32), (47, 32), (45, 34), (45, 34), (48, 30), (48, 31), (46, 32), (47, 30), (46, 31), (47, 31), (48, 35), (48, 34)]
