
Turn 49
================================================================
warning: entity 0 was directed to use 31 halite to move west, but only 12 halite was available
At command 5 of 7:
    3   m 4 o
    4   m 8 s
>>> 5   m 0 w
    6   m 10 e
    7   m 12 n

warning: owned entities 6, 0 collided on cell (14, 22) as the result of moves on this turn
At command 1 of 7:
>>> 1   m 6 w
    2   m 2 w
    3   m 4 o


Turn 135
================================================================
warning: entity 20 was directed to use 12 halite to move west, but only 9 halite was available
At command 12 of 12:
    10   m 23 o
    11   m 25 s
>>> 12   m 20 w

warning: owned entities 15, 20 collided on cell (9, 22) as the result of moves on this turn
At command 9 of 12:
    7   m 10 o
    8   m 12 n
>>> 9   m 15 s
    10   m 23 o
    11   m 25 s


Turn 171
================================================================
warning: owned entities 2, 12 collided on cell (14, 26) as the result of moves on this turn
At command 2 of 9:
    1   m 10 n
>>> 2   m 2 n
    3   m 4 o
    4   m 13 n


Turn 178
================================================================
warning: owned entities 25, 18 collided on cell (14, 26) as the result of moves on this turn
At command 4 of 7:
    2   m 13 o
    3   m 4 n
>>> 4   m 25 n
    5   m 18 o
    6   m 23 e


Turn 183
================================================================
warning: entity 13 was directed to use 156 halite to move north, but only 2 halite was available
At command 3 of 7:
    1   m 27 w
    2   m 23 w
>>> 3   m 13 n
    4   m 10 e
    5   m 4 o

warning: owned entities 23, 13 collided on cell (14, 26) as the result of moves on this turn
At command 2 of 7:
    1   m 27 w
>>> 2   m 23 w
    3   m 13 n
    4   m 10 e


Turn 200
================================================================
error: timed out after 2000 ms (when reading string)
Last input received was:


