
Turn 3
================================================================
warning: entity 1 was directed to use 4 halite to move north, but only 0 halite was available
At command 1 of 2:
>>> 1   m 1 n
    2   g


Turn 7
================================================================
warning: entity 5 was directed to use 18 halite to move north, but only 0 halite was available
At command 3 of 4:
    1   m 1 o
    2   m 3 o
>>> 3   m 5 n
    4   g


Turn 9
================================================================
warning: entity 7 was directed to use 4 halite to move south, but only 0 halite was available
At command 4 of 5:
    2   m 3 o
    3   m 5 n
>>> 4   m 7 s
    5   g


Turn 11
================================================================
warning: entity 7 was directed to use 17 halite to move east, but only 9 halite was available
At command 4 of 5:
    2   m 5 n
    3   m 1 o
>>> 4   m 7 e
    5   m 9 s

warning: entity 9 was directed to use 3 halite to move south, but only 0 halite was available
At command 5 of 5:
    3   m 1 o
    4   m 7 e
>>> 5   m 9 s


Turn 14
================================================================
warning: entity 9 was directed to use 11 halite to move east, but only 0 halite was available
At command 5 of 5:
    3   m 1 o
    4   m 7 e
>>> 5   m 9 e


Turn 17
================================================================
warning: entity 9 was directed to use 19 halite to move east, but only 9 halite was available
At command 4 of 5:
    2   m 1 o
    3   m 3 o
>>> 4   m 9 e
    5   m 5 o


Turn 33
================================================================
warning: entity 1 was directed to use 14 halite to move west, but only 0 halite was available
At command 3 of 5:
    1   m 5 o
    2   m 3 n
>>> 3   m 1 w
    4   m 9 o
    5   m 7 w


Turn 35
================================================================
warning: entity 3 was directed to use 3 halite to move north, but only 0 halite was available
At command 5 of 6:
    3   m 5 o
    4   m 7 n
>>> 5   m 3 n
    6   g


Turn 37
================================================================
warning: entity 3 was directed to use 16 halite to move north, but only 7 halite was available
At command 4 of 6:
    2   m 9 w
    3   m 1 w
>>> 4   m 3 n
    5   m 7 n
    6   m 10 s

warning: entity 10 was directed to use 2 halite to move south, but only 0 halite was available
At command 6 of 6:
    4   m 3 n
    5   m 7 n
>>> 6   m 10 s


Turn 39
================================================================
warning: entity 10 was directed to use 12 halite to move east, but only 6 halite was available
At command 6 of 6:
    4   m 3 n
    5   m 1 w
>>> 6   m 10 e


Turn 40
================================================================
warning: entity 7 was directed to use 2 halite to move north, but only 0 halite was available
At command 3 of 7:
    1   m 5 o
    2   m 9 n
>>> 3   m 7 n
    4   m 10 e
    5   m 1 w

warning: entity 1 was directed to use 19 halite to move west, but only 13 halite was available
At command 5 of 7:
    3   m 7 n
    4   m 10 e
>>> 5   m 1 w
    6   m 3 o
    7   g


Turn 42
================================================================
warning: entity 7 was directed to use 12 halite to move east, but only 5 halite was available
At command 4 of 7:
    2   m 5 w
    3   m 9 o
>>> 4   m 7 e
    5   m 13 s
    6   m 1 s

warning: entity 13 was directed to use 1 halite to move south, but only 0 halite was available
At command 5 of 7:
    3   m 9 o
    4   m 7 e
>>> 5   m 13 s
    6   m 1 s
    7   m 10 e


Turn 43
================================================================
warning: entity 10 was directed to use 17 halite to move south, but only 13 halite was available
At command 7 of 7:
    5   m 13 e
    6   m 1 w
>>> 7   m 10 s


Turn 44
================================================================
warning: entity 1 was directed to use 17 halite to move south, but only 11 halite was available
At command 4 of 7:
    2   m 7 e
    3   m 5 s
>>> 4   m 1 s
    5   m 10 s
    6   m 13 s

warning: entity 13 was directed to use 9 halite to move south, but only 3 halite was available
At command 6 of 7:
    4   m 1 s
    5   m 10 s
>>> 6   m 13 s
    7   m 3 n


Turn 45
================================================================
warning: entity 7 was directed to use 17 halite to move east, but only 14 halite was available
At command 5 of 7:
    3   m 1 s
    4   m 13 s
>>> 5   m 7 e
    6   m 3 e
    7   m 10 s


Turn 47
================================================================
warning: entity 9 was directed to use 1 halite to move east, but only 0 halite was available
At command 2 of 7:
    1   m 10 o
>>> 2   m 9 e
    3   m 5 s
    4   m 1 n


Turn 49
================================================================
warning: entity 9 was directed to use 7 halite to move south, but only 4 halite was available
At command 2 of 8:
    1   m 10 o
>>> 2   m 9 s
    3   m 1 s
    4   m 7 o

warning: entity 5 was directed to use 1 halite to move south, but only 0 halite was available
At command 5 of 8:
    3   m 1 s
    4   m 7 o
>>> 5   m 5 s
    6   m 13 s
    7   m 3 w


Turn 51
================================================================
warning: entity 5 was directed to use 7 halite to move south, but only 4 halite was available
At command 1 of 9:
>>> 1   m 5 s
    2   m 13 o
    3   m 9 e

warning: entity 15 was directed to use 1 halite to move south, but only 0 halite was available
At command 7 of 9:
    5   m 10 o
    6   m 1 w
>>> 7   m 15 s
    8   m 3 o
    9   g


Turn 52
================================================================
warning: entity 1 was directed to use 20 halite to move east, but only 4 halite was available
At command 8 of 9:
    6   m 7 e
    7   m 15 s
>>> 8   m 1 e
    9   m 16 w


Turn 53
================================================================
warning: entity 16 was directed to use 10 halite to move west, but only 0 halite was available
At command 6 of 9:
    4   m 5 s
    5   m 1 e
>>> 6   m 16 w
    7   m 3 o
    8   m 7 n

warning: entity 15 was directed to use 7 halite to move east, but only 3 halite was available
At command 9 of 9:
    7   m 3 o
    8   m 7 n
>>> 9   m 15 e


Turn 54
================================================================
warning: entity 5 was directed to use 19 halite to move south, but only 5 halite was available
At command 5 of 9:
    3   m 9 s
    4   m 13 o
>>> 5   m 5 s
    6   m 16 w
    7   m 15 e


Turn 56
================================================================
warning: entity 15 was directed to use 14 halite to move south, but only 4 halite was available
At command 8 of 9:
    6   m 5 e
    7   m 3 o
>>> 8   m 15 s
    9   m 16 w

warning: entity 16 was directed to use 15 halite to move west, but only 3 halite was available
At command 9 of 9:
    7   m 3 o
    8   m 15 s
>>> 9   m 16 w


Turn 58
================================================================
warning: entity 5 was directed to use 17 halite to move east, but only 10 halite was available
At command 5 of 9:
    3   m 13 o
    4   m 10 n
>>> 5   m 5 e
    6   m 3 e
    7   m 16 s


Turn 59
================================================================
warning: entity 16 was directed to use 16 halite to move north, but only 15 halite was available
At command 8 of 9:
    6   m 5 w
    7   m 3 n
>>> 8   m 16 n
    9   m 15 o


Turn 63
================================================================
warning: owned entities 10, 9 collided on cell (28, 20) as the result of moves on this turn
At command 1 of 9:
>>> 1   m 10 n
    2   m 3 e
    3   m 7 o


Turn 64
================================================================
warning: entity 16 was directed to use 7 halite to move north, but only 1 halite was available
At command 5 of 7:
    3   m 3 o
    4   m 13 n
>>> 5   m 16 n
    6   m 1 s
    7   m 5 e

warning: entity 1 was directed to use 17 halite to move south, but only 12 halite was available
At command 6 of 7:
    4   m 13 n
    5   m 16 n
>>> 6   m 1 s
    7   m 5 e


Turn 66
================================================================
warning: owned entities 13, 5 collided on cell (28, 20) as the result of moves on this turn
At command 4 of 7:
    2   m 3 n
    3   m 15 w
>>> 4   m 13 n
    5   m 1 s
    6   m 16 o


Turn 69
================================================================
warning: entity 1 was directed to use 18 halite to move east, but only 0 halite was available
At command 3 of 5:
    1   m 7 o
    2   m 15 o
>>> 3   m 1 e
    4   m 3 o
    5   m 16 o


Turn 72
================================================================
warning: entity 1 was directed to use 18 halite to move east, but only 16 halite was available
At command 5 of 5:
    3   m 3 e
    4   m 16 e
>>> 5   m 1 e


Turn 83
================================================================
warning: entity 7 was directed to use 7 halite to move west, but only 0 halite was available
At command 4 of 6:
    2   m 3 o
    3   m 16 n
>>> 4   m 7 w
    5   m 15 n
    6   g


Turn 85
================================================================
warning: entity 19 was directed to use 2 halite to move north, but only 0 halite was available
At command 6 of 6:
    4   m 7 o
    5   m 15 n
>>> 6   m 19 n


Turn 87
================================================================
warning: entity 19 was directed to use 9 halite to move east, but only 4 halite was available
At command 6 of 6:
    4   m 15 n
    5   m 3 w
>>> 6   m 19 e


Turn 90
================================================================
warning: entity 15 was directed to use 1 halite to move north, but only 0 halite was available
At command 5 of 7:
    3   m 7 n
    4   m 3 w
>>> 5   m 15 n
    6   m 19 e
    7   g

warning: entity 19 was directed to use 13 halite to move east, but only 7 halite was available
At command 6 of 7:
    4   m 3 w
    5   m 15 n
>>> 6   m 19 e
    7   g


Turn 92
================================================================
warning: entity 15 was directed to use 7 halite to move east, but only 3 halite was available
At command 3 of 7:
    1   m 16 o
    2   m 7 n
>>> 3   m 15 e
    4   m 1 e
    5   m 3 s


Turn 93
================================================================
warning: entity 19 was directed to use 20 halite to move east, but only 13 halite was available
At command 6 of 7:
    4   m 1 e
    5   m 3 o
>>> 6   m 19 e
    7   m 20 s

warning: entity 20 was directed to use 5 halite to move south, but only 0 halite was available
At command 7 of 7:
    5   m 3 o
    6   m 19 e
>>> 7   m 20 s

warning: owned entities 15, 3 collided on cell (23, 13) as the result of moves on this turn
At command 2 of 7:
    1   m 16 e
>>> 2   m 15 n
    3   m 7 o
    4   m 1 e


Turn 95
================================================================
warning: entity 20 was directed to use 13 halite to move east, but only 10 halite was available
At command 4 of 5:
    2   m 7 s
    3   m 16 e
>>> 4   m 20 e
    5   m 19 w


Turn 98
================================================================
warning: entity 19 was directed to use 14 halite to move north, but only 7 halite was available
At command 4 of 5:
    2   m 16 s
    3   m 1 w
>>> 4   m 19 n
    5   m 20 s


Turn 99
================================================================
warning: entity 20 was directed to use 18 halite to move east, but only 5 halite was available
At command 5 of 5:
    3   m 1 n
    4   m 19 n
>>> 5   m 20 e


Turn 110
================================================================
warning: entity 16 was directed to use 5 halite to move east, but only 0 halite was available
At command 1 of 5:
>>> 1   m 16 e
    2   m 1 e
    3   m 20 w


Turn 112
================================================================
warning: entity 1 was directed to use 4 halite to move south, but only 0 halite was available
At command 4 of 6:
    2   m 19 o
    3   m 20 n
>>> 4   m 1 s
    5   m 16 e
    6   m 22 e


Turn 113
================================================================
warning: entity 16 was directed to use 16 halite to move east, but only 1 halite was available
At command 4 of 6:
    2   m 1 s
    3   m 20 n
>>> 4   m 16 e
    5   m 7 n
    6   m 22 s


Turn 114
================================================================
warning: entity 1 was directed to use 10 halite to move east, but only 7 halite was available
At command 2 of 6:
    1   m 19 e
>>> 2   m 1 e
    3   m 20 n
    4   m 16 e

warning: entity 22 was directed to use 3 halite to move south, but only 0 halite was available
At command 5 of 6:
    3   m 20 n
    4   m 16 e
>>> 5   m 22 s
    6   m 7 n


Turn 116
================================================================
warning: entity 20 was directed to use 1 halite to move east, but only 0 halite was available
At command 2 of 7:
    1   m 19 o
>>> 2   m 20 e
    3   m 7 e
    4   m 16 s

warning: entity 22 was directed to use 12 halite to move south, but only 8 halite was available
At command 6 of 7:
    4   m 16 s
    5   m 1 s
>>> 6   m 22 s
    7   g


Turn 117
================================================================
warning: entity 16 was directed to use 15 halite to move south, but only 0 halite was available
At command 6 of 7:
    4   m 1 e
    5   m 7 n
>>> 6   m 16 s
    7   m 24 w


Turn 118
================================================================
warning: entity 1 was directed to use 15 halite to move east, but only 1 halite was available
At command 3 of 7:
    1   m 19 o
    2   m 16 s
>>> 3   m 1 e
    4   m 22 s
    5   m 24 w

warning: entity 24 was directed to use 5 halite to move west, but only 0 halite was available
At command 5 of 7:
    3   m 1 e
    4   m 22 s
>>> 5   m 24 w
    6   m 20 e
    7   m 7 o

warning: entity 20 was directed to use 4 halite to move east, but only 3 halite was available
At command 6 of 7:
    4   m 22 s
    5   m 24 w
>>> 6   m 20 e
    7   m 7 o


Turn 120
================================================================
warning: entity 22 was directed to use 18 halite to move south, but only 7 halite was available
At command 4 of 7:
    2   m 16 o
    3   m 1 s
>>> 4   m 22 s
    5   m 7 o
    6   m 24 w

warning: entity 24 was directed to use 13 halite to move west, but only 11 halite was available
At command 6 of 7:
    4   m 22 s
    5   m 7 o
>>> 6   m 24 w
    7   m 20 e


Turn 122
================================================================
warning: entity 1 was directed to use 18 halite to move south, but only 0 halite was available
At command 7 of 7:
    5   m 22 w
    6   m 7 e
>>> 7   m 1 s


Turn 124
================================================================
warning: entity 24 was directed to use 13 halite to move west, but only 10 halite was available
At command 3 of 7:
    1   m 16 o
    2   m 19 e
>>> 3   m 24 w
    4   m 7 e
    5   m 22 s

warning: entity 22 was directed to use 12 halite to move south, but only 4 halite was available
At command 5 of 7:
    3   m 24 w
    4   m 7 e
>>> 5   m 22 s
    6   m 1 s
    7   m 20 s


Turn 125
================================================================
warning: entity 20 was directed to use 13 halite to move south, but only 8 halite was available
At command 4 of 7:
    2   m 24 w
    3   m 22 s
>>> 4   m 20 s
    5   m 19 e
    6   m 7 e

warning: entity 1 was directed to use 15 halite to move east, but only 14 halite was available
At command 7 of 7:
    5   m 19 e
    6   m 7 e
>>> 7   m 1 e


Turn 128
================================================================
warning: entity 24 was directed to use 17 halite to move west, but only 13 halite was available
At command 5 of 6:
    3   m 16 o
    4   m 19 n
>>> 5   m 24 w
    6   m 20 e


Turn 129
================================================================
warning: entity 20 was directed to use 17 halite to move south, but only 1 halite was available
At command 6 of 6:
    4   m 24 w
    5   m 19 n
>>> 6   m 20 s


Turn 132
================================================================
warning: entity 20 was directed to use 18 halite to move east, but only 15 halite was available
At command 5 of 5:
    3   m 16 w
    4   m 22 s
>>> 5   m 20 e


Turn 142
================================================================
warning: entity 16 was directed to use 4 halite to move west, but only 0 halite was available
At command 4 of 6:
    2   m 20 o
    3   m 1 o
>>> 4   m 16 w
    5   m 24 e
    6   g


Turn 144
================================================================
warning: entity 16 was directed to use 9 halite to move west, but only 8 halite was available
At command 4 of 6:
    2   m 22 o
    3   m 1 w
>>> 4   m 16 w
    5   m 24 e
    6   m 26 n


Turn 145
================================================================
warning: entity 26 was directed to use 5 halite to move north, but only 0 halite was available
At command 6 of 6:
    4   m 1 w
    5   m 24 w
>>> 6   m 26 n


Turn 149
================================================================
warning: entity 16 was directed to use 14 halite to move south, but only 1 halite was available
At command 5 of 6:
    3   m 1 n
    4   m 26 e
>>> 5   m 16 s
    6   m 24 w

warning: entity 24 was directed to use 20 halite to move west, but only 0 halite was available
At command 6 of 6:
    4   m 26 e
    5   m 16 s
>>> 6   m 24 w


Turn 156
================================================================
warning: entity 26 was directed to use 17 halite to move north, but only 10 halite was available
At command 4 of 6:
    2   m 20 w
    3   m 22 n
>>> 4   m 26 n
    5   m 24 n
    6   m 16 s


Turn 157
================================================================
warning: entity 16 was directed to use 15 halite to move west, but only 1 halite was available
At command 5 of 6:
    3   m 20 w
    4   m 26 n
>>> 5   m 16 w
    6   m 24 n


Turn 160
================================================================
warning: entity 16 was directed to use 18 halite to move west, but only 11 halite was available
At command 6 of 7:
    4   m 22 n
    5   m 26 n
>>> 6   m 16 w
    7   g


Turn 161
================================================================
warning: entity 1 was directed to use 3 halite to move east, but only 0 halite was available
At command 1 of 7:
>>> 1   m 1 e
    2   m 22 n
    3   m 24 o


Turn 163
================================================================
warning: entity 1 was directed to use 14 halite to move east, but only 8 halite was available
At command 3 of 7:
    1   m 24 n
    2   m 16 o
>>> 3   m 1 e
    4   m 22 n
    5   m 20 e

warning: entity 27 was directed to use 2 halite to move east, but only 0 halite was available
At command 6 of 7:
    4   m 22 n
    5   m 20 e
>>> 6   m 27 e
    7   m 26 w


Turn 164
================================================================
warning: entity 26 was directed to use 17 halite to move north, but only 11 halite was available
At command 7 of 8:
    5   m 22 n
    6   m 27 n
>>> 7   m 26 n
    8   g


Turn 165
================================================================
warning: entity 20 was directed to use 3 halite to move east, but only 0 halite was available
At command 3 of 8:
    1   m 24 n
    2   m 22 o
>>> 3   m 20 e
    4   m 16 e
    5   m 1 e

warning: entity 27 was directed to use 12 halite to move north, but only 6 halite was available
At command 7 of 8:
    5   m 1 e
    6   m 26 n
>>> 7   m 27 n
    8   m 29 s

warning: owned entities 29, 22 collided on cell (23, 17) as the result of moves on this turn
At command 8 of 8:
    6   m 26 n
    7   m 27 n
>>> 8   m 29 s


Turn 167
================================================================
warning: entity 20 was directed to use 7 halite to move west, but only 6 halite was available
At command 2 of 6:
    1   m 24 e
>>> 2   m 20 w
    3   m 26 w
    4   m 16 o

warning: entity 1 was directed to use 14 halite to move south, but only 12 halite was available
At command 6 of 6:
    4   m 16 o
    5   m 27 s
>>> 6   m 1 s


Turn 170
================================================================
warning: entity 27 was directed to use 3 halite to move west, but only 0 halite was available
At command 5 of 6:
    3   m 20 o
    4   m 16 o
>>> 5   m 27 w
    6   m 1 s


Turn 172
================================================================
warning: entity 27 was directed to use 7 halite to move west, but only 6 halite was available
At command 5 of 6:
    3   m 16 s
    4   m 20 o
>>> 5   m 27 w
    6   m 1 s

warning: entity 1 was directed to use 12 halite to move south, but only 5 halite was available
At command 6 of 6:
    4   m 20 o
    5   m 27 w
>>> 6   m 1 s


Turn 175
================================================================
warning: entity 27 was directed to use 15 halite to move north, but only 9 halite was available
At command 4 of 6:
    2   m 26 w
    3   m 24 w
>>> 4   m 27 n
    5   m 1 o
    6   m 16 s

