
Turn 3
================================================================
warning: entity 1 was directed to use 2 halite to move east, but only 0 halite was available
At command 1 of 2:
>>> 1   m 1 e
    2   g


Turn 5
================================================================
warning: entity 3 was directed to use 2 halite to move east, but only 0 halite was available
At command 1 of 3:
>>> 1   m 3 e
    2   m 1 e
    3   g

warning: entity 1 was directed to use 17 halite to move east, but only 5 halite was available
At command 2 of 3:
    1   m 3 e
>>> 2   m 1 e
    3   g


Turn 7
================================================================
warning: entity 4 was directed to use 1 halite to move east, but only 0 halite was available
At command 1 of 4:
>>> 1   m 4 e
    2   m 3 e
    3   m 1 o

warning: entity 3 was directed to use 13 halite to move east, but only 4 halite was available
At command 2 of 4:
    1   m 4 e
>>> 2   m 3 e
    3   m 1 o
    4   g


Turn 9
================================================================
warning: entity 6 was directed to use 1 halite to move east, but only 0 halite was available
At command 1 of 5:
>>> 1   m 6 e
    2   m 1 s
    3   m 4 e

warning: entity 4 was directed to use 9 halite to move east, but only 3 halite was available
At command 3 of 5:
    1   m 6 e
    2   m 1 s
>>> 3   m 4 e
    4   m 3 s
    5   g


Turn 11
================================================================
warning: entity 3 was directed to use 18 halite to move north, but only 6 halite was available
At command 2 of 5:
    1   m 1 o
>>> 2   m 3 n
    3   m 6 n
    4   m 4 s

warning: entity 6 was directed to use 6 halite to move north, but only 3 halite was available
At command 3 of 5:
    1   m 1 o
    2   m 3 n
>>> 3   m 6 n
    4   m 4 s
    5   m 8 e


Turn 12
================================================================
warning: entity 8 was directed to use 7 halite to move east, but only 0 halite was available
At command 5 of 5:
    3   m 6 s
    4   m 4 o
>>> 5   m 8 e


Turn 14
================================================================
warning: entity 8 was directed to use 15 halite to move east, but only 14 halite was available
At command 5 of 5:
    3   m 6 o
    4   m 1 n
>>> 5   m 8 e

warning: owned entities 1, 3 collided on cell (26, 17) as the result of moves on this turn
At command 4 of 5:
    2   m 3 o
    3   m 6 o
>>> 4   m 1 n
    5   m 8 e


Turn 36
================================================================
warning: entity 6 was directed to use 5 halite to move east, but only 0 halite was available
At command 3 of 3:
    1   m 4 w
    2   m 8 n
>>> 3   m 6 e


Turn 38
================================================================
warning: entity 6 was directed to use 11 halite to move south, but only 10 halite was available
At command 2 of 3:
    1   m 4 w
>>> 2   m 6 s
    3   m 8 n


Turn 40
================================================================
warning: owned entities 4, 6 collided on cell (26, 18) as the result of moves on this turn
At command 1 of 3:
>>> 1   m 4 w
    2   m 8 e
    3   m 6 e

Other commands that placed an entity on this cell:
    1   m 4 w
    2   m 8 e
>>> 3   m 6 e


Turn 50
================================================================
error: timed out after 2000 ms (when reading string)
Last input received was:


