
Turn 3
================================================================
warning: entity 0 was directed to use 11 halite to move south, but only 0 halite was available
At command 1 of 2:
>>> 1   m 0 s
    2   g


Turn 5
================================================================
warning: entity 2 was directed to use 7 halite to move south, but only 0 halite was available
At command 2 of 3:
    1   m 0 s
>>> 2   m 2 s
    3   g


Turn 7
================================================================
warning: entity 4 was directed to use 5 halite to move south, but only 0 halite was available
At command 3 of 4:
    1   m 0 w
    2   m 2 w
>>> 3   m 4 s
    4   g


Turn 8
================================================================
warning: entity 2 was directed to use 18 halite to move west, but only 1 halite was available
At command 2 of 4:
    1   m 6 w
>>> 2   m 2 w
    3   m 0 o
    4   m 4 s


Turn 9
================================================================
error: failed to decode bot message: "T" (at position 1)
Last input received was:
Traceback (most recent call last):
  File "MyBot.py", line 170, in <module>
    ships.remove(me.get_ship(id))
ValueError: list.remove(x): x not in list

