
Turn 5
================================================================
warning: entity 2 was directed to use 10 halite to move south, but only 0 halite was available
At command 2 of 3:
    1   m 0 s
>>> 2   m 2 s
    3   g


Turn 7
================================================================
warning: entity 4 was directed to use 14 halite to move west, but only 0 halite was available
At command 3 of 4:
    1   m 0 o
    2   m 2 s
>>> 3   m 4 w
    4   g


Turn 8
================================================================
warning: entity 2 was directed to use 13 halite to move west, but only 5 halite was available
At command 3 of 4:
    1   m 0 o
    2   m 4 w
>>> 3   m 2 w
    4   m 6 s


Turn 9
================================================================
warning: entity 6 was directed to use 7 halite to move south, but only 0 halite was available
At command 4 of 5:
    2   m 2 w
    3   m 4 s
>>> 4   m 6 s
    5   g


Turn 10
================================================================
warning: owned entities 0, 2 collided on cell (13, 31) as the result of moves on this turn
At command 1 of 5:
>>> 1   m 0 s
    2   m 2 o
    3   m 6 s


Turn 11
================================================================
warning: entity 8 was directed to use 10 halite to move south, but only 0 halite was available
At command 2 of 3:
    1   m 6 w
>>> 2   m 8 s
    3   m 4 w

warning: entity 4 was directed to use 12 halite to move west, but only 1 halite was available
At command 3 of 3:
    1   m 6 w
    2   m 8 s
>>> 3   m 4 w


Turn 12
================================================================
warning: entity 6 was directed to use 12 halite to move south, but only 1 halite was available
At command 3 of 3:
    1   m 4 s
    2   m 8 s
>>> 3   m 6 s


Turn 14
================================================================
warning: entity 8 was directed to use 14 halite to move west, but only 8 halite was available
At command 3 of 3:
    1   m 6 o
    2   m 4 o
>>> 3   m 8 w


Turn 33
================================================================
warning: entity 6 was directed to use 8 halite to move south, but only 0 halite was available
At command 2 of 3:
    1   m 8 o
>>> 2   m 6 s
    3   m 4 n


Turn 35
================================================================
warning: entity 4 was directed to use 5 halite to move south, but only 0 halite was available
At command 3 of 4:
    1   m 8 s
    2   m 6 s
>>> 3   m 4 s
    4   g


Turn 36
================================================================
warning: entity 6 was directed to use 13 halite to move east, but only 8 halite was available
At command 3 of 4:
    1   m 4 s
    2   m 8 e
>>> 3   m 6 e
    4   m 10 w


Turn 37
================================================================
warning: entity 4 was directed to use 13 halite to move south, but only 10 halite was available
At command 2 of 4:
    1   m 6 e
>>> 2   m 4 s
    3   m 8 s
    4   m 10 w

warning: entity 10 was directed to use 8 halite to move west, but only 0 halite was available
At command 4 of 4:
    2   m 4 s
    3   m 8 s
>>> 4   m 10 w


Turn 44
================================================================
warning: entity 10 was directed to use 13 halite to move south, but only 5 halite was available
At command 4 of 4:
    2   m 4 o
    3   m 8 o
>>> 4   m 10 s


Turn 50
================================================================
error: timed out after 2000 ms (when reading string)
Last input received was:


