
Turn 3
================================================================
warning: entity 0 was directed to use 12 halite to move west, but only 0 halite was available
At command 1 of 2:
>>> 1   m 0 w
    2   g


Turn 5
================================================================
warning: entity 2 was directed to use 14 halite to move west, but only 0 halite was available
At command 2 of 3:
    1   m 0 o
>>> 2   m 2 w
    3   g


Turn 7
================================================================
warning: entity 4 was directed to use 6 halite to move south, but only 0 halite was available
At command 3 of 4:
    1   m 0 o
    2   m 2 o
>>> 3   m 4 s
    4   g


Turn 9
================================================================
warning: entity 6 was directed to use 11 halite to move north, but only 0 halite was available
At command 4 of 5:
    2   m 0 w
    3   m 4 o
>>> 4   m 6 n
    5   g


Turn 11
================================================================
warning: entity 8 was directed to use 9 halite to move west, but only 0 halite was available
At command 4 of 5:
    2   m 0 o
    3   m 2 o
>>> 4   m 8 w
    5   m 6 n


Turn 37
================================================================
warning: entity 0 was directed to use 8 halite to move west, but only 0 halite was available
At command 1 of 5:
>>> 1   m 0 w
    2   m 8 o
    3   m 2 n


Turn 40
================================================================
warning: entity 0 was directed to use 14 halite to move west, but only 3 halite was available
At command 2 of 5:
    1   m 2 e
>>> 2   m 0 w
    3   m 8 e
    4   m 6 s


Turn 42
================================================================
warning: entity 6 was directed to use 6 halite to move west, but only 0 halite was available
At command 3 of 6:
    1   m 0 w
    2   m 8 e
>>> 3   m 6 w
    4   m 2 e
    5   m 4 n


Turn 44
================================================================
warning: entity 0 was directed to use 14 halite to move north, but only 3 halite was available
At command 2 of 6:
    1   m 6 w
>>> 2   m 0 n
    3   m 8 s
    4   m 2 e

warning: entity 10 was directed to use 6 halite to move west, but only 0 halite was available
At command 6 of 6:
    4   m 2 e
    5   m 4 n
>>> 6   m 10 w


Turn 45
================================================================
warning: entity 6 was directed to use 14 halite to move north, but only 1 halite was available
At command 4 of 6:
    2   m 0 n
    3   m 2 e
>>> 4   m 6 n
    5   m 4 n
    6   m 10 w


Turn 47
================================================================
warning: entity 10 was directed to use 14 halite to move north, but only 0 halite was available
At command 6 of 6:
    4   m 2 s
    5   m 4 n
>>> 6   m 10 n


Turn 49
================================================================
warning: entity 8 was directed to use 5 halite to move west, but only 0 halite was available
At command 1 of 6:
>>> 1   m 8 w
    2   m 0 o
    3   m 4 n

warning: entity 6 was directed to use 13 halite to move north, but only 1 halite was available
At command 5 of 6:
    3   m 4 n
    4   m 2 o
>>> 5   m 6 n
    6   m 10 w


Turn 50
================================================================
warning: entity 10 was directed to use 14 halite to move west, but only 13 halite was available
At command 6 of 6:
    4   m 6 n
    5   m 4 s
>>> 6   m 10 w


Turn 51
================================================================
warning: entity 8 was directed to use 12 halite to move west, but only 10 halite was available
At command 1 of 6:
>>> 1   m 8 w
    2   m 0 o
    3   m 2 s

warning: entity 4 was directed to use 3 halite to move west, but only 0 halite was available
At command 5 of 6:
    3   m 2 s
    4   m 6 n
>>> 5   m 4 w
    6   m 10 w


Turn 53
================================================================
warning: entity 4 was directed to use 8 halite to move west, but only 7 halite was available
At command 3 of 7:
    1   m 8 n
    2   m 0 n
>>> 3   m 4 w
    4   m 10 o
    5   m 2 n

warning: entity 2 was directed to use 3 halite to move north, but only 0 halite was available
At command 5 of 7:
    3   m 4 w
    4   m 10 o
>>> 5   m 2 n
    6   m 6 n
    7   g

warning: entity 6 was directed to use 12 halite to move north, but only 0 halite was available
At command 6 of 7:
    4   m 10 o
    5   m 2 n
>>> 6   m 6 n
    7   g


Turn 55
================================================================
warning: entity 2 was directed to use 12 halite to move west, but only 8 halite was available
At command 2 of 8:
    1   m 4 w
>>> 2   m 2 w
    3   m 10 w
    4   m 8 o

warning: entity 13 was directed to use 2 halite to move north, but only 0 halite was available
At command 7 of 8:
    5   m 0 o
    6   m 6 w
>>> 7   m 13 n
    8   g


Turn 57
================================================================
warning: entity 4 was directed to use 14 halite to move north, but only 0 halite was available
At command 6 of 9:
    4   m 2 w
    5   m 10 e
>>> 6   m 4 n
    7   m 13 n
    8   m 15 n

warning: entity 15 was directed to use 2 halite to move north, but only 0 halite was available
At command 8 of 9:
    6   m 4 n
    7   m 13 n
>>> 8   m 15 n
    9   g


Turn 58
================================================================
warning: entity 13 was directed to use 6 halite to move north, but only 2 halite was available
At command 8 of 9:
    6   m 2 n
    7   m 15 n
>>> 8   m 13 n
    9   m 17 s


Turn 59
================================================================
warning: entity 2 was directed to use 14 halite to move north, but only 6 halite was available
At command 7 of 9:
    5   m 4 w
    6   m 10 o
>>> 7   m 2 n
    8   m 15 w
    9   m 17 s

warning: entity 15 was directed to use 9 halite to move west, but only 5 halite was available
At command 8 of 9:
    6   m 10 o
    7   m 2 n
>>> 8   m 15 w
    9   m 17 s

warning: entity 17 was directed to use 2 halite to move south, but only 0 halite was available
At command 9 of 9:
    7   m 2 n
    8   m 15 w
>>> 9   m 17 s


Turn 60
================================================================
warning: entity 8 was directed to use 9 halite to move south, but only 3 halite was available
At command 6 of 9:
    4   m 2 n
    5   m 13 o
>>> 6   m 8 s
    7   m 4 w
    8   m 15 w


Turn 61
================================================================
warning: entity 4 was directed to use 11 halite to move west, but only 2 halite was available
At command 7 of 9:
    5   m 0 o
    6   m 2 w
>>> 7   m 4 w
    8   m 15 w
    9   m 17 o


Turn 62
================================================================
warning: entity 15 was directed to use 14 halite to move north, but only 13 halite was available
At command 9 of 9:
    7   m 8 w
    8   m 17 s
>>> 9   m 15 n


Turn 63
================================================================
warning: entity 8 was directed to use 11 halite to move south, but only 9 halite was available
At command 5 of 9:
    3   m 6 o
    4   m 4 o
>>> 5   m 8 s
    6   m 2 s
    7   m 13 o

warning: entity 2 was directed to use 14 halite to move south, but only 7 halite was available
At command 6 of 9:
    4   m 4 o
    5   m 8 s
>>> 6   m 2 s
    7   m 13 o
    8   m 15 n


Turn 65
================================================================
warning: entity 8 was directed to use 32 halite to move west, but only 31 halite was available
At command 4 of 9:
    2   m 4 n
    3   m 2 w
>>> 4   m 8 w
    5   m 13 w
    6   m 10 o

warning: owned entities 2, 8 collided on cell (7, 25) as the result of moves on this turn
At command 3 of 9:
    1   m 6 o
    2   m 4 n
>>> 3   m 2 w
    4   m 8 w
    5   m 13 w


Turn 66
================================================================
warning: entity 17 was directed to use 11 halite to move east, but only 1 halite was available
At command 6 of 7:
    4   m 13 o
    5   m 0 e
>>> 6   m 17 e
    7   m 15 w


Turn 67
================================================================
warning: entity 15 was directed to use 12 halite to move south, but only 2 halite was available
At command 7 of 7:
    5   m 0 e
    6   m 17 e
>>> 7   m 15 s


Turn 70
================================================================
warning: entity 17 was directed to use 13 halite to move south, but only 10 halite was available
At command 7 of 7:
    5   m 0 s
    6   m 15 w
>>> 7   m 17 s


Turn 71
================================================================
warning: entity 15 was directed to use 11 halite to move west, but only 0 halite was available
At command 7 of 7:
    5   m 13 w
    6   m 0 s
>>> 7   m 15 w

warning: owned entities 13, 15 collided on cell (8, 25) as the result of moves on this turn
At command 5 of 7:
    3   m 17 s
    4   m 6 e
>>> 5   m 13 w
    6   m 0 s
    7   m 15 w


Turn 76
================================================================
warning: entity 0 was directed to use 2 halite to move west, but only 0 halite was available
At command 5 of 5:
    3   m 4 n
    4   m 6 e
>>> 5   m 0 w


Turn 78
================================================================
warning: entity 0 was directed to use 9 halite to move west, but only 5 halite was available
At command 3 of 5:
    1   m 17 o
    2   m 10 s
>>> 3   m 0 w
    4   m 4 o
    5   m 6 s


Turn 82
================================================================
warning: entity 0 was directed to use 13 halite to move west, but only 1 halite was available
At command 5 of 5:
    3   m 10 o
    4   m 6 s
>>> 5   m 0 w


Turn 84
================================================================
warning: entity 6 was directed to use 1 halite to move west, but only 0 halite was available
At command 5 of 6:
    3   m 10 o
    4   m 0 w
>>> 5   m 6 w
    6   g


Turn 86
================================================================
warning: entity 6 was directed to use 6 halite to move north, but only 4 halite was available
At command 4 of 6:
    2   m 10 e
    3   m 17 o
>>> 4   m 6 n
    5   m 0 n
    6   m 19 w

warning: entity 0 was directed to use 14 halite to move north, but only 9 halite was available
At command 5 of 6:
    3   m 17 o
    4   m 6 n
>>> 5   m 0 n
    6   m 19 w

warning: entity 19 was directed to use 1 halite to move west, but only 0 halite was available
At command 6 of 6:
    4   m 6 n
    5   m 0 n
>>> 6   m 19 w


Turn 88
================================================================
warning: entity 19 was directed to use 6 halite to move west, but only 3 halite was available
At command 6 of 6:
    4   m 0 n
    5   m 6 n
>>> 6   m 19 w


Turn 89
================================================================
warning: entity 6 was directed to use 13 halite to move west, but only 7 halite was available
At command 5 of 6:
    3   m 0 o
    4   m 10 e
>>> 5   m 6 w
    6   m 19 w


Turn 91
================================================================
warning: entity 19 was directed to use 11 halite to move north, but only 5 halite was available
At command 6 of 6:
    4   m 17 w
    5   m 4 e
>>> 6   m 19 n


Turn 95
================================================================
warning: entity 19 was directed to use 11 halite to move west, but only 4 halite was available
At command 6 of 6:
    4   m 6 w
    5   m 10 s
>>> 6   m 19 w


Turn 101
================================================================
warning: entity 4 was directed to use 1 halite to move south, but only 0 halite was available
At command 3 of 6:
    1   m 0 o
    2   m 19 n
>>> 3   m 4 s
    4   m 17 n
    5   m 6 w


Turn 103
================================================================
warning: entity 4 was directed to use 6 halite to move west, but only 3 halite was available
At command 5 of 6:
    3   m 6 o
    4   m 19 o
>>> 5   m 4 w
    6   m 17 s

warning: entity 17 was directed to use 1 halite to move south, but only 0 halite was available
At command 6 of 6:
    4   m 19 o
    5   m 4 w
>>> 6   m 17 s


Turn 105
================================================================
warning: entity 17 was directed to use 9 halite to move south, but only 4 halite was available
At command 6 of 7:
    4   m 4 w
    5   m 10 w
>>> 6   m 17 s
    7   g


Turn 106
================================================================
warning: entity 10 was directed to use 5 halite to move south, but only 0 halite was available
At command 5 of 7:
    3   m 19 n
    4   m 6 w
>>> 5   m 10 s
    6   m 4 w
    7   m 22 w

warning: entity 4 was directed to use 12 halite to move west, but only 4 halite was available
At command 6 of 7:
    4   m 6 w
    5   m 10 s
>>> 6   m 4 w
    7   m 22 w


Turn 108
================================================================
warning: entity 10 was directed to use 11 halite to move north, but only 10 halite was available
At command 1 of 8:
>>> 1   m 10 n
    2   m 4 w
    3   m 0 e

warning: entity 22 was directed to use 5 halite to move north, but only 0 halite was available
At command 7 of 8:
    5   m 6 o
    6   m 19 o
>>> 7   m 22 n
    8   m 23 s


Turn 109
================================================================
warning: entity 23 was directed to use 1 halite to move west, but only 0 halite was available
At command 8 of 9:
    6   m 17 s
    7   m 22 n
>>> 8   m 23 w
    9   g


Turn 110
================================================================
warning: entity 4 was directed to use 12 halite to move south, but only 7 halite was available
At command 4 of 9:
    2   m 19 o
    3   m 10 w
>>> 4   m 4 s
    5   m 0 e
    6   m 17 w

warning: entity 17 was directed to use 8 halite to move west, but only 2 halite was available
At command 6 of 9:
    4   m 4 s
    5   m 0 e
>>> 6   m 17 w
    7   m 23 s
    8   m 22 n


Turn 111
================================================================
warning: entity 23 was directed to use 7 halite to move south, but only 4 halite was available
At command 7 of 9:
    5   m 10 w
    6   m 0 e
>>> 7   m 23 s
    8   m 22 w
    9   m 24 n

warning: entity 22 was directed to use 9 halite to move west, but only 0 halite was available
At command 8 of 9:
    6   m 0 e
    7   m 23 s
>>> 8   m 22 w
    9   m 24 n


Turn 112
================================================================
warning: entity 10 was directed to use 10 halite to move west, but only 8 halite was available
At command 5 of 9:
    3   m 4 w
    4   m 17 o
>>> 5   m 10 w
    6   m 0 e
    7   m 23 s

warning: entity 24 was directed to use 3 halite to move west, but only 0 halite was available
At command 9 of 9:
    7   m 23 s
    8   m 22 w
>>> 9   m 24 w


Turn 114
================================================================
warning: entity 24 was directed to use 10 halite to move west, but only 8 halite was available
At command 7 of 9:
    5   m 10 o
    6   m 0 e
>>> 7   m 24 w
    8   m 23 s
    9   m 22 w

warning: entity 22 was directed to use 10 halite to move west, but only 8 halite was available
At command 9 of 9:
    7   m 24 w
    8   m 23 s
>>> 9   m 22 w


Turn 115
================================================================
warning: entity 23 was directed to use 11 halite to move south, but only 1 halite was available
At command 9 of 9:
    7   m 24 w
    8   m 22 w
>>> 9   m 23 s


Turn 118
================================================================
warning: entity 24 was directed to use 10 halite to move north, but only 6 halite was available
At command 9 of 9:
    7   m 10 w
    8   m 22 o
>>> 9   m 24 n


Turn 122
================================================================
warning: entity 0 was directed to use 4 halite to move west, but only 0 halite was available
At command 1 of 9:
>>> 1   m 0 w
    2   m 10 w
    3   m 6 o

warning: entity 22 was directed to use 12 halite to move west, but only 11 halite was available
At command 4 of 9:
    2   m 10 w
    3   m 6 o
>>> 4   m 22 w
    5   m 4 n
    6   m 24 o


Turn 123
================================================================
warning: entity 23 was directed to use 13 halite to move south, but only 3 halite was available
At command 9 of 9:
    7   m 19 e
    8   m 17 o
>>> 9   m 23 s


Turn 124
================================================================
warning: entity 0 was directed to use 10 halite to move west, but only 7 halite was available
At command 4 of 9:
    2   m 17 w
    3   m 23 s
>>> 4   m 0 w
    5   m 22 w
    6   m 24 w


Turn 126
================================================================
warning: entity 24 was directed to use 13 halite to move north, but only 6 halite was available
At command 6 of 9:
    4   m 0 w
    5   m 6 o
>>> 6   m 24 n
    7   m 10 n
    8   m 4 n


Turn 128
================================================================
warning: entity 0 was directed to use 12 halite to move west, but only 9 halite was available
At command 6 of 9:
    4   m 4 w
    5   m 22 o
>>> 6   m 0 w
    7   m 24 w
    8   m 10 w


Turn 132
================================================================
warning: entity 0 was directed to use 11 halite to move south, but only 6 halite was available
At command 7 of 9:
    5   m 22 o
    6   m 4 n
>>> 7   m 0 s
    8   m 6 e
    9   m 17 o


Turn 138
================================================================
warning: entity 19 was directed to use 4 halite to move west, but only 0 halite was available
At command 6 of 9:
    4   m 4 w
    5   m 17 o
>>> 6   m 19 w
    7   m 22 e
    8   m 6 e


Turn 140
================================================================
warning: entity 19 was directed to use 11 halite to move west, but only 9 halite was available
At command 3 of 8:
    1   m 23 o
    2   m 10 w
>>> 3   m 19 w
    4   m 6 s
    5   m 0 o

warning: entity 27 was directed to use 3 halite to move west, but only 0 halite was available
At command 8 of 8:
    6   m 4 w
    7   m 22 e
>>> 8   m 27 w


Turn 143
================================================================
warning: entity 27 was directed to use 10 halite to move west, but only 0 halite was available
At command 8 of 8:
    6   m 4 o
    7   m 6 w
>>> 8   m 27 w


Turn 144
================================================================
warning: entity 0 was directed to use 14 halite to move west, but only 10 halite was available
At command 6 of 9:
    4   m 22 n
    5   m 10 w
>>> 6   m 0 w
    7   m 6 w
    8   m 27 w


Turn 145
================================================================
warning: entity 19 was directed to use 13 halite to move south, but only 2 halite was available
At command 4 of 9:
    2   m 4 o
    3   m 23 w
>>> 4   m 19 s
    5   m 22 w
    6   m 10 n

warning: entity 6 was directed to use 2 halite to move west, but only 0 halite was available
At command 7 of 9:
    5   m 22 w
    6   m 10 n
>>> 7   m 6 w
    8   m 27 w
    9   m 28 s


Turn 147
================================================================
warning: entity 6 was directed to use 8 halite to move west, but only 5 halite was available
At command 1 of 9:
>>> 1   m 6 w
    2   m 4 o
    3   m 19 s

warning: entity 28 was directed to use 5 halite to move south, but only 0 halite was available
At command 8 of 9:
    6   m 23 n
    7   m 22 w
>>> 8   m 28 s
    9   m 27 n

warning: entity 27 was directed to use 11 halite to move north, but only 0 halite was available
At command 9 of 9:
    7   m 22 w
    8   m 28 s
>>> 9   m 27 n


Turn 149
================================================================
warning: entity 0 was directed to use 13 halite to move west, but only 4 halite was available
At command 4 of 8:
    2   m 19 s
    3   m 6 n
>>> 4   m 0 w
    5   m 23 n
    6   m 22 n


Turn 150
================================================================
warning: entity 28 was directed to use 7 halite to move south, but only 0 halite was available
At command 8 of 8:
    6   m 23 n
    7   m 27 w
>>> 8   m 28 s


Turn 153
================================================================
warning: entity 19 was directed to use 12 halite to move south, but only 5 halite was available
At command 4 of 7:
    2   m 6 o
    3   m 4 o
>>> 4   m 19 s
    5   m 23 n
    6   m 28 s


Turn 154
================================================================
warning: entity 28 was directed to use 8 halite to move south, but only 0 halite was available
At command 7 of 7:
    5   m 23 n
    6   m 27 n
>>> 7   m 28 s


Turn 157
================================================================
warning: entity 19 was directed to use 9 halite to move west, but only 0 halite was available
At command 6 of 7:
    4   m 6 n
    5   m 23 n
>>> 6   m 19 w
    7   m 27 o


Turn 160
================================================================
warning: entity 19 was directed to use 13 halite to move west, but only 6 halite was available
At command 4 of 8:
    2   m 28 e
    3   m 6 w
>>> 4   m 19 w
    5   m 4 e
    6   m 23 w


Turn 161
================================================================
warning: entity 23 was directed to use 3 halite to move west, but only 0 halite was available
At command 6 of 8:
    4   m 28 s
    5   m 4 e
>>> 6   m 23 w
    7   m 27 w
    8   m 31 w


Turn 163
================================================================
warning: entity 23 was directed to use 8 halite to move west, but only 7 halite was available
At command 2 of 8:
    1   m 22 s
>>> 2   m 23 w
    3   m 6 n
    4   m 4 e

warning: entity 31 was directed to use 2 halite to move west, but only 0 halite was available
At command 8 of 8:
    6   m 28 o
    7   m 27 n
>>> 8   m 31 w


Turn 164
================================================================
warning: entity 6 was directed to use 10 halite to move north, but only 3 halite was available
At command 5 of 8:
    3   m 28 o
    4   m 22 w
>>> 5   m 6 n
    6   m 4 e
    7   m 31 w


Turn 165
================================================================
warning: entity 31 was directed to use 6 halite to move west, but only 5 halite was available
At command 7 of 8:
    5   m 23 w
    6   m 22 w
>>> 7   m 31 w
    8   m 27 n


Turn 167
================================================================
warning: entity 23 was directed to use 7 halite to move south, but only 4 halite was available
At command 6 of 8:
    4   m 28 o
    5   m 4 e
>>> 6   m 23 s
    7   m 31 s
    8   m 27 w


Turn 168
================================================================
warning: entity 31 was directed to use 10 halite to move west, but only 9 halite was available
At command 7 of 8:
    5   m 23 s
    6   m 4 e
>>> 7   m 31 w
    8   m 27 w


Turn 170
================================================================
warning: entity 23 was directed to use 6 halite to move south, but only 5 halite was available
At command 5 of 8:
    3   m 22 e
    4   m 6 w
>>> 5   m 23 s
    6   m 4 e
    7   m 31 s


Turn 172
================================================================
warning: entity 31 was directed to use 12 halite to move west, but only 10 halite was available
At command 7 of 8:
    5   m 6 n
    6   m 4 e
>>> 7   m 31 w
    8   m 27 n

warning: entity 27 was directed to use 12 halite to move north, but only 3 halite was available
At command 8 of 8:
    6   m 4 e
    7   m 31 w
>>> 8   m 27 n


Turn 173
================================================================
warning: entity 23 was directed to use 14 halite to move south, but only 11 halite was available
At command 3 of 8:
    1   m 28 o
    2   m 22 e
>>> 3   m 23 s
    4   m 6 w
    5   m 19 e


Turn 176
================================================================
warning: entity 31 was directed to use 12 halite to move south, but only 8 halite was available
At command 8 of 8:
    6   m 4 s
    7   m 27 o
>>> 8   m 31 s


Turn 180
================================================================
warning: entity 31 was directed to use 13 halite to move west, but only 12 halite was available
At command 8 of 8:
    6   m 6 o
    7   m 19 e
>>> 8   m 31 w


Turn 184
================================================================
warning: entity 4 was directed to use 4 halite to move south, but only 0 halite was available
At command 3 of 8:
    1   m 27 o
    2   m 23 o
>>> 3   m 4 s
    4   m 22 s
    5   m 28 n


Turn 186
================================================================
warning: entity 4 was directed to use 10 halite to move west, but only 8 halite was available
At command 6 of 8:
    4   m 23 s
    5   m 22 s
>>> 6   m 4 w
    7   m 6 o
    8   m 31 w


Turn 190
================================================================
warning: entity 19 was directed to use 2 halite to move south, but only 0 halite was available
At command 5 of 8:
    3   m 6 w
    4   m 23 o
>>> 5   m 19 s
    6   m 28 n
    7   m 4 s


Turn 192
================================================================
warning: entity 19 was directed to use 7 halite to move east, but only 5 halite was available
At command 5 of 8:
    3   m 4 w
    4   m 31 o
>>> 5   m 19 e
    6   m 27 o
    7   m 28 s


Turn 193
================================================================
warning: entity 28 was directed to use 3 halite to move south, but only 0 halite was available
At command 7 of 8:
    5   m 4 w
    6   m 6 w
>>> 7   m 28 s
    8   m 22 e


Turn 194
================================================================
warning: entity 22 was directed to use 1 halite to move east, but only 0 halite was available
At command 7 of 9:
    5   m 4 s
    6   m 19 e
>>> 7   m 22 e
    8   m 6 w
    9   g


Turn 196
================================================================
warning: entity 28 was directed to use 5 halite to move south, but only 1 halite was available
At command 2 of 10:
    1   m 31 o
>>> 2   m 28 s
    3   m 23 o
    4   m 6 w


Turn 197
================================================================
warning: entity 33 was directed to use 5 halite to move south, but only 0 halite was available
At command 9 of 10:
    7   m 27 w
    8   m 19 s
>>> 9   m 33 s
    10   m 34 w


Turn 198
================================================================
warning: entity 22 was directed to use 7 halite to move south, but only 4 halite was available
At command 3 of 11:
    1   m 23 o
    2   m 31 w
>>> 3   m 22 s
    4   m 6 w
    5   m 28 s

warning: entity 19 was directed to use 7 halite to move south, but only 0 halite was available
At command 6 of 11:
    4   m 6 w
    5   m 28 s
>>> 6   m 19 s
    7   m 27 w
    8   m 4 n


Turn 199
================================================================
warning: entity 28 was directed to use 8 halite to move south, but only 3 halite was available
At command 6 of 11:
    4   m 31 o
    5   m 6 w
>>> 6   m 28 s
    7   m 27 o
    8   m 4 w

warning: entity 34 was directed to use 2 halite to move north, but only 0 halite was available
At command 9 of 11:
    7   m 27 o
    8   m 4 w
>>> 9   m 34 n
    10   m 33 s
    11   m 35 w


Turn 200
================================================================
error: timed out after 2000 ms (when reading string)
Last input received was:


