
Turn 9
================================================================
warning: entity 7 was directed to use 14 halite to move south, but only 0 halite was available
At command 4 of 5:
    2   m 1 o
    3   m 3 o
>>> 4   m 7 s
    5   g


Turn 11
================================================================
warning: entity 9 was directed to use 12 halite to move north, but only 0 halite was available
At command 5 of 5:
    3   m 5 o
    4   m 3 o
>>> 5   m 9 n


Turn 18
================================================================
warning: entity 1 was directed to use 11 halite to move west, but only 0 halite was available
At command 4 of 5:
    2   m 5 o
    3   m 7 o
>>> 4   m 1 w
    5   m 9 e


Turn 21
================================================================
warning: entity 1 was directed to use 64 halite to move west, but only 5 halite was available
At command 4 of 5:
    2   m 7 o
    3   m 9 n
>>> 4   m 1 w
    5   m 3 o

warning: owned entities 5, 1 collided on cell (39, 29) as the result of moves on this turn
At command 1 of 5:
>>> 1   m 5 n
    2   m 7 o
    3   m 9 n


Turn 25
================================================================
warning: entity 9 was directed to use 140 halite to move west, but only 107 halite was available
At command 3 of 3:
    1   m 7 s
    2   m 3 w
>>> 3   m 9 w

warning: owned entities 7, 9 collided on cell (39, 29) as the result of moves on this turn
At command 1 of 3:
>>> 1   m 7 s
    2   m 3 w
    3   m 9 w


Turn 36
================================================================
warning: entity 3 was directed to use 8 halite to move west, but only 0 halite was available
At command 1 of 2:
>>> 1   m 3 w
    2   g


Turn 38
================================================================
warning: entity 12 was directed to use 11 halite to move south, but only 0 halite was available
At command 2 of 2:
    1   m 3 s
>>> 2   m 12 s


Turn 41
================================================================
warning: entity 12 was directed to use 11 halite to move south, but only 6 halite was available
At command 2 of 2:
    1   m 3 o
>>> 2   m 12 s


Turn 46
================================================================
warning: entity 3 was directed to use 6 halite to move west, but only 0 halite was available
At command 2 of 3:
    1   m 12 o
>>> 2   m 3 w
    3   g


Turn 48
================================================================
warning: entity 3 was directed to use 15 halite to move south, but only 12 halite was available
At command 2 of 3:
    1   m 12 n
>>> 2   m 3 s
    3   m 16 w

warning: entity 16 was directed to use 8 halite to move west, but only 0 halite was available
At command 3 of 3:
    1   m 12 n
    2   m 3 s
>>> 3   m 16 w


Turn 51
================================================================
warning: entity 16 was directed to use 8 halite to move south, but only 1 halite was available
At command 2 of 3:
    1   m 3 o
>>> 2   m 16 s
    3   m 12 o


Turn 61
================================================================
warning: entity 3 was directed to use 4 halite to move west, but only 0 halite was available
At command 2 of 4:
    1   m 16 o
>>> 2   m 3 w
    3   m 12 n
    4   g


Turn 63
================================================================
warning: entity 3 was directed to use 11 halite to move west, but only 9 halite was available
At command 2 of 4:
    1   m 16 o
>>> 2   m 3 w
    3   m 12 n
    4   m 18 e

warning: entity 18 was directed to use 9 halite to move east, but only 0 halite was available
At command 4 of 4:
    2   m 3 w
    3   m 12 n
>>> 4   m 18 e


Turn 67
================================================================
warning: entity 12 was directed to use 3 halite to move west, but only 0 halite was available
At command 4 of 4:
    2   m 16 e
    3   m 3 o
>>> 4   m 12 w


Turn 69
================================================================
warning: entity 12 was directed to use 8 halite to move south, but only 7 halite was available
At command 2 of 4:
    1   m 3 o
>>> 2   m 12 s
    3   m 18 o
    4   m 16 n


Turn 75
================================================================
warning: entity 16 was directed to use 6 halite to move south, but only 0 halite was available
At command 4 of 5:
    2   m 12 o
    3   m 3 o
>>> 4   m 16 s
    5   g


Turn 77
================================================================
warning: entity 16 was directed to use 15 halite to move west, but only 12 halite was available
At command 4 of 5:
    2   m 12 s
    3   m 3 e
>>> 4   m 16 w
    5   m 22 n

warning: entity 22 was directed to use 6 halite to move north, but only 0 halite was available
At command 5 of 5:
    3   m 3 e
    4   m 16 w
>>> 5   m 22 n


Turn 79
================================================================
warning: entity 22 was directed to use 14 halite to move east, but only 12 halite was available
At command 5 of 5:
    3   m 3 e
    4   m 16 s
>>> 5   m 22 e


Turn 82
================================================================
warning: entity 3 was directed to use 4 halite to move south, but only 0 halite was available
At command 2 of 6:
    1   m 12 e
>>> 2   m 3 s
    3   m 18 w
    4   m 16 o


Turn 87
================================================================
warning: entity 18 was directed to use 3 halite to move south, but only 0 halite was available
At command 6 of 7:
    4   m 23 n
    5   m 22 w
>>> 6   m 18 s
    7   g


Turn 89
================================================================
warning: entity 18 was directed to use 11 halite to move east, but only 7 halite was available
At command 5 of 7:
    3   m 16 o
    4   m 22 s
>>> 5   m 18 e
    6   m 3 s
    7   m 25 n

warning: entity 25 was directed to use 12 halite to move north, but only 0 halite was available
At command 7 of 7:
    5   m 18 e
    6   m 3 s
>>> 7   m 25 n


Turn 97
================================================================
warning: entity 12 was directed to use 9 halite to move north, but only 0 halite was available
At command 7 of 8:
    5   m 23 o
    6   m 16 n
>>> 7   m 12 n
    8   g


Turn 99
================================================================
warning: entity 28 was directed to use 5 halite to move west, but only 0 halite was available
At command 8 of 8:
    6   m 25 o
    7   m 16 n
>>> 8   m 28 w


Turn 100
================================================================
warning: entity 12 was directed to use 12 halite to move north, but only 4 halite was available
At command 5 of 8:
    3   m 23 e
    4   m 18 o
>>> 5   m 12 n
    6   m 25 o
    7   m 16 n


Turn 101
================================================================
warning: entity 28 was directed to use 11 halite to move west, but only 10 halite was available
At command 8 of 8:
    6   m 3 o
    7   m 16 n
>>> 8   m 28 w


Turn 103
================================================================
warning: entity 16 was directed to use 2 halite to move west, but only 0 halite was available
At command 6 of 9:
    4   m 25 o
    5   m 18 o
>>> 6   m 16 w
    7   m 12 e
    8   m 28 w

warning: entity 12 was directed to use 14 halite to move east, but only 13 halite was available
At command 7 of 9:
    5   m 18 o
    6   m 16 w
>>> 7   m 12 e
    8   m 28 w
    9   g


Turn 105
================================================================
warning: entity 16 was directed to use 13 halite to move west, but only 6 halite was available
At command 5 of 9:
    3   m 28 o
    4   m 18 w
>>> 5   m 16 w
    6   m 12 e
    7   m 23 o

warning: entity 31 was directed to use 7 halite to move east, but only 0 halite was available
At command 9 of 9:
    7   m 23 o
    8   m 3 e
>>> 9   m 31 e

warning: owned entities 12, 23 collided on cell (44, 24) as the result of moves on this turn
At command 6 of 9:
    4   m 18 w
    5   m 16 w
>>> 6   m 12 e
    7   m 23 o
    8   m 3 e


Turn 109
================================================================
warning: entity 16 was directed to use 13 halite to move west, but only 4 halite was available
At command 6 of 7:
    4   m 31 e
    5   m 18 w
>>> 6   m 16 w
    7   m 28 w

warning: owned entities 18, 16 collided on cell (39, 31) as the result of moves on this turn
At command 5 of 7:
    3   m 22 e
    4   m 31 e
>>> 5   m 18 w
    6   m 16 w
    7   m 28 w


Turn 112
================================================================
warning: entity 31 was directed to use 11 halite to move north, but only 5 halite was available
At command 3 of 5:
    1   m 28 o
    2   m 22 e
>>> 3   m 31 n
    4   m 3 o
    5   m 25 s


Turn 114
================================================================
warning: entity 22 was directed to use 2 halite to move south, but only 0 halite was available
At command 4 of 5:
    2   m 28 e
    3   m 31 o
>>> 4   m 22 s
    5   m 25 s


Turn 116
================================================================
warning: entity 3 was directed to use 1 halite to move west, but only 0 halite was available
At command 3 of 5:
    1   m 31 o
    2   m 25 s
>>> 3   m 3 w
    4   m 22 w
    5   m 28 s

warning: entity 22 was directed to use 10 halite to move west, but only 6 halite was available
At command 4 of 5:
    2   m 25 s
    3   m 3 w
>>> 4   m 22 w
    5   m 28 s


Turn 118
================================================================
warning: entity 3 was directed to use 8 halite to move south, but only 3 halite was available
At command 4 of 6:
    2   m 28 o
    3   m 22 w
>>> 4   m 3 s
    5   m 25 n
    6   g

warning: entity 25 was directed to use 5 halite to move north, but only 0 halite was available
At command 5 of 6:
    3   m 22 w
    4   m 3 s
>>> 5   m 25 n
    6   g


Turn 119
================================================================
warning: entity 22 was directed to use 13 halite to move west, but only 12 halite was available
At command 5 of 6:
    3   m 3 s
    4   m 25 n
>>> 5   m 22 w
    6   m 32 n


Turn 120
================================================================
warning: entity 25 was directed to use 13 halite to move east, but only 10 halite was available
At command 4 of 7:
    2   m 28 o
    3   m 22 w
>>> 4   m 25 e
    5   m 3 w
    6   m 32 n

warning: entity 32 was directed to use 2 halite to move north, but only 0 halite was available
At command 6 of 7:
    4   m 25 e
    5   m 3 w
>>> 6   m 32 n
    7   g


Turn 121
================================================================
warning: entity 3 was directed to use 13 halite to move south, but only 5 halite was available
At command 4 of 7:
    2   m 25 e
    3   m 31 e
>>> 4   m 3 s
    5   m 22 w
    6   m 32 n


Turn 122
================================================================
warning: entity 33 was directed to use 3 halite to move east, but only 0 halite was available
At command 6 of 7:
    4   m 31 o
    5   m 22 o
>>> 6   m 33 e
    7   m 32 n

warning: entity 32 was directed to use 10 halite to move north, but only 5 halite was available
At command 7 of 7:
    5   m 22 o
    6   m 33 e
>>> 7   m 32 n


Turn 124
================================================================
warning: entity 25 was directed to use 12 halite to move north, but only 10 halite was available
At command 3 of 7:
    1   m 31 o
    2   m 22 o
>>> 3   m 25 n
    4   m 32 o
    5   m 28 e

warning: entity 33 was directed to use 11 halite to move south, but only 8 halite was available
At command 7 of 7:
    5   m 28 e
    6   m 3 s
>>> 7   m 33 s


Turn 128
================================================================
warning: entity 25 was directed to use 12 halite to move north, but only 9 halite was available
At command 7 of 7:
    5   m 32 e
    6   m 28 n
>>> 7   m 25 n


Turn 131
================================================================
warning: entity 28 was directed to use 2 halite to move south, but only 0 halite was available
At command 7 of 7:
    5   m 25 n
    6   m 31 s
>>> 7   m 28 s


Turn 133
================================================================
warning: entity 25 was directed to use 14 halite to move north, but only 2 halite was available
At command 4 of 8:
    2   m 33 n
    3   m 32 o
>>> 4   m 25 n
    5   m 31 e
    6   m 22 o

warning: entity 31 was directed to use 2 halite to move east, but only 0 halite was available
At command 5 of 8:
    3   m 32 o
    4   m 25 n
>>> 5   m 31 e
    6   m 22 o
    7   m 28 o


Turn 135
================================================================
warning: entity 31 was directed to use 10 halite to move east, but only 4 halite was available
At command 7 of 9:
    5   m 28 e
    6   m 25 o
>>> 7   m 31 e
    8   m 38 e
    9   g

warning: entity 38 was directed to use 2 halite to move east, but only 0 halite was available
At command 8 of 9:
    6   m 25 o
    7   m 31 e
>>> 8   m 38 e
    9   g


Turn 137
================================================================
warning: entity 28 was directed to use 12 halite to move east, but only 9 halite was available
At command 7 of 9:
    5   m 31 n
    6   m 22 e
>>> 7   m 28 e
    8   m 40 s
    9   m 38 e

warning: entity 40 was directed to use 1 halite to move south, but only 0 halite was available
At command 8 of 9:
    6   m 22 e
    7   m 28 e
>>> 8   m 40 s
    9   m 38 e

warning: entity 38 was directed to use 8 halite to move east, but only 5 halite was available
At command 9 of 9:
    7   m 28 e
    8   m 40 s
>>> 9   m 38 e


Turn 139
================================================================
warning: entity 40 was directed to use 7 halite to move west, but only 4 halite was available
At command 9 of 9:
    7   m 38 o
    8   m 22 e
>>> 9   m 40 w


Turn 142
================================================================
warning: entity 22 was directed to use 1 halite to move south, but only 0 halite was available
At command 8 of 10:
    6   m 38 e
    7   m 3 e
>>> 8   m 22 s
    9   m 40 s
    10   g

warning: entity 40 was directed to use 14 halite to move south, but only 5 halite was available
At command 9 of 10:
    7   m 3 e
    8   m 22 s
>>> 9   m 40 s
    10   g


Turn 144
================================================================
warning: entity 22 was directed to use 11 halite to move south, but only 3 halite was available
At command 7 of 10:
    5   m 3 n
    6   m 38 n
>>> 7   m 22 s
    8   m 31 s
    9   m 40 w

warning: entity 42 was directed to use 1 halite to move west, but only 0 halite was available
At command 10 of 10:
    8   m 31 s
    9   m 40 w
>>> 10   m 42 w


Turn 146
================================================================
warning: entity 42 was directed to use 8 halite to move west, but only 3 halite was available
At command 9 of 10:
    7   m 22 s
    8   m 3 n
>>> 9   m 42 w
    10   m 40 w

warning: entity 40 was directed to use 11 halite to move west, but only 7 halite was available
At command 10 of 10:
    8   m 3 n
    9   m 42 w
>>> 10   m 40 w


Turn 147
================================================================
warning: entity 22 was directed to use 13 halite to move south, but only 12 halite was available
At command 7 of 10:
    5   m 40 w
    6   m 28 o
>>> 7   m 22 s
    8   m 25 e
    9   m 3 n


Turn 149
================================================================
warning: entity 42 was directed to use 11 halite to move south, but only 7 halite was available
At command 10 of 10:
    8   m 22 o
    9   m 3 w
>>> 10   m 42 s


Turn 150
================================================================
warning: entity 3 was directed to use 1 halite to move west, but only 0 halite was available
At command 9 of 11:
    7   m 32 w
    8   m 31 o
>>> 9   m 3 w
    10   m 42 s
    11   g


Turn 152
================================================================
warning: entity 3 was directed to use 6 halite to move south, but only 4 halite was available
At command 5 of 11:
    3   m 38 o
    4   m 31 o
>>> 5   m 3 s
    6   m 22 o
    7   m 28 o

warning: entity 44 was directed to use 1 halite to move east, but only 0 halite was available
At command 11 of 11:
    9   m 33 w
    10   m 42 w
>>> 11   m 44 e


Turn 153
================================================================
warning: entity 42 was directed to use 13 halite to move west, but only 8 halite was available
At command 11 of 11:
    9   m 32 o
    10   m 44 n
>>> 11   m 42 w


Turn 154
================================================================
warning: entity 44 was directed to use 7 halite to move east, but only 3 halite was available
At command 11 of 11:
    9   m 33 s
    10   m 42 w
>>> 11   m 44 e


Turn 155
================================================================
warning: entity 3 was directed to use 10 halite to move south, but only 3 halite was available
At command 7 of 11:
    5   m 25 w
    6   m 28 n
>>> 7   m 3 s
    8   m 22 s
    9   m 33 s


Turn 157
================================================================
warning: entity 44 was directed to use 12 halite to move north, but only 5 halite was available
At command 11 of 11:
    9   m 33 e
    10   m 42 o
>>> 11   m 44 n


Turn 158
================================================================
warning: entity 3 was directed to use 13 halite to move south, but only 11 halite was available
At command 7 of 11:
    5   m 28 o
    6   m 42 o
>>> 7   m 3 s
    8   m 32 n
    9   m 25 w

warning: entity 33 was directed to use 6 halite to move east, but only 0 halite was available
At command 10 of 11:
    8   m 32 n
    9   m 25 w
>>> 10   m 33 e
    11   m 44 n


Turn 159
================================================================
warning: entity 32 was directed to use 1 halite to move north, but only 0 halite was available
At command 9 of 12:
    7   m 33 e
    8   m 38 w
>>> 9   m 32 n
    10   m 25 s
    11   m 44 e


Turn 160
================================================================
warning: entity 33 was directed to use 14 halite to move east, but only 13 halite was available
At command 8 of 12:
    6   m 40 e
    7   m 3 w
>>> 8   m 33 e
    9   m 38 w
    10   m 25 o


Turn 161
================================================================
warning: entity 32 was directed to use 7 halite to move west, but only 3 halite was available
At command 7 of 13:
    5   m 25 o
    6   m 40 e
>>> 7   m 32 w
    8   m 31 o
    9   m 3 w

warning: entity 44 was directed to use 11 halite to move east, but only 7 halite was available
At command 11 of 13:
    9   m 3 w
    10   m 38 w
>>> 11   m 44 e
    12   m 47 w
    13   g


Turn 162
================================================================
warning: entity 47 was directed to use 4 halite to move west, but only 0 halite was available
At command 12 of 13:
    10   m 3 w
    11   m 38 w
>>> 12   m 47 w
    13   m 48 w


Turn 164
================================================================
warning: entity 32 was directed to use 14 halite to move west, but only 4 halite was available
At command 10 of 13:
    8   m 31 w
    9   m 40 e
>>> 10   m 32 w
    11   m 33 e
    12   m 47 w

warning: entity 47 was directed to use 13 halite to move west, but only 9 halite was available
At command 12 of 13:
    10   m 32 w
    11   m 33 e
>>> 12   m 47 w
    13   m 48 w

warning: entity 48 was directed to use 6 halite to move west, but only 0 halite was available
At command 13 of 13:
    11   m 33 e
    12   m 47 w
>>> 13   m 48 w


Turn 165
================================================================
warning: entity 33 was directed to use 11 halite to move east, but only 4 halite was available
At command 11 of 13:
    9   m 22 o
    10   m 40 n
>>> 11   m 33 e
    12   m 47 w
    13   m 48 w


Turn 167
================================================================
warning: entity 48 was directed to use 8 halite to move south, but only 0 halite was available
At command 12 of 13:
    10   m 38 e
    11   m 31 w
>>> 12   m 48 s
    13   m 47 s


Turn 168
================================================================
warning: entity 32 was directed to use 12 halite to move west, but only 3 halite was available
At command 9 of 13:
    7   m 25 e
    8   m 33 n
>>> 9   m 32 w
    10   m 38 e
    11   m 31 w

warning: entity 38 was directed to use 8 halite to move east, but only 0 halite was available
At command 10 of 13:
    8   m 33 n
    9   m 32 w
>>> 10   m 38 e
    11   m 31 w
    12   m 48 s


Turn 169
================================================================
warning: entity 47 was directed to use 8 halite to move west, but only 0 halite was available
At command 13 of 13:
    11   m 31 s
    12   m 48 s
>>> 13   m 47 w


Turn 170
================================================================
warning: entity 25 was directed to use 5 halite to move east, but only 0 halite was available
At command 10 of 13:
    8   m 42 e
    9   m 28 w
>>> 10   m 25 e
    11   m 31 s
    12   m 47 w

warning: entity 48 was directed to use 9 halite to move west, but only 4 halite was available
At command 13 of 13:
    11   m 31 s
    12   m 47 w
>>> 13   m 48 w


Turn 171
================================================================
warning: entity 38 was directed to use 10 halite to move south, but only 3 halite was available
At command 6 of 14:
    4   m 3 o
    5   m 25 e
>>> 6   m 38 s
    7   m 32 o
    8   m 40 w


Turn 172
================================================================
warning: entity 25 was directed to use 13 halite to move east, but only 11 halite was available
At command 8 of 14:
    6   m 32 o
    7   m 31 s
>>> 8   m 25 e
    9   m 40 n
    10   m 42 e

warning: entity 40 was directed to use 4 halite to move north, but only 0 halite was available
At command 9 of 14:
    7   m 31 s
    8   m 25 e
>>> 9   m 40 n
    10   m 42 e
    11   m 28 w

warning: entity 47 was directed to use 14 halite to move south, but only 2 halite was available
At command 13 of 14:
    11   m 28 w
    12   m 48 w
>>> 13   m 47 s
    14   m 49 s


Turn 174
================================================================
warning: entity 40 was directed to use 14 halite to move north, but only 10 halite was available
At command 9 of 15:
    7   m 28 w
    8   m 25 e
>>> 9   m 40 n
    10   m 47 o
    11   m 42 o

warning: entity 49 was directed to use 3 halite to move south, but only 0 halite was available
At command 13 of 15:
    11   m 42 o
    12   m 31 o
>>> 13   m 49 s
    14   m 48 s
    15   m 50 s

warning: entity 48 was directed to use 11 halite to move south, but only 0 halite was available
At command 14 of 15:
    12   m 31 o
    13   m 49 s
>>> 14   m 48 s
    15   m 50 s


Turn 176
================================================================
warning: entity 50 was directed to use 5 halite to move west, but only 0 halite was available
At command 15 of 15:
    13   m 22 o
    14   m 49 s
>>> 15   m 50 w


Turn 177
================================================================
warning: entity 49 was directed to use 9 halite to move west, but only 1 halite was available
At command 15 of 15:
    13   m 32 s
    14   m 50 w
>>> 15   m 49 w


Turn 178
================================================================
warning: entity 42 was directed to use 2 halite to move south, but only 0 halite was available
At command 11 of 15:
    9   m 40 n
    10   m 38 w
>>> 11   m 42 s
    12   m 3 e
    13   m 32 o


Turn 179
================================================================
warning: entity 40 was directed to use 14 halite to move north, but only 2 halite was available
At command 11 of 15:
    9   m 31 w
    10   m 25 n
>>> 11   m 40 n
    12   m 38 s
    13   m 3 e

warning: entity 38 was directed to use 10 halite to move south, but only 5 halite was available
At command 12 of 15:
    10   m 25 n
    11   m 40 n
>>> 12   m 38 s
    13   m 3 e
    14   m 49 w

warning: entity 50 was directed to use 7 halite to move west, but only 1 halite was available
At command 15 of 15:
    13   m 3 e
    14   m 49 w
>>> 15   m 50 w


Turn 180
================================================================
warning: entity 42 was directed to use 13 halite to move west, but only 6 halite was available
At command 10 of 15:
    8   m 47 s
    9   m 28 e
>>> 10   m 42 w
    11   m 44 w
    12   m 31 w

warning: entity 31 was directed to use 3 halite to move west, but only 0 halite was available
At command 12 of 15:
    10   m 42 w
    11   m 44 w
>>> 12   m 31 w
    13   m 25 e
    14   m 50 s

warning: entity 49 was directed to use 12 halite to move west, but only 7 halite was available
At command 15 of 15:
    13   m 25 e
    14   m 50 s
>>> 15   m 49 w


Turn 182
================================================================
warning: entity 31 was directed to use 12 halite to move west, but only 7 halite was available
At command 6 of 16:
    4   m 32 o
    5   m 42 s
>>> 6   m 31 w
    7   m 3 o
    8   m 25 e

warning: entity 25 was directed to use 12 halite to move east, but only 3 halite was available
At command 8 of 16:
    6   m 31 w
    7   m 3 o
>>> 8   m 25 e
    9   m 33 w
    10   m 40 o

warning: entity 28 was directed to use 4 halite to move east, but only 0 halite was available
At command 13 of 16:
    11   m 50 o
    12   m 38 w
>>> 13   m 28 e
    14   m 44 w
    15   m 49 w


Turn 183
================================================================
warning: entity 38 was directed to use 12 halite to move west, but only 0 halite was available
At command 13 of 17:
    11   m 42 s
    12   m 33 w
>>> 13   m 38 w
    14   m 44 w
    15   m 49 s


Turn 184
================================================================
warning: entity 54 was directed to use 3 halite to move west, but only 0 halite was available
At command 16 of 17:
    14   m 44 w
    15   m 49 o
>>> 16   m 54 w
    17   m 55 e


Turn 185
================================================================
warning: entity 28 was directed to use 12 halite to move north, but only 0 halite was available
At command 8 of 17:
    6   m 25 o
    7   m 49 o
>>> 8   m 28 n
    9   m 50 s
    10   m 38 s


Turn 186
================================================================
warning: entity 31 was directed to use 14 halite to move north, but only 10 halite was available
At command 12 of 17:
    10   m 50 w
    11   m 38 o
>>> 12   m 31 n
    13   m 3 n
    14   m 22 w

warning: entity 55 was directed to use 6 halite to move south, but only 0 halite was available
At command 16 of 17:
    14   m 22 w
    15   m 44 s
>>> 16   m 55 s
    17   m 54 n

warning: entity 54 was directed to use 13 halite to move north, but only 7 halite was available
At command 17 of 17:
    15   m 44 s
    16   m 55 s
>>> 17   m 54 n


Turn 188
================================================================
warning: entity 28 was directed to use 11 halite to move east, but only 10 halite was available
At command 10 of 17:
    8   m 32 w
    9   m 33 w
>>> 10   m 28 e
    11   m 42 o
    12   m 50 w

warning: entity 22 was directed to use 4 halite to move west, but only 0 halite was available
At command 14 of 17:
    12   m 50 w
    13   m 3 s
>>> 14   m 22 w
    15   m 44 o
    16   m 55 s


Turn 189
================================================================
warning: entity 50 was directed to use 52 halite to move west, but only 46 halite was available
At command 15 of 17:
    13   m 32 n
    14   m 33 s
>>> 15   m 50 w
    16   m 55 s
    17   m 54 w

warning: entity 55 was directed to use 11 halite to move south, but only 2 halite was available
At command 16 of 17:
    14   m 33 s
    15   m 50 w
>>> 16   m 55 s
    17   m 54 w

warning: owned entities 49, 50 collided on cell (34, 32) as the result of moves on this turn
At command 10 of 17:
    8   m 44 s
    9   m 3 e
>>> 10   m 49 w
    11   m 31 w
    12   m 47 e


Turn 190
================================================================
warning: entity 3 was directed to use 4 halite to move east, but only 0 halite was available
At command 4 of 15:
    2   m 48 o
    3   m 42 o
>>> 4   m 3 e
    5   m 25 o
    6   m 28 e

warning: entity 22 was directed to use 10 halite to move south, but only 8 halite was available
At command 8 of 15:
    6   m 28 e
    7   m 40 n
>>> 8   m 22 s
    9   m 44 e
    10   m 31 n

warning: entity 54 was directed to use 14 halite to move north, but only 9 halite was available
At command 15 of 15:
    13   m 33 s
    14   m 55 s
>>> 15   m 54 n


Turn 192
================================================================
warning: entity 3 was directed to use 13 halite to move east, but only 9 halite was available
At command 5 of 16:
    3   m 31 o
    4   m 42 o
>>> 5   m 3 e
    6   m 22 w
    7   m 54 w

warning: entity 28 was directed to use 11 halite to move north, but only 10 halite was available
At command 9 of 16:
    7   m 54 w
    8   m 38 n
>>> 9   m 28 n
    10   m 40 o
    11   m 44 n

warning: entity 44 was directed to use 4 halite to move north, but only 0 halite was available
At command 11 of 16:
    9   m 28 n
    10   m 40 o
>>> 11   m 44 n
    12   m 47 e
    13   m 32 o

warning: entity 55 was directed to use 12 halite to move east, but only 11 halite was available
At command 15 of 16:
    13   m 32 o
    14   m 33 o
>>> 15   m 55 e
    16   m 56 e


Turn 194
================================================================
warning: entity 44 was directed to use 9 halite to move north, but only 8 halite was available
At command 10 of 16:
    8   m 3 n
    9   m 28 n
>>> 10   m 44 n
    11   m 33 e
    12   m 48 e

warning: entity 22 was directed to use 13 halite to move south, but only 8 halite was available
At command 13 of 16:
    11   m 33 e
    12   m 48 e
>>> 13   m 22 s
    14   m 54 s
    15   m 47 e

warning: entity 56 was directed to use 3 halite to move north, but only 0 halite was available
At command 16 of 16:
    14   m 54 s
    15   m 47 e
>>> 16   m 56 n


Turn 195
================================================================
warning: entity 54 was directed to use 12 halite to move west, but only 3 halite was available
At command 14 of 17:
    12   m 33 n
    13   m 48 o
>>> 14   m 54 w
    15   m 47 n
    16   m 56 n

warning: owned entities 22, 48 collided on cell (36, 30) as the result of moves on this turn
At command 8 of 17:
    6   m 55 s
    7   m 44 n
>>> 8   m 22 w
    9   m 3 n
    10   m 32 s


Turn 196
================================================================
warning: entity 33 was directed to use 3 halite to move east, but only 0 halite was available
At command 12 of 15:
    10   m 3 e
    11   m 32 s
>>> 12   m 33 e
    13   m 47 n
    14   m 56 n

warning: entity 56 was directed to use 10 halite to move north, but only 7 halite was available
At command 14 of 15:
    12   m 33 e
    13   m 47 n
>>> 14   m 56 n
    15   m 59 w


Turn 197
================================================================
warning: entity 3 was directed to use 13 halite to move north, but only 3 halite was available
At command 12 of 16:
    10   m 55 o
    11   m 44 n
>>> 12   m 3 n
    13   m 32 o
    14   m 56 n


Turn 198
================================================================
warning: entity 33 was directed to use 7 halite to move north, but only 6 halite was available
At command 9 of 16:
    7   m 3 n
    8   m 32 o
>>> 9   m 33 n
    10   m 47 n
    11   m 31 s

warning: entity 59 was directed to use 2 halite to move north, but only 0 halite was available
At command 14 of 16:
    12   m 25 w
    13   m 44 o
>>> 14   m 59 n
    15   m 56 n
    16   m 61 w


Turn 200
================================================================
error: timed out after 2000 ms (when reading string)
Last input received was:


