
Turn 3
================================================================
warning: entity 0 was directed to use 4 halite to move north, but only 0 halite was available
At command 1 of 2:
>>> 1   m 0 n
    2   g


Turn 7
================================================================
warning: entity 4 was directed to use 18 halite to move north, but only 0 halite was available
At command 3 of 4:
    1   m 0 o
    2   m 2 o
>>> 3   m 4 n
    4   g


Turn 9
================================================================
warning: entity 6 was directed to use 4 halite to move south, but only 0 halite was available
At command 4 of 5:
    2   m 2 o
    3   m 4 n
>>> 4   m 6 s
    5   g


Turn 11
================================================================
warning: entity 8 was directed to use 14 halite to move east, but only 0 halite was available
At command 4 of 5:
    2   m 4 n
    3   m 0 o
>>> 4   m 8 e
    5   m 6 w

warning: entity 6 was directed to use 17 halite to move west, but only 9 halite was available
At command 5 of 5:
    3   m 0 o
    4   m 8 e
>>> 5   m 6 w


Turn 14
================================================================
warning: entity 8 was directed to use 20 halite to move east, but only 9 halite was available
At command 4 of 5:
    2   m 4 o
    3   m 0 o
>>> 4   m 8 e
    5   m 6 w


Turn 19
================================================================
warning: entity 8 was directed to use 10 halite to move east, but only 9 halite was available
At command 4 of 5:
    2   m 2 e
    3   m 0 s
>>> 4   m 8 e
    5   m 4 n


Turn 33
================================================================
warning: entity 0 was directed to use 3 halite to move north, but only 0 halite was available
At command 3 of 5:
    1   m 4 o
    2   m 8 o
>>> 3   m 0 n
    4   m 2 n
    5   m 6 n


Turn 35
================================================================
warning: entity 0 was directed to use 16 halite to move north, but only 7 halite was available
At command 3 of 5:
    1   m 2 n
    2   m 4 o
>>> 3   m 0 n
    4   m 8 s
    5   m 6 o


Turn 36
================================================================
warning: entity 2 was directed to use 2 halite to move north, but only 0 halite was available
At command 5 of 5:
    3   m 0 n
    4   m 6 e
>>> 5   m 2 n


Turn 38
================================================================
warning: entity 2 was directed to use 12 halite to move north, but only 5 halite was available
At command 2 of 6:
    1   m 4 n
>>> 2   m 2 n
    3   m 6 w
    4   m 8 e

warning: entity 6 was directed to use 2 halite to move west, but only 0 halite was available
At command 3 of 6:
    1   m 4 n
    2   m 2 n
>>> 3   m 6 w
    4   m 8 e
    5   m 0 o


Turn 40
================================================================
warning: entity 6 was directed to use 7 halite to move west, but only 6 halite was available
At command 4 of 7:
    2   m 0 w
    3   m 4 o
>>> 4   m 6 w
    5   m 2 w
    6   m 11 s

warning: entity 11 was directed to use 2 halite to move south, but only 0 halite was available
At command 6 of 7:
    4   m 6 w
    5   m 2 w
>>> 6   m 11 s
    7   g


Turn 41
================================================================
warning: entity 2 was directed to use 17 halite to move west, but only 14 halite was available
At command 7 of 7:
    5   m 12 s
    6   m 11 s
>>> 7   m 2 w


Turn 42
================================================================
warning: entity 12 was directed to use 1 halite to move south, but only 0 halite was available
At command 6 of 7:
    4   m 0 n
    5   m 2 n
>>> 6   m 12 s
    7   m 11 w

warning: entity 11 was directed to use 12 halite to move west, but only 6 halite was available
At command 7 of 7:
    5   m 2 n
    6   m 12 s
>>> 7   m 11 w


Turn 44
================================================================
warning: entity 12 was directed to use 12 halite to move south, but only 4 halite was available
At command 4 of 7:
    2   m 4 e
    3   m 8 w
>>> 4   m 12 s
    5   m 0 w
    6   m 11 s


Turn 46
================================================================
warning: owned entities 0, 2 collided on cell (6, 12) as the result of moves on this turn
At command 1 of 7:
>>> 1   m 0 e
    2   m 8 o
    3   m 11 w

Other commands that placed an entity on this cell:
    5   m 4 s
    6   m 12 s
>>> 7   m 2 w


Turn 47
================================================================
warning: entity 12 was directed to use 19 halite to move west, but only 15 halite was available
At command 5 of 5:
    3   m 4 s
    4   m 11 w
>>> 5   m 12 w


Turn 49
================================================================
warning: entity 4 was directed to use 2 halite to move north, but only 0 halite was available
At command 3 of 6:
    1   m 11 o
    2   m 8 o
>>> 3   m 4 n
    4   m 12 s
    5   m 6 o


Turn 51
================================================================
warning: entity 4 was directed to use 9 halite to move north, but only 4 halite was available
At command 2 of 6:
    1   m 11 s
>>> 2   m 4 n
    3   m 12 o
    4   m 6 o

warning: entity 14 was directed to use 10 halite to move east, but only 0 halite was available
At command 6 of 6:
    4   m 6 o
    5   m 8 w
>>> 6   m 14 e


Turn 53
================================================================
warning: owned entities 12, 11 collided on cell (5, 20) as the result of moves on this turn
At command 2 of 6:
    1   m 4 n
>>> 2   m 12 w
    3   m 11 o
    4   m 6 o


Turn 54
================================================================
warning: entity 4 was directed to use 15 halite to move west, but only 5 halite was available
At command 3 of 4:
    1   m 6 o
    2   m 8 o
>>> 3   m 4 w
    4   m 14 e

warning: entity 14 was directed to use 15 halite to move east, but only 3 halite was available
At command 4 of 4:
    2   m 8 o
    3   m 4 w
>>> 4   m 14 e


Turn 57
================================================================
warning: entity 14 was directed to use 16 halite to move east, but only 15 halite was available
At command 3 of 4:
    1   m 6 o
    2   m 8 w
>>> 3   m 14 e
    4   m 4 o


Turn 65
================================================================
warning: entity 8 was directed to use 1 halite to move south, but only 0 halite was available
At command 2 of 5:
    1   m 6 e
>>> 2   m 8 s
    3   m 14 n
    4   m 4 w


Turn 67
================================================================
warning: entity 17 was directed to use 1 halite to move south, but only 0 halite was available
At command 3 of 5:
    1   m 6 e
    2   m 14 o
>>> 3   m 17 s
    4   m 8 s
    5   m 4 w

warning: entity 8 was directed to use 9 halite to move south, but only 4 halite was available
At command 4 of 5:
    2   m 14 o
    3   m 17 s
>>> 4   m 8 s
    5   m 4 w


Turn 69
================================================================
warning: entity 17 was directed to use 9 halite to move west, but only 3 halite was available
At command 4 of 5:
    2   m 6 e
    3   m 14 n
>>> 4   m 17 w
    5   m 8 s


Turn 70
================================================================
warning: entity 8 was directed to use 14 halite to move west, but only 9 halite was available
At command 5 of 5:
    3   m 4 w
    4   m 14 o
>>> 5   m 8 w


Turn 72
================================================================
warning: entity 17 was directed to use 11 halite to move west, but only 8 halite was available
At command 5 of 5:
    3   m 4 o
    4   m 8 w
>>> 5   m 17 w


Turn 75
================================================================
warning: entity 17 was directed to use 18 halite to move west, but only 15 halite was available
At command 5 of 5:
    3   m 8 o
    4   m 4 o
>>> 5   m 17 w


Turn 78
================================================================
warning: entity 6 was directed to use 7 halite to move east, but only 0 halite was available
At command 2 of 6:
    1   m 8 o
>>> 2   m 6 e
    3   m 14 o
    4   m 17 o


Turn 80
================================================================
warning: entity 18 was directed to use 1 halite to move south, but only 0 halite was available
At command 6 of 6:
    4   m 17 n
    5   m 4 o
>>> 6   m 18 s


Turn 82
================================================================
warning: entity 18 was directed to use 7 halite to move west, but only 4 halite was available
At command 6 of 6:
    4   m 17 w
    5   m 8 e
>>> 6   m 18 w


Turn 89
================================================================
warning: entity 18 was directed to use 19 halite to move west, but only 12 halite was available
At command 6 of 6:
    4   m 6 w
    5   m 8 s
>>> 6   m 18 w


Turn 90
================================================================
warning: entity 8 was directed to use 1 halite to move west, but only 0 halite was available
At command 4 of 6:
    2   m 4 e
    3   m 6 w
>>> 4   m 8 w
    5   m 18 w
    6   m 14 o


Turn 92
================================================================
warning: entity 8 was directed to use 5 halite to move west, but only 3 halite was available
At command 3 of 6:
    1   m 14 o
    2   m 18 o
>>> 3   m 8 w
    4   m 17 o
    5   m 4 e


Turn 93
================================================================
warning: owned entities 4, 6 collided on cell (5, 10) as the result of moves on this turn
At command 5 of 6:
    3   m 8 w
    4   m 17 o
>>> 5   m 4 e
    6   m 6 w

Other commands that placed an entity on this cell:
    4   m 17 o
    5   m 4 e
>>> 6   m 6 w


Turn 95
================================================================
warning: entity 8 was directed to use 16 halite to move west, but only 1 halite was available
At command 4 of 4:
    2   m 14 w
    3   m 18 s
>>> 4   m 8 w


Turn 98
================================================================
warning: entity 8 was directed to use 15 halite to move south, but only 10 halite was available
At command 3 of 4:
    1   m 17 e
    2   m 14 s
>>> 3   m 8 s
    4   m 18 o


Turn 102
================================================================
warning: entity 8 was directed to use 18 halite to move west, but only 5 halite was available
At command 4 of 4:
    2   m 17 n
    3   m 14 s
>>> 4   m 8 w


Turn 106
================================================================
warning: entity 17 was directed to use 5 halite to move west, but only 0 halite was available
At command 3 of 5:
    1   m 18 e
    2   m 8 o
>>> 3   m 17 w
    4   m 14 o
    5   m 21 n

warning: owned entities 21, 14 collided on cell (8, 15) as the result of moves on this turn
At command 5 of 5:
    3   m 17 w
    4   m 14 o
>>> 5   m 21 n


Turn 109
================================================================
warning: entity 17 was directed to use 4 halite to move east, but only 3 halite was available
At command 3 of 3:
    1   m 18 e
    2   m 8 o
>>> 3   m 17 e


Turn 117
================================================================
warning: entity 18 was directed to use 4 halite to move west, but only 0 halite was available
At command 3 of 4:
    1   m 17 n
    2   m 8 o
>>> 3   m 18 w
    4   m 23 n


Turn 118
================================================================
warning: entity 23 was directed to use 16 halite to move north, but only 0 halite was available
At command 4 of 4:
    2   m 18 w
    3   m 17 n
>>> 4   m 23 n


Turn 119
================================================================
warning: entity 18 was directed to use 11 halite to move north, but only 7 halite was available
At command 2 of 4:
    1   m 8 o
>>> 2   m 18 n
    3   m 17 w
    4   m 23 n


Turn 122
================================================================
warning: entity 18 was directed to use 18 halite to move east, but only 9 halite was available
At command 3 of 4:
    1   m 8 e
    2   m 17 w
>>> 3   m 18 e
    4   m 23 n

warning: entity 23 was directed to use 14 halite to move north, but only 5 halite was available
At command 4 of 4:
    2   m 17 w
    3   m 18 e
>>> 4   m 23 n


Turn 125
================================================================
warning: entity 23 was directed to use 18 halite to move north, but only 17 halite was available
At command 3 of 4:
    1   m 8 e
    2   m 18 n
>>> 3   m 23 n
    4   m 17 o


Turn 135
================================================================
warning: owned entities 8, 17 collided on cell (8, 15) as the result of moves on this turn
At command 1 of 2:
>>> 1   m 8 n
    2   m 17 o


Turn 162
================================================================
warning: entity 25 was directed to use 16 halite to move north, but only 0 halite was available
At command 1 of 2:
>>> 1   m 25 n
    2   g


Turn 164
================================================================
warning: entity 28 was directed to use 12 halite to move north, but only 0 halite was available
At command 2 of 2:
    1   m 25 n
>>> 2   m 28 n


Turn 166
================================================================
warning: entity 25 was directed to use 11 halite to move west, but only 7 halite was available
At command 2 of 2:
    1   m 28 n
>>> 2   m 25 w


Turn 168
================================================================
warning: entity 28 was directed to use 11 halite to move west, but only 0 halite was available
At command 2 of 2:
    1   m 25 w
>>> 2   m 28 w


Turn 170
================================================================
warning: entity 25 was directed to use 17 halite to move north, but only 0 halite was available
At command 2 of 2:
    1   m 28 w
>>> 2   m 25 n


Turn 171
================================================================
warning: entity 28 was directed to use 13 halite to move north, but only 6 halite was available
At command 2 of 2:
    1   m 25 n
>>> 2   m 28 n


Turn 176
================================================================
warning: entity 28 was directed to use 11 halite to move west, but only 0 halite was available
At command 2 of 2:
    1   m 25 o
>>> 2   m 28 w


Turn 178
================================================================
warning: owned entities 25, 28 collided on cell (5, 10) as the result of moves on this turn
At command 1 of 2:
>>> 1   m 25 n
    2   m 28 o

