
Turn 5
================================================================
warning: entity 3 was directed to use 14 halite to move east, but only 0 halite was available
At command 2 of 3:
    1   m 1 o
>>> 2   m 3 e
    3   g


Turn 9
================================================================
warning: entity 7 was directed to use 15 halite to move south, but only 0 halite was available
At command 4 of 5:
    2   m 3 o
    3   m 5 o
>>> 4   m 7 s
    5   g


Turn 11
================================================================
warning: entity 9 was directed to use 12 halite to move east, but only 0 halite was available
At command 5 of 5:
    3   m 1 o
    4   m 7 o
>>> 5   m 9 e


Turn 30
================================================================
warning: entity 3 was directed to use 10 halite to move east, but only 0 halite was available
At command 5 of 5:
    3   m 7 o
    4   m 5 w
>>> 5   m 3 e


Turn 32
================================================================
warning: entity 1 was directed to use 7 halite to move east, but only 0 halite was available
At command 1 of 6:
>>> 1   m 1 e
    2   m 9 e
    3   m 7 e


Turn 35
================================================================
warning: entity 1 was directed to use 14 halite to move south, but only 3 halite was available
At command 3 of 6:
    1   m 11 e
    2   m 3 o
>>> 3   m 1 s
    4   m 9 o
    5   m 7 o


Turn 36
================================================================
warning: entity 5 was directed to use 11 halite to move south, but only 0 halite was available
At command 6 of 7:
    4   m 9 o
    5   m 7 o
>>> 6   m 5 s
    7   g


Turn 38
================================================================
warning: entity 11 was directed to use 13 halite to move north, but only 0 halite was available
At command 4 of 7:
    2   m 9 w
    3   m 5 s
>>> 4   m 11 n
    5   m 3 e
    6   m 7 n

warning: entity 13 was directed to use 7 halite to move south, but only 0 halite was available
At command 7 of 7:
    5   m 3 e
    6   m 7 n
>>> 7   m 13 s


Turn 41
================================================================
warning: entity 13 was directed to use 15 halite to move east, but only 1 halite was available
At command 7 of 7:
    5   m 3 w
    6   m 7 w
>>> 7   m 13 e


Turn 44
================================================================
warning: entity 13 was directed to use 14 halite to move south, but only 13 halite was available
At command 7 of 7:
    5   m 7 n
    6   m 5 s
>>> 7   m 13 s

warning: owned entities 5, 13 collided on cell (29, 24) as the result of moves on this turn
At command 6 of 7:
    4   m 3 o
    5   m 7 n
>>> 6   m 5 s
    7   m 13 s


Turn 46
================================================================
warning: entity 7 was directed to use 11 halite to move west, but only 0 halite was available
At command 5 of 6:
    3   m 9 n
    4   m 1 o
>>> 5   m 7 w
    6   g


Turn 48
================================================================
warning: entity 15 was directed to use 8 halite to move west, but only 0 halite was available
At command 6 of 6:
    4   m 11 e
    5   m 7 w
>>> 6   m 15 w


Turn 49
================================================================
warning: entity 7 was directed to use 13 halite to move north, but only 9 halite was available
At command 3 of 6:
    1   m 11 w
    2   m 3 o
>>> 3   m 7 n
    4   m 1 o
    5   m 9 e


Turn 50
================================================================
warning: entity 9 was directed to use 5 halite to move south, but only 0 halite was available
At command 4 of 7:
    2   m 3 o
    3   m 7 n
>>> 4   m 9 s
    5   m 1 o
    6   m 15 w


Turn 52
================================================================
warning: entity 16 was directed to use 8 halite to move east, but only 0 halite was available
At command 7 of 7:
    5   m 3 o
    6   m 11 w
>>> 7   m 16 e


Turn 55
================================================================
warning: entity 16 was directed to use 13 halite to move north, but only 1 halite was available
At command 7 of 7:
    5   m 7 o
    6   m 15 o
>>> 7   m 16 n


Turn 57
================================================================
warning: entity 9 was directed to use 13 halite to move south, but only 1 halite was available
At command 1 of 7:
>>> 1   m 9 s
    2   m 1 w
    3   m 7 n


Turn 64
================================================================
warning: entity 3 was directed to use 6 halite to move west, but only 0 halite was available
At command 6 of 8:
    4   m 1 o
    5   m 11 o
>>> 6   m 3 w
    7   m 16 s
    8   g


Turn 66
================================================================
warning: entity 3 was directed to use 14 halite to move west, but only 12 halite was available
At command 5 of 8:
    3   m 9 w
    4   m 1 w
>>> 5   m 3 w
    6   m 11 o
    7   m 16 o

warning: entity 18 was directed to use 4 halite to move south, but only 0 halite was available
At command 8 of 8:
    6   m 11 o
    7   m 16 o
>>> 8   m 18 s


Turn 68
================================================================
warning: entity 18 was directed to use 13 halite to move south, but only 8 halite was available
At command 8 of 8:
    6   m 9 o
    7   m 16 s
>>> 8   m 18 s


Turn 78
================================================================
warning: entity 1 was directed to use 4 halite to move south, but only 0 halite was available
At command 4 of 8:
    2   m 7 w
    3   m 9 o
>>> 4   m 1 s
    5   m 3 w
    6   m 11 o


Turn 79
================================================================
warning: entity 3 was directed to use 14 halite to move west, but only 6 halite was available
At command 3 of 8:
    1   m 9 e
    2   m 1 s
>>> 3   m 3 w
    4   m 11 o
    5   m 7 w


Turn 80
================================================================
warning: entity 1 was directed to use 13 halite to move west, but only 9 halite was available
At command 3 of 8:
    1   m 3 w
    2   m 11 o
>>> 3   m 1 w
    4   m 9 s
    5   m 15 e


Turn 85
================================================================
warning: entity 18 was directed to use 13 halite to move east, but only 3 halite was available
At command 6 of 8:
    4   m 9 n
    5   m 1 n
>>> 6   m 18 e
    7   m 7 o
    8   m 15 n


Turn 86
================================================================
warning: entity 15 was directed to use 6 halite to move east, but only 0 halite was available
At command 2 of 9:
    1   m 18 e
>>> 2   m 15 e
    3   m 7 o
    4   m 16 n


Turn 88
================================================================
warning: entity 21 was directed to use 4 halite to move south, but only 0 halite was available
At command 9 of 9:
    7   m 1 o
    8   m 9 n
>>> 9   m 21 s


Turn 90
================================================================
warning: entity 21 was directed to use 12 halite to move east, but only 7 halite was available
At command 8 of 8:
    6   m 9 e
    7   m 7 w
>>> 8   m 21 e


Turn 94
================================================================
warning: entity 21 was directed to use 11 halite to move east, but only 3 halite was available
At command 7 of 7:
    5   m 9 o
    6   m 11 n
>>> 7   m 21 e


Turn 97
================================================================
warning: entity 11 was directed to use 3 halite to move east, but only 0 halite was available
At command 5 of 7:
    3   m 15 o
    4   m 9 o
>>> 5   m 11 e
    6   m 21 e
    7   g


Turn 98
================================================================
warning: entity 18 was directed to use 8 halite to move east, but only 3 halite was available
At command 5 of 7:
    3   m 11 e
    4   m 1 w
>>> 5   m 18 e
    6   m 21 e
    7   m 22 s


Turn 99
================================================================
warning: entity 11 was directed to use 12 halite to move south, but only 7 halite was available
At command 5 of 7:
    3   m 15 n
    4   m 9 o
>>> 5   m 11 s
    6   m 22 e
    7   m 21 n

warning: entity 22 was directed to use 3 halite to move east, but only 0 halite was available
At command 6 of 7:
    4   m 9 o
    5   m 11 s
>>> 6   m 22 e
    7   m 21 n


Turn 101
================================================================
warning: entity 22 was directed to use 9 halite to move south, but only 6 halite was available
At command 7 of 7:
    5   m 11 s
    6   m 21 e
>>> 7   m 22 s


Turn 103
================================================================
warning: entity 11 was directed to use 12 halite to move east, but only 5 halite was available
At command 5 of 7:
    3   m 15 o
    4   m 9 o
>>> 5   m 11 e
    6   m 21 e
    7   m 22 o


Turn 111
================================================================
warning: entity 11 was directed to use 13 halite to move east, but only 3 halite was available
At command 6 of 7:
    4   m 1 e
    5   m 9 s
>>> 6   m 11 e
    7   m 22 s


Turn 113
================================================================
warning: entity 22 was directed to use 13 halite to move east, but only 6 halite was available
At command 7 of 7:
    5   m 11 e
    6   m 18 w
>>> 7   m 22 e


Turn 115
================================================================
warning: entity 11 was directed to use 13 halite to move east, but only 2 halite was available
At command 4 of 7:
    2   m 1 e
    3   m 9 e
>>> 4   m 11 e
    5   m 15 o
    6   m 18 w


Turn 117
================================================================
warning: entity 22 was directed to use 14 halite to move north, but only 8 halite was available
At command 7 of 7:
    5   m 11 o
    6   m 18 n
>>> 7   m 22 n


Turn 120
================================================================
warning: entity 1 was directed to use 3 halite to move west, but only 0 halite was available
At command 6 of 7:
    4   m 9 o
    5   m 11 s
>>> 6   m 1 w
    7   m 22 o


Turn 122
================================================================
warning: entity 1 was directed to use 10 halite to move west, but only 7 halite was available
At command 5 of 8:
    3   m 21 o
    4   m 11 o
>>> 5   m 1 w
    6   m 18 w
    7   m 22 o

warning: entity 18 was directed to use 4 halite to move west, but only 0 halite was available
At command 6 of 8:
    4   m 11 o
    5   m 1 w
>>> 6   m 18 w
    7   m 22 o
    8   g


Turn 124
================================================================
warning: entity 18 was directed to use 12 halite to move west, but only 9 halite was available
At command 3 of 9:
    1   m 21 w
    2   m 11 s
>>> 3   m 18 w
    4   m 15 s
    5   m 1 n

warning: entity 24 was directed to use 2 halite to move east, but only 0 halite was available
At command 7 of 9:
    5   m 1 n
    6   m 9 e
>>> 7   m 24 e
    8   m 22 n
    9   g


Turn 126
================================================================
warning: entity 1 was directed to use 12 halite to move west, but only 0 halite was available
At command 4 of 9:
    2   m 21 w
    3   m 18 w
>>> 4   m 1 w
    5   m 15 s
    6   m 11 o

warning: entity 24 was directed to use 9 halite to move south, but only 5 halite was available
At command 7 of 9:
    5   m 15 s
    6   m 11 o
>>> 7   m 24 s
    8   m 22 e
    9   m 25 n

warning: entity 25 was directed to use 3 halite to move north, but only 0 halite was available
At command 9 of 9:
    7   m 24 s
    8   m 22 e
>>> 9   m 25 n


Turn 128
================================================================
warning: entity 18 was directed to use 11 halite to move west, but only 9 halite was available
At command 4 of 9:
    2   m 11 o
    3   m 1 w
>>> 4   m 18 w
    5   m 21 w
    6   m 15 o

warning: entity 25 was directed to use 12 halite to move west, but only 7 halite was available
At command 7 of 9:
    5   m 21 w
    6   m 15 o
>>> 7   m 25 w
    8   m 22 e
    9   m 24 e


Turn 129
================================================================
warning: entity 1 was directed to use 13 halite to move west, but only 10 halite was available
At command 5 of 9:
    3   m 15 o
    4   m 9 w
>>> 5   m 1 w
    6   m 21 w
    7   m 22 o

warning: entity 24 was directed to use 13 halite to move east, but only 10 halite was available
At command 9 of 9:
    7   m 22 o
    8   m 25 w
>>> 9   m 24 e


Turn 132
================================================================
warning: entity 18 was directed to use 13 halite to move north, but only 7 halite was available
At command 4 of 9:
    2   m 1 w
    3   m 15 s
>>> 4   m 18 n
    5   m 22 o
    6   m 11 s

warning: entity 25 was directed to use 11 halite to move west, but only 10 halite was available
At command 9 of 9:
    7   m 21 w
    8   m 24 s
>>> 9   m 25 w


Turn 134
================================================================
warning: entity 15 was directed to use 2 halite to move west, but only 0 halite was available
At command 3 of 10:
    1   m 22 o
    2   m 11 w
>>> 3   m 15 w
    4   m 9 w
    5   m 18 w


Turn 136
================================================================
warning: entity 15 was directed to use 8 halite to move west, but only 6 halite was available
At command 6 of 10:
    4   m 1 s
    5   m 9 o
>>> 6   m 15 w
    7   m 22 o
    8   m 27 w

warning: entity 27 was directed to use 1 halite to move west, but only 0 halite was available
At command 8 of 10:
    6   m 15 w
    7   m 22 o
>>> 8   m 27 w
    9   m 25 w
    10   m 24 o

warning: entity 25 was directed to use 13 halite to move west, but only 7 halite was available
At command 9 of 10:
    7   m 22 o
    8   m 27 w
>>> 9   m 25 w
    10   m 24 o


Turn 138
================================================================
warning: entity 21 was directed to use 1 halite to move south, but only 0 halite was available
At command 3 of 9:
    1   m 22 o
    2   m 18 n
>>> 3   m 21 s
    4   m 15 w
    5   m 9 o

warning: entity 27 was directed to use 10 halite to move west, but only 3 halite was available
At command 8 of 9:
    6   m 11 n
    7   m 25 n
>>> 8   m 27 w
    9   m 24 s


Turn 139
================================================================
warning: entity 15 was directed to use 9 halite to move west, but only 8 halite was available
At command 7 of 9:
    5   m 11 o
    6   m 18 o
>>> 7   m 15 w
    8   m 27 w
    9   m 24 e


Turn 140
================================================================
warning: entity 21 was directed to use 6 halite to move west, but only 4 halite was available
At command 7 of 9:
    5   m 18 o
    6   m 15 w
>>> 7   m 21 w
    8   m 24 e
    9   m 27 o


Turn 142
================================================================
warning: entity 24 was directed to use 13 halite to move east, but only 6 halite was available
At command 9 of 9:
    7   m 9 w
    8   m 27 s
>>> 9   m 24 e


Turn 143
================================================================
warning: entity 21 was directed to use 13 halite to move west, but only 2 halite was available
At command 4 of 9:
    2   m 18 n
    3   m 25 s
>>> 4   m 21 w
    5   m 11 o
    6   m 15 w

warning: entity 15 was directed to use 8 halite to move west, but only 3 halite was available
At command 6 of 9:
    4   m 21 w
    5   m 11 o
>>> 6   m 15 w
    7   m 9 w
    8   m 24 e


Turn 146
================================================================
warning: entity 15 was directed to use 13 halite to move south, but only 9 halite was available
At command 8 of 9:
    6   m 21 n
    7   m 11 n
>>> 8   m 15 s
    9   m 27 w


Turn 147
================================================================
warning: entity 21 was directed to use 12 halite to move west, but only 5 halite was available
At command 8 of 9:
    6   m 9 n
    7   m 18 w
>>> 8   m 21 w
    9   m 27 w


Turn 155
================================================================
warning: entity 21 was directed to use 14 halite to move south, but only 3 halite was available
At command 8 of 8:
    6   m 22 w
    7   m 9 n
>>> 8   m 21 s


Turn 160
================================================================
warning: entity 9 was directed to use 2 halite to move east, but only 0 halite was available
At command 8 of 8:
    6   m 24 n
    7   m 11 o
>>> 8   m 9 e


Turn 162
================================================================
warning: entity 9 was directed to use 10 halite to move east, but only 6 halite was available
At command 6 of 9:
    4   m 22 e
    5   m 21 o
>>> 6   m 9 e
    7   m 27 e
    8   m 15 s


Turn 163
================================================================
warning: entity 22 was directed to use 6 halite to move east, but only 0 halite was available
At command 7 of 9:
    5   m 18 s
    6   m 27 s
>>> 7   m 22 e
    8   m 15 e
    9   m 29 n


Turn 164
================================================================
warning: entity 29 was directed to use 1 halite to move north, but only 0 halite was available
At command 9 of 10:
    7   m 27 n
    8   m 15 n
>>> 9   m 29 n
    10   g


Turn 166
================================================================
warning: entity 9 was directed to use 12 halite to move east, but only 6 halite was available
At command 8 of 10:
    6   m 27 n
    7   m 15 o
>>> 8   m 9 e
    9   m 29 w
    10   m 30 s

warning: entity 29 was directed to use 9 halite to move west, but only 4 halite was available
At command 9 of 10:
    7   m 15 o
    8   m 9 e
>>> 9   m 29 w
    10   m 30 s

warning: entity 30 was directed to use 1 halite to move south, but only 0 halite was available
At command 10 of 10:
    8   m 9 e
    9   m 29 w
>>> 10   m 30 s


Turn 168
================================================================
warning: entity 30 was directed to use 9 halite to move west, but only 3 halite was available
At command 9 of 10:
    7   m 24 o
    8   m 27 o
>>> 9   m 30 w
    10   m 29 n


Turn 170
================================================================
warning: entity 29 was directed to use 10 halite to move west, but only 1 halite was available
At command 9 of 10:
    7   m 18 n
    8   m 15 o
>>> 9   m 29 w
    10   m 30 s


Turn 171
================================================================
warning: entity 22 was directed to use 15 halite to move east, but only 2 halite was available
At command 8 of 10:
    6   m 9 s
    7   m 27 o
>>> 8   m 22 e
    9   m 29 w
    10   m 30 o

warning: owned entities 9, 22 collided on cell (36, 20) as the result of moves on this turn
At command 6 of 10:
    4   m 18 o
    5   m 24 e
>>> 6   m 9 s
    7   m 27 o
    8   m 22 e


Turn 173
================================================================
warning: entity 29 was directed to use 11 halite to move west, but only 8 halite was available
At command 6 of 7:
    4   m 15 s
    5   m 21 w
>>> 6   m 29 w
    7   m 30 s


Turn 175
================================================================
warning: entity 30 was directed to use 11 halite to move south, but only 10 halite was available
At command 6 of 7:
    4   m 15 o
    5   m 21 w
>>> 6   m 30 s
    7   m 29 o

