
Turn 3
================================================================
warning: entity 1 was directed to use 8 halite to move west, but only 0 halite was available
At command 1 of 2:
>>> 1   m 1 w
    2   g


Turn 5
================================================================
warning: entity 1 was directed to use 16 halite to move north, but only 15 halite was available
At command 1 of 3:
>>> 1   m 1 n
    2   m 3 w
    3   g

warning: entity 3 was directed to use 6 halite to move west, but only 0 halite was available
At command 2 of 3:
    1   m 1 n
>>> 2   m 3 w
    3   g


Turn 7
================================================================
warning: entity 5 was directed to use 4 halite to move north, but only 0 halite was available
At command 1 of 4:
>>> 1   m 5 n
    2   m 1 o
    3   m 3 w


Turn 8
================================================================
warning: entity 3 was directed to use 12 halite to move west, but only 0 halite was available
At command 3 of 4:
    1   m 5 w
    2   m 1 n
>>> 3   m 3 w
    4   m 7 w


Turn 9
================================================================
warning: entity 5 was directed to use 12 halite to move west, but only 9 halite was available
At command 2 of 5:
    1   m 3 w
>>> 2   m 5 w
    3   m 1 o
    4   m 7 n

warning: entity 7 was directed to use 3 halite to move north, but only 0 halite was available
At command 4 of 5:
    2   m 5 w
    3   m 1 o
>>> 4   m 7 n
    5   g


Turn 11
================================================================
warning: entity 9 was directed to use 2 halite to move west, but only 0 halite was available
At command 1 of 5:
>>> 1   m 9 w
    2   m 1 s
    3   m 3 s

warning: entity 7 was directed to use 9 halite to move west, but only 7 halite was available
At command 5 of 5:
    3   m 3 s
    4   m 5 w
>>> 5   m 7 w


Turn 13
================================================================
warning: entity 9 was directed to use 9 halite to move west, but only 6 halite was available
At command 2 of 5:
    1   m 3 o
>>> 2   m 9 w
    3   m 1 s
    4   m 7 w


Turn 14
================================================================
warning: entity 7 was directed to use 13 halite to move west, but only 9 halite was available
At command 4 of 5:
    2   m 1 w
    3   m 9 w
>>> 4   m 7 w
    5   m 5 w

warning: owned entities 1, 7 collided on cell (20, 15) as the result of moves on this turn
At command 2 of 5:
    1   m 3 s
>>> 2   m 1 w
    3   m 9 w
    4   m 7 w


Turn 16
================================================================
warning: entity 5 was directed to use 8 halite to move south, but only 5 halite was available
At command 3 of 3:
    1   m 3 w
    2   m 9 o
>>> 3   m 5 s


Turn 23
================================================================
warning: entity 5 was directed to use 5 halite to move south, but only 0 halite was available
At command 2 of 3:
    1   m 9 w
>>> 2   m 5 s
    3   m 3 n

warning: owned entities 3, 5 collided on cell (17, 20) as the result of moves on this turn
At command 3 of 3:
    1   m 9 w
    2   m 5 s
>>> 3   m 3 n


Turn 50
================================================================
error: timed out after 2000 ms (when reading string)
Last input received was:


