
Turn 3
================================================================
warning: entity 1 was directed to use 1 halite to move east, but only 0 halite was available
At command 1 of 2:
>>> 1   m 1 e
    2   g


Turn 5
================================================================
warning: entity 1 was directed to use 6 halite to move east, but only 3 halite was available
At command 1 of 3:
>>> 1   m 1 e
    2   m 3 e
    3   g

warning: entity 3 was directed to use 1 halite to move east, but only 0 halite was available
At command 2 of 3:
    1   m 1 e
>>> 2   m 3 e
    3   g


Turn 7
================================================================
warning: entity 5 was directed to use 1 halite to move east, but only 0 halite was available
At command 1 of 4:
>>> 1   m 5 e
    2   m 1 e
    3   m 3 e

warning: entity 1 was directed to use 17 halite to move east, but only 15 halite was available
At command 2 of 4:
    1   m 5 e
>>> 2   m 1 e
    3   m 3 e
    4   g


Turn 9
================================================================
warning: entity 5 was directed to use 4 halite to move east, but only 3 halite was available
At command 1 of 5:
>>> 1   m 5 e
    2   m 1 s
    3   m 3 s

warning: entity 3 was directed to use 14 halite to move south, but only 1 halite was available
At command 3 of 5:
    1   m 5 e
    2   m 1 s
>>> 3   m 3 s
    4   m 7 s
    5   g

warning: entity 7 was directed to use 1 halite to move south, but only 0 halite was available
At command 4 of 5:
    2   m 1 s
    3   m 3 s
>>> 4   m 7 s
    5   g


Turn 10
================================================================
warning: owned entities 3, 1 collided on cell (27, 17) as the result of moves on this turn
At command 2 of 5:
    1   m 5 e
>>> 2   m 3 e
    3   m 7 s
    4   m 9 e


Turn 12
================================================================
warning: entity 9 was directed to use 3 halite to move east, but only 0 halite was available
At command 1 of 3:
>>> 1   m 9 e
    2   m 5 s
    3   m 7 e

warning: entity 5 was directed to use 15 halite to move south, but only 0 halite was available
At command 2 of 3:
    1   m 9 e
>>> 2   m 5 s
    3   m 7 e

warning: entity 7 was directed to use 9 halite to move east, but only 1 halite was available
At command 3 of 3:
    1   m 9 e
    2   m 5 s
>>> 3   m 7 e


Turn 14
================================================================
warning: entity 9 was directed to use 12 halite to move east, but only 7 halite was available
At command 2 of 3:
    1   m 7 e
>>> 2   m 9 e
    3   m 5 o


Turn 16
================================================================
warning: owned entities 5, 7 collided on cell (27, 18) as the result of moves on this turn
At command 3 of 3:
    1   m 9 s
    2   m 7 o
>>> 3   m 5 s


Turn 68
================================================================
warning: entity 9 was directed to use 2 halite to move east, but only 0 halite was available
At command 1 of 1:
>>> 1   m 9 e


Turn 70
================================================================
warning: entity 9 was directed to use 9 halite to move east, but only 6 halite was available
At command 1 of 1:
>>> 1   m 9 e

