
Turn 3
================================================================
warning: entity 0 was directed to use 2 halite to move west, but only 0 halite was available
At command 1 of 2:
>>> 1   m 0 w
    2   g


Turn 5
================================================================
warning: entity 2 was directed to use 1 halite to move west, but only 0 halite was available
At command 2 of 3:
    1   m 0 e
>>> 2   m 2 w
    3   g

warning: owned entities 0, 2 collided on cell (7, 16) as the result of moves on this turn
At command 1 of 3:
>>> 1   m 0 e
    2   m 2 w
    3   g


Turn 7
================================================================
warning: entity 4 was directed to use 1 halite to move west, but only 0 halite was available
At command 1 of 2:
>>> 1   m 4 w
    2   g


Turn 9
================================================================
warning: entity 6 was directed to use 1 halite to move west, but only 0 halite was available
At command 2 of 3:
    1   m 4 e
>>> 2   m 6 w
    3   g

warning: owned entities 4, 6 collided on cell (7, 16) as the result of moves on this turn
At command 1 of 3:
>>> 1   m 4 e
    2   m 6 w
    3   g


Turn 11
================================================================
warning: entity 8 was directed to use 1 halite to move west, but only 0 halite was available
At command 1 of 1:
>>> 1   m 8 w


Turn 15
================================================================
warning: entity 8 was directed to use 4 halite to move east, but only 0 halite was available
At command 1 of 1:
>>> 1   m 8 e


Turn 24
================================================================
warning: entity 8 was directed to use 3 halite to move east, but only 0 halite was available
At command 1 of 1:
>>> 1   m 8 e


Turn 33
================================================================
warning: entity 8 was directed to use 2 halite to move east, but only 1 halite was available
At command 1 of 1:
>>> 1   m 8 e


Turn 50
================================================================
error: timed out after 2000 ms (when reading string)
Last input received was:


