
Turn 3
================================================================
warning: entity 1 was directed to use 6 halite to move west, but only 0 halite was available
At command 1 of 2:
>>> 1   m 1 w
    2   g


Turn 5
================================================================
warning: entity 3 was directed to use 14 halite to move south, but only 0 halite was available
At command 1 of 3:
>>> 1   m 3 s
    2   m 1 n
    3   g

warning: entity 1 was directed to use 14 halite to move north, but only 13 halite was available
At command 2 of 3:
    1   m 3 s
>>> 2   m 1 n
    3   g


Turn 7
================================================================
warning: entity 1 was directed to use 41 halite to move north, but only 40 halite was available
At command 1 of 4:
>>> 1   m 1 n
    2   m 3 s
    3   m 5 s

warning: entity 5 was directed to use 9 halite to move south, but only 0 halite was available
At command 3 of 4:
    1   m 1 n
    2   m 3 s
>>> 3   m 5 s
    4   g


Turn 8
================================================================
warning: entity 3 was directed to use 31 halite to move west, but only 18 halite was available
At command 2 of 4:
    1   m 1 n
>>> 2   m 3 w
    3   m 5 e
    4   m 7 n


Turn 9
================================================================
warning: entity 7 was directed to use 5 halite to move west, but only 0 halite was available
At command 4 of 5:
    2   m 1 n
    3   m 5 s
>>> 4   m 7 w
    5   g


Turn 10
================================================================
warning: entity 5 was directed to use 23 halite to move west, but only 9 halite was available
At command 2 of 5:
    1   m 3 w
>>> 2   m 5 w
    3   m 1 s
    4   m 7 w


Turn 11
================================================================
warning: entity 1 was directed to use 45 halite to move north, but only 35 halite was available
At command 3 of 5:
    1   m 5 w
    2   m 3 s
>>> 3   m 1 n
    4   m 9 s
    5   m 7 n

warning: entity 9 was directed to use 11 halite to move south, but only 0 halite was available
At command 4 of 5:
    2   m 3 s
    3   m 1 n
>>> 4   m 9 s
    5   m 7 n

warning: entity 7 was directed to use 11 halite to move north, but only 10 halite was available
At command 5 of 5:
    3   m 1 n
    4   m 9 s
>>> 5   m 7 n


Turn 13
================================================================
warning: entity 7 was directed to use 31 halite to move north, but only 30 halite was available
At command 1 of 5:
>>> 1   m 7 n
    2   m 5 w
    3   m 3 e

warning: entity 3 was directed to use 29 halite to move east, but only 18 halite was available
At command 3 of 5:
    1   m 7 n
    2   m 5 w
>>> 3   m 3 e
    4   m 1 n
    5   m 9 w


Turn 14
================================================================
warning: entity 5 was directed to use 19 halite to move east, but only 6 halite was available
At command 3 of 5:
    1   m 7 n
    2   m 3 e
>>> 3   m 5 e
    4   m 1 s
    5   m 9 w


Turn 15
================================================================
warning: entity 9 was directed to use 18 halite to move west, but only 6 halite was available
At command 3 of 5:
    1   m 5 e
    2   m 1 n
>>> 3   m 9 w
    4   m 3 w
    5   m 7 n


Turn 16
================================================================
warning: entity 1 was directed to use 39 halite to move west, but only 8 halite was available
At command 1 of 5:
>>> 1   m 1 w
    2   m 9 w
    3   m 5 w

warning: owned entities 7, 1 collided on cell (27, 15) as the result of moves on this turn
At command 4 of 5:
    2   m 9 w
    3   m 5 w
>>> 4   m 7 n
    5   m 3 e


Turn 17
================================================================
warning: entity 5 was directed to use 14 halite to move east, but only 8 halite was available
At command 1 of 3:
>>> 1   m 5 e
    2   m 9 s
    3   m 3 w

warning: owned entities 9, 5 collided on cell (26, 22) as the result of moves on this turn
At command 2 of 3:
    1   m 5 e
>>> 2   m 9 s
    3   m 3 w


Turn 19
================================================================
warning: entity 3 was directed to use 11 halite to move north, but only 7 halite was available
At command 1 of 1:
>>> 1   m 3 n


Turn 21
================================================================
warning: entity 3 was directed to use 34 halite to move north, but only 28 halite was available
At command 1 of 1:
>>> 1   m 3 n


Turn 28
================================================================
warning: entity 3 was directed to use 25 halite to move north, but only 1 halite was available
At command 1 of 1:
>>> 1   m 3 n


Turn 33
================================================================
warning: entity 3 was directed to use 26 halite to move south, but only 4 halite was available
At command 1 of 1:
>>> 1   m 3 s


Turn 38
================================================================
warning: entity 3 was directed to use 21 halite to move north, but only 0 halite was available
At command 1 of 1:
>>> 1   m 3 n


Turn 42
================================================================
warning: entity 3 was directed to use 10 halite to move west, but only 2 halite was available
At command 1 of 1:
>>> 1   m 3 w


Turn 44
================================================================
warning: entity 3 was directed to use 24 halite to move north, but only 22 halite was available
At command 1 of 1:
>>> 1   m 3 n


Turn 49
================================================================
warning: entity 3 was directed to use 28 halite to move east, but only 11 halite was available
At command 1 of 1:
>>> 1   m 3 e

