
Turn 104
================================================================
warning: entity 17 was directed to use 9 halite to move north, but only 2 halite was available
At command 8 of 8:
    6   m 14 e
    7   m 4 n
>>> 8   m 17 n

warning: owned entities 2, 17 collided on cell (11, 26) as the result of moves on this turn
At command 3 of 8:
    1   m 13 e
    2   m 6 n
>>> 3   m 2 n
    4   m 12 n
    5   m 0 w


Turn 164
================================================================
warning: entity 14 was directed to use 11 halite to move north, but only 4 halite was available
At command 6 of 6:
    4   m 13 s
    5   m 19 n
>>> 6   m 14 n

warning: owned entities 0, 14 collided on cell (4, 15) as the result of moves on this turn
At command 3 of 6:
    1   m 6 n
    2   m 12 e
>>> 3   m 0 n
    4   m 13 s
    5   m 19 n

