
Turn 3
================================================================
warning: entity 1 was directed to use 9 halite to move north, but only 0 halite was available
At command 1 of 2:
>>> 1   m 1 n
    2   g


Turn 5
================================================================
warning: entity 3 was directed to use 7 halite to move north, but only 0 halite was available
At command 2 of 3:
    1   m 1 n
>>> 2   m 3 n
    3   g


Turn 7
================================================================
warning: entity 1 was directed to use 9 halite to move north, but only 3 halite was available
At command 2 of 4:
    1   m 3 n
>>> 2   m 1 n
    3   m 5 n
    4   g

warning: entity 5 was directed to use 5 halite to move north, but only 0 halite was available
At command 3 of 4:
    1   m 3 n
    2   m 1 n
>>> 3   m 5 n
    4   g


Turn 8
================================================================
warning: entity 3 was directed to use 6 halite to move north, but only 5 halite was available
At command 3 of 4:
    1   m 1 n
    2   m 5 n
>>> 3   m 3 n
    4   m 7 n


Turn 9
================================================================
warning: entity 7 was directed to use 4 halite to move north, but only 0 halite was available
At command 4 of 5:
    2   m 5 n
    3   m 1 n
>>> 4   m 7 n
    5   g


Turn 10
================================================================
warning: entity 5 was directed to use 5 halite to move north, but only 1 halite was available
At command 3 of 5:
    1   m 7 n
    2   m 3 n
>>> 3   m 5 n
    4   m 9 n
    5   m 1 n


Turn 11
================================================================
warning: entity 7 was directed to use 9 halite to move north, but only 8 halite was available
At command 3 of 5:
    1   m 5 n
    2   m 3 n
>>> 3   m 7 n
    4   m 1 e
    5   m 9 n

warning: entity 1 was directed to use 4 halite to move east, but only 2 halite was available
At command 4 of 5:
    2   m 3 n
    3   m 7 n
>>> 4   m 1 e
    5   m 9 n

warning: entity 9 was directed to use 3 halite to move north, but only 0 halite was available
At command 5 of 5:
    3   m 7 n
    4   m 1 e
>>> 5   m 9 n


Turn 12
================================================================
warning: entity 3 was directed to use 14 halite to move north, but only 6 halite was available
At command 5 of 5:
    3   m 9 n
    4   m 5 n
>>> 5   m 3 n


Turn 13
================================================================
warning: entity 1 was directed to use 14 halite to move west, but only 11 halite was available
At command 4 of 5:
    2   m 7 n
    3   m 9 n
>>> 4   m 1 w
    5   m 5 n

warning: entity 5 was directed to use 5 halite to move north, but only 4 halite was available
At command 5 of 5:
    3   m 9 n
    4   m 1 w
>>> 5   m 5 n


Turn 14
================================================================
warning: entity 9 was directed to use 3 halite to move north, but only 0 halite was available
At command 1 of 5:
>>> 1   m 9 n
    2   m 1 w
    3   m 5 n


Turn 15
================================================================
warning: owned entities 5, 3 collided on cell (28, 13) as the result of moves on this turn
At command 3 of 5:
    1   m 1 e
    2   m 9 n
>>> 3   m 5 n
    4   m 3 w
    5   m 7 n

Other commands that placed an entity on this cell:
    2   m 9 n
    3   m 5 n
>>> 4   m 3 w
    5   m 7 n


Turn 16
================================================================
warning: owned entities 1, 7 collided on cell (28, 13) as the result of moves on this turn
At command 2 of 3:
    1   m 9 n
>>> 2   m 1 w
    3   m 7 n

Other commands that placed an entity on this cell:
    1   m 9 n
    2   m 1 w
>>> 3   m 7 n


Turn 17
================================================================
warning: entity 9 was directed to use 4 halite to move north, but only 1 halite was available
At command 1 of 1:
>>> 1   m 9 n


Turn 19
================================================================
warning: entity 9 was directed to use 10 halite to move north, but only 8 halite was available
At command 1 of 1:
>>> 1   m 9 n


Turn 24
================================================================
warning: entity 9 was directed to use 7 halite to move east, but only 5 halite was available
At command 1 of 1:
>>> 1   m 9 e


Turn 28
================================================================
warning: entity 9 was directed to use 8 halite to move west, but only 7 halite was available
At command 1 of 1:
>>> 1   m 9 w


Turn 29
================================================================
error: timed out after 2000 ms (when reading string)
Last input received was:


