
Turn 3
================================================================
warning: entity 1 was directed to use 7 halite to move east, but only 0 halite was available
At command 1 of 2:
>>> 1   m 1 e
    2   g


Turn 5
================================================================
warning: entity 3 was directed to use 5 halite to move south, but only 0 halite was available
At command 2 of 3:
    1   m 1 s
>>> 2   m 3 s
    3   g


Turn 7
================================================================
warning: entity 3 was directed to use 12 halite to move east, but only 11 halite was available
At command 2 of 4:
    1   m 1 o
>>> 2   m 3 e
    3   m 5 s
    4   g

warning: entity 5 was directed to use 4 halite to move south, but only 0 halite was available
At command 3 of 4:
    1   m 1 o
    2   m 3 e
>>> 3   m 5 s
    4   g


Turn 9
================================================================
warning: entity 7 was directed to use 3 halite to move west, but only 0 halite was available
At command 2 of 5:
    1   m 1 w
>>> 2   m 7 w
    3   m 5 e
    4   m 3 o

warning: entity 5 was directed to use 31 halite to move east, but only 8 halite was available
At command 3 of 5:
    1   m 1 w
    2   m 7 w
>>> 3   m 5 e
    4   m 3 o
    5   g

warning: owned entities 1, 5 collided on cell (28, 22) as the result of moves on this turn
At command 1 of 5:
>>> 1   m 1 w
    2   m 7 w
    3   m 5 e


Turn 11
================================================================
warning: entity 9 was directed to use 2 halite to move west, but only 0 halite was available
At command 3 of 3:
    1   m 7 o
    2   m 3 s
>>> 3   m 9 w


Turn 13
================================================================
warning: entity 9 was directed to use 18 halite to move south, but only 5 halite was available
At command 2 of 3:
    1   m 7 o
>>> 2   m 9 s
    3   m 3 o


Turn 33
================================================================
warning: entity 7 was directed to use 3 halite to move east, but only 0 halite was available
At command 2 of 3:
    1   m 9 o
>>> 2   m 7 e
    3   m 3 n


Turn 35
================================================================
warning: entity 7 was directed to use 14 halite to move south, but only 7 halite was available
At command 2 of 4:
    1   m 9 o
>>> 2   m 7 s
    3   m 3 s
    4   g

warning: entity 3 was directed to use 1 halite to move south, but only 0 halite was available
At command 3 of 4:
    1   m 9 o
    2   m 7 s
>>> 3   m 3 s
    4   g


Turn 37
================================================================
warning: entity 3 was directed to use 17 halite to move south, but only 4 halite was available
At command 3 of 4:
    1   m 9 w
    2   m 7 e
>>> 3   m 3 s
    4   m 10 s

warning: entity 10 was directed to use 2 halite to move south, but only 0 halite was available
At command 4 of 4:
    2   m 7 e
    3   m 3 s
>>> 4   m 10 s


Turn 39
================================================================
warning: entity 10 was directed to use 13 halite to move south, but only 4 halite was available
At command 4 of 4:
    2   m 9 w
    3   m 7 o
>>> 4   m 10 s


Turn 41
================================================================
warning: entity 3 was directed to use 17 halite to move south, but only 2 halite was available
At command 4 of 4:
    2   m 9 n
    3   m 10 w
>>> 4   m 3 s


Turn 42
================================================================
warning: entity 10 was directed to use 13 halite to move west, but only 11 halite was available
At command 4 of 4:
    2   m 7 s
    3   m 3 s
>>> 4   m 10 w


Turn 46
================================================================
warning: entity 9 was directed to use 2 halite to move east, but only 0 halite was available
At command 4 of 5:
    2   m 10 s
    3   m 3 o
>>> 4   m 9 e
    5   g


Turn 48
================================================================
warning: entity 9 was directed to use 11 halite to move south, but only 6 halite was available
At command 4 of 5:
    2   m 10 w
    3   m 3 o
>>> 4   m 9 s
    5   m 12 s

warning: entity 12 was directed to use 1 halite to move south, but only 0 halite was available
At command 5 of 5:
    3   m 3 o
    4   m 9 s
>>> 5   m 12 s


Turn 50
================================================================
warning: entity 12 was directed to use 12 halite to move south, but only 3 halite was available
At command 4 of 5:
    2   m 3 e
    3   m 9 s
>>> 4   m 12 s
    5   m 10 o


Turn 53
================================================================
warning: entity 12 was directed to use 16 halite to move south, but only 9 halite was available
At command 5 of 5:
    3   m 10 o
    4   m 9 e
>>> 5   m 12 s


Turn 55
================================================================
warning: entity 9 was directed to use 17 halite to move south, but only 15 halite was available
At command 5 of 5:
    3   m 7 n
    4   m 12 s
>>> 5   m 9 s


Turn 57
================================================================
warning: entity 12 was directed to use 18 halite to move east, but only 12 halite was available
At command 5 of 5:
    3   m 7 w
    4   m 9 w
>>> 5   m 12 e


Turn 62
================================================================
warning: entity 7 was directed to use 1 halite to move south, but only 0 halite was available
At command 2 of 6:
    1   m 12 o
>>> 2   m 7 s
    3   m 9 o
    4   m 3 n


Turn 63
================================================================
warning: owned entities 3, 14 collided on cell (28, 21) as the result of moves on this turn
At command 5 of 6:
    3   m 9 o
    4   m 10 s
>>> 5   m 3 n
    6   m 14 s

Other commands that placed an entity on this cell:
    4   m 10 s
    5   m 3 n
>>> 6   m 14 s


Turn 64
================================================================
warning: entity 7 was directed to use 9 halite to move west, but only 4 halite was available
At command 3 of 4:
    1   m 12 e
    2   m 9 e
>>> 3   m 7 w
    4   m 10 o


Turn 87
================================================================
warning: entity 10 was directed to use 15 halite to move south, but only 0 halite was available
At command 3 of 5:
    1   m 9 e
    2   m 12 n
>>> 3   m 10 s
    4   m 7 e
    5   g


Turn 88
================================================================
warning: owned entities 10, 12 collided on cell (28, 22) as the result of moves on this turn
At command 1 of 5:
>>> 1   m 10 s
    2   m 9 w
    3   m 12 n

Other commands that placed an entity on this cell:
    1   m 10 s
    2   m 9 w
>>> 3   m 12 n
    4   m 7 o
    5   m 16 e


Turn 89
================================================================
warning: entity 16 was directed to use 1 halite to move south, but only 0 halite was available
At command 3 of 3:
    1   m 7 w
    2   m 9 w
>>> 3   m 16 s


Turn 91
================================================================
warning: entity 16 was directed to use 7 halite to move south, but only 4 halite was available
At command 2 of 3:
    1   m 9 w
>>> 2   m 16 s
    3   m 7 n


Turn 100
================================================================
warning: owned entities 16, 9 collided on cell (28, 23) as the result of moves on this turn
At command 1 of 3:
>>> 1   m 16 s
    2   m 9 n
    3   m 7 o

Other commands that placed an entity on this cell:
    1   m 16 s
>>> 2   m 9 n
    3   m 7 o


Turn 113
================================================================
warning: entity 7 was directed to use 11 halite to move south, but only 0 halite was available
At command 1 of 2:
>>> 1   m 7 s
    2   g


Turn 115
================================================================
warning: entity 19 was directed to use 8 halite to move south, but only 0 halite was available
At command 1 of 2:
>>> 1   m 19 s
    2   m 7 s


Turn 117
================================================================
warning: entity 19 was directed to use 16 halite to move east, but only 15 halite was available
At command 2 of 2:
    1   m 7 o
>>> 2   m 19 e


Turn 121
================================================================
warning: entity 19 was directed to use 19 halite to move south, but only 8 halite was available
At command 2 of 2:
    1   m 7 o
>>> 2   m 19 s


Turn 125
================================================================
warning: entity 19 was directed to use 12 halite to move west, but only 7 halite was available
At command 2 of 2:
    1   m 7 s
>>> 2   m 19 w


Turn 126
================================================================
warning: entity 7 was directed to use 6 halite to move south, but only 0 halite was available
At command 1 of 3:
>>> 1   m 7 s
    2   m 19 w
    3   g


Turn 128
================================================================
warning: entity 21 was directed to use 1 halite to move west, but only 0 halite was available
At command 3 of 3:
    1   m 19 o
    2   m 7 e
>>> 3   m 21 w


Turn 129
================================================================
warning: entity 7 was directed to use 17 halite to move east, but only 0 halite was available
At command 2 of 3:
    1   m 19 s
>>> 2   m 7 e
    3   m 21 w


Turn 130
================================================================
warning: entity 21 was directed to use 5 halite to move west, but only 3 halite was available
At command 3 of 3:
    1   m 7 e
    2   m 19 s
>>> 3   m 21 w


Turn 132
================================================================
warning: entity 7 was directed to use 15 halite to move south, but only 13 halite was available
At command 3 of 3:
    1   m 19 s
    2   m 21 n
>>> 3   m 7 s


Turn 133
================================================================
warning: entity 21 was directed to use 14 halite to move north, but only 1 halite was available
At command 2 of 3:
    1   m 7 s
>>> 2   m 21 n
    3   m 19 o


Turn 136
================================================================
warning: entity 7 was directed to use 19 halite to move south, but only 8 halite was available
At command 3 of 3:
    1   m 21 e
    2   m 19 o
>>> 3   m 7 s


Turn 176
================================================================
warning: entity 7 was directed to use 4 halite to move south, but only 0 halite was available
At command 2 of 3:
    1   m 21 s
>>> 2   m 7 s
    3   m 19 n


Turn 177
================================================================
warning: owned entities 7, 19 collided on cell (28, 22) as the result of moves on this turn
At command 1 of 3:
>>> 1   m 7 s
    2   m 19 o
    3   m 21 e


Turn 179
================================================================
warning: entity 21 was directed to use 5 halite to move south, but only 0 halite was available
At command 1 of 2:
>>> 1   m 21 s
    2   m 26 s


Turn 180
================================================================
warning: entity 26 was directed to use 3 halite to move south, but only 0 halite was available
At command 2 of 2:
    1   m 21 s
>>> 2   m 26 s


Turn 181
================================================================
warning: entity 21 was directed to use 12 halite to move west, but only 10 halite was available
At command 1 of 2:
>>> 1   m 21 w
    2   m 26 w


Turn 182
================================================================
warning: entity 26 was directed to use 10 halite to move south, but only 7 halite was available
At command 2 of 2:
    1   m 21 w
>>> 2   m 26 s


Turn 185
================================================================
warning: entity 26 was directed to use 10 halite to move west, but only 9 halite was available
At command 2 of 2:
    1   m 21 o
>>> 2   m 26 w


Turn 188
================================================================
warning: entity 26 was directed to use 16 halite to move south, but only 13 halite was available
At command 2 of 2:
    1   m 21 o
>>> 2   m 26 s


Turn 201
================================================================
warning: entity 26 was directed to use 18 halite to move west, but only 8 halite was available
At command 2 of 2:
    1   m 21 w
>>> 2   m 26 w

warning: owned entities 21, 26 collided on cell (25, 29) as the result of moves on this turn
At command 1 of 2:
>>> 1   m 21 w
    2   m 26 w

