
Turn 3
================================================================
warning: entity 0 was directed to use 16 halite to move north, but only 0 halite was available
At command 1 of 2:
>>> 1   m 0 n
    2   g


Turn 5
================================================================
warning: entity 2 was directed to use 12 halite to move north, but only 0 halite was available
At command 2 of 3:
    1   m 0 o
>>> 2   m 2 n
    3   g


Turn 6
================================================================
error: failed to decode bot message: "T" (at position 1)
Last input received was:
Traceback (most recent call last):
  File "MyBot.py", line 168, in <module>
    ships.remove(me.get_ship(id))
ValueError: list.remove(x): x not in list

