
Turn 5
================================================================
warning: entity 3 was directed to use 14 halite to move north, but only 0 halite was available
At command 2 of 3:
    1   m 1 n
>>> 2   m 3 n
    3   g


Turn 7
================================================================
warning: entity 5 was directed to use 12 halite to move east, but only 0 halite was available
At command 3 of 4:
    1   m 1 o
    2   m 3 e
>>> 3   m 5 e
    4   g

warning: owned entities 3, 5 collided on cell (28, 19) as the result of moves on this turn
At command 2 of 4:
    1   m 1 o
>>> 2   m 3 e
    3   m 5 e
    4   g


Turn 9
================================================================
warning: entity 7 was directed to use 14 halite to move east, but only 0 halite was available
At command 2 of 3:
    1   m 1 e
>>> 2   m 7 e
    3   g


Turn 11
================================================================
warning: entity 9 was directed to use 10 halite to move east, but only 0 halite was available
At command 2 of 3:
    1   m 1 n
>>> 2   m 9 e
    3   m 7 o


Turn 14
================================================================
warning: entity 9 was directed to use 13 halite to move east, but only 8 halite was available
At command 2 of 3:
    1   m 1 o
>>> 2   m 9 e
    3   m 7 e


Turn 18
================================================================
warning: entity 9 was directed to use 14 halite to move east, but only 5 halite was available
At command 3 of 3:
    1   m 7 o
    2   m 1 o
>>> 3   m 9 e


Turn 31
================================================================
warning: entity 1 was directed to use 8 halite to move east, but only 0 halite was available
At command 1 of 3:
>>> 1   m 1 e
    2   m 9 o
    3   m 7 w


Turn 34
================================================================
warning: entity 1 was directed to use 14 halite to move east, but only 4 halite was available
At command 3 of 3:
    1   m 7 s
    2   m 9 o
>>> 3   m 1 e


Turn 38
================================================================
warning: entity 7 was directed to use 10 halite to move north, but only 0 halite was available
At command 2 of 4:
    1   m 9 w
>>> 2   m 7 n
    3   m 1 n
    4   g

warning: entity 1 was directed to use 12 halite to move north, but only 4 halite was available
At command 3 of 4:
    1   m 9 w
    2   m 7 n
>>> 3   m 1 n
    4   g


Turn 40
================================================================
warning: entity 11 was directed to use 6 halite to move north, but only 0 halite was available
At command 4 of 4:
    2   m 7 n
    3   m 1 w
>>> 4   m 11 n


Turn 43
================================================================
warning: entity 11 was directed to use 13 halite to move east, but only 1 halite was available
At command 4 of 4:
    2   m 1 o
    3   m 7 e
>>> 4   m 11 e

warning: owned entities 7, 11 collided on cell (29, 18) as the result of moves on this turn
At command 3 of 4:
    1   m 9 o
    2   m 1 o
>>> 3   m 7 e
    4   m 11 e


Turn 48
================================================================
warning: entity 9 was directed to use 8 halite to move north, but only 0 halite was available
At command 1 of 3:
>>> 1   m 9 n
    2   m 1 o
    3   g


Turn 50
================================================================
warning: entity 12 was directed to use 5 halite to move east, but only 0 halite was available
At command 3 of 3:
    1   m 9 n
    2   m 1 o
>>> 3   m 12 e


Turn 51
================================================================
warning: entity 9 was directed to use 12 halite to move north, but only 2 halite was available
At command 1 of 3:
>>> 1   m 9 n
    2   m 1 o
    3   m 12 e


Turn 53
================================================================
warning: entity 12 was directed to use 7 halite to move east, but only 1 halite was available
At command 3 of 3:
    1   m 1 o
    2   m 9 o
>>> 3   m 12 e


Turn 59
================================================================
warning: entity 9 was directed to use 13 halite to move north, but only 8 halite was available
At command 3 of 3:
    1   m 12 o
    2   m 1 s
>>> 3   m 9 n


Turn 66
================================================================
warning: entity 1 was directed to use 4 halite to move north, but only 0 halite was available
At command 1 of 4:
>>> 1   m 1 n
    2   m 9 o
    3   m 12 e


Turn 68
================================================================
warning: entity 1 was directed to use 11 halite to move east, but only 9 halite was available
At command 2 of 4:
    1   m 12 o
>>> 2   m 1 e
    3   m 9 o
    4   m 15 e

warning: entity 15 was directed to use 6 halite to move east, but only 0 halite was available
At command 4 of 4:
    2   m 1 e
    3   m 9 o
>>> 4   m 15 e


Turn 70
================================================================
warning: entity 15 was directed to use 13 halite to move east, but only 12 halite was available
At command 4 of 4:
    2   m 1 o
    3   m 9 n
>>> 4   m 15 e


Turn 82
================================================================
warning: entity 12 was directed to use 4 halite to move north, but only 0 halite was available
At command 3 of 5:
    1   m 1 o
    2   m 9 w
>>> 3   m 12 n
    4   m 15 o
    5   g


Turn 84
================================================================
warning: entity 12 was directed to use 10 halite to move north, but only 8 halite was available
At command 2 of 5:
    1   m 15 n
>>> 2   m 12 n
    3   m 9 s
    4   m 1 n

warning: entity 16 was directed to use 3 halite to move north, but only 0 halite was available
At command 5 of 5:
    3   m 9 s
    4   m 1 n
>>> 5   m 16 n


Turn 86
================================================================
warning: entity 16 was directed to use 8 halite to move west, but only 7 halite was available
At command 5 of 5:
    3   m 1 o
    4   m 12 n
>>> 5   m 16 w


Turn 88
================================================================
warning: entity 12 was directed to use 12 halite to move north, but only 1 halite was available
At command 3 of 5:
    1   m 9 s
    2   m 1 o
>>> 3   m 12 n
    4   m 15 e
    5   m 16 n


Turn 89
================================================================
warning: entity 16 was directed to use 14 halite to move north, but only 10 halite was available
At command 5 of 5:
    3   m 12 n
    4   m 15 o
>>> 5   m 16 n


Turn 92
================================================================
warning: entity 9 was directed to use 3 halite to move east, but only 0 halite was available
At command 2 of 6:
    1   m 15 e
>>> 2   m 9 e
    3   m 1 o
    4   m 12 n


Turn 94
================================================================
warning: entity 9 was directed to use 10 halite to move north, but only 6 halite was available
At command 1 of 6:
>>> 1   m 9 n
    2   m 1 e
    3   m 15 o

warning: entity 18 was directed to use 2 halite to move east, but only 0 halite was available
At command 4 of 6:
    2   m 1 e
    3   m 15 o
>>> 4   m 18 e
    5   m 12 e
    6   m 16 n


Turn 96
================================================================
warning: entity 18 was directed to use 8 halite to move north, but only 5 halite was available
At command 6 of 6:
    4   m 9 e
    5   m 16 o
>>> 6   m 18 n


Turn 98
================================================================
warning: entity 9 was directed to use 13 halite to move east, but only 2 halite was available
At command 2 of 6:
    1   m 15 o
>>> 2   m 9 e
    3   m 1 o
    4   m 12 o


Turn 99
================================================================
warning: entity 18 was directed to use 11 halite to move north, but only 7 halite was available
At command 6 of 6:
    4   m 12 o
    5   m 16 e
>>> 6   m 18 n


Turn 103
================================================================
warning: entity 18 was directed to use 14 halite to move east, but only 7 halite was available
At command 5 of 6:
    3   m 9 e
    4   m 1 o
>>> 5   m 18 e
    6   m 12 o


Turn 106
================================================================
warning: owned entities 1, 12 collided on cell (33, 15) as the result of moves on this turn
At command 1 of 6:
>>> 1   m 1 w
    2   m 9 e
    3   m 12 s

Other commands that placed an entity on this cell:
    1   m 1 w
    2   m 9 e
>>> 3   m 12 s
    4   m 15 w
    5   m 16 n


Turn 110
================================================================
warning: entity 16 was directed to use 14 halite to move east, but only 11 halite was available
At command 2 of 4:
    1   m 15 w
>>> 2   m 16 e
    3   m 18 o
    4   m 9 e


Turn 113
================================================================
warning: entity 15 was directed to use 4 halite to move east, but only 0 halite was available
At command 3 of 5:
    1   m 18 o
    2   m 9 o
>>> 3   m 15 e
    4   m 16 e
    5   g


Turn 114
================================================================
warning: entity 16 was directed to use 14 halite to move east, but only 11 halite was available
At command 4 of 5:
    2   m 9 e
    3   m 15 e
>>> 4   m 16 e
    5   m 19 e


Turn 115
================================================================
warning: entity 15 was directed to use 10 halite to move east, but only 9 halite was available
At command 2 of 5:
    1   m 18 w
>>> 2   m 15 e
    3   m 9 n
    4   m 16 e

warning: entity 19 was directed to use 2 halite to move east, but only 0 halite was available
At command 5 of 5:
    3   m 9 n
    4   m 16 e
>>> 5   m 19 e


Turn 117
================================================================
warning: entity 19 was directed to use 8 halite to move north, but only 5 halite was available
At command 5 of 5:
    3   m 18 w
    4   m 16 o
>>> 5   m 19 n


Turn 120
================================================================
warning: entity 19 was directed to use 13 halite to move east, but only 9 halite was available
At command 5 of 5:
    3   m 16 o
    4   m 18 s
>>> 5   m 19 e


Turn 124
================================================================
warning: entity 19 was directed to use 14 halite to move east, but only 10 halite was available
At command 5 of 5:
    3   m 15 o
    4   m 18 s
>>> 5   m 19 e


Turn 126
================================================================
warning: entity 18 was directed to use 6 halite to move west, but only 0 halite was available
At command 3 of 5:
    1   m 15 s
    2   m 16 s
>>> 3   m 18 w
    4   m 19 n
    5   m 9 o


Turn 128
================================================================
warning: entity 18 was directed to use 12 halite to move north, but only 11 halite was available
At command 3 of 5:
    1   m 15 o
    2   m 16 n
>>> 3   m 18 n
    4   m 9 s
    5   m 19 e

warning: entity 19 was directed to use 15 halite to move east, but only 9 halite was available
At command 5 of 5:
    3   m 18 n
    4   m 9 s
>>> 5   m 19 e


Turn 145
================================================================
warning: entity 19 was directed to use 11 halite to move west, but only 4 halite was available
At command 3 of 5:
    1   m 9 o
    2   m 15 e
>>> 3   m 19 w
    4   m 18 n
    5   m 16 o

warning: entity 18 was directed to use 14 halite to move north, but only 11 halite was available
At command 4 of 5:
    2   m 15 e
    3   m 19 w
>>> 4   m 18 n
    5   m 16 o


Turn 155
================================================================
warning: entity 18 was directed to use 11 halite to move south, but only 4 halite was available
At command 5 of 5:
    3   m 19 s
    4   m 9 w
>>> 5   m 18 s


Turn 163
================================================================
warning: entity 18 was directed to use 10 halite to move east, but only 9 halite was available
At command 5 of 5:
    3   m 16 w
    4   m 19 n
>>> 5   m 18 e


Turn 164
================================================================
warning: entity 9 was directed to use 4 halite to move west, but only 0 halite was available
At command 3 of 6:
    1   m 15 w
    2   m 16 w
>>> 3   m 9 w
    4   m 18 e
    5   m 19 n


Turn 166
================================================================
warning: entity 21 was directed to use 3 halite to move east, but only 0 halite was available
At command 6 of 6:
    4   m 9 s
    5   m 15 w
>>> 6   m 21 e


Turn 169
================================================================
warning: entity 21 was directed to use 8 halite to move east, but only 0 halite was available
At command 6 of 6:
    4   m 15 w
    5   m 18 e
>>> 6   m 21 e


Turn 171
================================================================
warning: entity 9 was directed to use 12 halite to move south, but only 6 halite was available
At command 3 of 6:
    1   m 16 w
    2   m 15 w
>>> 3   m 9 s
    4   m 19 o
    5   m 18 o


Turn 172
================================================================
warning: entity 16 was directed to use 3 halite to move west, but only 0 halite was available
At command 3 of 7:
    1   m 19 n
    2   m 18 s
>>> 3   m 16 w
    4   m 15 w
    5   m 9 w

warning: entity 21 was directed to use 13 halite to move east, but only 8 halite was available
At command 6 of 7:
    4   m 15 w
    5   m 9 w
>>> 6   m 21 e
    7   g


Turn 174
================================================================
warning: entity 16 was directed to use 9 halite to move north, but only 7 halite was available
At command 1 of 7:
>>> 1   m 16 n
    2   m 15 n
    3   m 19 n

warning: entity 22 was directed to use 2 halite to move east, but only 0 halite was available
At command 4 of 7:
    2   m 15 n
    3   m 19 n
>>> 4   m 22 e
    5   m 18 w
    6   m 21 e


Turn 176
================================================================
warning: entity 22 was directed to use 7 halite to move east, but only 5 halite was available
At command 6 of 7:
    4   m 15 n
    5   m 19 n
>>> 6   m 22 e
    7   m 9 o


Turn 178
================================================================
warning: entity 16 was directed to use 9 halite to move north, but only 6 halite was available
At command 2 of 7:
    1   m 19 o
>>> 2   m 16 n
    3   m 15 n
    4   m 9 n


Turn 179
================================================================
warning: entity 18 was directed to use 11 halite to move east, but only 7 halite was available
At command 4 of 7:
    2   m 15 s
    3   m 16 n
>>> 4   m 18 e
    5   m 9 n
    6   m 22 e


Turn 180
================================================================
warning: entity 15 was directed to use 1 halite to move south, but only 0 halite was available
At command 3 of 8:
    1   m 21 w
    2   m 19 e
>>> 3   m 15 s
    4   m 18 e
    5   m 22 e

warning: entity 22 was directed to use 10 halite to move east, but only 5 halite was available
At command 5 of 8:
    3   m 15 s
    4   m 18 e
>>> 5   m 22 e
    6   m 16 n
    7   m 9 o


Turn 182
================================================================
warning: entity 15 was directed to use 9 halite to move east, but only 4 halite was available
At command 1 of 8:
>>> 1   m 15 e
    2   m 18 s
    3   m 23 n

warning: entity 23 was directed to use 1 halite to move north, but only 0 halite was available
At command 3 of 8:
    1   m 15 e
    2   m 18 s
>>> 3   m 23 n
    4   m 9 n
    5   m 22 s

warning: entity 16 was directed to use 12 halite to move east, but only 4 halite was available
At command 6 of 8:
    4   m 9 n
    5   m 22 s
>>> 6   m 16 e
    7   m 21 s
    8   m 19 o


Turn 183
================================================================
warning: entity 18 was directed to use 13 halite to move east, but only 4 halite was available
At command 5 of 8:
    3   m 23 n
    4   m 16 e
>>> 5   m 18 e
    6   m 22 e
    7   m 9 o

warning: entity 22 was directed to use 11 halite to move east, but only 10 halite was available
At command 6 of 8:
    4   m 16 e
    5   m 18 e
>>> 6   m 22 e
    7   m 9 o
    8   m 21 e


Turn 184
================================================================
warning: entity 23 was directed to use 6 halite to move east, but only 4 halite was available
At command 6 of 8:
    4   m 18 e
    5   m 22 e
>>> 6   m 23 e
    7   m 16 e
    8   m 21 e

warning: entity 21 was directed to use 14 halite to move east, but only 9 halite was available
At command 8 of 8:
    6   m 23 e
    7   m 16 e
>>> 8   m 21 e


Turn 186
================================================================
warning: entity 16 was directed to use 11 halite to move east, but only 4 halite was available
At command 3 of 8:
    1   m 22 e
    2   m 19 o
>>> 3   m 16 e
    4   m 9 e
    5   m 23 e

warning: entity 15 was directed to use 13 halite to move south, but only 12 halite was available
At command 6 of 8:
    4   m 9 e
    5   m 23 e
>>> 6   m 15 s
    7   m 21 e
    8   m 18 s


Turn 187
================================================================
warning: entity 23 was directed to use 9 halite to move east, but only 5 halite was available
At command 3 of 8:
    1   m 19 o
    2   m 16 e
>>> 3   m 23 e
    4   m 15 s
    5   m 22 e


Turn 188
================================================================
warning: entity 21 was directed to use 13 halite to move east, but only 9 halite was available
At command 8 of 8:
    6   m 22 o
    7   m 9 n
>>> 8   m 21 e


Turn 189
================================================================
warning: entity 9 was directed to use 10 halite to move north, but only 4 halite was available
At command 4 of 8:
    2   m 19 o
    3   m 21 e
>>> 4   m 9 n
    5   m 18 s
    6   m 23 s


Turn 190
================================================================
warning: entity 23 was directed to use 12 halite to move east, but only 11 halite was available
At command 3 of 8:
    1   m 19 o
    2   m 9 n
>>> 3   m 23 e
    4   m 15 s
    5   m 22 s

warning: entity 16 was directed to use 12 halite to move east, but only 3 halite was available
At command 8 of 8:
    6   m 18 s
    7   m 21 e
>>> 8   m 16 e


Turn 191
================================================================
warning: entity 18 was directed to use 12 halite to move east, but only 10 halite was available
At command 7 of 8:
    5   m 9 o
    6   m 22 s
>>> 7   m 18 e
    8   m 21 o


Turn 194
================================================================
warning: entity 16 was directed to use 12 halite to move east, but only 3 halite was available
At command 7 of 8:
    5   m 18 e
    6   m 22 o
>>> 7   m 16 e
    8   m 9 n


Turn 198
================================================================
warning: entity 23 was directed to use 12 halite to move east, but only 11 halite was available
At command 5 of 8:
    3   m 22 s
    4   m 21 w
>>> 5   m 23 e
    6   m 18 o
    7   m 9 o

warning: entity 16 was directed to use 11 halite to move south, but only 4 halite was available
At command 8 of 8:
    6   m 18 o
    7   m 9 o
>>> 8   m 16 s


Turn 200
================================================================
error: timed out after 2000 ms (when reading string)
Last input received was:


