
Turn 3
================================================================
warning: entity 1 was directed to use 6 halite to move east, but only 0 halite was available
At command 1 of 2:
>>> 1   m 1 e
    2   g


Turn 5
================================================================
warning: entity 3 was directed to use 8 halite to move west, but only 0 halite was available
At command 1 of 3:
>>> 1   m 3 w
    2   m 1 e
    3   g


Turn 6
================================================================
warning: entity 1 was directed to use 9 halite to move east, but only 7 halite was available
At command 2 of 3:
    1   m 3 w
>>> 2   m 1 e
    3   m 5 w


Turn 7
================================================================
warning: entity 5 was directed to use 1 halite to move west, but only 0 halite was available
At command 3 of 4:
    1   m 1 e
    2   m 3 w
>>> 3   m 5 w
    4   g


Turn 8
================================================================
warning: entity 3 was directed to use 7 halite to move west, but only 2 halite was available
At command 3 of 4:
    1   m 1 n
    2   m 5 w
>>> 3   m 3 w
    4   m 7 n


Turn 9
================================================================
warning: entity 1 was directed to use 13 halite to move south, but only 4 halite was available
At command 1 of 5:
>>> 1   m 1 s
    2   m 3 w
    3   m 7 w

warning: entity 7 was directed to use 6 halite to move west, but only 0 halite was available
At command 3 of 5:
    1   m 1 s
    2   m 3 w
>>> 3   m 7 w
    4   m 5 w
    5   g

warning: entity 5 was directed to use 5 halite to move west, but only 4 halite was available
At command 4 of 5:
    2   m 3 w
    3   m 7 w
>>> 4   m 5 w
    5   g


Turn 11
================================================================
warning: entity 5 was directed to use 20 halite to move west, but only 14 halite was available
At command 2 of 5:
    1   m 1 n
>>> 2   m 5 w
    3   m 3 s
    4   m 9 w

warning: entity 3 was directed to use 12 halite to move south, but only 9 halite was available
At command 3 of 5:
    1   m 1 n
    2   m 5 w
>>> 3   m 3 s
    4   m 9 w
    5   m 7 n

warning: entity 9 was directed to use 1 halite to move west, but only 0 halite was available
At command 4 of 5:
    2   m 5 w
    3   m 3 s
>>> 4   m 9 w
    5   m 7 n

warning: entity 7 was directed to use 13 halite to move north, but only 12 halite was available
At command 5 of 5:
    3   m 3 s
    4   m 9 w
>>> 5   m 7 n


Turn 12
================================================================
warning: entity 1 was directed to use 10 halite to move south, but only 8 halite was available
At command 1 of 5:
>>> 1   m 1 s
    2   m 5 w
    3   m 3 n


Turn 14
================================================================
warning: entity 9 was directed to use 4 halite to move south, but only 1 halite was available
At command 5 of 5:
    3   m 5 w
    4   m 7 n
>>> 5   m 9 s


Turn 15
================================================================
warning: entity 1 was directed to use 7 halite to move south, but only 6 halite was available
At command 1 of 5:
>>> 1   m 1 s
    2   m 9 s
    3   m 3 e

warning: entity 3 was directed to use 24 halite to move east, but only 10 halite was available
At command 3 of 5:
    1   m 1 s
    2   m 9 s
>>> 3   m 3 e
    4   m 5 e
    5   m 7 n


Turn 16
================================================================
warning: entity 9 was directed to use 20 halite to move west, but only 10 halite was available
At command 1 of 5:
>>> 1   m 9 w
    2   m 1 s
    3   m 3 n

warning: entity 7 was directed to use 29 halite to move north, but only 10 halite was available
At command 4 of 5:
    2   m 1 s
    3   m 3 n
>>> 4   m 7 n
    5   m 5 w

warning: entity 5 was directed to use 15 halite to move west, but only 7 halite was available
At command 5 of 5:
    3   m 3 n
    4   m 7 n
>>> 5   m 5 w


Turn 17
================================================================
warning: entity 1 was directed to use 21 halite to move east, but only 20 halite was available
At command 1 of 5:
>>> 1   m 1 e
    2   m 9 w
    3   m 7 n


Turn 20
================================================================
warning: entity 5 was directed to use 14 halite to move east, but only 9 halite was available
At command 1 of 5:
>>> 1   m 5 e
    2   m 7 e
    3   m 1 e

warning: entity 7 was directed to use 43 halite to move east, but only 15 halite was available
At command 2 of 5:
    1   m 5 e
>>> 2   m 7 e
    3   m 1 e
    4   m 9 e

warning: entity 3 was directed to use 23 halite to move west, but only 2 halite was available
At command 5 of 5:
    3   m 1 e
    4   m 9 e
>>> 5   m 3 w


Turn 22
================================================================
warning: entity 7 was directed to use 94 halite to move east, but only 91 halite was available
At command 2 of 5:
    1   m 5 n
>>> 2   m 7 e
    3   m 3 e
    4   m 1 e


Turn 23
================================================================
warning: entity 9 was directed to use 15 halite to move west, but only 2 halite was available
At command 3 of 5:
    1   m 7 e
    2   m 5 n
>>> 3   m 9 w
    4   m 1 w
    5   m 3 w


Turn 24
================================================================
warning: entity 1 was directed to use 16 halite to move east, but only 11 halite was available
At command 1 of 5:
>>> 1   m 1 e
    2   m 9 w
    3   m 3 e

warning: entity 3 was directed to use 20 halite to move east, but only 6 halite was available
At command 3 of 5:
    1   m 1 e
    2   m 9 w
>>> 3   m 3 e
    4   m 7 w
    5   m 5 n


Turn 26
================================================================
warning: entity 5 was directed to use 15 halite to move north, but only 4 halite was available
At command 5 of 5:
    3   m 3 e
    4   m 7 w
>>> 5   m 5 n


Turn 28
================================================================
warning: entity 7 was directed to use 47 halite to move west, but only 21 halite was available
At command 5 of 5:
    3   m 1 e
    4   m 9 s
>>> 5   m 7 w


Turn 29
================================================================
warning: entity 3 was directed to use 13 halite to move north, but only 7 halite was available
At command 3 of 5:
    1   m 7 w
    2   m 5 e
>>> 3   m 3 n
    4   m 9 s
    5   m 1 w

warning: entity 1 was directed to use 24 halite to move west, but only 19 halite was available
At command 5 of 5:
    3   m 3 n
    4   m 9 s
>>> 5   m 1 w


Turn 30
================================================================
warning: entity 9 was directed to use 21 halite to move south, but only 5 halite was available
At command 2 of 5:
    1   m 3 n
>>> 2   m 9 s
    3   m 1 w
    4   m 5 e

warning: entity 5 was directed to use 22 halite to move east, but only 5 halite was available
At command 4 of 5:
    2   m 9 s
    3   m 1 w
>>> 4   m 5 e
    5   m 7 n


Turn 31
================================================================
warning: entity 7 was directed to use 44 halite to move south, but only 33 halite was available
At command 4 of 5:
    2   m 9 s
    3   m 5 e
>>> 4   m 7 s
    5   m 3 e

warning: entity 3 was directed to use 35 halite to move east, but only 31 halite was available
At command 5 of 5:
    3   m 5 e
    4   m 7 s
>>> 5   m 3 e


Turn 34
================================================================
warning: entity 9 was directed to use 16 halite to move north, but only 12 halite was available
At command 3 of 5:
    1   m 7 s
    2   m 1 w
>>> 3   m 9 n
    4   m 3 s
    5   m 5 s

warning: entity 3 was directed to use 71 halite to move south, but only 53 halite was available
At command 4 of 5:
    2   m 1 w
    3   m 9 n
>>> 4   m 3 s
    5   m 5 s

warning: entity 5 was directed to use 26 halite to move south, but only 2 halite was available
At command 5 of 5:
    3   m 9 n
    4   m 3 s
>>> 5   m 5 s


Turn 35
================================================================
warning: entity 1 was directed to use 10 halite to move east, but only 7 halite was available
At command 1 of 5:
>>> 1   m 1 e
    2   m 9 n
    3   m 3 s

warning: entity 7 was directed to use 40 halite to move north, but only 6 halite was available
At command 5 of 5:
    3   m 3 s
    4   m 5 s
>>> 5   m 7 n


Turn 38
================================================================
warning: entity 9 was directed to use 16 halite to move south, but only 12 halite was available
At command 3 of 5:
    1   m 3 n
    2   m 1 e
>>> 3   m 9 s
    4   m 7 w
    5   m 5 e

warning: entity 5 was directed to use 26 halite to move east, but only 1 halite was available
At command 5 of 5:
    3   m 9 s
    4   m 7 w
>>> 5   m 5 e


Turn 39
================================================================
warning: entity 1 was directed to use 18 halite to move west, but only 1 halite was available
At command 1 of 5:
>>> 1   m 1 w
    2   m 9 s
    3   m 5 e

warning: entity 3 was directed to use 53 halite to move east, but only 41 halite was available
At command 4 of 5:
    2   m 9 s
    3   m 5 e
>>> 4   m 3 e
    5   m 7 n

warning: entity 7 was directed to use 42 halite to move north, but only 12 halite was available
At command 5 of 5:
    3   m 5 e
    4   m 3 e
>>> 5   m 7 n


Turn 42
================================================================
warning: entity 5 was directed to use 25 halite to move east, but only 11 halite was available
At command 5 of 5:
    3   m 3 w
    4   m 7 w
>>> 5   m 5 e


Turn 43
================================================================
warning: entity 9 was directed to use 13 halite to move north, but only 4 halite was available
At command 3 of 5:
    1   m 5 e
    2   m 1 e
>>> 3   m 9 n
    4   m 3 e
    5   m 7 e

warning: entity 7 was directed to use 39 halite to move east, but only 13 halite was available
At command 5 of 5:
    3   m 9 n
    4   m 3 e
>>> 5   m 7 e


Turn 44
================================================================
warning: entity 1 was directed to use 13 halite to move west, but only 8 halite was available
At command 1 of 5:
>>> 1   m 1 w
    2   m 9 n
    3   m 7 e


Turn 45
================================================================
warning: entity 5 was directed to use 37 halite to move east, but only 13 halite was available
At command 3 of 5:
    1   m 9 s
    2   m 1 w
>>> 3   m 5 e
    4   m 7 s
    5   m 3 n

warning: entity 3 was directed to use 32 halite to move north, but only 9 halite was available
At command 5 of 5:
    3   m 5 e
    4   m 7 s
>>> 5   m 3 n


Turn 47
================================================================
warning: entity 9 was directed to use 16 halite to move south, but only 2 halite was available
At command 2 of 5:
    1   m 1 w
>>> 2   m 9 s
    3   m 5 n
    4   m 3 n

warning: entity 7 was directed to use 35 halite to move south, but only 19 halite was available
At command 5 of 5:
    3   m 5 n
    4   m 3 n
>>> 5   m 7 s


Turn 48
================================================================
warning: entity 5 was directed to use 40 halite to move south, but only 11 halite was available
At command 4 of 5:
    2   m 9 s
    3   m 7 s
>>> 4   m 5 s
    5   m 3 w


Turn 49
================================================================
warning: entity 3 was directed to use 36 halite to move east, but only 4 halite was available
At command 5 of 5:
    3   m 1 n
    4   m 7 n
>>> 5   m 3 e


Turn 50
================================================================
warning: entity 1 was directed to use 5 halite to move north, but only 2 halite was available
At command 2 of 5:
    1   m 3 e
>>> 2   m 1 n
    3   m 9 s
    4   m 5 e


Turn 51
================================================================
warning: entity 5 was directed to use 38 halite to move west, but only 14 halite was available
At command 4 of 5:
    2   m 1 n
    3   m 3 e
>>> 4   m 5 w
    5   m 7 n

warning: entity 7 was directed to use 30 halite to move north, but only 25 halite was available
At command 5 of 5:
    3   m 3 e
    4   m 5 w
>>> 5   m 7 n


Turn 52
================================================================
warning: entity 1 was directed to use 23 halite to move west, but only 12 halite was available
At command 3 of 5:
    1   m 5 w
    2   m 7 n
>>> 3   m 1 w
    4   m 9 s
    5   m 3 n

warning: entity 9 was directed to use 12 halite to move south, but only 0 halite was available
At command 4 of 5:
    2   m 7 n
    3   m 1 w
>>> 4   m 9 s
    5   m 3 n


Turn 53
================================================================
warning: entity 3 was directed to use 34 halite to move north, but only 6 halite was available
At command 5 of 5:
    3   m 5 n
    4   m 7 n
>>> 5   m 3 n


Turn 54
================================================================
warning: entity 5 was directed to use 30 halite to move south, but only 14 halite was available
At command 4 of 5:
    2   m 9 e
    3   m 1 w
>>> 4   m 5 s
    5   m 7 w


Turn 55
================================================================
warning: entity 7 was directed to use 33 halite to move east, but only 23 halite was available
At command 2 of 5:
    1   m 5 s
>>> 2   m 7 e
    3   m 9 s
    4   m 1 e


Turn 56
================================================================
warning: entity 1 was directed to use 23 halite to move west, but only 11 halite was available
At command 3 of 5:
    1   m 7 e
    2   m 9 s
>>> 3   m 1 w
    4   m 3 e
    5   m 5 e


Turn 57
================================================================
warning: entity 9 was directed to use 13 halite to move south, but only 1 halite was available
At command 1 of 5:
>>> 1   m 9 s
    2   m 1 w
    3   m 5 w

warning: entity 5 was directed to use 28 halite to move west, but only 0 halite was available
At command 3 of 5:
    1   m 9 s
    2   m 1 w
>>> 3   m 5 w
    4   m 3 w
    5   m 7 s

warning: entity 3 was directed to use 29 halite to move west, but only 8 halite was available
At command 4 of 5:
    2   m 1 w
    3   m 5 w
>>> 4   m 3 w
    5   m 7 s


Turn 59
================================================================
warning: entity 5 was directed to use 68 halite to move west, but only 51 halite was available
At command 4 of 5:
    2   m 9 w
    3   m 3 e
>>> 4   m 5 w
    5   m 7 s

warning: entity 7 was directed to use 30 halite to move south, but only 27 halite was available
At command 5 of 5:
    3   m 3 e
    4   m 5 w
>>> 5   m 7 s


Turn 60
================================================================
warning: entity 1 was directed to use 22 halite to move west, but only 14 halite was available
At command 4 of 5:
    2   m 7 s
    3   m 3 w
>>> 4   m 1 w
    5   m 9 s


Turn 61
================================================================
warning: entity 9 was directed to use 9 halite to move west, but only 3 halite was available
At command 1 of 5:
>>> 1   m 9 w
    2   m 1 w
    3   m 3 e

warning: entity 3 was directed to use 31 halite to move east, but only 8 halite was available
At command 3 of 5:
    1   m 9 w
    2   m 1 w
>>> 3   m 3 e
    4   m 5 e
    5   m 7 w


Turn 63
================================================================
warning: entity 7 was directed to use 32 halite to move east, but only 25 halite was available
At command 5 of 5:
    3   m 3 s
    4   m 5 e
>>> 5   m 7 e


Turn 64
================================================================
warning: entity 9 was directed to use 16 halite to move east, but only 7 halite was available
At command 2 of 5:
    1   m 7 e
>>> 2   m 9 e
    3   m 1 w
    4   m 3 e

warning: entity 1 was directed to use 24 halite to move west, but only 5 halite was available
At command 3 of 5:
    1   m 7 e
    2   m 9 e
>>> 3   m 1 w
    4   m 3 e
    5   m 5 w


Turn 65
================================================================
warning: entity 3 was directed to use 25 halite to move east, but only 16 halite was available
At command 4 of 5:
    2   m 1 w
    3   m 7 e
>>> 4   m 3 e
    5   m 5 e

warning: entity 5 was directed to use 28 halite to move east, but only 14 halite was available
At command 5 of 5:
    3   m 7 e
    4   m 3 e
>>> 5   m 5 e


Turn 67
================================================================
warning: entity 7 was directed to use 29 halite to move east, but only 27 halite was available
At command 3 of 5:
    1   m 5 n
    2   m 3 s
>>> 3   m 7 e
    4   m 1 e
    5   m 9 e

warning: entity 1 was directed to use 24 halite to move east, but only 21 halite was available
At command 4 of 5:
    2   m 3 s
    3   m 7 e
>>> 4   m 1 e
    5   m 9 e


Turn 68
================================================================
warning: entity 5 was directed to use 22 halite to move south, but only 12 halite was available
At command 4 of 5:
    2   m 9 s
    3   m 1 n
>>> 4   m 5 s
    5   m 3 n


Turn 69
================================================================
warning: entity 3 was directed to use 26 halite to move south, but only 10 halite was available
At command 2 of 5:
    1   m 5 s
>>> 2   m 3 s
    3   m 7 e
    4   m 1 n

warning: entity 9 was directed to use 30 halite to move east, but only 16 halite was available
At command 5 of 5:
    3   m 7 e
    4   m 1 n
>>> 5   m 9 e


Turn 71
================================================================
warning: entity 5 was directed to use 21 halite to move west, but only 2 halite was available
At command 1 of 5:
>>> 1   m 5 w
    2   m 3 w
    3   m 9 e

warning: entity 1 was directed to use 27 halite to move north, but only 11 halite was available
At command 4 of 5:
    2   m 3 w
    3   m 9 e
>>> 4   m 1 n
    5   m 7 e

warning: entity 7 was directed to use 26 halite to move east, but only 25 halite was available
At command 5 of 5:
    3   m 9 e
    4   m 1 n
>>> 5   m 7 e


Turn 73
================================================================
warning: entity 9 was directed to use 32 halite to move east, but only 3 halite was available
At command 1 of 5:
>>> 1   m 9 e
    2   m 1 s
    3   m 3 w

warning: entity 3 was directed to use 26 halite to move west, but only 9 halite was available
At command 3 of 5:
    1   m 9 e
    2   m 1 s
>>> 3   m 3 w
    4   m 5 w
    5   m 7 w

warning: entity 5 was directed to use 51 halite to move west, but only 40 halite was available
At command 4 of 5:
    2   m 1 s
    3   m 3 w
>>> 4   m 5 w
    5   m 7 w


Turn 75
================================================================
warning: entity 1 was directed to use 26 halite to move south, but only 14 halite was available
At command 2 of 5:
    1   m 9 w
>>> 2   m 1 s
    3   m 3 w
    4   m 5 s

warning: entity 7 was directed to use 29 halite to move north, but only 24 halite was available
At command 5 of 5:
    3   m 3 w
    4   m 5 s
>>> 5   m 7 n


Turn 77
================================================================
warning: entity 9 was directed to use 36 halite to move west, but only 1 halite was available
At command 1 of 5:
>>> 1   m 9 w
    2   m 1 e
    3   m 7 w

warning: entity 3 was directed to use 25 halite to move north, but only 11 halite was available
At command 4 of 5:
    2   m 1 e
    3   m 7 w
>>> 4   m 3 n
    5   m 5 s


Turn 79
================================================================
warning: entity 1 was directed to use 22 halite to move north, but only 18 halite was available
At command 3 of 5:
    1   m 7 e
    2   m 9 e
>>> 3   m 1 n
    4   m 3 w
    5   m 5 s

warning: entity 5 was directed to use 21 halite to move south, but only 3 halite was available
At command 5 of 5:
    3   m 1 n
    4   m 3 w
>>> 5   m 5 s


Turn 80
================================================================
warning: entity 7 was directed to use 22 halite to move east, but only 7 halite was available
At command 4 of 5:
    2   m 1 n
    3   m 5 s
>>> 4   m 7 e
    5   m 3 e


Turn 81
================================================================
warning: entity 5 was directed to use 43 halite to move east, but only 41 halite was available
At command 2 of 5:
    1   m 7 e
>>> 2   m 5 e
    3   m 9 e
    4   m 1 w

warning: entity 9 was directed to use 24 halite to move east, but only 14 halite was available
At command 3 of 5:
    1   m 7 e
    2   m 5 e
>>> 3   m 9 e
    4   m 1 w
    5   m 3 w

warning: entity 3 was directed to use 22 halite to move west, but only 12 halite was available
At command 5 of 5:
    3   m 9 e
    4   m 1 w
>>> 5   m 3 w


Turn 83
================================================================
warning: entity 1 was directed to use 24 halite to move west, but only 14 halite was available
At command 3 of 5:
    1   m 5 n
    2   m 9 s
>>> 3   m 1 w
    4   m 3 n
    5   m 7 n


Turn 84
================================================================
warning: entity 7 was directed to use 23 halite to move south, but only 3 halite was available
At command 5 of 5:
    3   m 5 s
    4   m 3 n
>>> 5   m 7 s


Turn 85
================================================================
warning: entity 9 was directed to use 27 halite to move south, but only 18 halite was available
At command 3 of 5:
    1   m 7 s
    2   m 5 n
>>> 3   m 9 s
    4   m 1 n
    5   m 3 e

warning: entity 3 was directed to use 26 halite to move east, but only 18 halite was available
At command 5 of 5:
    3   m 9 s
    4   m 1 n
>>> 5   m 3 e


Turn 87
================================================================
warning: entity 5 was directed to use 20 halite to move north, but only 2 halite was available
At command 3 of 5:
    1   m 1 n
    2   m 9 s
>>> 3   m 5 n
    4   m 3 n
    5   m 7 e


Turn 88
================================================================
warning: entity 1 was directed to use 19 halite to move south, but only 0 halite was available
At command 4 of 5:
    2   m 3 s
    3   m 9 e
>>> 4   m 1 s
    5   m 7 w

warning: entity 7 was directed to use 22 halite to move west, but only 5 halite was available
At command 5 of 5:
    3   m 9 e
    4   m 1 s
>>> 5   m 7 w


Turn 89
================================================================
warning: entity 3 was directed to use 29 halite to move north, but only 12 halite was available
At command 4 of 5:
    2   m 1 s
    3   m 7 w
>>> 4   m 3 n
    5   m 5 n


Turn 90
================================================================
warning: entity 9 was directed to use 23 halite to move west, but only 5 halite was available
At command 2 of 5:
    1   m 3 n
>>> 2   m 9 w
    3   m 1 n
    4   m 7 n

warning: entity 5 was directed to use 16 halite to move south, but only 1 halite was available
At command 5 of 5:
    3   m 1 n
    4   m 7 n
>>> 5   m 5 s


Turn 92
================================================================
warning: entity 1 was directed to use 20 halite to move north, but only 2 halite was available
At command 3 of 5:
    1   m 3 n
    2   m 9 w
>>> 3   m 1 n
    4   m 5 n
    5   m 7 n

warning: entity 5 was directed to use 38 halite to move north, but only 31 halite was available
At command 4 of 5:
    2   m 9 w
    3   m 1 n
>>> 4   m 5 n
    5   m 7 n

warning: entity 7 was directed to use 19 halite to move north, but only 10 halite was available
At command 5 of 5:
    3   m 1 n
    4   m 5 n
>>> 5   m 7 n


Turn 93
================================================================
warning: entity 9 was directed to use 22 halite to move east, but only 20 halite was available
At command 1 of 5:
>>> 1   m 9 e
    2   m 1 n
    3   m 5 n

warning: entity 3 was directed to use 24 halite to move south, but only 20 halite was available
At command 5 of 5:
    3   m 5 n
    4   m 7 n
>>> 5   m 3 s


Turn 96
================================================================
warning: entity 1 was directed to use 23 halite to move east, but only 5 halite was available
At command 3 of 5:
    1   m 5 s
    2   m 3 e
>>> 3   m 1 e
    4   m 9 n
    5   m 7 n

warning: entity 7 was directed to use 19 halite to move north, but only 11 halite was available
At command 5 of 5:
    3   m 1 e
    4   m 9 n
>>> 5   m 7 n


Turn 97
================================================================
warning: entity 9 was directed to use 27 halite to move south, but only 21 halite was available
At command 1 of 5:
>>> 1   m 9 s
    2   m 1 e
    3   m 7 e


Turn 98
================================================================
warning: entity 3 was directed to use 19 halite to move east, but only 2 halite was available
At command 5 of 5:
    3   m 5 s
    4   m 7 e
>>> 5   m 3 e


Turn 99
================================================================
warning: entity 5 was directed to use 28 halite to move north, but only 8 halite was available
At command 5 of 5:
    3   m 1 e
    4   m 7 e
>>> 5   m 5 n


Turn 100
================================================================
warning: entity 1 was directed to use 19 halite to move east, but only 17 halite was available
At command 3 of 5:
    1   m 5 n
    2   m 3 w
>>> 3   m 1 e
    4   m 9 s
    5   m 7 e

warning: entity 7 was directed to use 19 halite to move east, but only 10 halite was available
At command 5 of 5:
    3   m 1 e
    4   m 9 s
>>> 5   m 7 e


Turn 102
================================================================
warning: entity 3 was directed to use 21 halite to move west, but only 2 halite was available
At command 1 of 5:
>>> 1   m 3 w
    2   m 1 w
    3   m 9 s


Turn 103
================================================================
warning: entity 9 was directed to use 13 halite to move north, but only 5 halite was available
At command 3 of 5:
    1   m 3 w
    2   m 5 n
>>> 3   m 9 n
    4   m 1 w
    5   m 7 s


Turn 104
================================================================
warning: entity 5 was directed to use 22 halite to move south, but only 14 halite was available
At command 3 of 5:
    1   m 1 s
    2   m 9 n
>>> 3   m 5 s
    4   m 3 w
    5   m 7 n

warning: entity 7 was directed to use 19 halite to move north, but only 10 halite was available
At command 5 of 5:
    3   m 5 s
    4   m 3 w
>>> 5   m 7 n


Turn 105
================================================================
warning: entity 1 was directed to use 18 halite to move west, but only 12 halite was available
At command 4 of 5:
    2   m 7 w
    3   m 9 e
>>> 4   m 1 w
    5   m 3 e


Turn 106
================================================================
warning: entity 9 was directed to use 17 halite to move east, but only 10 halite was available
At command 1 of 5:
>>> 1   m 9 e
    2   m 1 w
    3   m 5 s

warning: entity 3 was directed to use 14 halite to move west, but only 8 halite was available
At command 5 of 5:
    3   m 5 s
    4   m 7 w
>>> 5   m 3 w


Turn 108
================================================================
warning: entity 7 was directed to use 19 halite to move south, but only 13 halite was available
At command 1 of 5:
>>> 1   m 7 s
    2   m 9 e
    3   m 1 e

warning: owned entities 1, 7 collided on cell (24, 6) as the result of moves on this turn
At command 3 of 5:
    1   m 7 s
    2   m 9 e
>>> 3   m 1 e
    4   m 3 e
    5   m 5 w


Turn 109
================================================================
warning: entity 5 was directed to use 21 halite to move north, but only 5 halite was available
At command 1 of 3:
>>> 1   m 5 n
    2   m 3 w
    3   m 9 s

warning: entity 9 was directed to use 50 halite to move south, but only 14 halite was available
At command 3 of 3:
    1   m 5 n
    2   m 3 w
>>> 3   m 9 s


Turn 110
================================================================
warning: entity 3 was directed to use 19 halite to move east, but only 4 halite was available
At command 3 of 3:
    1   m 5 n
    2   m 9 s
>>> 3   m 3 e


Turn 113
================================================================
warning: entity 9 was directed to use 37 halite to move north, but only 29 halite was available
At command 3 of 3:
    1   m 3 n
    2   m 5 w
>>> 3   m 9 n


Turn 114
================================================================
warning: entity 5 was directed to use 14 halite to move west, but only 3 halite was available
At command 3 of 3:
    1   m 9 n
    2   m 3 n
>>> 3   m 5 w


Turn 115
================================================================
warning: entity 3 was directed to use 13 halite to move east, but only 4 halite was available
At command 3 of 3:
    1   m 5 w
    2   m 9 e
>>> 3   m 3 e


Turn 117
================================================================
warning: entity 9 was directed to use 54 halite to move west, but only 22 halite was available
At command 2 of 3:
    1   m 3 e
>>> 2   m 9 w
    3   m 5 e

warning: entity 5 was directed to use 14 halite to move east, but only 7 halite was available
At command 3 of 3:
    1   m 3 e
    2   m 9 w
>>> 3   m 5 e


Turn 118
================================================================
warning: entity 3 was directed to use 38 halite to move north, but only 1 halite was available
At command 3 of 3:
    1   m 9 w
    2   m 5 e
>>> 3   m 3 n


Turn 120
================================================================
warning: entity 5 was directed to use 16 halite to move north, but only 11 halite was available
At command 3 of 3:
    1   m 9 s
    2   m 3 e
>>> 3   m 5 n


Turn 121
================================================================
warning: entity 3 was directed to use 42 halite to move south, but only 38 halite was available
At command 3 of 3:
    1   m 5 n
    2   m 9 e
>>> 3   m 3 s


Turn 122
================================================================
warning: entity 9 was directed to use 40 halite to move south, but only 3 halite was available
At command 2 of 3:
    1   m 3 s
>>> 2   m 9 s
    3   m 5 n


Turn 124
================================================================
warning: entity 5 was directed to use 22 halite to move north, but only 3 halite was available
At command 3 of 3:
    1   m 9 n
    2   m 3 s
>>> 3   m 5 n


Turn 126
================================================================
warning: entity 3 was directed to use 32 halite to move south, but only 9 halite was available
At command 1 of 3:
>>> 1   m 3 s
    2   m 5 w
    3   m 9 n

warning: entity 9 was directed to use 34 halite to move north, but only 11 halite was available
At command 3 of 3:
    1   m 3 s
    2   m 5 w
>>> 3   m 9 n


Turn 128
================================================================
warning: entity 5 was directed to use 16 halite to move west, but only 9 halite was available
At command 2 of 3:
    1   m 3 w
>>> 2   m 5 w
    3   m 9 w


Turn 130
================================================================
warning: entity 9 was directed to use 30 halite to move west, but only 7 halite was available
At command 1 of 3:
>>> 1   m 9 w
    2   m 5 w
    3   m 3 s

warning: entity 3 was directed to use 31 halite to move south, but only 2 halite was available
At command 3 of 3:
    1   m 9 w
    2   m 5 w
>>> 3   m 3 s


Turn 132
================================================================
warning: entity 5 was directed to use 21 halite to move west, but only 11 halite was available
At command 2 of 3:
    1   m 9 n
>>> 2   m 5 w
    3   m 3 e


Turn 133
================================================================
warning: entity 3 was directed to use 36 halite to move west, but only 29 halite was available
At command 3 of 3:
    1   m 5 w
    2   m 9 e
>>> 3   m 3 w


Turn 134
================================================================
warning: entity 9 was directed to use 30 halite to move north, but only 1 halite was available
At command 3 of 3:
    1   m 3 w
    2   m 5 w
>>> 3   m 9 n


Turn 137
================================================================
warning: entity 9 was directed to use 28 halite to move east, but only 23 halite was available
At command 1 of 3:
>>> 1   m 9 e
    2   m 3 s
    3   m 5 w

warning: entity 5 was directed to use 16 halite to move west, but only 0 halite was available
At command 3 of 3:
    1   m 9 e
    2   m 3 s
>>> 3   m 5 w


Turn 138
================================================================
warning: entity 3 was directed to use 28 halite to move north, but only 9 halite was available
At command 3 of 3:
    1   m 9 e
    2   m 5 w
>>> 3   m 3 n


Turn 139
================================================================
warning: entity 5 was directed to use 33 halite to move west, but only 29 halite was available
At command 3 of 3:
    1   m 3 n
    2   m 9 s
>>> 3   m 5 w


Turn 141
================================================================
warning: entity 9 was directed to use 32 halite to move south, but only 18 halite was available
At command 2 of 3:
    1   m 5 e
>>> 2   m 9 s
    3   m 3 w


Turn 142
================================================================
warning: entity 3 was directed to use 28 halite to move east, but only 4 halite was available
At command 3 of 3:
    1   m 9 s
    2   m 5 w
>>> 3   m 3 e


Turn 146
================================================================
warning: entity 3 was directed to use 27 halite to move north, but only 4 halite was available
At command 1 of 3:
>>> 1   m 3 n
    2   m 9 s
    3   m 5 w

warning: entity 9 was directed to use 24 halite to move south, but only 8 halite was available
At command 2 of 3:
    1   m 3 n
>>> 2   m 9 s
    3   m 5 w

warning: entity 5 was directed to use 24 halite to move west, but only 16 halite was available
At command 3 of 3:
    1   m 3 n
    2   m 9 s
>>> 3   m 5 w


Turn 150
================================================================
warning: entity 9 was directed to use 26 halite to move west, but only 8 halite was available
At command 2 of 3:
    1   m 5 w
>>> 2   m 9 w
    3   m 3 s

warning: entity 3 was directed to use 13 halite to move south, but only 5 halite was available
At command 3 of 3:
    1   m 5 w
    2   m 9 w
>>> 3   m 3 s


Turn 151
================================================================
warning: entity 5 was directed to use 22 halite to move east, but only 17 halite was available
At command 3 of 3:
    1   m 9 w
    2   m 3 s
>>> 3   m 5 e


Turn 153
================================================================
warning: entity 3 was directed to use 21 halite to move west, but only 2 halite was available
At command 3 of 3:
    1   m 5 s
    2   m 9 e
>>> 3   m 3 w


Turn 154
================================================================
warning: entity 9 was directed to use 23 halite to move west, but only 11 halite was available
At command 3 of 3:
    1   m 3 w
    2   m 5 n
>>> 3   m 9 w


Turn 156
================================================================
warning: entity 5 was directed to use 19 halite to move north, but only 6 halite was available
At command 2 of 3:
    1   m 9 e
>>> 2   m 5 n
    3   m 3 n

warning: entity 3 was directed to use 21 halite to move north, but only 14 halite was available
At command 3 of 3:
    1   m 9 e
    2   m 5 n
>>> 3   m 3 n


Turn 158
================================================================
warning: entity 9 was directed to use 21 halite to move east, but only 15 halite was available
At command 3 of 3:
    1   m 5 w
    2   m 3 n
>>> 3   m 9 e


Turn 160
================================================================
warning: entity 5 was directed to use 16 halite to move west, but only 8 halite was available
At command 2 of 3:
    1   m 9 n
>>> 2   m 5 w
    3   m 3 n

warning: entity 3 was directed to use 27 halite to move north, but only 15 halite was available
At command 3 of 3:
    1   m 9 n
    2   m 5 w
>>> 3   m 3 n


Turn 162
================================================================
warning: entity 9 was directed to use 24 halite to move east, but only 16 halite was available
At command 3 of 3:
    1   m 5 w
    2   m 3 e
>>> 3   m 9 e


Turn 164
================================================================
warning: entity 5 was directed to use 17 halite to move west, but only 6 halite was available
At command 2 of 3:
    1   m 9 s
>>> 2   m 5 w
    3   m 3 s


Turn 165
================================================================
warning: entity 3 was directed to use 23 halite to move north, but only 9 halite was available
At command 3 of 3:
    1   m 5 w
    2   m 9 n
>>> 3   m 3 n


Turn 166
================================================================
warning: entity 9 was directed to use 22 halite to move south, but only 14 halite was available
At command 3 of 3:
    1   m 3 n
    2   m 5 w
>>> 3   m 9 s


Turn 168
================================================================
warning: entity 5 was directed to use 22 halite to move west, but only 7 halite was available
At command 3 of 3:
    1   m 9 e
    2   m 3 w
>>> 3   m 5 w


Turn 169
================================================================
warning: entity 3 was directed to use 21 halite to move east, but only 9 halite was available
At command 2 of 3:
    1   m 5 w
>>> 2   m 3 e
    3   m 9 w


Turn 170
================================================================
warning: entity 9 was directed to use 22 halite to move east, but only 11 halite was available
At command 3 of 3:
    1   m 3 e
    2   m 5 s
>>> 3   m 9 e


Turn 173
================================================================
warning: entity 5 was directed to use 33 halite to move south, but only 4 halite was available
At command 1 of 3:
>>> 1   m 5 s
    2   m 9 n
    3   m 3 e

warning: entity 3 was directed to use 21 halite to move east, but only 9 halite was available
At command 3 of 3:
    1   m 5 s
    2   m 9 n
>>> 3   m 3 e


Turn 174
================================================================
warning: entity 9 was directed to use 22 halite to move south, but only 7 halite was available
At command 3 of 3:
    1   m 5 s
    2   m 3 e
>>> 3   m 9 s


Turn 177
================================================================
warning: entity 3 was directed to use 18 halite to move north, but only 13 halite was available
At command 3 of 3:
    1   m 9 e
    2   m 5 w
>>> 3   m 3 n


Turn 178
================================================================
warning: entity 9 was directed to use 22 halite to move west, but only 6 halite was available
At command 2 of 3:
    1   m 3 n
>>> 2   m 9 w
    3   m 5 n

warning: entity 5 was directed to use 36 halite to move north, but only 30 halite was available
At command 3 of 3:
    1   m 3 n
    2   m 9 w
>>> 3   m 5 n


Turn 182
================================================================
warning: entity 9 was directed to use 20 halite to move north, but only 11 halite was available
At command 1 of 3:
>>> 1   m 9 n
    2   m 5 s
    3   m 3 n

warning: entity 3 was directed to use 13 halite to move north, but only 1 halite was available
At command 3 of 3:
    1   m 9 n
    2   m 5 s
>>> 3   m 3 n


Turn 183
================================================================
warning: entity 5 was directed to use 27 halite to move north, but only 16 halite was available
At command 3 of 3:
    1   m 9 n
    2   m 3 n
>>> 3   m 5 n


Turn 186
================================================================
warning: entity 9 was directed to use 18 halite to move west, but only 12 halite was available
At command 1 of 3:
>>> 1   m 9 w
    2   m 5 w
    3   m 3 s

warning: entity 3 was directed to use 16 halite to move south, but only 0 halite was available
At command 3 of 3:
    1   m 9 w
    2   m 5 w
>>> 3   m 3 s


Turn 187
================================================================
warning: entity 5 was directed to use 31 halite to move west, but only 28 halite was available
At command 3 of 3:
    1   m 9 w
    2   m 3 s
>>> 3   m 5 w


Turn 190
================================================================
warning: entity 9 was directed to use 17 halite to move north, but only 11 halite was available
At command 1 of 3:
>>> 1   m 9 n
    2   m 5 s
    3   m 3 s

warning: entity 3 was directed to use 17 halite to move south, but only 5 halite was available
At command 3 of 3:
    1   m 9 n
    2   m 5 s
>>> 3   m 3 s


Turn 191
================================================================
warning: entity 5 was directed to use 30 halite to move north, but only 20 halite was available
At command 3 of 3:
    1   m 9 n
    2   m 3 s
>>> 3   m 5 n


Turn 194
================================================================
warning: entity 9 was directed to use 16 halite to move west, but only 9 halite was available
At command 2 of 3:
    1   m 5 s
>>> 2   m 9 w
    3   m 3 w

warning: entity 3 was directed to use 19 halite to move west, but only 0 halite was available
At command 3 of 3:
    1   m 5 s
    2   m 9 w
>>> 3   m 3 w


Turn 195
================================================================
warning: entity 5 was directed to use 34 halite to move north, but only 10 halite was available
At command 3 of 3:
    1   m 9 w
    2   m 3 w
>>> 3   m 5 n


Turn 198
================================================================
warning: entity 9 was directed to use 20 halite to move east, but only 11 halite was available
At command 1 of 3:
>>> 1   m 9 e
    2   m 5 n
    3   m 3 e

warning: entity 3 was directed to use 17 halite to move east, but only 4 halite was available
At command 3 of 3:
    1   m 9 e
    2   m 5 n
>>> 3   m 3 e


Turn 199
================================================================
warning: entity 5 was directed to use 29 halite to move south, but only 18 halite was available
At command 3 of 3:
    1   m 9 e
    2   m 3 e
>>> 3   m 5 s


Turn 200
================================================================
error: timed out after 2000 ms (when reading string)
Last input received was:


