
Turn 4
================================================================
warning: owned entities 2, 0 collided on cell (12, 23) as the result of moves on this turn
At command 2 of 2:
    1   m 0 o
>>> 2   m 2 n


Turn 8
================================================================
warning: owned entities 6, 4 collided on cell (12, 23) as the result of moves on this turn
At command 2 of 2:
    1   m 4 o
>>> 2   m 6 n


Turn 36
================================================================
warning: entity 8 was directed to use 14 halite to move north, but only 0 halite was available
At command 1 of 1:
>>> 1   m 8 n


Turn 66
================================================================
warning: entity 8 was directed to use 10 halite to move north, but only 0 halite was available
At command 1 of 2:
>>> 1   m 8 n
    2   g


Turn 68
================================================================
warning: entity 10 was directed to use 8 halite to move north, but only 0 halite was available
At command 2 of 2:
    1   m 8 s
>>> 2   m 10 n


Turn 69
================================================================
warning: entity 8 was directed to use 12 halite to move north, but only 9 halite was available
At command 1 of 2:
>>> 1   m 8 n
    2   m 10 w


Turn 105
================================================================
warning: entity 8 was directed to use 6 halite to move north, but only 0 halite was available
At command 2 of 3:
    1   m 10 s
>>> 2   m 8 n
    3   g


Turn 107
================================================================
warning: entity 8 was directed to use 14 halite to move north, but only 11 halite was available
At command 2 of 3:
    1   m 10 o
>>> 2   m 8 n
    3   m 12 n

warning: entity 12 was directed to use 4 halite to move north, but only 0 halite was available
At command 3 of 3:
    1   m 10 o
    2   m 8 n
>>> 3   m 12 n


Turn 109
================================================================
warning: entity 12 was directed to use 10 halite to move north, but only 9 halite was available
At command 3 of 3:
    1   m 10 s
    2   m 8 o
>>> 3   m 12 n


Turn 112
================================================================
warning: entity 10 was directed to use 3 halite to move north, but only 0 halite was available
At command 2 of 4:
    1   m 8 s
>>> 2   m 10 n
    3   m 12 o
    4   g


Turn 114
================================================================
warning: entity 10 was directed to use 11 halite to move north, but only 7 halite was available
At command 3 of 4:
    1   m 12 n
    2   m 8 o
>>> 3   m 10 n
    4   m 14 n

warning: entity 14 was directed to use 2 halite to move north, but only 0 halite was available
At command 4 of 4:
    2   m 8 o
    3   m 10 n
>>> 4   m 14 n


Turn 116
================================================================
warning: entity 14 was directed to use 8 halite to move north, but only 5 halite was available
At command 4 of 4:
    2   m 10 n
    3   m 12 n
>>> 4   m 14 n


Turn 119
================================================================
warning: entity 14 was directed to use 12 halite to move north, but only 8 halite was available
At command 4 of 4:
    2   m 12 o
    3   m 10 o
>>> 4   m 14 n


Turn 154
================================================================
warning: entity 8 was directed to use 1 halite to move north, but only 0 halite was available
At command 4 of 5:
    2   m 10 w
    3   m 12 e
>>> 4   m 8 n
    5   g


Turn 156
================================================================
warning: entity 8 was directed to use 6 halite to move north, but only 4 halite was available
At command 3 of 5:
    1   m 14 o
    2   m 12 e
>>> 3   m 8 n
    4   m 10 w
    5   m 16 n

warning: entity 16 was directed to use 1 halite to move north, but only 0 halite was available
At command 5 of 5:
    3   m 8 n
    4   m 10 w
>>> 5   m 16 n


Turn 158
================================================================
warning: entity 16 was directed to use 8 halite to move north, but only 4 halite was available
At command 5 of 5:
    3   m 8 s
    4   m 12 e
>>> 5   m 16 n


Turn 159
================================================================
warning: entity 8 was directed to use 14 halite to move north, but only 4 halite was available
At command 2 of 5:
    1   m 14 o
>>> 2   m 8 n
    3   m 10 w
    4   m 12 e


Turn 161
================================================================
warning: entity 16 was directed to use 13 halite to move north, but only 5 halite was available
At command 5 of 5:
    3   m 10 s
    4   m 12 s
>>> 5   m 16 n


Turn 166
================================================================
warning: entity 10 was directed to use 5 halite to move north, but only 0 halite was available
At command 3 of 5:
    1   m 8 e
    2   m 12 n
>>> 3   m 10 n
    4   m 14 e
    5   m 16 o


Turn 168
================================================================
warning: entity 10 was directed to use 13 halite to move north, but only 11 halite was available
At command 2 of 6:
    1   m 8 s
>>> 2   m 10 n
    3   m 12 n
    4   m 14 s

warning: entity 12 was directed to use 4 halite to move north, but only 0 halite was available
At command 3 of 6:
    1   m 8 s
    2   m 10 n
>>> 3   m 12 n
    4   m 14 s
    5   m 16 s


Turn 170
================================================================
warning: entity 12 was directed to use 13 halite to move north, but only 8 halite was available
At command 3 of 6:
    1   m 8 o
    2   m 10 o
>>> 3   m 12 n
    4   m 14 s
    5   m 16 w

warning: entity 19 was directed to use 3 halite to move north, but only 0 halite was available
At command 6 of 6:
    4   m 14 s
    5   m 16 w
>>> 6   m 19 n


Turn 172
================================================================
warning: entity 19 was directed to use 9 halite to move north, but only 6 halite was available
At command 6 of 6:
    4   m 12 s
    5   m 16 s
>>> 6   m 19 n


Turn 177
================================================================
warning: entity 10 was directed to use 10 halite to move north, but only 4 halite was available
At command 5 of 6:
    3   m 19 e
    4   m 12 o
>>> 5   m 10 n
    6   m 14 n


Turn 179
================================================================
warning: entity 14 was directed to use 2 halite to move north, but only 0 halite was available
At command 3 of 7:
    1   m 8 o
    2   m 16 o
>>> 3   m 14 n
    4   m 12 e
    5   m 10 n


Turn 180
================================================================
warning: entity 10 was directed to use 12 halite to move north, but only 10 halite was available
At command 5 of 7:
    3   m 14 w
    4   m 12 o
>>> 5   m 10 n
    6   m 19 n
    7   m 20 n

warning: owned entities 19, 10 collided on cell (18, 20) as the result of moves on this turn
At command 6 of 7:
    4   m 12 o
    5   m 10 n
>>> 6   m 19 n
    7   m 20 n


Turn 181
================================================================
warning: entity 14 was directed to use 13 halite to move north, but only 5 halite was available
At command 4 of 5:
    2   m 8 e
    3   m 12 o
>>> 4   m 14 n
    5   m 20 n

warning: entity 20 was directed to use 1 halite to move north, but only 0 halite was available
At command 5 of 5:
    3   m 12 o
    4   m 14 n
>>> 5   m 20 n


Turn 183
================================================================
warning: entity 20 was directed to use 7 halite to move north, but only 4 halite was available
At command 5 of 5:
    3   m 12 o
    4   m 14 w
>>> 5   m 20 n


Turn 185
================================================================
warning: entity 14 was directed to use 11 halite to move north, but only 8 halite was available
At command 4 of 5:
    2   m 16 o
    3   m 12 e
>>> 4   m 14 n
    5   m 20 s


Turn 186
================================================================
warning: entity 20 was directed to use 13 halite to move north, but only 10 halite was available
At command 5 of 5:
    3   m 14 w
    4   m 12 o
>>> 5   m 20 n


Turn 189
================================================================
warning: entity 14 was directed to use 11 halite to move north, but only 5 halite was available
At command 4 of 5:
    2   m 8 e
    3   m 12 e
>>> 4   m 14 n
    5   m 20 o


Turn 195
================================================================
warning: entity 20 was directed to use 14 halite to move north, but only 5 halite was available
At command 5 of 5:
    3   m 16 o
    4   m 8 w
>>> 5   m 20 n


Turn 200
================================================================
error: timed out after 2000 ms (when reading string)
Last input received was:


