
Turn 5
================================================================
warning: entity 2 was directed to use 15 halite to move west, but only 0 halite was available
At command 2 of 3:
    1   m 0 w
>>> 2   m 2 w
    3   g


Turn 7
================================================================
warning: entity 4 was directed to use 11 halite to move west, but only 0 halite was available
At command 3 of 4:
    1   m 2 w
    2   m 0 w
>>> 3   m 4 w
    4   g


Turn 9
================================================================
warning: entity 6 was directed to use 8 halite to move west, but only 0 halite was available
At command 4 of 5:
    2   m 2 s
    3   m 4 w
>>> 4   m 6 w
    5   g

warning: owned entities 2, 4 collided on cell (8, 20) as the result of moves on this turn
At command 2 of 5:
    1   m 0 o
>>> 2   m 2 s
    3   m 4 w
    4   m 6 w

Other commands that placed an entity on this cell:
    1   m 0 o
    2   m 2 s
>>> 3   m 4 w
    4   m 6 w
    5   g

