
Turn 3
================================================================
warning: entity 1 was directed to use 59 halite to move south, but only 0 halite was available
At command 1 of 2:
>>> 1   m 1 s
    2   g


Turn 5
================================================================
warning: entity 3 was directed to use 59 halite to move north, but only 0 halite was available
At command 1 of 3:
>>> 1   m 3 n
    2   m 1 w
    3   g


Turn 7
================================================================
warning: entity 1 was directed to use 62 halite to move east, but only 9 halite was available
At command 2 of 4:
    1   m 3 n
>>> 2   m 1 e
    3   m 5 s
    4   g

warning: entity 5 was directed to use 55 halite to move south, but only 0 halite was available
At command 3 of 4:
    1   m 3 n
    2   m 1 e
>>> 3   m 5 s
    4   g


Turn 8
================================================================
warning: entity 3 was directed to use 58 halite to move west, but only 55 halite was available
At command 3 of 4:
    1   m 1 e
    2   m 5 w
>>> 3   m 3 w
    4   m 7 e


Turn 9
================================================================
warning: entity 7 was directed to use 44 halite to move south, but only 0 halite was available
At command 4 of 5:
    2   m 1 e
    3   m 5 n
>>> 4   m 7 s
    5   g


Turn 11
================================================================
warning: entity 5 was directed to use 49 halite to move west, but only 6 halite was available
At command 1 of 5:
>>> 1   m 5 w
    2   m 3 s
    3   m 7 w

warning: entity 9 was directed to use 44 halite to move north, but only 0 halite was available
At command 4 of 5:
    2   m 3 s
    3   m 7 w
>>> 4   m 9 n
    5   m 1 e

warning: entity 1 was directed to use 45 halite to move east, but only 25 halite was available
At command 5 of 5:
    3   m 7 w
    4   m 9 n
>>> 5   m 1 e


Turn 12
================================================================
warning: entity 3 was directed to use 69 halite to move north, but only 43 halite was available
At command 4 of 5:
    2   m 9 s
    3   m 1 e
>>> 4   m 3 n
    5   m 7 s

warning: entity 7 was directed to use 41 halite to move south, but only 38 halite was available
At command 5 of 5:
    3   m 1 e
    4   m 3 n
>>> 5   m 7 s


Turn 14
================================================================
warning: entity 5 was directed to use 51 halite to move south, but only 47 halite was available
At command 1 of 5:
>>> 1   m 5 s
    2   m 1 w
    3   m 9 n

warning: entity 9 was directed to use 39 halite to move north, but only 29 halite was available
At command 3 of 5:
    1   m 5 s
    2   m 1 w
>>> 3   m 9 n
    4   m 7 w
    5   m 3 s

warning: owned entities 7, 9 collided on cell (46, 34) as the result of moves on this turn
At command 4 of 5:
    2   m 1 w
    3   m 9 n
>>> 4   m 7 w
    5   m 3 s

warning: owned entities 3, 5 collided on cell (45, 30) as the result of moves on this turn
At command 5 of 5:
    3   m 9 n
    4   m 7 w
>>> 5   m 3 s


Turn 15
================================================================
warning: entity 1 was directed to use 49 halite to move east, but only 17 halite was available
At command 1 of 1:
>>> 1   m 1 e


Turn 19
================================================================
warning: entity 1 was directed to use 40 halite to move north, but only 27 halite was available
At command 1 of 1:
>>> 1   m 1 n


Turn 23
================================================================
warning: entity 1 was directed to use 41 halite to move east, but only 26 halite was available
At command 1 of 1:
>>> 1   m 1 e


Turn 27
================================================================
warning: entity 1 was directed to use 35 halite to move east, but only 28 halite was available
At command 1 of 1:
>>> 1   m 1 e


Turn 31
================================================================
warning: entity 1 was directed to use 37 halite to move south, but only 23 halite was available
At command 1 of 1:
>>> 1   m 1 s


Turn 35
================================================================
warning: entity 1 was directed to use 34 halite to move north, but only 22 halite was available
At command 1 of 1:
>>> 1   m 1 n


Turn 39
================================================================
warning: entity 1 was directed to use 46 halite to move west, but only 12 halite was available
At command 1 of 1:
>>> 1   m 1 w


Turn 42
================================================================
warning: entity 1 was directed to use 49 halite to move south, but only 45 halite was available
At command 1 of 1:
>>> 1   m 1 s


Turn 46
================================================================
warning: entity 1 was directed to use 49 halite to move north, but only 47 halite was available
At command 1 of 1:
>>> 1   m 1 n


Turn 51
================================================================
warning: entity 1 was directed to use 54 halite to move west, but only 16 halite was available
At command 1 of 1:
>>> 1   m 1 w


Turn 55
================================================================
warning: entity 1 was directed to use 44 halite to move north, but only 19 halite was available
At command 1 of 1:
>>> 1   m 1 n


Turn 59
================================================================
warning: entity 1 was directed to use 50 halite to move east, but only 5 halite was available
At command 1 of 1:
>>> 1   m 1 e


Turn 63
================================================================
warning: entity 1 was directed to use 68 halite to move north, but only 5 halite was available
At command 1 of 1:
>>> 1   m 1 n


Turn 67
================================================================
warning: entity 1 was directed to use 47 halite to move south, but only 28 halite was available
At command 1 of 1:
>>> 1   m 1 s


Turn 71
================================================================
warning: entity 1 was directed to use 51 halite to move south, but only 15 halite was available
At command 1 of 1:
>>> 1   m 1 s


Turn 75
================================================================
warning: entity 1 was directed to use 47 halite to move south, but only 15 halite was available
At command 1 of 1:
>>> 1   m 1 s


Turn 79
================================================================
warning: entity 1 was directed to use 44 halite to move west, but only 13 halite was available
At command 1 of 1:
>>> 1   m 1 w


Turn 83
================================================================
warning: entity 1 was directed to use 41 halite to move north, but only 8 halite was available
At command 1 of 1:
>>> 1   m 1 n


Turn 87
================================================================
warning: entity 1 was directed to use 43 halite to move west, but only 1 halite was available
At command 1 of 1:
>>> 1   m 1 w


Turn 91
================================================================
warning: entity 1 was directed to use 55 halite to move west, but only 4 halite was available
At command 1 of 1:
>>> 1   m 1 w


Turn 95
================================================================
warning: entity 1 was directed to use 55 halite to move west, but only 0 halite was available
At command 1 of 1:
>>> 1   m 1 w


Turn 99
================================================================
warning: entity 1 was directed to use 61 halite to move west, but only 2 halite was available
At command 1 of 1:
>>> 1   m 1 w


Turn 102
================================================================
warning: entity 1 was directed to use 63 halite to move east, but only 39 halite was available
At command 1 of 1:
>>> 1   m 1 e


Turn 106
================================================================
warning: entity 1 was directed to use 71 halite to move north, but only 26 halite was available
At command 1 of 1:
>>> 1   m 1 n


Turn 110
================================================================
warning: entity 1 was directed to use 54 halite to move north, but only 43 halite was available
At command 1 of 1:
>>> 1   m 1 n


Turn 114
================================================================
warning: entity 1 was directed to use 55 halite to move east, but only 39 halite was available
At command 1 of 1:
>>> 1   m 1 e


Turn 119
================================================================
warning: entity 1 was directed to use 46 halite to move south, but only 2 halite was available
At command 1 of 1:
>>> 1   m 1 s


Turn 122
================================================================
warning: entity 1 was directed to use 43 halite to move south, but only 41 halite was available
At command 1 of 1:
>>> 1   m 1 s


Turn 126
================================================================
warning: entity 1 was directed to use 50 halite to move north, but only 21 halite was available
At command 1 of 1:
>>> 1   m 1 n


Turn 130
================================================================
warning: entity 1 was directed to use 53 halite to move west, but only 10 halite was available
At command 1 of 1:
>>> 1   m 1 w


Turn 134
================================================================
warning: entity 1 was directed to use 47 halite to move west, but only 17 halite was available
At command 1 of 1:
>>> 1   m 1 w


Turn 138
================================================================
warning: entity 1 was directed to use 40 halite to move south, but only 24 halite was available
At command 1 of 1:
>>> 1   m 1 s


Turn 142
================================================================
warning: entity 1 was directed to use 46 halite to move north, but only 23 halite was available
At command 1 of 1:
>>> 1   m 1 n


Turn 146
================================================================
warning: entity 1 was directed to use 50 halite to move south, but only 33 halite was available
At command 1 of 1:
>>> 1   m 1 s


Turn 150
================================================================
warning: entity 1 was directed to use 46 halite to move east, but only 35 halite was available
At command 1 of 1:
>>> 1   m 1 e


Turn 154
================================================================
warning: entity 1 was directed to use 41 halite to move east, but only 35 halite was available
At command 1 of 1:
>>> 1   m 1 e


Turn 158
================================================================
warning: entity 1 was directed to use 42 halite to move north, but only 30 halite was available
At command 1 of 1:
>>> 1   m 1 n


Turn 162
================================================================
warning: entity 1 was directed to use 37 halite to move north, but only 26 halite was available
At command 1 of 1:
>>> 1   m 1 n


Turn 166
================================================================
warning: entity 1 was directed to use 42 halite to move east, but only 14 halite was available
At command 1 of 1:
>>> 1   m 1 e


Turn 169
================================================================
warning: entity 1 was directed to use 39 halite to move west, but only 37 halite was available
At command 1 of 1:
>>> 1   m 1 w


Turn 173
================================================================
warning: entity 1 was directed to use 53 halite to move north, but only 16 halite was available
At command 1 of 1:
>>> 1   m 1 n


Turn 177
================================================================
warning: entity 1 was directed to use 46 halite to move east, but only 30 halite was available
At command 1 of 1:
>>> 1   m 1 e


Turn 181
================================================================
warning: entity 1 was directed to use 43 halite to move south, but only 32 halite was available
At command 1 of 1:
>>> 1   m 1 s


Turn 185
================================================================
warning: entity 1 was directed to use 38 halite to move west, but only 29 halite was available
At command 1 of 1:
>>> 1   m 1 w


Turn 189
================================================================
warning: entity 1 was directed to use 42 halite to move north, but only 20 halite was available
At command 1 of 1:
>>> 1   m 1 n


Turn 193
================================================================
warning: entity 1 was directed to use 40 halite to move north, but only 21 halite was available
At command 1 of 1:
>>> 1   m 1 n


Turn 197
================================================================
warning: entity 1 was directed to use 48 halite to move south, but only 7 halite was available
At command 1 of 1:
>>> 1   m 1 s

