
Turn 3
================================================================
warning: entity 1 was directed to use 11 halite to move south, but only 0 halite was available
At command 1 of 2:
>>> 1   m 1 s
    2   g


Turn 5
================================================================
warning: entity 3 was directed to use 7 halite to move south, but only 0 halite was available
At command 2 of 3:
    1   m 1 s
>>> 2   m 3 s
    3   g


Turn 7
================================================================
warning: entity 5 was directed to use 5 halite to move south, but only 0 halite was available
At command 2 of 4:
    1   m 1 e
>>> 2   m 5 s
    3   m 3 e
    4   g


Turn 8
================================================================
warning: entity 3 was directed to use 18 halite to move east, but only 1 halite was available
At command 2 of 4:
    1   m 7 e
>>> 2   m 3 e
    3   m 1 o
    4   m 5 s


Turn 9
================================================================
error: failed to decode bot message: "T" (at position 1)
Last input received was:
Traceback (most recent call last):
  File "MyBot.py", line 170, in <module>
    ships.remove(me.get_ship(id))
ValueError: list.remove(x): x not in list

