
Turn 3
================================================================
warning: entity 0 was directed to use 1 halite to move south, but only 0 halite was available
At command 1 of 2:
>>> 1   m 0 s
    2   g


Turn 5
================================================================
warning: entity 2 was directed to use 1 halite to move south, but only 0 halite was available
At command 2 of 2:
    1   m 0 n
>>> 2   m 2 s

warning: owned entities 0, 2 collided on cell (8, 15) as the result of moves on this turn
At command 1 of 2:
>>> 1   m 0 n
    2   m 2 s


Turn 8
================================================================
warning: entity 5 was directed to use 1 halite to move south, but only 0 halite was available
At command 1 of 2:
>>> 1   m 5 s
    2   g


Turn 50
================================================================
error: timed out after 2000 ms (when reading string)
Last input received was:


