
Turn 3
================================================================
warning: entity 0 was directed to use 59 halite to move south, but only 0 halite was available
At command 1 of 2:
>>> 1   m 0 s
    2   g


Turn 5
================================================================
warning: entity 2 was directed to use 59 halite to move north, but only 0 halite was available
At command 2 of 3:
    1   m 0 e
>>> 2   m 2 n
    3   g


Turn 7
================================================================
warning: entity 0 was directed to use 62 halite to move west, but only 9 halite was available
At command 2 of 4:
    1   m 2 n
>>> 2   m 0 w
    3   m 4 s
    4   g

warning: entity 4 was directed to use 55 halite to move south, but only 0 halite was available
At command 3 of 4:
    1   m 2 n
    2   m 0 w
>>> 3   m 4 s
    4   g


Turn 8
================================================================
warning: entity 2 was directed to use 58 halite to move east, but only 55 halite was available
At command 3 of 4:
    1   m 0 w
    2   m 4 e
>>> 3   m 2 e
    4   m 6 w


Turn 9
================================================================
warning: entity 6 was directed to use 44 halite to move south, but only 0 halite was available
At command 4 of 5:
    2   m 0 w
    3   m 4 n
>>> 4   m 6 s
    5   g


Turn 11
================================================================
warning: entity 8 was directed to use 44 halite to move south, but only 0 halite was available
At command 3 of 5:
    1   m 6 e
    2   m 2 s
>>> 3   m 8 s
    4   m 0 w
    5   m 4 e

warning: entity 0 was directed to use 45 halite to move west, but only 25 halite was available
At command 4 of 5:
    2   m 2 s
    3   m 8 s
>>> 4   m 0 w
    5   m 4 e

warning: entity 4 was directed to use 49 halite to move east, but only 6 halite was available
At command 5 of 5:
    3   m 8 s
    4   m 0 w
>>> 5   m 4 e


Turn 12
================================================================
warning: entity 6 was directed to use 41 halite to move south, but only 38 halite was available
At command 4 of 5:
    2   m 0 w
    3   m 4 e
>>> 4   m 6 s
    5   m 2 n

warning: entity 2 was directed to use 69 halite to move north, but only 43 halite was available
At command 5 of 5:
    3   m 4 e
    4   m 6 s
>>> 5   m 2 n


Turn 14
================================================================
warning: entity 8 was directed to use 39 halite to move north, but only 29 halite was available
At command 3 of 5:
    1   m 6 s
    2   m 2 e
>>> 3   m 8 n
    4   m 0 e
    5   m 4 n

warning: entity 4 was directed to use 51 halite to move north, but only 47 halite was available
At command 5 of 5:
    3   m 8 n
    4   m 0 e
>>> 5   m 4 n


Turn 15
================================================================
warning: entity 0 was directed to use 49 halite to move west, but only 17 halite was available
At command 1 of 5:
>>> 1   m 0 w
    2   m 8 n
    3   m 4 n


Turn 16
================================================================
warning: entity 6 was directed to use 46 halite to move south, but only 29 halite was available
At command 3 of 5:
    1   m 8 e
    2   m 0 w
>>> 3   m 6 s
    4   m 4 e
    5   m 2 e


Turn 17
================================================================
warning: entity 2 was directed to use 53 halite to move east, but only 39 halite was available
At command 5 of 5:
    3   m 8 w
    4   m 4 w
>>> 5   m 2 e


Turn 18
================================================================
warning: entity 8 was directed to use 49 halite to move east, but only 13 halite was available
At command 3 of 5:
    1   m 2 e
    2   m 4 e
>>> 3   m 8 e
    4   m 0 s
    5   m 6 e


Turn 19
================================================================
warning: entity 0 was directed to use 40 halite to move north, but only 27 halite was available
At command 1 of 5:
>>> 1   m 0 n
    2   m 8 e
    3   m 2 n

warning: entity 4 was directed to use 41 halite to move west, but only 4 halite was available
At command 5 of 5:
    3   m 2 n
    4   m 6 w
>>> 5   m 4 w


Turn 21
================================================================
warning: entity 6 was directed to use 36 halite to move west, but only 1 halite was available
At command 5 of 5:
    3   m 4 s
    4   m 2 w
>>> 5   m 6 w


Turn 22
================================================================
warning: entity 8 was directed to use 54 halite to move east, but only 18 halite was available
At command 2 of 5:
    1   m 6 w
>>> 2   m 8 e
    3   m 0 e
    4   m 4 n

warning: entity 4 was directed to use 38 halite to move north, but only 30 halite was available
At command 4 of 5:
    2   m 8 e
    3   m 0 e
>>> 4   m 4 n
    5   m 2 e

warning: entity 2 was directed to use 43 halite to move east, but only 4 halite was available
At command 5 of 5:
    3   m 0 e
    4   m 4 n
>>> 5   m 2 e


Turn 23
================================================================
warning: entity 0 was directed to use 41 halite to move west, but only 26 halite was available
At command 1 of 5:
>>> 1   m 0 w
    2   m 8 e
    3   m 4 n


Turn 24
================================================================
warning: entity 6 was directed to use 35 halite to move east, but only 30 halite was available
At command 3 of 5:
    1   m 8 n
    2   m 0 w
>>> 3   m 6 e
    4   m 4 n
    5   m 2 s


Turn 25
================================================================
warning: entity 2 was directed to use 42 halite to move north, but only 35 halite was available
At command 5 of 5:
    3   m 8 s
    4   m 4 s
>>> 5   m 2 n


Turn 26
================================================================
warning: entity 4 was directed to use 47 halite to move north, but only 15 halite was available
At command 2 of 5:
    1   m 2 n
>>> 2   m 4 n
    3   m 8 n
    4   m 0 e

warning: entity 8 was directed to use 44 halite to move north, but only 21 halite was available
At command 3 of 5:
    1   m 2 n
    2   m 4 n
>>> 3   m 8 n
    4   m 0 e
    5   m 6 n


Turn 27
================================================================
warning: entity 0 was directed to use 35 halite to move west, but only 28 halite was available
At command 2 of 5:
    1   m 4 n
>>> 2   m 0 w
    3   m 8 n
    4   m 2 n


Turn 28
================================================================
warning: entity 6 was directed to use 37 halite to move north, but only 21 halite was available
At command 5 of 5:
    3   m 4 n
    4   m 2 s
>>> 5   m 6 n


Turn 29
================================================================
warning: entity 2 was directed to use 46 halite to move north, but only 25 halite was available
At command 5 of 5:
    3   m 8 e
    4   m 4 s
>>> 5   m 2 n


Turn 30
================================================================
warning: entity 4 was directed to use 37 halite to move north, but only 23 halite was available
At command 3 of 5:
    1   m 2 n
    2   m 6 w
>>> 3   m 4 n
    4   m 8 w
    5   m 0 n

warning: entity 8 was directed to use 50 halite to move west, but only 7 halite was available
At command 4 of 5:
    2   m 6 w
    3   m 4 n
>>> 4   m 8 w
    5   m 0 n


Turn 31
================================================================
warning: entity 0 was directed to use 37 halite to move south, but only 23 halite was available
At command 2 of 5:
    1   m 4 n
>>> 2   m 0 s
    3   m 8 w
    4   m 2 e


Turn 32
================================================================
warning: entity 6 was directed to use 37 halite to move south, but only 19 halite was available
At command 5 of 5:
    3   m 4 e
    4   m 2 e
>>> 5   m 6 s


Turn 33
================================================================
warning: entity 2 was directed to use 46 halite to move south, but only 29 halite was available
At command 5 of 5:
    3   m 8 s
    4   m 4 w
>>> 5   m 2 s


Turn 34
================================================================
warning: entity 4 was directed to use 40 halite to move east, but only 15 halite was available
At command 3 of 5:
    1   m 2 s
    2   m 6 n
>>> 3   m 4 e
    4   m 8 n
    5   m 0 e

warning: entity 8 was directed to use 44 halite to move north, but only 7 halite was available
At command 4 of 5:
    2   m 6 n
    3   m 4 e
>>> 4   m 8 n
    5   m 0 e


Turn 35
================================================================
warning: entity 0 was directed to use 34 halite to move west, but only 26 halite was available
At command 2 of 5:
    1   m 4 e
>>> 2   m 0 w
    3   m 8 n
    4   m 2 e

warning: owned entities 6, 0 collided on cell (14, 35) as the result of moves on this turn
At command 5 of 5:
    3   m 8 n
    4   m 2 e
>>> 5   m 6 s


Turn 37
================================================================
warning: entity 2 was directed to use 54 halite to move south, but only 13 halite was available
At command 1 of 3:
>>> 1   m 2 s
    2   m 4 e
    3   m 8 w

warning: entity 8 was directed to use 43 halite to move west, but only 39 halite was available
At command 3 of 3:
    1   m 2 s
    2   m 4 e
>>> 3   m 8 w


Turn 38
================================================================
warning: entity 4 was directed to use 40 halite to move east, but only 11 halite was available
At command 3 of 3:
    1   m 2 s
    2   m 8 w
>>> 3   m 4 e


Turn 40
================================================================
warning: entity 2 was directed to use 63 halite to move west, but only 37 halite was available
At command 2 of 3:
    1   m 4 s
>>> 2   m 2 w
    3   m 8 e


Turn 41
================================================================
warning: entity 8 was directed to use 47 halite to move west, but only 33 halite was available
At command 2 of 3:
    1   m 2 w
>>> 2   m 8 w
    3   m 4 s


Turn 42
================================================================
warning: entity 4 was directed to use 55 halite to move east, but only 3 halite was available
At command 3 of 3:
    1   m 8 w
    2   m 2 w
>>> 3   m 4 e


Turn 44
================================================================
warning: entity 2 was directed to use 71 halite to move west, but only 17 halite was available
At command 2 of 3:
    1   m 4 e
>>> 2   m 2 w
    3   m 8 w


Turn 45
================================================================
warning: entity 4 was directed to use 46 halite to move west, but only 45 halite was available
At command 2 of 3:
    1   m 2 w
>>> 2   m 4 w
    3   m 8 e

warning: entity 8 was directed to use 37 halite to move east, but only 36 halite was available
At command 3 of 3:
    1   m 2 w
    2   m 4 w
>>> 3   m 8 e


Turn 48
================================================================
warning: entity 2 was directed to use 61 halite to move east, but only 29 halite was available
At command 2 of 3:
    1   m 4 e
>>> 2   m 2 e
    3   m 8 w


Turn 49
================================================================
warning: entity 4 was directed to use 55 halite to move west, but only 31 halite was available
At command 2 of 3:
    1   m 2 e
>>> 2   m 4 w
    3   m 8 e

warning: entity 8 was directed to use 44 halite to move east, but only 23 halite was available
At command 3 of 3:
    1   m 2 e
    2   m 4 w
>>> 3   m 8 e


Turn 52
================================================================
warning: entity 2 was directed to use 53 halite to move south, but only 34 halite was available
At command 3 of 3:
    1   m 8 s
    2   m 4 w
>>> 3   m 2 s


Turn 53
================================================================
warning: entity 8 was directed to use 36 halite to move north, but only 22 halite was available
At command 2 of 3:
    1   m 2 s
>>> 2   m 8 n
    3   m 4 e


Turn 54
================================================================
warning: entity 4 was directed to use 41 halite to move west, but only 6 halite was available
At command 3 of 3:
    1   m 8 n
    2   m 2 w
>>> 3   m 4 w


Turn 56
================================================================
warning: entity 2 was directed to use 50 halite to move west, but only 28 halite was available
At command 3 of 3:
    1   m 4 s
    2   m 8 e
>>> 3   m 2 w


Turn 57
================================================================
warning: entity 8 was directed to use 43 halite to move west, but only 12 halite was available
At command 3 of 3:
    1   m 2 w
    2   m 4 s
>>> 3   m 8 w


Turn 58
================================================================
warning: entity 4 was directed to use 42 halite to move north, but only 1 halite was available
At command 3 of 3:
    1   m 8 w
    2   m 2 n
>>> 3   m 4 n


Turn 60
================================================================
warning: entity 2 was directed to use 50 halite to move north, but only 22 halite was available
At command 3 of 3:
    1   m 4 n
    2   m 8 e
>>> 3   m 2 n


Turn 61
================================================================
warning: entity 4 was directed to use 41 halite to move south, but only 38 halite was available
At command 2 of 3:
    1   m 2 n
>>> 2   m 4 s
    3   m 8 w

warning: entity 8 was directed to use 33 halite to move west, but only 15 halite was available
At command 3 of 3:
    1   m 2 n
    2   m 4 s
>>> 3   m 8 w


Turn 64
================================================================
warning: entity 2 was directed to use 45 halite to move north, but only 23 halite was available
At command 3 of 3:
    1   m 4 e
    2   m 8 w
>>> 3   m 2 n


Turn 65
================================================================
warning: entity 8 was directed to use 47 halite to move north, but only 4 halite was available
At command 3 of 3:
    1   m 2 n
    2   m 4 w
>>> 3   m 8 n


Turn 66
================================================================
warning: entity 4 was directed to use 37 halite to move east, but only 0 halite was available
At command 3 of 3:
    1   m 8 n
    2   m 2 n
>>> 3   m 4 e


Turn 68
================================================================
warning: entity 2 was directed to use 55 halite to move west, but only 17 halite was available
At command 3 of 3:
    1   m 4 e
    2   m 8 s
>>> 3   m 2 w


Turn 69
================================================================
warning: entity 4 was directed to use 37 halite to move east, but only 30 halite was available
At command 2 of 3:
    1   m 2 w
>>> 2   m 4 e
    3   m 8 n

warning: entity 8 was directed to use 44 halite to move north, but only 4 halite was available
At command 3 of 3:
    1   m 2 w
    2   m 4 e
>>> 3   m 8 n


Turn 72
================================================================
warning: entity 2 was directed to use 44 halite to move south, but only 27 halite was available
At command 3 of 3:
    1   m 4 s
    2   m 8 s
>>> 3   m 2 s


Turn 73
================================================================
warning: entity 4 was directed to use 40 halite to move north, but only 21 halite was available
At command 2 of 3:
    1   m 2 s
>>> 2   m 4 n
    3   m 8 n

warning: entity 8 was directed to use 40 halite to move north, but only 9 halite was available
At command 3 of 3:
    1   m 2 s
    2   m 4 n
>>> 3   m 8 n


Turn 76
================================================================
warning: entity 2 was directed to use 43 halite to move east, but only 22 halite was available
At command 2 of 3:
    1   m 4 e
>>> 2   m 2 e
    3   m 8 n


Turn 77
================================================================
warning: entity 4 was directed to use 37 halite to move north, but only 20 halite was available
At command 2 of 3:
    1   m 2 e
>>> 2   m 4 n
    3   m 8 s

warning: entity 8 was directed to use 33 halite to move south, but only 16 halite was available
At command 3 of 3:
    1   m 2 e
    2   m 4 n
>>> 3   m 8 s


Turn 80
================================================================
warning: entity 2 was directed to use 40 halite to move north, but only 19 halite was available
At command 1 of 3:
>>> 1   m 2 n
    2   m 4 e
    3   m 8 s


Turn 81
================================================================
warning: entity 4 was directed to use 40 halite to move west, but only 0 halite was available
At command 2 of 3:
    1   m 2 n
>>> 2   m 4 w
    3   m 8 w

warning: entity 8 was directed to use 35 halite to move west, but only 13 halite was available
At command 3 of 3:
    1   m 2 n
    2   m 4 w
>>> 3   m 8 w


Turn 84
================================================================
warning: entity 4 was directed to use 40 halite to move east, but only 24 halite was available
At command 1 of 3:
>>> 1   m 4 e
    2   m 8 w
    3   m 2 e

warning: entity 8 was directed to use 40 halite to move west, but only 34 halite was available
At command 2 of 3:
    1   m 4 e
>>> 2   m 8 w
    3   m 2 e

warning: entity 2 was directed to use 41 halite to move east, but only 17 halite was available
At command 3 of 3:
    1   m 4 e
    2   m 8 w
>>> 3   m 2 e


Turn 88
================================================================
warning: entity 4 was directed to use 47 halite to move north, but only 12 halite was available
At command 1 of 3:
>>> 1   m 4 n
    2   m 8 w
    3   m 2 w

warning: entity 8 was directed to use 61 halite to move west, but only 9 halite was available
At command 2 of 3:
    1   m 4 n
>>> 2   m 8 w
    3   m 2 w

warning: entity 2 was directed to use 33 halite to move west, but only 26 halite was available
At command 3 of 3:
    1   m 4 n
    2   m 8 w
>>> 3   m 2 w


Turn 92
================================================================
warning: entity 4 was directed to use 35 halite to move south, but only 26 halite was available
At command 1 of 3:
>>> 1   m 4 s
    2   m 2 w
    3   m 8 e

warning: entity 2 was directed to use 34 halite to move west, but only 21 halite was available
At command 2 of 3:
    1   m 4 s
>>> 2   m 2 w
    3   m 8 e


Turn 93
================================================================
warning: entity 8 was directed to use 46 halite to move west, but only 0 halite was available
At command 3 of 3:
    1   m 4 s
    2   m 2 w
>>> 3   m 8 w


Turn 96
================================================================
warning: entity 2 was directed to use 44 halite to move north, but only 0 halite was available
At command 1 of 3:
>>> 1   m 2 n
    2   m 8 w
    3   m 4 n

warning: entity 4 was directed to use 46 halite to move north, but only 20 halite was available
At command 3 of 3:
    1   m 2 n
    2   m 8 w
>>> 3   m 4 n


Turn 97
================================================================
warning: entity 8 was directed to use 44 halite to move north, but only 9 halite was available
At command 3 of 3:
    1   m 2 n
    2   m 4 n
>>> 3   m 8 n


Turn 99
================================================================
warning: entity 2 was directed to use 36 halite to move west, but only 30 halite was available
At command 2 of 3:
    1   m 8 n
>>> 2   m 2 w
    3   m 4 w


Turn 100
================================================================
warning: entity 8 was directed to use 57 halite to move north, but only 21 halite was available
At command 2 of 3:
    1   m 2 w
>>> 2   m 8 n
    3   m 4 e

warning: entity 4 was directed to use 35 halite to move east, but only 30 halite was available
At command 3 of 3:
    1   m 2 w
    2   m 8 n
>>> 3   m 4 e


Turn 103
================================================================
warning: entity 2 was directed to use 48 halite to move south, but only 15 halite was available
At command 3 of 3:
    1   m 8 n
    2   m 4 s
>>> 3   m 2 s


Turn 104
================================================================
warning: entity 8 was directed to use 69 halite to move south, but only 10 halite was available
At command 2 of 3:
    1   m 2 s
>>> 2   m 8 s
    3   m 4 n

warning: entity 4 was directed to use 37 halite to move north, but only 25 halite was available
At command 3 of 3:
    1   m 2 s
    2   m 8 s
>>> 3   m 4 n


Turn 107
================================================================
warning: entity 2 was directed to use 40 halite to move north, but only 25 halite was available
At command 3 of 3:
    1   m 8 n
    2   m 4 e
>>> 3   m 2 n


Turn 108
================================================================
warning: entity 8 was directed to use 43 halite to move south, but only 23 halite was available
At command 2 of 3:
    1   m 2 n
>>> 2   m 8 s
    3   m 4 w

warning: entity 4 was directed to use 33 halite to move west, but only 27 halite was available
At command 3 of 3:
    1   m 2 n
    2   m 8 s
>>> 3   m 4 w


Turn 111
================================================================
warning: entity 8 was directed to use 42 halite to move east, but only 32 halite was available
At command 2 of 3:
    1   m 4 e
>>> 2   m 8 e
    3   m 2 n

warning: entity 2 was directed to use 42 halite to move north, but only 22 halite was available
At command 3 of 3:
    1   m 4 e
    2   m 8 e
>>> 3   m 2 n


Turn 112
================================================================
warning: entity 4 was directed to use 35 halite to move west, but only 22 halite was available
At command 3 of 3:
    1   m 8 e
    2   m 2 n
>>> 3   m 4 w


Turn 115
================================================================
warning: entity 8 was directed to use 67 halite to move east, but only 5 halite was available
At command 2 of 3:
    1   m 4 e
>>> 2   m 8 e
    3   m 2 n

warning: entity 2 was directed to use 33 halite to move north, but only 28 halite was available
At command 3 of 3:
    1   m 4 e
    2   m 8 e
>>> 3   m 2 n


Turn 116
================================================================
warning: entity 4 was directed to use 30 halite to move west, but only 21 halite was available
At command 3 of 3:
    1   m 8 e
    2   m 2 n
>>> 3   m 4 w


Turn 119
================================================================
warning: entity 2 was directed to use 46 halite to move east, but only 23 halite was available
At command 3 of 3:
    1   m 4 e
    2   m 8 w
>>> 3   m 2 e


Turn 120
================================================================
warning: entity 4 was directed to use 35 halite to move west, but only 10 halite was available
At command 2 of 3:
    1   m 2 e
>>> 2   m 4 w
    3   m 8 e

warning: entity 8 was directed to use 50 halite to move east, but only 4 halite was available
At command 3 of 3:
    1   m 2 e
    2   m 4 w
>>> 3   m 8 e


Turn 123
================================================================
warning: entity 2 was directed to use 47 halite to move east, but only 7 halite was available
At command 2 of 3:
    1   m 4 s
>>> 2   m 2 e
    3   m 8 s


Turn 124
================================================================
warning: entity 4 was directed to use 37 halite to move west, but only 9 halite was available
At command 2 of 3:
    1   m 2 e
>>> 2   m 4 w
    3   m 8 n

warning: entity 8 was directed to use 36 halite to move north, but only 22 halite was available
At command 3 of 3:
    1   m 2 e
    2   m 4 w
>>> 3   m 8 n


Turn 126
================================================================
warning: entity 2 was directed to use 44 halite to move west, but only 39 halite was available
At command 3 of 3:
    1   m 4 w
    2   m 8 n
>>> 3   m 2 w


Turn 128
================================================================
warning: entity 8 was directed to use 37 halite to move north, but only 16 halite was available
At command 2 of 3:
    1   m 2 w
>>> 2   m 8 n
    3   m 4 s

warning: entity 4 was directed to use 42 halite to move south, but only 4 halite was available
At command 3 of 3:
    1   m 2 w
    2   m 8 n
>>> 3   m 4 s


Turn 130
================================================================
warning: entity 2 was directed to use 51 halite to move west, but only 33 halite was available
At command 3 of 3:
    1   m 4 w
    2   m 8 w
>>> 3   m 2 w


Turn 132
================================================================
warning: entity 4 was directed to use 37 halite to move west, but only 6 halite was available
At command 2 of 3:
    1   m 2 n
>>> 2   m 4 w
    3   m 8 w

warning: entity 8 was directed to use 35 halite to move west, but only 11 halite was available
At command 3 of 3:
    1   m 2 n
    2   m 4 w
>>> 3   m 8 w


Turn 135
================================================================
warning: entity 2 was directed to use 39 halite to move south, but only 15 halite was available
At command 3 of 3:
    1   m 4 n
    2   m 8 n
>>> 3   m 2 s


Turn 136
================================================================
warning: entity 8 was directed to use 37 halite to move south, but only 4 halite was available
At command 2 of 3:
    1   m 2 s
>>> 2   m 8 s
    3   m 4 s

warning: entity 4 was directed to use 37 halite to move south, but only 4 halite was available
At command 3 of 3:
    1   m 2 s
    2   m 8 s
>>> 3   m 4 s


Turn 139
================================================================
warning: entity 2 was directed to use 35 halite to move east, but only 12 halite was available
At command 3 of 3:
    1   m 8 w
    2   m 4 s
>>> 3   m 2 e


Turn 140
================================================================
warning: entity 8 was directed to use 33 halite to move north, but only 3 halite was available
At command 2 of 3:
    1   m 2 e
>>> 2   m 8 n
    3   m 4 s

warning: entity 4 was directed to use 32 halite to move south, but only 3 halite was available
At command 3 of 3:
    1   m 2 e
    2   m 8 n
>>> 3   m 4 s


Turn 143
================================================================
warning: entity 2 was directed to use 38 halite to move north, but only 3 halite was available
At command 1 of 3:
>>> 1   m 2 n
    2   m 8 s
    3   m 4 s

warning: entity 8 was directed to use 48 halite to move south, but only 13 halite was available
At command 2 of 3:
    1   m 2 n
>>> 2   m 8 s
    3   m 4 s

warning: entity 4 was directed to use 36 halite to move south, but only 20 halite was available
At command 3 of 3:
    1   m 2 n
    2   m 8 s
>>> 3   m 4 s


Turn 146
================================================================
warning: entity 4 was directed to use 42 halite to move north, but only 36 halite was available
At command 1 of 3:
>>> 1   m 4 n
    2   m 8 e
    3   m 2 s


Turn 147
================================================================
warning: entity 8 was directed to use 49 halite to move west, but only 9 halite was available
At command 2 of 3:
    1   m 4 n
>>> 2   m 8 w
    3   m 2 n

warning: entity 2 was directed to use 33 halite to move north, but only 1 halite was available
At command 3 of 3:
    1   m 4 n
    2   m 8 w
>>> 3   m 2 n


Turn 150
================================================================
warning: entity 2 was directed to use 33 halite to move east, but only 23 halite was available
At command 2 of 3:
    1   m 8 e
>>> 2   m 2 e
    3   m 4 e

warning: entity 4 was directed to use 49 halite to move east, but only 27 halite was available
At command 3 of 3:
    1   m 8 e
    2   m 2 e
>>> 3   m 4 e


Turn 151
================================================================
warning: entity 8 was directed to use 41 halite to move west, but only 16 halite was available
At command 3 of 3:
    1   m 2 e
    2   m 4 e
>>> 3   m 8 w


Turn 154
================================================================
warning: entity 4 was directed to use 72 halite to move north, but only 34 halite was available
At command 1 of 3:
>>> 1   m 4 n
    2   m 8 e
    3   m 2 n

warning: entity 2 was directed to use 55 halite to move north, but only 13 halite was available
At command 3 of 3:
    1   m 4 n
    2   m 8 e
>>> 3   m 2 n


Turn 155
================================================================
warning: entity 8 was directed to use 39 halite to move west, but only 10 halite was available
At command 3 of 3:
    1   m 4 n
    2   m 2 n
>>> 3   m 8 w


Turn 158
================================================================
warning: entity 2 was directed to use 50 halite to move west, but only 20 halite was available
At command 3 of 3:
    1   m 4 s
    2   m 8 e
>>> 3   m 2 w


Turn 159
================================================================
warning: entity 8 was directed to use 40 halite to move west, but only 5 halite was available
At command 2 of 3:
    1   m 2 w
>>> 2   m 8 w
    3   m 4 n

warning: entity 4 was directed to use 54 halite to move north, but only 14 halite was available
At command 3 of 3:
    1   m 2 w
    2   m 8 w
>>> 3   m 4 n


Turn 162
================================================================
warning: entity 2 was directed to use 50 halite to move south, but only 25 halite was available
At command 3 of 3:
    1   m 8 s
    2   m 4 n
>>> 3   m 2 s


Turn 163
================================================================
warning: entity 8 was directed to use 43 halite to move south, but only 9 halite was available
At command 2 of 3:
    1   m 2 s
>>> 2   m 8 s
    3   m 4 s

warning: entity 4 was directed to use 46 halite to move south, but only 23 halite was available
At command 3 of 3:
    1   m 2 s
    2   m 8 s
>>> 3   m 4 s


Turn 166
================================================================
warning: entity 8 was directed to use 51 halite to move west, but only 38 halite was available
At command 2 of 3:
    1   m 4 s
>>> 2   m 8 w
    3   m 2 e

warning: entity 2 was directed to use 42 halite to move east, but only 31 halite was available
At command 3 of 3:
    1   m 4 s
    2   m 8 w
>>> 3   m 2 e


Turn 167
================================================================
warning: entity 4 was directed to use 57 halite to move north, but only 19 halite was available
At command 3 of 3:
    1   m 8 w
    2   m 2 e
>>> 3   m 4 n


Turn 170
================================================================
warning: entity 8 was directed to use 49 halite to move east, but only 41 halite was available
At command 2 of 3:
    1   m 4 n
>>> 2   m 8 e
    3   m 2 e

warning: entity 2 was directed to use 41 halite to move east, but only 28 halite was available
At command 3 of 3:
    1   m 4 n
    2   m 8 e
>>> 3   m 2 e


Turn 171
================================================================
warning: entity 4 was directed to use 46 halite to move south, but only 32 halite was available
At command 3 of 3:
    1   m 8 e
    2   m 2 e
>>> 3   m 4 s


Turn 174
================================================================
warning: entity 8 was directed to use 53 halite to move west, but only 46 halite was available
At command 2 of 3:
    1   m 4 n
>>> 2   m 8 w
    3   m 2 s

warning: entity 2 was directed to use 37 halite to move south, but only 24 halite was available
At command 3 of 3:
    1   m 4 n
    2   m 8 w
>>> 3   m 2 s


Turn 175
================================================================
warning: entity 4 was directed to use 43 halite to move south, but only 36 halite was available
At command 3 of 3:
    1   m 8 w
    2   m 2 s
>>> 3   m 4 s


Turn 178
================================================================
warning: entity 2 was directed to use 49 halite to move west, but only 15 halite was available
At command 3 of 3:
    1   m 4 s
    2   m 8 e
>>> 3   m 2 w


Turn 179
================================================================
warning: entity 4 was directed to use 39 halite to move north, but only 36 halite was available
At command 2 of 3:
    1   m 2 w
>>> 2   m 4 n
    3   m 8 w

warning: entity 8 was directed to use 39 halite to move west, but only 13 halite was available
At command 3 of 3:
    1   m 2 w
    2   m 4 n
>>> 3   m 8 w


Turn 182
================================================================
warning: entity 2 was directed to use 34 halite to move west, but only 28 halite was available
At command 3 of 3:
    1   m 4 s
    2   m 8 e
>>> 3   m 2 w


Turn 183
================================================================
warning: entity 4 was directed to use 42 halite to move north, but only 29 halite was available
At command 2 of 3:
    1   m 2 w
>>> 2   m 4 n
    3   m 8 w

warning: entity 8 was directed to use 44 halite to move west, but only 2 halite was available
At command 3 of 3:
    1   m 2 w
    2   m 4 n
>>> 3   m 8 w


Turn 186
================================================================
warning: entity 2 was directed to use 41 halite to move south, but only 16 halite was available
At command 3 of 3:
    1   m 4 e
    2   m 8 e
>>> 3   m 2 s


Turn 187
================================================================
warning: entity 8 was directed to use 38 halite to move west, but only 5 halite was available
At command 3 of 3:
    1   m 2 s
    2   m 4 w
>>> 3   m 8 w


Turn 188
================================================================
warning: entity 4 was directed to use 33 halite to move east, but only 1 halite was available
At command 3 of 3:
    1   m 8 w
    2   m 2 e
>>> 3   m 4 e


Turn 190
================================================================
warning: entity 2 was directed to use 37 halite to move north, but only 18 halite was available
At command 3 of 3:
    1   m 8 n
    2   m 4 n
>>> 3   m 2 n


Turn 191
================================================================
warning: entity 8 was directed to use 36 halite to move south, but only 3 halite was available
At command 2 of 3:
    1   m 2 n
>>> 2   m 8 s
    3   m 4 s

warning: entity 4 was directed to use 32 halite to move south, but only 25 halite was available
At command 3 of 3:
    1   m 2 n
    2   m 8 s
>>> 3   m 4 s


Turn 194
================================================================
warning: entity 2 was directed to use 39 halite to move west, but only 13 halite was available
At command 3 of 3:
    1   m 4 n
    2   m 8 s
>>> 3   m 2 w


Turn 195
================================================================
warning: entity 8 was directed to use 35 halite to move south, but only 1 halite was available
At command 2 of 3:
    1   m 2 w
>>> 2   m 8 s
    3   m 4 s

warning: entity 4 was directed to use 35 halite to move south, but only 16 halite was available
At command 3 of 3:
    1   m 2 w
    2   m 8 s
>>> 3   m 4 s


Turn 198
================================================================
warning: entity 8 was directed to use 36 halite to move east, but only 28 halite was available
At command 2 of 3:
    1   m 4 n
>>> 2   m 8 e
    3   m 2 w

warning: entity 2 was directed to use 32 halite to move west, but only 14 halite was available
At command 3 of 3:
    1   m 4 n
    2   m 8 e
>>> 3   m 2 w


Turn 199
================================================================
warning: entity 4 was directed to use 31 halite to move south, but only 18 halite was available
At command 3 of 3:
    1   m 8 e
    2   m 2 w
>>> 3   m 4 s


Turn 200
================================================================
error: timed out after 2000 ms (when reading string)
Last input received was:


