
Turn 5
================================================================
warning: entity 2 was directed to use 14 halite to move west, but only 0 halite was available
At command 2 of 3:
    1   m 0 o
>>> 2   m 2 w
    3   g


Turn 9
================================================================
warning: entity 6 was directed to use 15 halite to move south, but only 0 halite was available
At command 4 of 5:
    2   m 2 o
    3   m 4 o
>>> 4   m 6 s
    5   g


Turn 11
================================================================
warning: entity 8 was directed to use 12 halite to move west, but only 0 halite was available
At command 5 of 5:
    3   m 0 o
    4   m 6 o
>>> 5   m 8 w


Turn 30
================================================================
warning: entity 2 was directed to use 10 halite to move west, but only 0 halite was available
At command 5 of 5:
    3   m 8 o
    4   m 4 e
>>> 5   m 2 w


Turn 32
================================================================
warning: entity 0 was directed to use 7 halite to move west, but only 0 halite was available
At command 1 of 6:
>>> 1   m 0 w
    2   m 8 o
    3   m 2 s


Turn 35
================================================================
warning: entity 0 was directed to use 14 halite to move south, but only 3 halite was available
At command 3 of 6:
    1   m 10 w
    2   m 2 o
>>> 3   m 0 s
    4   m 8 o
    5   m 4 e


Turn 36
================================================================
warning: entity 4 was directed to use 11 halite to move south, but only 0 halite was available
At command 5 of 7:
    3   m 0 s
    4   m 8 o
>>> 5   m 4 s
    6   m 6 n
    7   g


Turn 38
================================================================
warning: entity 10 was directed to use 13 halite to move north, but only 0 halite was available
At command 5 of 7:
    3   m 6 n
    4   m 4 s
>>> 5   m 10 n
    6   m 2 w
    7   m 12 e

warning: entity 12 was directed to use 11 halite to move east, but only 0 halite was available
At command 7 of 7:
    5   m 10 n
    6   m 2 w
>>> 7   m 12 e


Turn 40
================================================================
warning: entity 6 was directed to use 8 halite to move east, but only 0 halite was available
At command 6 of 8:
    4   m 10 o
    5   m 2 o
>>> 6   m 6 e
    7   m 12 e
    8   g


Turn 41
================================================================
warning: entity 12 was directed to use 13 halite to move north, but only 9 halite was available
At command 7 of 8:
    5   m 2 e
    6   m 6 e
>>> 7   m 12 n
    8   m 14 w


Turn 42
================================================================
warning: entity 14 was directed to use 5 halite to move south, but only 0 halite was available
At command 8 of 8:
    6   m 8 o
    7   m 6 e
>>> 8   m 14 s

warning: owned entities 4, 8 collided on cell (11, 23) as the result of moves on this turn
At command 1 of 8:
>>> 1   m 4 s
    2   m 12 n
    3   m 2 s


Turn 44
================================================================
warning: entity 14 was directed to use 12 halite to move south, but only 11 halite was available
At command 2 of 6:
    1   m 0 e
>>> 2   m 14 s
    3   m 6 w
    4   m 12 n


Turn 47
================================================================
warning: entity 6 was directed to use 11 halite to move south, but only 6 halite was available
At command 4 of 6:
    2   m 2 o
    3   m 12 o
>>> 4   m 6 s
    5   m 14 s
    6   m 0 s


Turn 48
================================================================
warning: entity 14 was directed to use 12 halite to move south, but only 9 halite was available
At command 4 of 6:
    2   m 2 o
    3   m 12 o
>>> 4   m 14 s
    5   m 6 s
    6   m 0 s


Turn 50
================================================================
warning: entity 6 was directed to use 13 halite to move south, but only 12 halite was available
At command 6 of 6:
    4   m 12 e
    5   m 14 e
>>> 6   m 6 s


Turn 53
================================================================
warning: entity 10 was directed to use 15 halite to move east, but only 14 halite was available
At command 5 of 6:
    3   m 12 s
    4   m 0 o
>>> 5   m 10 e
    6   m 2 n


Turn 55
================================================================
warning: entity 2 was directed to use 5 halite to move west, but only 0 halite was available
At command 6 of 7:
    4   m 12 e
    5   m 10 o
>>> 6   m 2 w
    7   g


Turn 57
================================================================
warning: entity 17 was directed to use 8 halite to move west, but only 0 halite was available
At command 7 of 7:
    5   m 14 w
    6   m 6 w
>>> 7   m 17 w


Turn 60
================================================================
warning: entity 17 was directed to use 13 halite to move west, but only 1 halite was available
At command 7 of 7:
    5   m 2 w
    6   m 10 o
>>> 7   m 17 w


Turn 64
================================================================
warning: entity 17 was directed to use 10 halite to move north, but only 3 halite was available
At command 7 of 7:
    5   m 12 o
    6   m 0 o
>>> 7   m 17 n


Turn 74
================================================================
warning: entity 0 was directed to use 6 halite to move east, but only 0 halite was available
At command 7 of 8:
    5   m 17 e
    6   m 12 s
>>> 7   m 0 e
    8   g


Turn 76
================================================================
warning: entity 0 was directed to use 14 halite to move east, but only 12 halite was available
At command 6 of 8:
    4   m 2 s
    5   m 12 s
>>> 6   m 0 e
    7   m 17 o
    8   m 19 n

warning: entity 19 was directed to use 4 halite to move north, but only 0 halite was available
At command 8 of 8:
    6   m 0 e
    7   m 17 o
>>> 8   m 19 n

warning: owned entities 10, 0 collided on cell (13, 20) as the result of moves on this turn
At command 3 of 8:
    1   m 6 e
    2   m 14 o
>>> 3   m 10 n
    4   m 2 s
    5   m 12 s


Turn 78
================================================================
warning: entity 12 was directed to use 4 halite to move east, but only 0 halite was available
At command 5 of 7:
    3   m 2 w
    4   m 17 s
>>> 5   m 12 e
    6   m 19 w
    7   g

warning: entity 19 was directed to use 13 halite to move west, but only 8 halite was available
At command 6 of 7:
    4   m 17 s
    5   m 12 e
>>> 6   m 19 w
    7   g


Turn 80
================================================================
warning: entity 17 was directed to use 9 halite to move east, but only 7 halite was available
At command 5 of 7:
    3   m 6 w
    4   m 2 w
>>> 5   m 17 e
    6   m 20 e
    7   m 19 w

warning: entity 20 was directed to use 6 halite to move east, but only 0 halite was available
At command 6 of 7:
    4   m 2 w
    5   m 17 e
>>> 6   m 20 e
    7   m 19 w


Turn 82
================================================================
warning: entity 19 was directed to use 13 halite to move south, but only 7 halite was available
At command 7 of 7:
    5   m 17 n
    6   m 20 e
>>> 7   m 19 s


Turn 83
================================================================
warning: entity 20 was directed to use 9 halite to move east, but only 0 halite was available
At command 6 of 7:
    4   m 17 o
    5   m 2 o
>>> 6   m 20 e
    7   m 19 s


Turn 90
================================================================
warning: entity 20 was directed to use 13 halite to move east, but only 10 halite was available
At command 3 of 6:
    1   m 14 n
    2   m 6 o
>>> 3   m 20 e
    4   m 12 n
    5   m 2 o

warning: entity 19 was directed to use 13 halite to move west, but only 4 halite was available
At command 6 of 6:
    4   m 12 n
    5   m 2 o
>>> 6   m 19 w


Turn 94
================================================================
warning: entity 19 was directed to use 13 halite to move south, but only 6 halite was available
At command 5 of 5:
    3   m 6 e
    4   m 14 n
>>> 5   m 19 s


Turn 96
================================================================
warning: entity 14 was directed to use 4 halite to move east, but only 0 halite was available
At command 5 of 5:
    3   m 19 o
    4   m 6 e
>>> 5   m 14 e


Turn 98
================================================================
warning: entity 14 was directed to use 13 halite to move east, but only 7 halite was available
At command 3 of 4:
    1   m 12 w
    2   m 19 o
>>> 3   m 14 e
    4   m 6 e


Turn 102
================================================================
warning: entity 14 was directed to use 13 halite to move north, but only 8 halite was available
At command 3 of 4:
    1   m 19 n
    2   m 12 w
>>> 3   m 14 n
    4   m 6 n


Turn 106
================================================================
warning: owned entities 6, 12 collided on cell (11, 19) as the result of moves on this turn
At command 2 of 4:
    1   m 14 o
>>> 2   m 6 n
    3   m 12 o
    4   m 19 o


Turn 111
================================================================
warning: entity 14 was directed to use 14 halite to move east, but only 3 halite was available
At command 3 of 3:
    1   m 23 o
    2   m 19 e
>>> 3   m 14 e


Turn 115
================================================================
warning: entity 14 was directed to use 12 halite to move east, but only 8 halite was available
At command 2 of 3:
    1   m 23 o
>>> 2   m 14 e
    3   m 19 e


Turn 127
================================================================
warning: entity 19 was directed to use 11 halite to move east, but only 0 halite was available
At command 1 of 4:
>>> 1   m 19 e
    2   m 14 o
    3   m 23 n


Turn 129
================================================================
warning: entity 26 was directed to use 3 halite to move east, but only 0 halite was available
At command 4 of 4:
    2   m 19 e
    3   m 23 o
>>> 4   m 26 e


Turn 131
================================================================
warning: entity 19 was directed to use 13 halite to move east, but only 2 halite was available
At command 3 of 4:
    1   m 23 o
    2   m 14 s
>>> 3   m 19 e
    4   m 26 s

warning: entity 26 was directed to use 11 halite to move south, but only 7 halite was available
At command 4 of 4:
    2   m 14 s
    3   m 19 e
>>> 4   m 26 s


Turn 139
================================================================
warning: entity 19 was directed to use 14 halite to move south, but only 7 halite was available
At command 1 of 3:
>>> 1   m 19 s
    2   m 26 e
    3   m 23 s


Turn 143
================================================================
warning: entity 23 was directed to use 3 halite to move south, but only 0 halite was available
At command 3 of 4:
    1   m 26 o
    2   m 19 w
>>> 3   m 23 s
    4   g


Turn 145
================================================================
warning: entity 23 was directed to use 12 halite to move west, but only 6 halite was available
At command 2 of 4:
    1   m 26 o
>>> 2   m 23 w
    3   m 19 o
    4   m 28 s

warning: entity 28 was directed to use 3 halite to move south, but only 0 halite was available
At command 4 of 4:
    2   m 23 w
    3   m 19 o
>>> 4   m 28 s


Turn 147
================================================================
warning: entity 28 was directed to use 9 halite to move west, but only 7 halite was available
At command 4 of 4:
    2   m 19 o
    3   m 23 s
>>> 4   m 28 w


Turn 149
================================================================
warning: entity 23 was directed to use 14 halite to move west, but only 3 halite was available
At command 3 of 4:
    1   m 26 s
    2   m 19 e
>>> 3   m 23 w
    4   m 28 o


Turn 153
================================================================
warning: entity 23 was directed to use 13 halite to move west, but only 3 halite was available
At command 1 of 3:
>>> 1   m 23 w
    2   m 26 w
    3   m 28 o


Turn 159
================================================================
warning: entity 28 was directed to use 13 halite to move west, but only 3 halite was available
At command 3 of 3:
    1   m 23 s
    2   m 26 n
>>> 3   m 28 w


Turn 162
================================================================
warning: entity 26 was directed to use 8 halite to move north, but only 0 halite was available
At command 3 of 3:
    1   m 28 w
    2   m 23 o
>>> 3   m 26 n


Turn 165
================================================================
warning: entity 26 was directed to use 10 halite to move east, but only 4 halite was available
At command 3 of 3:
    1   m 23 e
    2   m 28 w
>>> 3   m 26 e


Turn 169
================================================================
warning: entity 26 was directed to use 12 halite to move north, but only 2 halite was available
At command 2 of 3:
    1   m 28 s
>>> 2   m 26 n
    3   m 23 o


Turn 173
================================================================
warning: entity 26 was directed to use 9 halite to move west, but only 6 halite was available
At command 2 of 2:
    1   m 23 w
>>> 2   m 26 w

