
Turn 3
================================================================
warning: entity 0 was directed to use 6 halite to move east, but only 0 halite was available
At command 1 of 2:
>>> 1   m 0 e
    2   g


Turn 5
================================================================
warning: entity 0 was directed to use 14 halite to move north, but only 13 halite was available
At command 1 of 3:
>>> 1   m 0 n
    2   m 2 s
    3   g

warning: entity 2 was directed to use 14 halite to move south, but only 0 halite was available
At command 2 of 3:
    1   m 0 n
>>> 2   m 2 s
    3   g


Turn 7
================================================================
warning: entity 0 was directed to use 41 halite to move north, but only 40 halite was available
At command 1 of 4:
>>> 1   m 0 n
    2   m 2 s
    3   m 4 s

warning: entity 4 was directed to use 9 halite to move south, but only 0 halite was available
At command 3 of 4:
    1   m 0 n
    2   m 2 s
>>> 3   m 4 s
    4   g


Turn 8
================================================================
warning: entity 2 was directed to use 31 halite to move east, but only 18 halite was available
At command 2 of 4:
    1   m 0 n
>>> 2   m 2 e
    3   m 4 w
    4   m 6 n


Turn 9
================================================================
warning: entity 6 was directed to use 5 halite to move east, but only 0 halite was available
At command 4 of 5:
    2   m 0 n
    3   m 4 s
>>> 4   m 6 e
    5   g


Turn 10
================================================================
warning: entity 4 was directed to use 23 halite to move east, but only 9 halite was available
At command 3 of 5:
    1   m 2 e
    2   m 0 s
>>> 3   m 4 e
    4   m 6 e
    5   m 8 w


Turn 11
================================================================
warning: entity 0 was directed to use 45 halite to move north, but only 35 halite was available
At command 3 of 5:
    1   m 4 e
    2   m 2 s
>>> 3   m 0 n
    4   m 8 s
    5   m 6 n

warning: entity 8 was directed to use 11 halite to move south, but only 0 halite was available
At command 4 of 5:
    2   m 2 s
    3   m 0 n
>>> 4   m 8 s
    5   m 6 n

warning: entity 6 was directed to use 11 halite to move north, but only 10 halite was available
At command 5 of 5:
    3   m 0 n
    4   m 8 s
>>> 5   m 6 n


Turn 13
================================================================
warning: entity 6 was directed to use 31 halite to move north, but only 30 halite was available
At command 2 of 5:
    1   m 0 n
>>> 2   m 6 n
    3   m 4 e
    4   m 2 w

warning: entity 2 was directed to use 29 halite to move west, but only 18 halite was available
At command 4 of 5:
    2   m 6 n
    3   m 4 e
>>> 4   m 2 w
    5   m 8 e


Turn 14
================================================================
warning: entity 4 was directed to use 19 halite to move west, but only 6 halite was available
At command 3 of 5:
    1   m 6 n
    2   m 2 w
>>> 3   m 4 w
    4   m 0 s
    5   m 8 e


Turn 15
================================================================
warning: entity 8 was directed to use 18 halite to move east, but only 6 halite was available
At command 4 of 5:
    2   m 6 s
    3   m 2 e
>>> 4   m 8 e
    5   m 0 n


Turn 16
================================================================
warning: entity 0 was directed to use 39 halite to move south, but only 8 halite was available
At command 1 of 5:
>>> 1   m 0 s
    2   m 8 e
    3   m 2 n


Turn 17
================================================================
warning: entity 4 was directed to use 11 halite to move north, but only 8 halite was available
At command 3 of 5:
    1   m 8 w
    2   m 0 s
>>> 3   m 4 n
    4   m 2 e
    5   m 6 s

warning: entity 6 was directed to use 33 halite to move south, but only 30 halite was available
At command 5 of 5:
    3   m 4 n
    4   m 2 e
>>> 5   m 6 s


Turn 18
================================================================
warning: entity 2 was directed to use 26 halite to move west, but only 25 halite was available
At command 5 of 5:
    3   m 0 e
    4   m 8 e
>>> 5   m 2 w


Turn 19
================================================================
warning: entity 4 was directed to use 34 halite to move south, but only 29 halite was available
At command 2 of 5:
    1   m 2 w
>>> 2   m 4 s
    3   m 6 n
    4   m 8 w

warning: entity 8 was directed to use 20 halite to move west, but only 6 halite was available
At command 4 of 5:
    2   m 4 s
    3   m 6 n
>>> 4   m 8 w
    5   m 0 w


Turn 20
================================================================
warning: entity 0 was directed to use 34 halite to move east, but only 13 halite was available
At command 2 of 5:
    1   m 4 s
>>> 2   m 0 e
    3   m 8 w
    4   m 2 w

warning: owned entities 6, 0 collided on cell (12, 16) as the result of moves on this turn
At command 5 of 5:
    3   m 8 w
    4   m 2 w
>>> 5   m 6 n


Turn 23
================================================================
warning: entity 2 was directed to use 25 halite to move east, but only 19 halite was available
At command 3 of 3:
    1   m 4 e
    2   m 8 e
>>> 3   m 2 e


Turn 24
================================================================
warning: entity 8 was directed to use 15 halite to move east, but only 2 halite was available
At command 3 of 3:
    1   m 2 e
    2   m 4 e
>>> 3   m 8 e


Turn 27
================================================================
warning: entity 8 was directed to use 24 halite to move north, but only 20 halite was available
At command 1 of 3:
>>> 1   m 8 n
    2   m 2 s
    3   m 4 n

warning: entity 4 was directed to use 13 halite to move north, but only 1 halite was available
At command 3 of 3:
    1   m 8 n
    2   m 2 s
>>> 3   m 4 n


Turn 28
================================================================
warning: entity 2 was directed to use 21 halite to move north, but only 16 halite was available
At command 3 of 3:
    1   m 8 n
    2   m 4 n
>>> 3   m 2 n


Turn 30
================================================================
warning: entity 4 was directed to use 10 halite to move north, but only 6 halite was available
At command 1 of 3:
>>> 1   m 4 n
    2   m 2 e
    3   m 8 e


Turn 32
================================================================
warning: entity 8 was directed to use 38 halite to move east, but only 9 halite was available
At command 3 of 3:
    1   m 4 e
    2   m 2 e
>>> 3   m 8 e


Turn 33
================================================================
warning: entity 4 was directed to use 11 halite to move east, but only 5 halite was available
At command 2 of 3:
    1   m 8 e
>>> 2   m 4 e
    3   m 2 w

warning: entity 2 was directed to use 19 halite to move west, but only 8 halite was available
At command 3 of 3:
    1   m 8 e
    2   m 4 e
>>> 3   m 2 w


Turn 36
================================================================
warning: entity 4 was directed to use 35 halite to move east, but only 16 halite was available
At command 1 of 3:
>>> 1   m 4 e
    2   m 2 e
    3   m 8 w

warning: entity 8 was directed to use 38 halite to move west, but only 5 halite was available
At command 3 of 3:
    1   m 4 e
    2   m 2 e
>>> 3   m 8 w


Turn 37
================================================================
warning: entity 2 was directed to use 14 halite to move west, but only 10 halite was available
At command 3 of 3:
    1   m 4 e
    2   m 8 w
>>> 3   m 2 w


Turn 40
================================================================
warning: entity 4 was directed to use 36 halite to move west, but only 14 halite was available
At command 2 of 3:
    1   m 2 e
>>> 2   m 4 w
    3   m 8 e

warning: entity 8 was directed to use 35 halite to move east, but only 2 halite was available
At command 3 of 3:
    1   m 2 e
    2   m 4 w
>>> 3   m 8 e


Turn 41
================================================================
warning: entity 2 was directed to use 19 halite to move west, but only 6 halite was available
At command 3 of 3:
    1   m 4 w
    2   m 8 e
>>> 3   m 2 w


Turn 44
================================================================
warning: entity 4 was directed to use 36 halite to move west, but only 15 halite was available
At command 2 of 3:
    1   m 2 e
>>> 2   m 4 w
    3   m 8 n

warning: entity 8 was directed to use 35 halite to move north, but only 4 halite was available
At command 3 of 3:
    1   m 2 e
    2   m 4 w
>>> 3   m 8 n


Turn 46
================================================================
warning: entity 2 was directed to use 17 halite to move east, but only 2 halite was available
At command 1 of 3:
>>> 1   m 2 e
    2   m 4 n
    3   m 8 e


Turn 48
================================================================
warning: entity 4 was directed to use 28 halite to move north, but only 16 halite was available
At command 2 of 3:
    1   m 2 e
>>> 2   m 4 n
    3   m 8 s

warning: entity 8 was directed to use 36 halite to move south, but only 13 halite was available
At command 3 of 3:
    1   m 2 e
    2   m 4 n
>>> 3   m 8 s


Turn 50
================================================================
warning: entity 2 was directed to use 11 halite to move south, but only 8 halite was available
At command 2 of 3:
    1   m 4 w
>>> 2   m 2 s
    3   m 8 s

