
Turn 4
================================================================
warning: owned entities 3, 1 collided on cell (35, 23) as the result of moves on this turn
At command 2 of 2:
    1   m 1 o
>>> 2   m 3 n


Turn 8
================================================================
warning: owned entities 7, 5 collided on cell (35, 23) as the result of moves on this turn
At command 2 of 2:
    1   m 5 o
>>> 2   m 7 n


Turn 36
================================================================
warning: entity 9 was directed to use 14 halite to move north, but only 0 halite was available
At command 1 of 1:
>>> 1   m 9 n


Turn 66
================================================================
warning: entity 9 was directed to use 10 halite to move north, but only 0 halite was available
At command 1 of 2:
>>> 1   m 9 n
    2   g


Turn 68
================================================================
warning: entity 11 was directed to use 8 halite to move north, but only 0 halite was available
At command 2 of 2:
    1   m 9 s
>>> 2   m 11 n


Turn 69
================================================================
warning: entity 9 was directed to use 12 halite to move north, but only 9 halite was available
At command 1 of 2:
>>> 1   m 9 n
    2   m 11 e


Turn 105
================================================================
warning: entity 9 was directed to use 6 halite to move north, but only 0 halite was available
At command 2 of 3:
    1   m 11 s
>>> 2   m 9 n
    3   g


Turn 107
================================================================
warning: entity 9 was directed to use 14 halite to move north, but only 11 halite was available
At command 2 of 3:
    1   m 11 o
>>> 2   m 9 n
    3   m 13 n

warning: entity 13 was directed to use 4 halite to move north, but only 0 halite was available
At command 3 of 3:
    1   m 11 o
    2   m 9 n
>>> 3   m 13 n


Turn 109
================================================================
warning: entity 13 was directed to use 10 halite to move north, but only 9 halite was available
At command 3 of 3:
    1   m 11 s
    2   m 9 o
>>> 3   m 13 n


Turn 112
================================================================
warning: entity 11 was directed to use 3 halite to move north, but only 0 halite was available
At command 3 of 4:
    1   m 9 s
    2   m 13 o
>>> 3   m 11 n
    4   g


Turn 114
================================================================
warning: entity 11 was directed to use 11 halite to move north, but only 7 halite was available
At command 3 of 4:
    1   m 13 n
    2   m 9 o
>>> 3   m 11 n
    4   m 15 n

warning: entity 15 was directed to use 2 halite to move north, but only 0 halite was available
At command 4 of 4:
    2   m 9 o
    3   m 11 n
>>> 4   m 15 n


Turn 116
================================================================
warning: entity 15 was directed to use 8 halite to move north, but only 5 halite was available
At command 4 of 4:
    2   m 11 n
    3   m 13 n
>>> 4   m 15 n


Turn 119
================================================================
warning: entity 15 was directed to use 12 halite to move north, but only 8 halite was available
At command 4 of 4:
    2   m 11 o
    3   m 13 o
>>> 4   m 15 n


Turn 154
================================================================
warning: entity 9 was directed to use 1 halite to move north, but only 0 halite was available
At command 1 of 5:
>>> 1   m 9 n
    2   m 11 e
    3   m 15 o


Turn 156
================================================================
warning: entity 9 was directed to use 6 halite to move north, but only 4 halite was available
At command 2 of 5:
    1   m 15 o
>>> 2   m 9 n
    3   m 11 e
    4   m 13 w

warning: entity 17 was directed to use 1 halite to move north, but only 0 halite was available
At command 5 of 5:
    3   m 11 e
    4   m 13 w
>>> 5   m 17 n


Turn 158
================================================================
warning: entity 17 was directed to use 8 halite to move north, but only 4 halite was available
At command 5 of 5:
    3   m 11 e
    4   m 13 w
>>> 5   m 17 n


Turn 159
================================================================
warning: entity 9 was directed to use 14 halite to move north, but only 4 halite was available
At command 1 of 5:
>>> 1   m 9 n
    2   m 15 o
    3   m 11 e


Turn 161
================================================================
warning: entity 17 was directed to use 13 halite to move north, but only 5 halite was available
At command 5 of 5:
    3   m 15 w
    4   m 13 s
>>> 5   m 17 n


Turn 164
================================================================
warning: owned entities 13, 11 collided on cell (35, 23) as the result of moves on this turn
At command 3 of 5:
    1   m 9 w
    2   m 11 o
>>> 3   m 13 n
    4   m 15 w
    5   m 17 o


Turn 178
================================================================
warning: entity 15 was directed to use 10 halite to move north, but only 0 halite was available
At command 4 of 4:
    2   m 17 s
    3   m 18 w
>>> 4   m 15 n


Turn 182
================================================================
warning: entity 15 was directed to use 11 halite to move north, but only 3 halite was available
At command 3 of 4:
    1   m 9 o
    2   m 17 e
>>> 3   m 15 n
    4   m 18 n


Turn 200
================================================================
error: timed out after 2000 ms (when reading string)
Last input received was:


