
Turn 11
================================================================
warning: entity 9 was directed to use 12 halite to move east, but only 0 halite was available
At command 5 of 5:
    3   m 7 o
    4   m 1 o
>>> 5   m 9 e


Turn 17
================================================================
warning: entity 1 was directed to use 14 halite to move east, but only 0 halite was available
At command 1 of 5:
>>> 1   m 1 e
    2   m 9 o
    3   m 5 o

warning: owned entities 7, 1 collided on cell (48, 32) as the result of moves on this turn
At command 4 of 5:
    2   m 9 o
    3   m 5 o
>>> 4   m 7 w
    5   m 3 n


Turn 19
================================================================
warning: entity 3 was directed to use 12 halite to move west, but only 0 halite was available
At command 2 of 3:
    1   m 9 o
>>> 2   m 3 w
    3   m 5 n


Turn 21
================================================================
warning: entity 5 was directed to use 15 halite to move south, but only 0 halite was available
At command 3 of 4:
    1   m 9 o
    2   m 3 o
>>> 3   m 5 s
    4   g


Turn 23
================================================================
warning: entity 11 was directed to use 9 halite to move east, but only 0 halite was available
At command 4 of 4:
    2   m 3 o
    3   m 5 o
>>> 4   m 11 e


Turn 25
================================================================
warning: entity 9 was directed to use 7 halite to move east, but only 0 halite was available
At command 3 of 5:
    1   m 3 s
    2   m 5 o
>>> 3   m 9 e
    4   m 11 e
    5   g


Turn 27
================================================================
warning: entity 13 was directed to use 11 halite to move east, but only 0 halite was available
At command 5 of 6:
    3   m 11 o
    4   m 9 w
>>> 5   m 13 e
    6   g


Turn 28
================================================================
warning: entity 9 was directed to use 5 halite to move north, but only 2 halite was available
At command 4 of 6:
    2   m 3 o
    3   m 11 o
>>> 4   m 9 n
    5   m 13 e
    6   m 15 w


Turn 29
================================================================
warning: entity 15 was directed to use 9 halite to move west, but only 0 halite was available
At command 6 of 6:
    4   m 5 o
    5   m 13 s
>>> 6   m 15 w


Turn 39
================================================================
warning: entity 3 was directed to use 8 halite to move east, but only 0 halite was available
At command 5 of 7:
    3   m 9 o
    4   m 15 o
>>> 5   m 3 e
    6   m 11 o
    7   g


Turn 44
================================================================
warning: entity 5 was directed to use 6 halite to move west, but only 0 halite was available
At command 1 of 8:
>>> 1   m 5 w
    2   m 13 w
    3   m 3 o


Turn 46
================================================================
warning: entity 5 was directed to use 14 halite to move south, but only 12 halite was available
At command 6 of 8:
    4   m 17 e
    5   m 9 o
>>> 6   m 5 s
    7   m 13 n
    8   m 19 e

warning: entity 19 was directed to use 6 halite to move east, but only 0 halite was available
At command 8 of 8:
    6   m 5 s
    7   m 13 n
>>> 8   m 19 e


Turn 48
================================================================
warning: entity 11 was directed to use 11 halite to move east, but only 0 halite was available
At command 6 of 9:
    4   m 5 s
    5   m 13 n
>>> 6   m 11 e
    7   m 3 o
    8   m 19 s

warning: entity 19 was directed to use 13 halite to move south, but only 12 halite was available
At command 8 of 9:
    6   m 11 e
    7   m 3 o
>>> 8   m 19 s
    9   g


Turn 50
================================================================
error: timed out after 2000 ms (when reading string)
Last input received was:


