
Turn 3
================================================================
warning: entity 1 was directed to use 12 halite to move east, but only 0 halite was available
At command 1 of 2:
>>> 1   m 1 e
    2   g


Turn 5
================================================================
warning: entity 3 was directed to use 14 halite to move east, but only 0 halite was available
At command 2 of 3:
    1   m 1 o
>>> 2   m 3 e
    3   g


Turn 7
================================================================
warning: entity 5 was directed to use 6 halite to move south, but only 0 halite was available
At command 3 of 4:
    1   m 1 o
    2   m 3 o
>>> 3   m 5 s
    4   g


Turn 9
================================================================
warning: entity 7 was directed to use 11 halite to move north, but only 0 halite was available
At command 4 of 5:
    2   m 1 e
    3   m 5 o
>>> 4   m 7 n
    5   g


Turn 11
================================================================
warning: entity 9 was directed to use 9 halite to move north, but only 0 halite was available
At command 4 of 5:
    2   m 1 o
    3   m 3 e
>>> 4   m 9 n
    5   m 7 n


Turn 18
================================================================
warning: entity 9 was directed to use 14 halite to move east, but only 9 halite was available
At command 3 of 5:
    1   m 3 o
    2   m 5 e
>>> 3   m 9 e
    4   m 1 o
    5   m 7 o


Turn 37
================================================================
warning: entity 1 was directed to use 8 halite to move east, but only 0 halite was available
At command 4 of 5:
    2   m 7 w
    3   m 9 o
>>> 4   m 1 e
    5   m 3 w


Turn 40
================================================================
warning: entity 1 was directed to use 14 halite to move north, but only 3 halite was available
At command 1 of 5:
>>> 1   m 1 n
    2   m 9 w
    3   m 5 n


Turn 44
================================================================
warning: entity 1 was directed to use 12 halite to move east, but only 2 halite was available
At command 2 of 6:
    1   m 9 w
>>> 2   m 1 e
    3   m 5 n
    4   m 7 e

warning: entity 7 was directed to use 6 halite to move east, but only 0 halite was available
At command 4 of 6:
    2   m 1 e
    3   m 5 n
>>> 4   m 7 e
    5   m 3 s
    6   g


Turn 46
================================================================
warning: entity 11 was directed to use 4 halite to move east, but only 0 halite was available
At command 6 of 6:
    4   m 7 e
    5   m 5 n
>>> 6   m 11 e


Turn 47
================================================================
warning: entity 1 was directed to use 14 halite to move north, but only 10 halite was available
At command 2 of 6:
    1   m 3 e
>>> 2   m 1 n
    3   m 9 s
    4   m 7 n

warning: entity 7 was directed to use 14 halite to move north, but only 1 halite was available
At command 4 of 6:
    2   m 1 n
    3   m 9 s
>>> 4   m 7 n
    5   m 5 o
    6   m 11 e


Turn 48
================================================================
warning: entity 3 was directed to use 5 halite to move east, but only 0 halite was available
At command 5 of 7:
    3   m 7 n
    4   m 5 n
>>> 5   m 3 e
    6   m 11 e
    7   g


Turn 49
================================================================
warning: entity 11 was directed to use 11 halite to move east, but only 1 halite was available
At command 6 of 7:
    4   m 9 o
    5   m 7 n
>>> 6   m 11 e
    7   m 12 w


Turn 50
================================================================
warning: entity 3 was directed to use 12 halite to move north, but only 10 halite was available
At command 1 of 7:
>>> 1   m 3 n
    2   m 5 n
    3   m 1 o

warning: entity 12 was directed to use 2 halite to move north, but only 0 halite was available
At command 7 of 7:
    5   m 7 e
    6   m 11 e
>>> 7   m 12 n


Turn 51
================================================================
warning: entity 7 was directed to use 14 halite to move east, but only 3 halite was available
At command 5 of 7:
    3   m 9 o
    4   m 5 e
>>> 5   m 7 e
    6   m 11 e
    7   m 12 n


Turn 52
================================================================
warning: entity 5 was directed to use 3 halite to move north, but only 0 halite was available
At command 4 of 7:
    2   m 9 s
    3   m 7 e
>>> 4   m 5 n
    5   m 3 e
    6   m 12 n

warning: entity 11 was directed to use 14 halite to move east, but only 11 halite was available
At command 7 of 7:
    5   m 3 e
    6   m 12 n
>>> 7   m 11 e


Turn 53
================================================================
warning: entity 12 was directed to use 5 halite to move east, but only 3 halite was available
At command 7 of 7:
    5   m 7 e
    6   m 11 e
>>> 7   m 12 e


Turn 54
================================================================
warning: entity 9 was directed to use 2 halite to move north, but only 0 halite was available
At command 2 of 8:
    1   m 1 o
>>> 2   m 9 n
    3   m 5 e
    4   m 3 e

warning: entity 5 was directed to use 12 halite to move east, but only 8 halite was available
At command 3 of 8:
    1   m 1 o
    2   m 9 n
>>> 3   m 5 e
    4   m 3 e
    5   m 7 n

warning: entity 3 was directed to use 12 halite to move east, but only 10 halite was available
At command 4 of 8:
    2   m 9 n
    3   m 5 e
>>> 4   m 3 e
    5   m 7 n
    6   m 12 e


Turn 55
================================================================
warning: entity 7 was directed to use 11 halite to move north, but only 4 halite was available
At command 6 of 8:
    4   m 11 o
    5   m 3 e
>>> 6   m 7 n
    7   m 12 n
    8   m 14 s


Turn 56
================================================================
warning: entity 9 was directed to use 9 halite to move east, but only 5 halite was available
At command 1 of 9:
>>> 1   m 9 e
    2   m 1 o
    3   m 3 n

warning: entity 14 was directed to use 2 halite to move east, but only 0 halite was available
At command 8 of 9:
    6   m 5 e
    7   m 12 n
>>> 8   m 14 e
    9   g


Turn 58
================================================================
warning: entity 5 was directed to use 14 halite to move east, but only 6 halite was available
At command 4 of 9:
    2   m 12 n
    3   m 7 o
>>> 4   m 5 e
    5   m 11 n
    6   m 3 s

warning: entity 3 was directed to use 11 halite to move south, but only 9 halite was available
At command 6 of 9:
    4   m 5 e
    5   m 11 n
>>> 6   m 3 s
    7   m 9 e
    8   m 14 e

warning: entity 14 was directed to use 8 halite to move east, but only 5 halite was available
At command 8 of 9:
    6   m 3 s
    7   m 9 e
>>> 8   m 14 e
    9   m 16 n

warning: entity 16 was directed to use 2 halite to move north, but only 0 halite was available
At command 9 of 9:
    7   m 9 e
    8   m 14 e
>>> 9   m 16 n


Turn 60
================================================================
warning: entity 16 was directed to use 9 halite to move north, but only 5 halite was available
At command 9 of 9:
    7   m 9 o
    8   m 14 e
>>> 9   m 16 n


Turn 62
================================================================
warning: entity 5 was directed to use 12 halite to move east, but only 9 halite was available
At command 6 of 9:
    4   m 12 e
    5   m 9 n
>>> 6   m 5 e
    7   m 3 o
    8   m 16 n

warning: entity 14 was directed to use 10 halite to move east, but only 1 halite was available
At command 9 of 9:
    7   m 3 o
    8   m 16 n
>>> 9   m 14 e


Turn 64
================================================================
warning: entity 9 was directed to use 14 halite to move north, but only 11 halite was available
At command 7 of 9:
    5   m 11 o
    6   m 12 e
>>> 7   m 9 n
    8   m 14 e
    9   m 16 o


Turn 65
================================================================
warning: entity 14 was directed to use 13 halite to move east, but only 11 halite was available
At command 9 of 9:
    7   m 12 o
    8   m 16 e
>>> 9   m 14 e


Turn 69
================================================================
warning: entity 9 was directed to use 28 halite to move east, but only 2 halite was available
At command 8 of 9:
    6   m 5 e
    7   m 1 s
>>> 8   m 9 e
    9   m 16 n

warning: owned entities 5, 9 collided on cell (49, 24) as the result of moves on this turn
At command 6 of 9:
    4   m 14 o
    5   m 12 e
>>> 6   m 5 e
    7   m 1 s
    8   m 9 e


Turn 76
================================================================
warning: entity 16 was directed to use 12 halite to move east, but only 11 halite was available
At command 5 of 8:
    3   m 3 o
    4   m 11 o
>>> 5   m 16 e
    6   m 1 e
    7   m 7 w

warning: entity 1 was directed to use 1 halite to move east, but only 0 halite was available
At command 6 of 8:
    4   m 11 o
    5   m 16 e
>>> 6   m 1 e
    7   m 7 w
    8   g


Turn 78
================================================================
warning: entity 1 was directed to use 6 halite to move east, but only 4 halite was available
At command 5 of 8:
    3   m 7 w
    4   m 14 o
>>> 5   m 1 e
    6   m 16 o
    7   m 12 o

warning: entity 18 was directed to use 1 halite to move east, but only 0 halite was available
At command 8 of 8:
    6   m 16 o
    7   m 12 o
>>> 8   m 18 e


Turn 80
================================================================
warning: entity 18 was directed to use 6 halite to move east, but only 3 halite was available
At command 8 of 8:
    6   m 11 w
    7   m 1 o
>>> 8   m 18 e


Turn 83
================================================================
warning: entity 18 was directed to use 11 halite to move east, but only 5 halite was available
At command 8 of 8:
    6   m 1 e
    7   m 7 s
>>> 8   m 18 e


Turn 86
================================================================
warning: entity 7 was directed to use 1 halite to move east, but only 0 halite was available
At command 4 of 8:
    2   m 1 e
    3   m 11 w
>>> 4   m 7 e
    5   m 16 o
    6   m 3 w


Turn 87
================================================================
warning: entity 18 was directed to use 11 halite to move north, but only 0 halite was available
At command 8 of 8:
    6   m 1 n
    7   m 11 w
>>> 8   m 18 n


Turn 88
================================================================
warning: entity 7 was directed to use 5 halite to move east, but only 3 halite was available
At command 4 of 8:
    2   m 16 o
    3   m 12 o
>>> 4   m 7 e
    5   m 3 w
    6   m 1 n


Turn 90
================================================================
warning: entity 1 was directed to use 12 halite to move north, but only 2 halite was available
At command 7 of 8:
    5   m 7 e
    6   m 3 s
>>> 7   m 1 n
    8   m 18 n


Turn 91
================================================================
warning: entity 7 was directed to use 8 halite to move east, but only 2 halite was available
At command 4 of 8:
    2   m 1 n
    3   m 12 o
>>> 4   m 7 e
    5   m 16 e
    6   m 11 s


Turn 93
================================================================
warning: entity 11 was directed to use 1 halite to move east, but only 0 halite was available
At command 7 of 8:
    5   m 14 o
    6   m 3 s
>>> 7   m 11 e
    8   m 16 n


Turn 94
================================================================
warning: entity 7 was directed to use 10 halite to move south, but only 5 halite was available
At command 5 of 8:
    3   m 11 e
    4   m 3 e
>>> 5   m 7 s
    6   m 12 w
    7   m 18 o


Turn 95
================================================================
warning: entity 11 was directed to use 6 halite to move east, but only 4 halite was available
At command 7 of 9:
    5   m 16 o
    6   m 3 s
>>> 7   m 11 e
    8   m 12 w
    9   g

warning: owned entities 3, 11 collided on cell (42, 29) as the result of moves on this turn
At command 6 of 9:
    4   m 18 n
    5   m 16 o
>>> 6   m 3 s
    7   m 11 e
    8   m 12 w


Turn 97
================================================================
warning: entity 20 was directed to use 1 halite to move east, but only 0 halite was available
At command 7 of 8:
    5   m 12 w
    6   m 14 w
>>> 7   m 20 e
    8   g


Turn 99
================================================================
warning: entity 20 was directed to use 6 halite to move east, but only 4 halite was available
At command 7 of 8:
    5   m 16 e
    6   m 14 w
>>> 7   m 20 e
    8   m 21 e


Turn 100
================================================================
warning: entity 21 was directed to use 3 halite to move east, but only 0 halite was available
At command 8 of 8:
    6   m 14 w
    7   m 20 e
>>> 8   m 21 e


Turn 102
================================================================
warning: entity 21 was directed to use 11 halite to move south, but only 8 halite was available
At command 7 of 8:
    5   m 18 s
    6   m 14 w
>>> 7   m 21 s
    8   m 20 e

warning: entity 20 was directed to use 12 halite to move east, but only 8 halite was available
At command 8 of 8:
    6   m 14 w
    7   m 21 s
>>> 8   m 20 e


Turn 103
================================================================
warning: entity 18 was directed to use 12 halite to move east, but only 9 halite was available
At command 3 of 8:
    1   m 1 e
    2   m 16 o
>>> 3   m 18 e
    4   m 7 o
    5   m 12 w


Turn 107
================================================================
warning: entity 21 was directed to use 12 halite to move north, but only 5 halite was available
At command 8 of 8:
    6   m 14 s
    7   m 18 o
>>> 8   m 21 n


Turn 110
================================================================
warning: entity 14 was directed to use 1 halite to move east, but only 0 halite was available
At command 6 of 9:
    4   m 7 e
    5   m 1 e
>>> 6   m 14 e
    7   m 16 w
    8   m 21 n


Turn 111
================================================================
warning: entity 21 was directed to use 13 halite to move east, but only 8 halite was available
At command 8 of 9:
    6   m 7 e
    7   m 1 n
>>> 8   m 21 e
    9   m 25 e


Turn 112
================================================================
warning: entity 20 was directed to use 12 halite to move east, but only 7 halite was available
At command 4 of 9:
    2   m 18 e
    3   m 16 w
>>> 4   m 20 e
    5   m 14 n
    6   m 7 e

warning: entity 14 was directed to use 5 halite to move north, but only 4 halite was available
At command 5 of 9:
    3   m 16 w
    4   m 20 e
>>> 5   m 14 n
    6   m 7 e
    7   m 1 n


Turn 113
================================================================
warning: entity 25 was directed to use 2 halite to move east, but only 0 halite was available
At command 9 of 9:
    7   m 1 e
    8   m 21 e
>>> 9   m 25 e


Turn 115
================================================================
warning: entity 25 was directed to use 8 halite to move east, but only 5 halite was available
At command 8 of 10:
    6   m 12 e
    7   m 14 o
>>> 8   m 25 e
    9   m 21 e
    10   g

warning: entity 21 was directed to use 13 halite to move east, but only 10 halite was available
At command 9 of 10:
    7   m 14 o
    8   m 25 e
>>> 9   m 21 e
    10   g


Turn 116
================================================================
warning: entity 20 was directed to use 14 halite to move east, but only 8 halite was available
At command 6 of 10:
    4   m 18 e
    5   m 1 e
>>> 6   m 20 e
    7   m 16 w
    8   m 12 e

warning: entity 12 was directed to use 3 halite to move east, but only 0 halite was available
At command 8 of 10:
    6   m 20 e
    7   m 16 w
>>> 8   m 12 e
    9   m 25 e
    10   m 26 s


Turn 118
================================================================
warning: entity 12 was directed to use 10 halite to move east, but only 8 halite was available
At command 2 of 10:
    1   m 7 s
>>> 2   m 12 e
    3   m 20 o
    4   m 21 o

warning: entity 26 was directed to use 9 halite to move south, but only 0 halite was available
At command 10 of 10:
    8   m 1 s
    9   m 25 o
>>> 10   m 26 s


Turn 122
================================================================
warning: entity 12 was directed to use 10 halite to move east, but only 9 halite was available
At command 5 of 10:
    3   m 18 o
    4   m 14 e
>>> 5   m 12 e
    6   m 21 e
    7   m 7 o

warning: entity 26 was directed to use 11 halite to move south, but only 1 halite was available
At command 10 of 10:
    8   m 16 s
    9   m 25 n
>>> 10   m 26 s


Turn 123
================================================================
warning: entity 25 was directed to use 14 halite to move north, but only 10 halite was available
At command 10 of 10:
    8   m 16 s
    9   m 26 s
>>> 10   m 25 n

warning: owned entities 14, 25 collided on cell (48, 26) as the result of moves on this turn
At command 7 of 10:
    5   m 1 o
    6   m 20 e
>>> 7   m 14 e
    8   m 16 s
    9   m 26 s


Turn 124
================================================================
warning: entity 21 was directed to use 13 halite to move north, but only 1 halite was available
At command 4 of 8:
    2   m 7 e
    3   m 1 o
>>> 4   m 21 n
    5   m 20 e
    6   m 12 e


Turn 125
================================================================
warning: entity 16 was directed to use 7 halite to move south, but only 0 halite was available
At command 7 of 8:
    5   m 7 o
    6   m 20 s
>>> 7   m 16 s
    8   m 26 w


Turn 126
================================================================
warning: entity 26 was directed to use 5 halite to move south, but only 3 halite was available
At command 8 of 8:
    6   m 1 w
    7   m 12 o
>>> 8   m 26 s


Turn 128
================================================================
warning: entity 16 was directed to use 7 halite to move south, but only 4 halite was available
At command 6 of 8:
    4   m 20 s
    5   m 12 n
>>> 6   m 16 s
    7   m 1 w
    8   m 26 s


Turn 130
================================================================
warning: entity 12 was directed to use 13 halite to move east, but only 11 halite was available
At command 7 of 8:
    5   m 16 s
    6   m 20 e
>>> 7   m 12 e
    8   m 1 w


Turn 131
================================================================
warning: entity 16 was directed to use 11 halite to move south, but only 9 halite was available
At command 7 of 8:
    5   m 7 e
    6   m 20 s
>>> 7   m 16 s
    8   m 1 w


Turn 139
================================================================
warning: entity 12 was directed to use 12 halite to move north, but only 1 halite was available
At command 5 of 6:
    3   m 1 w
    4   m 16 w
>>> 5   m 12 n
    6   m 18 w


Turn 148
================================================================
warning: entity 1 was directed to use 5 halite to move south, but only 0 halite was available
At command 5 of 7:
    3   m 16 o
    4   m 26 e
>>> 5   m 1 s
    6   m 18 s
    7   m 29 s


Turn 150
================================================================
warning: entity 29 was directed to use 5 halite to move east, but only 0 halite was available
At command 6 of 6:
    4   m 18 s
    5   m 26 n
>>> 6   m 29 e


Turn 151
================================================================
warning: entity 1 was directed to use 5 halite to move south, but only 0 halite was available
At command 5 of 6:
    3   m 26 n
    4   m 18 s
>>> 5   m 1 s
    6   m 29 e


Turn 153
================================================================
warning: entity 29 was directed to use 9 halite to move south, but only 2 halite was available
At command 5 of 5:
    3   m 18 s
    4   m 1 s
>>> 5   m 29 s


Turn 154
================================================================
warning: entity 1 was directed to use 8 halite to move east, but only 2 halite was available
At command 4 of 5:
    2   m 26 o
    3   m 18 s
>>> 4   m 1 e
    5   m 29 s


Turn 156
================================================================
warning: entity 18 was directed to use 4 halite to move east, but only 0 halite was available
At command 4 of 6:
    2   m 16 o
    3   m 1 e
>>> 4   m 18 e
    5   m 29 s
    6   m 30 s


Turn 157
================================================================
warning: entity 1 was directed to use 13 halite to move south, but only 12 halite was available
At command 4 of 6:
    2   m 18 e
    3   m 26 n
>>> 4   m 1 s
    5   m 29 s
    6   m 30 e


Turn 158
================================================================
warning: entity 18 was directed to use 10 halite to move east, but only 8 halite was available
At command 3 of 6:
    1   m 16 o
    2   m 1 s
>>> 3   m 18 e
    4   m 26 n
    5   m 30 e

warning: entity 30 was directed to use 3 halite to move east, but only 0 halite was available
At command 5 of 6:
    3   m 18 e
    4   m 26 n
>>> 5   m 30 e
    6   m 29 s

warning: entity 29 was directed to use 14 halite to move south, but only 0 halite was available
At command 6 of 6:
    4   m 26 n
    5   m 30 e
>>> 6   m 29 s


Turn 161
================================================================
warning: entity 30 was directed to use 7 halite to move east, but only 0 halite was available
At command 6 of 6:
    4   m 18 s
    5   m 16 e
>>> 6   m 30 e


Turn 164
================================================================
warning: entity 30 was directed to use 7 halite to move east, but only 6 halite was available
At command 6 of 7:
    4   m 16 n
    5   m 1 o
>>> 6   m 30 e
    7   g


Turn 165
================================================================
warning: entity 26 was directed to use 3 halite to move south, but only 0 halite was available
At command 3 of 7:
    1   m 1 o
    2   m 16 n
>>> 3   m 26 s
    4   m 18 e
    5   m 29 e


Turn 166
================================================================
warning: entity 32 was directed to use 1 halite to move south, but only 0 halite was available
At command 7 of 7:
    5   m 18 o
    6   m 30 e
>>> 7   m 32 s


Turn 167
================================================================
warning: entity 26 was directed to use 10 halite to move south, but only 6 halite was available
At command 2 of 7:
    1   m 18 s
>>> 2   m 26 s
    3   m 1 s
    4   m 16 n


Turn 168
================================================================
warning: entity 30 was directed to use 12 halite to move east, but only 0 halite was available
At command 6 of 7:
    4   m 1 o
    5   m 18 e
>>> 6   m 30 e
    7   m 32 w

warning: entity 32 was directed to use 7 halite to move west, but only 4 halite was available
At command 7 of 7:
    5   m 18 e
    6   m 30 e
>>> 7   m 32 w


Turn 172
================================================================
warning: entity 18 was directed to use 13 halite to move east, but only 6 halite was available
At command 5 of 7:
    3   m 26 s
    4   m 16 n
>>> 5   m 18 e
    6   m 30 o
    7   m 32 s


Turn 173
================================================================
warning: entity 26 was directed to use 14 halite to move south, but only 1 halite was available
At command 4 of 7:
    2   m 18 e
    3   m 29 w
>>> 4   m 26 s
    5   m 16 n
    6   m 30 s

warning: entity 32 was directed to use 9 halite to move south, but only 8 halite was available
At command 7 of 7:
    5   m 16 n
    6   m 30 s
>>> 7   m 32 s


Turn 176
================================================================
warning: entity 30 was directed to use 10 halite to move east, but only 5 halite was available
At command 7 of 7:
    5   m 16 n
    6   m 32 o
>>> 7   m 30 e


Turn 177
================================================================
warning: entity 26 was directed to use 13 halite to move south, but only 0 halite was available
At command 4 of 7:
    2   m 1 o
    3   m 18 e
>>> 4   m 26 s
    5   m 16 n
    6   m 32 s


Turn 179
================================================================
warning: entity 16 was directed to use 2 halite to move north, but only 0 halite was available
At command 5 of 7:
    3   m 26 s
    4   m 18 e
>>> 5   m 16 n
    6   m 30 e
    7   m 32 s

warning: entity 30 was directed to use 13 halite to move east, but only 12 halite was available
At command 6 of 7:
    4   m 18 e
    5   m 16 n
>>> 6   m 30 e
    7   m 32 s


Turn 181
================================================================
warning: entity 16 was directed to use 10 halite to move north, but only 5 halite was available
At command 5 of 7:
    3   m 18 o
    4   m 1 o
>>> 5   m 16 n
    6   m 32 s
    7   m 30 e


Turn 184
================================================================
warning: entity 30 was directed to use 21 halite to move south, but only 0 halite was available
At command 6 of 7:
    4   m 26 w
    5   m 16 n
>>> 6   m 30 s
    7   m 32 s

warning: owned entities 18, 30 collided on cell (1, 33) as the result of moves on this turn
At command 3 of 7:
    1   m 29 s
    2   m 1 w
>>> 3   m 18 e
    4   m 26 w
    5   m 16 n


Turn 185
================================================================
warning: entity 16 was directed to use 10 halite to move east, but only 6 halite was available
At command 1 of 5:
>>> 1   m 16 e
    2   m 29 w
    3   m 1 w


Turn 186
================================================================
warning: entity 32 was directed to use 14 halite to move south, but only 4 halite was available
At command 5 of 5:
    3   m 26 o
    4   m 29 o
>>> 5   m 32 s


Turn 189
================================================================
warning: entity 16 was directed to use 12 halite to move north, but only 2 halite was available
At command 3 of 5:
    1   m 26 w
    2   m 29 o
>>> 3   m 16 n
    4   m 1 e
    5   m 32 o


Turn 197
================================================================
warning: entity 16 was directed to use 12 halite to move north, but only 7 halite was available
At command 4 of 5:
    2   m 29 n
    3   m 32 o
>>> 4   m 16 n
    5   m 1 n

