
Turn 5
================================================================
warning: entity 2 was directed to use 13 halite to move south, but only 0 halite was available
At command 1 of 3:
>>> 1   m 2 s
    2   m 0 s
    3   g

warning: owned entities 0, 2 collided on cell (11, 24) as the result of moves on this turn
At command 2 of 3:
    1   m 2 s
>>> 2   m 0 s
    3   g


Turn 7
================================================================
warning: entity 4 was directed to use 15 halite to move south, but only 0 halite was available
At command 1 of 2:
>>> 1   m 4 s
    2   g


Turn 9
================================================================
warning: entity 6 was directed to use 12 halite to move west, but only 0 halite was available
At command 2 of 3:
    1   m 4 s
>>> 2   m 6 w
    3   g


Turn 10
================================================================
warning: entity 4 was directed to use 15 halite to move west, but only 14 halite was available
At command 2 of 3:
    1   m 8 w
>>> 2   m 4 w
    3   m 6 w


Turn 11
================================================================
warning: entity 8 was directed to use 11 halite to move south, but only 0 halite was available
At command 2 of 3:
    1   m 6 s
>>> 2   m 8 s
    3   m 4 w


Turn 12
================================================================
warning: entity 6 was directed to use 11 halite to move west, but only 8 halite was available
At command 2 of 3:
    1   m 4 o
>>> 2   m 6 w
    3   m 8 s


Turn 13
================================================================
error: failed to decode bot message: "T" (at position 1)
Last input received was:
Traceback (most recent call last):
  File "MyBot.py", line 166, in <module>
    ships.remove(me.get_ship(id))
ValueError: list.remove(x): x not in list

