
Turn 5
================================================================
warning: entity 3 was directed to use 10 halite to move south, but only 0 halite was available
At command 2 of 3:
    1   m 1 s
>>> 2   m 3 s
    3   g


Turn 7
================================================================
warning: entity 5 was directed to use 14 halite to move east, but only 0 halite was available
At command 2 of 4:
    1   m 1 o
>>> 2   m 5 e
    3   m 3 s
    4   g


Turn 8
================================================================
warning: entity 3 was directed to use 13 halite to move east, but only 5 halite was available
At command 3 of 4:
    1   m 1 o
    2   m 5 e
>>> 3   m 3 e
    4   m 7 s


Turn 9
================================================================
warning: entity 7 was directed to use 7 halite to move south, but only 0 halite was available
At command 4 of 5:
    2   m 3 e
    3   m 5 s
>>> 4   m 7 s
    5   g


Turn 10
================================================================
warning: owned entities 1, 3 collided on cell (42, 31) as the result of moves on this turn
At command 1 of 5:
>>> 1   m 1 s
    2   m 3 o
    3   m 7 s


Turn 11
================================================================
warning: entity 9 was directed to use 10 halite to move south, but only 0 halite was available
At command 1 of 3:
>>> 1   m 9 s
    2   m 5 s
    3   m 7 e

warning: entity 5 was directed to use 12 halite to move south, but only 1 halite was available
At command 2 of 3:
    1   m 9 s
>>> 2   m 5 s
    3   m 7 e


Turn 12
================================================================
warning: entity 7 was directed to use 12 halite to move south, but only 1 halite was available
At command 3 of 3:
    1   m 9 s
    2   m 5 s
>>> 3   m 7 s


Turn 14
================================================================
warning: entity 9 was directed to use 14 halite to move east, but only 8 halite was available
At command 3 of 3:
    1   m 7 o
    2   m 5 o
>>> 3   m 9 e


Turn 33
================================================================
warning: entity 7 was directed to use 5 halite to move west, but only 0 halite was available
At command 3 of 3:
    1   m 9 o
    2   m 5 o
>>> 3   m 7 w


Turn 36
================================================================
warning: entity 7 was directed to use 13 halite to move west, but only 3 halite was available
At command 2 of 3:
    1   m 9 w
>>> 2   m 7 w
    3   m 5 n


Turn 38
================================================================
warning: entity 5 was directed to use 8 halite to move east, but only 0 halite was available
At command 3 of 4:
    1   m 7 o
    2   m 9 o
>>> 3   m 5 e
    4   g


Turn 40
================================================================
warning: entity 11 was directed to use 8 halite to move south, but only 0 halite was available
At command 4 of 4:
    2   m 9 o
    3   m 5 n
>>> 4   m 11 s


Turn 43
================================================================
warning: entity 11 was directed to use 10 halite to move south, but only 8 halite was available
At command 4 of 4:
    2   m 5 e
    3   m 9 o
>>> 4   m 11 s


Turn 45
================================================================
warning: entity 5 was directed to use 13 halite to move south, but only 5 halite was available
At command 2 of 4:
    1   m 9 o
>>> 2   m 5 s
    3   m 7 w
    4   m 11 o


Turn 50
================================================================
error: timed out after 2000 ms (when reading string)
Last input received was:


