
Turn 3
================================================================
warning: entity 1 was directed to use 2 halite to move north, but only 0 halite was available
At command 1 of 2:
>>> 1   m 1 n
    2   g


Turn 5
================================================================
warning: entity 3 was directed to use 1 halite to move north, but only 0 halite was available
At command 2 of 3:
    1   m 1 n
>>> 2   m 3 n
    3   g


Turn 7
================================================================
warning: entity 1 was directed to use 9 halite to move north, but only 0 halite was available
At command 1 of 4:
>>> 1   m 1 n
    2   m 3 n
    3   m 5 n

warning: entity 5 was directed to use 1 halite to move north, but only 0 halite was available
At command 3 of 4:
    1   m 1 n
    2   m 3 n
>>> 3   m 5 n
    4   g


Turn 8
================================================================
warning: entity 3 was directed to use 2 halite to move north, but only 1 halite was available
At command 3 of 4:
    1   m 1 e
    2   m 5 n
>>> 3   m 3 n
    4   m 7 n


Turn 10
================================================================
warning: entity 5 was directed to use 3 halite to move north, but only 2 halite was available
At command 4 of 5:
    2   m 3 o
    3   m 9 n
>>> 4   m 5 n
    5   m 7 n

warning: entity 7 was directed to use 1 halite to move north, but only 0 halite was available
At command 5 of 5:
    3   m 9 n
    4   m 5 n
>>> 5   m 7 n


Turn 12
================================================================
warning: entity 9 was directed to use 1 halite to move north, but only 0 halite was available
At command 3 of 5:
    1   m 1 n
    2   m 3 o
>>> 3   m 9 n
    4   m 5 w
    5   m 7 n

warning: entity 7 was directed to use 4 halite to move north, but only 3 halite was available
At command 5 of 5:
    3   m 9 n
    4   m 5 w
>>> 5   m 7 n


Turn 13
================================================================
warning: entity 5 was directed to use 14 halite to move north, but only 8 halite was available
At command 5 of 5:
    3   m 9 e
    4   m 7 n
>>> 5   m 5 n


Turn 15
================================================================
warning: entity 9 was directed to use 12 halite to move north, but only 2 halite was available
At command 4 of 5:
    2   m 3 n
    3   m 1 n
>>> 4   m 9 n
    5   m 7 n

warning: entity 7 was directed to use 9 halite to move north, but only 5 halite was available
At command 5 of 5:
    3   m 1 n
    4   m 9 n
>>> 5   m 7 n


Turn 20
================================================================
warning: entity 9 was directed to use 7 halite to move north, but only 1 halite was available
At command 5 of 5:
    3   m 7 w
    4   m 5 o
>>> 5   m 9 n


Turn 23
================================================================
warning: entity 7 was directed to use 8 halite to move north, but only 0 halite was available
At command 4 of 5:
    2   m 3 o
    3   m 5 w
>>> 4   m 7 n
    5   m 9 n

warning: entity 9 was directed to use 13 halite to move north, but only 4 halite was available
At command 5 of 5:
    3   m 5 w
    4   m 7 n
>>> 5   m 9 n


Turn 26
================================================================
warning: entity 9 was directed to use 15 halite to move north, but only 14 halite was available
At command 5 of 5:
    3   m 3 o
    4   m 1 s
>>> 5   m 9 n


Turn 71
================================================================
warning: entity 5 was directed to use 3 halite to move north, but only 0 halite was available
At command 5 of 5:
    3   m 7 n
    4   m 3 o
>>> 5   m 5 n


Turn 73
================================================================
warning: entity 5 was directed to use 9 halite to move north, but only 7 halite was available
At command 4 of 5:
    2   m 1 w
    3   m 9 e
>>> 4   m 5 n
    5   m 7 n


Turn 78
================================================================
warning: entity 5 was directed to use 7 halite to move north, but only 0 halite was available
At command 5 of 5:
    3   m 1 o
    4   m 9 s
>>> 5   m 5 n


Turn 81
================================================================
warning: entity 5 was directed to use 9 halite to move north, but only 8 halite was available
At command 5 of 5:
    3   m 9 s
    4   m 7 e
>>> 5   m 5 n


Turn 92
================================================================
warning: entity 9 was directed to use 2 halite to move north, but only 0 halite was available
At command 4 of 6:
    2   m 5 o
    3   m 3 o
>>> 4   m 9 n
    5   m 1 w
    6   m 11 n


Turn 94
================================================================
warning: entity 9 was directed to use 7 halite to move north, but only 5 halite was available
At command 3 of 6:
    1   m 5 o
    2   m 3 o
>>> 3   m 9 n
    4   m 1 o
    5   m 7 e

warning: entity 11 was directed to use 2 halite to move north, but only 0 halite was available
At command 6 of 6:
    4   m 1 o
    5   m 7 e
>>> 6   m 11 n


Turn 96
================================================================
warning: entity 11 was directed to use 5 halite to move north, but only 4 halite was available
At command 6 of 6:
    4   m 9 e
    5   m 7 o
>>> 6   m 11 n


Turn 98
================================================================
warning: entity 9 was directed to use 4 halite to move north, but only 3 halite was available
At command 3 of 6:
    1   m 5 n
    2   m 1 e
>>> 3   m 9 n
    4   m 7 e
    5   m 3 s


Turn 99
================================================================
warning: entity 11 was directed to use 5 halite to move north, but only 4 halite was available
At command 6 of 6:
    4   m 7 e
    5   m 3 s
>>> 6   m 11 n


Turn 100
================================================================
warning: entity 9 was directed to use 14 halite to move north, but only 11 halite was available
At command 3 of 6:
    1   m 5 o
    2   m 3 n
>>> 3   m 9 n
    4   m 1 e
    5   m 7 o


Turn 103
================================================================
warning: entity 3 was directed to use 1 halite to move north, but only 0 halite was available
At command 5 of 7:
    3   m 1 e
    4   m 9 s
>>> 5   m 3 n
    6   m 13 n
    7   m 11 n

warning: entity 11 was directed to use 3 halite to move north, but only 2 halite was available
At command 7 of 7:
    5   m 3 n
    6   m 13 n
>>> 7   m 11 n


Turn 105
================================================================
warning: entity 9 was directed to use 13 halite to move north, but only 8 halite was available
At command 2 of 7:
    1   m 7 s
>>> 2   m 9 n
    3   m 1 e
    4   m 3 n

warning: entity 11 was directed to use 12 halite to move north, but only 10 halite was available
At command 6 of 7:
    4   m 3 n
    5   m 5 o
>>> 6   m 11 n
    7   m 13 n

warning: entity 13 was directed to use 1 halite to move north, but only 0 halite was available
At command 7 of 7:
    5   m 5 o
    6   m 11 n
>>> 7   m 13 n


Turn 106
================================================================
warning: entity 3 was directed to use 8 halite to move north, but only 0 halite was available
At command 3 of 7:
    1   m 1 n
    2   m 9 s
>>> 3   m 3 n
    4   m 5 o
    5   m 7 s


Turn 108
================================================================
warning: entity 13 was directed to use 6 halite to move north, but only 0 halite was available
At command 7 of 7:
    5   m 3 o
    6   m 11 o
>>> 7   m 13 n


Turn 111
================================================================
warning: entity 13 was directed to use 11 halite to move north, but only 2 halite was available
At command 7 of 7:
    5   m 11 s
    6   m 7 n
>>> 7   m 13 n


Turn 114
================================================================
warning: entity 3 was directed to use 11 halite to move north, but only 10 halite was available
At command 1 of 7:
>>> 1   m 3 n
    2   m 11 w
    3   m 7 n


Turn 115
================================================================
warning: entity 13 was directed to use 12 halite to move north, but only 4 halite was available
At command 7 of 7:
    5   m 5 w
    6   m 7 n
>>> 7   m 13 n


Turn 119
================================================================
warning: entity 1 was directed to use 2 halite to move north, but only 0 halite was available
At command 1 of 8:
>>> 1   m 1 n
    2   m 9 s
    3   m 3 o

warning: entity 13 was directed to use 12 halite to move north, but only 3 halite was available
At command 8 of 8:
    6   m 5 w
    7   m 15 n
>>> 8   m 13 n


Turn 121
================================================================
warning: entity 1 was directed to use 7 halite to move north, but only 5 halite was available
At command 1 of 8:
>>> 1   m 1 n
    2   m 9 o
    3   m 3 s

warning: entity 15 was directed to use 1 halite to move north, but only 0 halite was available
At command 7 of 8:
    5   m 7 e
    6   m 5 w
>>> 7   m 15 n
    8   m 13 o


Turn 123
================================================================
warning: entity 15 was directed to use 7 halite to move north, but only 3 halite was available
At command 7 of 8:
    5   m 7 e
    6   m 5 w
>>> 7   m 15 n
    8   m 13 e


Turn 124
================================================================
warning: entity 1 was directed to use 11 halite to move north, but only 8 halite was available
At command 4 of 8:
    2   m 11 o
    3   m 7 e
>>> 4   m 1 n
    5   m 9 w
    6   m 5 n


Turn 127
================================================================
warning: entity 15 was directed to use 6 halite to move north, but only 4 halite was available
At command 8 of 9:
    6   m 5 n
    7   m 17 n
>>> 8   m 15 n
    9   m 13 e


Turn 128
================================================================
warning: entity 5 was directed to use 1 halite to move north, but only 0 halite was available
At command 4 of 9:
    2   m 11 o
    3   m 1 n
>>> 4   m 5 n
    5   m 9 n
    6   m 7 s


Turn 130
================================================================
warning: entity 5 was directed to use 5 halite to move north, but only 3 halite was available
At command 4 of 9:
    2   m 13 o
    3   m 3 o
>>> 4   m 5 n
    5   m 1 e
    6   m 9 n

warning: entity 15 was directed to use 12 halite to move north, but only 5 halite was available
At command 8 of 9:
    6   m 9 n
    7   m 7 s
>>> 8   m 15 n
    9   m 17 n

warning: owned entities 17, 5 collided on cell (41, 23) as the result of moves on this turn
At command 9 of 9:
    7   m 7 s
    8   m 15 n
>>> 9   m 17 n


Turn 133
================================================================
warning: entity 1 was directed to use 12 halite to move north, but only 10 halite was available
At command 3 of 7:
    1   m 3 o
    2   m 13 o
>>> 3   m 1 n
    4   m 11 w
    5   m 7 s


Turn 137
================================================================
warning: entity 9 was directed to use 5 halite to move north, but only 0 halite was available
At command 5 of 7:
    3   m 11 n
    4   m 1 e
>>> 5   m 9 n
    6   m 7 o
    7   m 15 o


Turn 140
================================================================
warning: entity 9 was directed to use 8 halite to move north, but only 2 halite was available
At command 3 of 7:
    1   m 13 o
    2   m 3 w
>>> 3   m 9 n
    4   m 11 n
    5   m 7 s


Turn 143
================================================================
warning: entity 9 was directed to use 9 halite to move north, but only 6 halite was available
At command 4 of 8:
    2   m 7 o
    3   m 11 n
>>> 4   m 9 n
    5   m 1 n
    6   m 3 n

warning: entity 1 was directed to use 2 halite to move north, but only 0 halite was available
At command 5 of 8:
    3   m 11 n
    4   m 9 n
>>> 5   m 1 n
    6   m 3 n
    7   m 15 w

warning: owned entities 11, 7 collided on cell (41, 25) as the result of moves on this turn
At command 3 of 8:
    1   m 13 o
    2   m 7 o
>>> 3   m 11 n
    4   m 9 n
    5   m 1 n


Turn 144
================================================================
warning: entity 15 was directed to use 11 halite to move north, but only 1 halite was available
At command 5 of 6:
    3   m 1 e
    4   m 3 n
>>> 5   m 15 n
    6   m 19 n


Turn 145
================================================================
warning: entity 1 was directed to use 10 halite to move north, but only 6 halite was available
At command 3 of 6:
    1   m 13 o
    2   m 9 s
>>> 3   m 1 n
    4   m 3 n
    5   m 15 w


Turn 148
================================================================
warning: entity 9 was directed to use 6 halite to move north, but only 0 halite was available
At command 4 of 7:
    2   m 1 n
    3   m 13 o
>>> 4   m 9 n
    5   m 3 n
    6   m 15 n

warning: entity 15 was directed to use 11 halite to move north, but only 0 halite was available
At command 6 of 7:
    4   m 9 n
    5   m 3 n
>>> 6   m 15 n
    7   m 21 n

warning: owned entities 3, 19 collided on cell (41, 25) as the result of moves on this turn
At command 5 of 7:
    3   m 13 o
    4   m 9 n
>>> 5   m 3 n
    6   m 15 n
    7   m 21 n


Turn 151
================================================================
warning: entity 9 was directed to use 10 halite to move north, but only 3 halite was available
At command 3 of 5:
    1   m 1 n
    2   m 13 s
>>> 3   m 9 n
    4   m 21 o
    5   m 15 n

warning: entity 15 was directed to use 12 halite to move north, but only 9 halite was available
At command 5 of 5:
    3   m 9 n
    4   m 21 o
>>> 5   m 15 n


Turn 156
================================================================
warning: entity 9 was directed to use 8 halite to move north, but only 6 halite was available
At command 5 of 5:
    3   m 13 e
    4   m 1 o
>>> 5   m 9 n


Turn 159
================================================================
warning: entity 9 was directed to use 12 halite to move north, but only 8 halite was available
At command 3 of 5:
    1   m 1 w
    2   m 13 o
>>> 3   m 9 n
    4   m 15 o
    5   m 21 w


Turn 163
================================================================
warning: entity 9 was directed to use 13 halite to move north, but only 5 halite was available
At command 5 of 5:
    3   m 21 w
    4   m 13 w
>>> 5   m 9 n


Turn 167
================================================================
warning: entity 9 was directed to use 13 halite to move north, but only 3 halite was available
At command 3 of 5:
    1   m 1 o
    2   m 13 w
>>> 3   m 9 n
    4   m 15 e
    5   m 21 s


Turn 190
================================================================
warning: entity 13 was directed to use 10 halite to move north, but only 0 halite was available
At command 5 of 6:
    3   m 9 n
    4   m 1 s
>>> 5   m 13 n
    6   m 23 n


Turn 192
================================================================
warning: entity 23 was directed to use 7 halite to move north, but only 0 halite was available
At command 6 of 6:
    4   m 15 e
    5   m 1 s
>>> 6   m 23 n


Turn 194
================================================================
warning: entity 13 was directed to use 10 halite to move north, but only 9 halite was available
At command 4 of 6:
    2   m 9 n
    3   m 1 s
>>> 4   m 13 n
    5   m 15 e
    6   m 23 w


Turn 195
================================================================
warning: owned entities 9, 1 collided on cell (41, 25) as the result of moves on this turn
At command 4 of 6:
    2   m 13 s
    3   m 1 o
>>> 4   m 9 n
    5   m 15 e
    6   m 23 w


Turn 196
================================================================
warning: entity 23 was directed to use 7 halite to move north, but only 4 halite was available
At command 4 of 4:
    2   m 15 e
    3   m 13 e
>>> 4   m 23 n


Turn 200
================================================================
error: timed out after 2000 ms (when reading string)
Last input received was:


