
Turn 3
================================================================
warning: entity 0 was directed to use 6 halite to move west, but only 0 halite was available
At command 1 of 2:
>>> 1   m 0 w
    2   g


Turn 5
================================================================
warning: entity 2 was directed to use 8 halite to move east, but only 0 halite was available
At command 2 of 3:
    1   m 0 w
>>> 2   m 2 e
    3   g


Turn 6
================================================================
warning: entity 0 was directed to use 9 halite to move west, but only 7 halite was available
At command 2 of 3:
    1   m 2 e
>>> 2   m 0 w
    3   m 4 e


Turn 7
================================================================
warning: entity 4 was directed to use 1 halite to move east, but only 0 halite was available
At command 3 of 4:
    1   m 0 w
    2   m 2 e
>>> 3   m 4 e
    4   g


Turn 8
================================================================
warning: entity 2 was directed to use 7 halite to move east, but only 2 halite was available
At command 3 of 4:
    1   m 0 n
    2   m 4 e
>>> 3   m 2 e
    4   m 6 n


Turn 9
================================================================
warning: entity 0 was directed to use 13 halite to move south, but only 4 halite was available
At command 1 of 5:
>>> 1   m 0 s
    2   m 2 e
    3   m 4 e

warning: entity 4 was directed to use 5 halite to move east, but only 4 halite was available
At command 3 of 5:
    1   m 0 s
    2   m 2 e
>>> 3   m 4 e
    4   m 6 e
    5   g

warning: entity 6 was directed to use 6 halite to move east, but only 0 halite was available
At command 4 of 5:
    2   m 2 e
    3   m 4 e
>>> 4   m 6 e
    5   g


Turn 11
================================================================
warning: entity 4 was directed to use 20 halite to move east, but only 14 halite was available
At command 2 of 5:
    1   m 0 n
>>> 2   m 4 e
    3   m 8 e
    4   m 2 s

warning: entity 8 was directed to use 1 halite to move east, but only 0 halite was available
At command 3 of 5:
    1   m 0 n
    2   m 4 e
>>> 3   m 8 e
    4   m 2 s
    5   m 6 n

warning: entity 2 was directed to use 12 halite to move south, but only 9 halite was available
At command 4 of 5:
    2   m 4 e
    3   m 8 e
>>> 4   m 2 s
    5   m 6 n

warning: entity 6 was directed to use 13 halite to move north, but only 12 halite was available
At command 5 of 5:
    3   m 8 e
    4   m 2 s
>>> 5   m 6 n


Turn 12
================================================================
warning: entity 0 was directed to use 10 halite to move south, but only 8 halite was available
At command 1 of 5:
>>> 1   m 0 s
    2   m 4 e
    3   m 8 e


Turn 14
================================================================
warning: entity 8 was directed to use 4 halite to move south, but only 1 halite was available
At command 5 of 5:
    3   m 6 n
    4   m 2 n
>>> 5   m 8 s


Turn 15
================================================================
warning: entity 0 was directed to use 7 halite to move south, but only 6 halite was available
At command 1 of 5:
>>> 1   m 0 s
    2   m 8 s
    3   m 2 w

warning: entity 2 was directed to use 24 halite to move west, but only 10 halite was available
At command 3 of 5:
    1   m 0 s
    2   m 8 s
>>> 3   m 2 w
    4   m 4 w
    5   m 6 n


Turn 16
================================================================
warning: entity 8 was directed to use 20 halite to move east, but only 10 halite was available
At command 1 of 5:
>>> 1   m 8 e
    2   m 0 s
    3   m 2 n

warning: entity 6 was directed to use 29 halite to move north, but only 10 halite was available
At command 4 of 5:
    2   m 0 s
    3   m 2 n
>>> 4   m 6 n
    5   m 4 e

warning: entity 4 was directed to use 15 halite to move east, but only 7 halite was available
At command 5 of 5:
    3   m 2 n
    4   m 6 n
>>> 5   m 4 e


Turn 17
================================================================
warning: entity 0 was directed to use 21 halite to move west, but only 20 halite was available
At command 1 of 5:
>>> 1   m 0 w
    2   m 8 e
    3   m 6 n


Turn 20
================================================================
warning: entity 6 was directed to use 43 halite to move west, but only 15 halite was available
At command 3 of 5:
    1   m 0 w
    2   m 8 w
>>> 3   m 6 w
    4   m 2 e
    5   m 4 w

warning: entity 2 was directed to use 23 halite to move east, but only 2 halite was available
At command 4 of 5:
    2   m 8 w
    3   m 6 w
>>> 4   m 2 e
    5   m 4 w

warning: entity 4 was directed to use 14 halite to move west, but only 9 halite was available
At command 5 of 5:
    3   m 6 w
    4   m 2 e
>>> 5   m 4 w


Turn 22
================================================================
warning: entity 6 was directed to use 94 halite to move west, but only 91 halite was available
At command 1 of 5:
>>> 1   m 6 w
    2   m 2 w
    3   m 4 n


Turn 23
================================================================
warning: entity 8 was directed to use 15 halite to move east, but only 2 halite was available
At command 2 of 5:
    1   m 6 w
>>> 2   m 8 e
    3   m 0 e
    4   m 2 e


Turn 24
================================================================
warning: entity 0 was directed to use 16 halite to move west, but only 11 halite was available
At command 1 of 5:
>>> 1   m 0 w
    2   m 8 e
    3   m 6 e

warning: entity 2 was directed to use 20 halite to move west, but only 6 halite was available
At command 4 of 5:
    2   m 8 e
    3   m 6 e
>>> 4   m 2 w
    5   m 4 n


Turn 26
================================================================
warning: entity 4 was directed to use 15 halite to move north, but only 4 halite was available
At command 5 of 5:
    3   m 6 e
    4   m 2 w
>>> 5   m 4 n


Turn 28
================================================================
warning: entity 6 was directed to use 47 halite to move east, but only 21 halite was available
At command 1 of 5:
>>> 1   m 6 e
    2   m 4 w
    3   m 0 w


Turn 29
================================================================
warning: entity 2 was directed to use 13 halite to move north, but only 7 halite was available
At command 2 of 5:
    1   m 6 e
>>> 2   m 2 n
    3   m 4 w
    4   m 0 e

warning: entity 0 was directed to use 24 halite to move east, but only 19 halite was available
At command 4 of 5:
    2   m 2 n
    3   m 4 w
>>> 4   m 0 e
    5   m 8 s


Turn 30
================================================================
warning: entity 8 was directed to use 21 halite to move south, but only 5 halite was available
At command 2 of 5:
    1   m 2 n
>>> 2   m 8 s
    3   m 0 e
    4   m 6 n

warning: entity 4 was directed to use 22 halite to move west, but only 5 halite was available
At command 5 of 5:
    3   m 0 e
    4   m 6 n
>>> 5   m 4 w


Turn 31
================================================================
warning: entity 2 was directed to use 35 halite to move west, but only 31 halite was available
At command 4 of 5:
    2   m 8 s
    3   m 4 w
>>> 4   m 2 w
    5   m 6 s

warning: entity 6 was directed to use 44 halite to move south, but only 33 halite was available
At command 5 of 5:
    3   m 4 w
    4   m 2 w
>>> 5   m 6 s


Turn 34
================================================================
warning: entity 8 was directed to use 16 halite to move north, but only 12 halite was available
At command 2 of 5:
    1   m 0 e
>>> 2   m 8 n
    3   m 6 n
    4   m 2 e

warning: entity 6 was directed to use 42 halite to move north, but only 41 halite was available
At command 3 of 5:
    1   m 0 e
    2   m 8 n
>>> 3   m 6 n
    4   m 2 e
    5   m 4 n

warning: entity 4 was directed to use 26 halite to move north, but only 2 halite was available
At command 5 of 5:
    3   m 6 n
    4   m 2 e
>>> 5   m 4 n

warning: owned entities 2, 6 collided on cell (8, 9) as the result of moves on this turn
At command 4 of 5:
    2   m 8 n
    3   m 6 n
>>> 4   m 2 e
    5   m 4 n


Turn 35
================================================================
warning: entity 0 was directed to use 10 halite to move west, but only 7 halite was available
At command 1 of 3:
>>> 1   m 0 w
    2   m 8 n
    3   m 4 n


Turn 37
================================================================
warning: entity 4 was directed to use 48 halite to move north, but only 10 halite was available
At command 3 of 3:
    1   m 0 e
    2   m 8 n
>>> 3   m 4 n


Turn 38
================================================================
warning: entity 8 was directed to use 16 halite to move south, but only 12 halite was available
At command 2 of 3:
    1   m 4 n
>>> 2   m 8 s
    3   m 0 w


Turn 39
================================================================
warning: entity 0 was directed to use 18 halite to move east, but only 1 halite was available
At command 1 of 3:
>>> 1   m 0 e
    2   m 8 s
    3   m 4 s


Turn 40
================================================================
warning: entity 4 was directed to use 36 halite to move north, but only 24 halite was available
At command 3 of 3:
    1   m 8 e
    2   m 0 e
>>> 3   m 4 n


Turn 43
================================================================
warning: entity 4 was directed to use 35 halite to move east, but only 17 halite was available
At command 1 of 3:
>>> 1   m 4 e
    2   m 8 n
    3   m 0 w

warning: entity 8 was directed to use 13 halite to move north, but only 4 halite was available
At command 2 of 3:
    1   m 4 e
>>> 2   m 8 n
    3   m 0 w


Turn 44
================================================================
warning: entity 0 was directed to use 13 halite to move east, but only 8 halite was available
At command 2 of 3:
    1   m 4 e
>>> 2   m 0 e
    3   m 8 n


Turn 46
================================================================
warning: entity 4 was directed to use 33 halite to move south, but only 8 halite was available
At command 1 of 3:
>>> 1   m 4 s
    2   m 0 n
    3   m 8 n


Turn 47
================================================================
warning: entity 8 was directed to use 16 halite to move south, but only 2 halite was available
At command 3 of 3:
    1   m 4 s
    2   m 0 e
>>> 3   m 8 s


Turn 48
================================================================
warning: entity 4 was directed to use 71 halite to move east, but only 68 halite was available
At command 3 of 3:
    1   m 0 e
    2   m 8 s
>>> 3   m 4 e


Turn 50
================================================================
warning: entity 0 was directed to use 5 halite to move north, but only 2 halite was available
At command 3 of 3:
    1   m 4 w
    2   m 8 s
>>> 3   m 0 n


Turn 52
================================================================
warning: entity 0 was directed to use 23 halite to move east, but only 12 halite was available
At command 1 of 3:
>>> 1   m 0 e
    2   m 8 s
    3   m 4 w

warning: entity 8 was directed to use 12 halite to move south, but only 0 halite was available
At command 2 of 3:
    1   m 0 e
>>> 2   m 8 s
    3   m 4 w


Turn 54
================================================================
warning: entity 4 was directed to use 32 halite to move west, but only 23 halite was available
At command 3 of 3:
    1   m 8 w
    2   m 0 e
>>> 3   m 4 w


Turn 56
================================================================
warning: entity 0 was directed to use 23 halite to move east, but only 4 halite was available
At command 2 of 3:
    1   m 8 s
>>> 2   m 0 e
    3   m 4 s


Turn 57
================================================================
warning: entity 8 was directed to use 13 halite to move south, but only 1 halite was available
At command 1 of 3:
>>> 1   m 8 s
    2   m 0 e
    3   m 4 n


Turn 58
================================================================
warning: entity 4 was directed to use 53 halite to move south, but only 0 halite was available
At command 3 of 3:
    1   m 0 n
    2   m 8 s
>>> 3   m 4 s


Turn 60
================================================================
warning: entity 0 was directed to use 40 halite to move north, but only 0 halite was available
At command 2 of 3:
    1   m 8 s
>>> 2   m 0 n
    3   m 4 w

warning: owned entities 4, 0 collided on cell (7, 9) as the result of moves on this turn
At command 3 of 3:
    1   m 8 s
    2   m 0 n
>>> 3   m 4 w


Turn 61
================================================================
warning: entity 8 was directed to use 9 halite to move east, but only 3 halite was available
At command 1 of 1:
>>> 1   m 8 e


Turn 64
================================================================
warning: entity 8 was directed to use 16 halite to move west, but only 7 halite was available
At command 1 of 1:
>>> 1   m 8 w


Turn 69
================================================================
warning: entity 8 was directed to use 30 halite to move west, but only 16 halite was available
At command 1 of 1:
>>> 1   m 8 w


Turn 73
================================================================
warning: entity 8 was directed to use 32 halite to move west, but only 3 halite was available
At command 1 of 1:
>>> 1   m 8 w


Turn 77
================================================================
warning: entity 8 was directed to use 36 halite to move east, but only 1 halite was available
At command 1 of 1:
>>> 1   m 8 e


Turn 81
================================================================
warning: entity 8 was directed to use 24 halite to move west, but only 14 halite was available
At command 1 of 1:
>>> 1   m 8 w


Turn 85
================================================================
warning: entity 8 was directed to use 27 halite to move south, but only 18 halite was available
At command 1 of 1:
>>> 1   m 8 s


Turn 90
================================================================
warning: entity 8 was directed to use 23 halite to move east, but only 5 halite was available
At command 1 of 1:
>>> 1   m 8 e


Turn 93
================================================================
warning: entity 8 was directed to use 22 halite to move west, but only 20 halite was available
At command 1 of 1:
>>> 1   m 8 w


Turn 97
================================================================
warning: entity 8 was directed to use 27 halite to move south, but only 21 halite was available
At command 1 of 1:
>>> 1   m 8 s


Turn 103
================================================================
warning: entity 8 was directed to use 13 halite to move north, but only 5 halite was available
At command 1 of 1:
>>> 1   m 8 n


Turn 106
================================================================
warning: entity 8 was directed to use 17 halite to move west, but only 10 halite was available
At command 1 of 1:
>>> 1   m 8 w


Turn 109
================================================================
warning: entity 8 was directed to use 50 halite to move south, but only 14 halite was available
At command 1 of 1:
>>> 1   m 8 s


Turn 113
================================================================
warning: entity 8 was directed to use 37 halite to move north, but only 29 halite was available
At command 1 of 1:
>>> 1   m 8 n


Turn 117
================================================================
warning: entity 8 was directed to use 54 halite to move east, but only 22 halite was available
At command 1 of 1:
>>> 1   m 8 e


Turn 122
================================================================
warning: entity 8 was directed to use 42 halite to move south, but only 3 halite was available
At command 1 of 1:
>>> 1   m 8 s


Turn 126
================================================================
warning: entity 8 was directed to use 36 halite to move west, but only 2 halite was available
At command 1 of 1:
>>> 1   m 8 w


Turn 129
================================================================
warning: entity 8 was directed to use 34 halite to move north, but only 26 halite was available
At command 1 of 1:
>>> 1   m 8 n


Turn 133
================================================================
warning: entity 8 was directed to use 40 halite to move north, but only 18 halite was available
At command 1 of 1:
>>> 1   m 8 n


Turn 137
================================================================
warning: entity 8 was directed to use 30 halite to move north, but only 28 halite was available
At command 1 of 1:
>>> 1   m 8 n


Turn 141
================================================================
warning: entity 8 was directed to use 32 halite to move east, but only 22 halite was available
At command 1 of 1:
>>> 1   m 8 e


Turn 145
================================================================
warning: entity 8 was directed to use 31 halite to move south, but only 20 halite was available
At command 1 of 1:
>>> 1   m 8 s


Turn 149
================================================================
warning: entity 8 was directed to use 38 halite to move south, but only 9 halite was available
At command 1 of 1:
>>> 1   m 8 s


Turn 153
================================================================
warning: entity 8 was directed to use 28 halite to move north, but only 21 halite was available
At command 1 of 1:
>>> 1   m 8 n


Turn 157
================================================================
warning: entity 8 was directed to use 28 halite to move east, but only 16 halite was available
At command 1 of 1:
>>> 1   m 8 e


Turn 161
================================================================
warning: entity 8 was directed to use 27 halite to move west, but only 19 halite was available
At command 1 of 1:
>>> 1   m 8 w


Turn 165
================================================================
warning: entity 8 was directed to use 32 halite to move north, but only 19 halite was available
At command 1 of 1:
>>> 1   m 8 n


Turn 169
================================================================
warning: entity 8 was directed to use 28 halite to move west, but only 24 halite was available
At command 1 of 1:
>>> 1   m 8 w


Turn 173
================================================================
warning: entity 8 was directed to use 30 halite to move east, but only 27 halite was available
At command 1 of 1:
>>> 1   m 8 e


Turn 178
================================================================
warning: entity 8 was directed to use 24 halite to move south, but only 3 halite was available
At command 1 of 1:
>>> 1   m 8 s


Turn 181
================================================================
warning: entity 8 was directed to use 23 halite to move north, but only 18 halite was available
At command 1 of 1:
>>> 1   m 8 n


Turn 185
================================================================
warning: entity 8 was directed to use 27 halite to move west, but only 11 halite was available
At command 1 of 1:
>>> 1   m 8 w


Turn 189
================================================================
warning: entity 8 was directed to use 22 halite to move south, but only 11 halite was available
At command 1 of 1:
>>> 1   m 8 s


Turn 193
================================================================
warning: entity 8 was directed to use 26 halite to move west, but only 3 halite was available
At command 1 of 1:
>>> 1   m 8 w


Turn 197
================================================================
warning: entity 8 was directed to use 22 halite to move north, but only 6 halite was available
At command 1 of 1:
>>> 1   m 8 n

