
Turn 3
================================================================
warning: entity 0 was directed to use 18 halite to move west, but only 0 halite was available
At command 1 of 2:
>>> 1   m 0 w
    2   g


Turn 5
================================================================
warning: entity 2 was directed to use 14 halite to move west, but only 0 halite was available
At command 2 of 3:
    1   m 0 n
>>> 2   m 2 w
    3   g


Turn 7
================================================================
warning: entity 4 was directed to use 20 halite to move west, but only 0 halite was available
At command 3 of 4:
    1   m 2 n
    2   m 0 o
>>> 3   m 4 w
    4   g


Turn 8
================================================================
error: failed to decode bot message: "T" (at position 1)
Last input received was:
Traceback (most recent call last):
  File "MyBot.py", line 164, in <module>
    ships.remove(id)
  File "D:\Python-Workspace\Halite\Trabalho-IA\choi_yena\hlt\entity.py", line 36, in __eq__
    return self.owner == other.owner and self.id == other.id
AttributeError: 'int' object has no attribute 'owner'

