
Turn 3
================================================================
warning: entity 1 was directed to use 12 halite to move north, but only 0 halite was available
At command 1 of 2:
>>> 1   m 1 n
    2   g


Turn 5
================================================================
warning: entity 3 was directed to use 9 halite to move west, but only 0 halite was available
At command 2 of 3:
    1   m 1 o
>>> 2   m 3 w
    3   g


Turn 7
================================================================
warning: entity 5 was directed to use 6 halite to move west, but only 0 halite was available
At command 3 of 4:
    1   m 1 w
    2   m 3 o
>>> 3   m 5 w
    4   g


Turn 9
================================================================
error: timed out after 2000 ms (when reading string)
Last input received was:


