
Turn 3
================================================================
warning: entity 0 was directed to use 5 halite to move west, but only 0 halite was available
At command 1 of 2:
>>> 1   m 0 w
    2   g


Turn 5
================================================================
warning: entity 0 was directed to use 21 halite to move west, but only 10 halite was available
At command 1 of 3:
>>> 1   m 0 w
    2   m 2 s
    3   g

warning: entity 2 was directed to use 1 halite to move south, but only 0 halite was available
At command 2 of 3:
    1   m 0 w
>>> 2   m 2 s
    3   g


Turn 7
================================================================
warning: entity 4 was directed to use 4 halite to move north, but only 0 halite was available
At command 2 of 4:
    1   m 0 e
>>> 2   m 4 n
    3   m 2 e
    4   g

warning: entity 2 was directed to use 12 halite to move east, but only 3 halite was available
At command 3 of 4:
    1   m 0 e
    2   m 4 n
>>> 3   m 2 e
    4   g


Turn 9
================================================================
warning: entity 4 was directed to use 16 halite to move west, but only 8 halite was available
At command 2 of 5:
    1   m 0 s
>>> 2   m 4 w
    3   m 2 s
    4   m 6 e

warning: entity 6 was directed to use 2 halite to move east, but only 0 halite was available
At command 4 of 5:
    2   m 4 w
    3   m 2 s
>>> 4   m 6 e
    5   g


Turn 10
================================================================
warning: entity 0 was directed to use 11 halite to move south, but only 6 halite was available
At command 2 of 5:
    1   m 4 w
>>> 2   m 0 s
    3   m 2 e
    4   m 6 e

warning: entity 2 was directed to use 29 halite to move east, but only 15 halite was available
At command 3 of 5:
    1   m 4 w
    2   m 0 s
>>> 3   m 2 e
    4   m 6 e
    5   m 8 s


Turn 11
================================================================
warning: entity 8 was directed to use 1 halite to move east, but only 0 halite was available
At command 4 of 5:
    2   m 2 e
    3   m 4 n
>>> 4   m 8 e
    5   m 6 n

warning: entity 6 was directed to use 8 halite to move north, but only 5 halite was available
At command 5 of 5:
    3   m 4 n
    4   m 8 e
>>> 5   m 6 n


Turn 13
================================================================
warning: entity 0 was directed to use 17 halite to move west, but only 9 halite was available
At command 1 of 5:
>>> 1   m 0 w
    2   m 4 n
    3   m 2 n

warning: entity 8 was directed to use 9 halite to move east, but only 3 halite was available
At command 5 of 5:
    3   m 2 n
    4   m 6 n
>>> 5   m 8 e


Turn 14
================================================================
warning: entity 4 was directed to use 27 halite to move north, but only 9 halite was available
At command 2 of 5:
    1   m 0 w
>>> 2   m 4 n
    3   m 2 s
    4   m 8 e

warning: entity 6 was directed to use 14 halite to move east, but only 7 halite was available
At command 5 of 5:
    3   m 2 s
    4   m 8 e
>>> 5   m 6 e


Turn 15
================================================================
warning: entity 2 was directed to use 24 halite to move north, but only 17 halite was available
At command 3 of 5:
    1   m 4 n
    2   m 0 w
>>> 3   m 2 n
    4   m 6 e
    5   m 8 s


Turn 16
================================================================
warning: entity 8 was directed to use 21 halite to move east, but only 10 halite was available
At command 3 of 5:
    1   m 2 s
    2   m 4 n
>>> 3   m 8 e
    4   m 0 n
    5   m 6 e


Turn 17
================================================================
warning: entity 0 was directed to use 14 halite to move north, but only 1 halite was available
At command 1 of 5:
>>> 1   m 0 n
    2   m 8 e
    3   m 2 e

warning: entity 4 was directed to use 42 halite to move south, but only 30 halite was available
At command 4 of 5:
    2   m 8 e
    3   m 2 e
>>> 4   m 4 s
    5   m 6 e


Turn 18
================================================================
warning: entity 6 was directed to use 36 halite to move north, but only 8 halite was available
At command 5 of 5:
    3   m 4 s
    4   m 2 e
>>> 5   m 6 n


Turn 20
================================================================
warning: entity 0 was directed to use 32 halite to move west, but only 13 halite was available
At command 1 of 5:
>>> 1   m 0 w
    2   m 8 e
    3   m 2 e

warning: entity 2 was directed to use 14 halite to move east, but only 12 halite was available
At command 3 of 5:
    1   m 0 w
    2   m 8 e
>>> 3   m 2 e
    4   m 6 s
    5   m 4 s


Turn 21
================================================================
warning: entity 8 was directed to use 21 halite to move east, but only 2 halite was available
At command 1 of 5:
>>> 1   m 8 e
    2   m 0 w
    3   m 2 e


Turn 22
================================================================
warning: entity 0 was directed to use 77 halite to move west, but only 72 halite was available
At command 1 of 5:
>>> 1   m 0 w
    2   m 8 e
    3   m 2 e

warning: entity 6 was directed to use 37 halite to move south, but only 9 halite was available
At command 4 of 5:
    2   m 8 e
    3   m 2 e
>>> 4   m 6 s
    5   m 4 s

warning: entity 4 was directed to use 31 halite to move south, but only 16 halite was available
At command 5 of 5:
    3   m 2 e
    4   m 6 s
>>> 5   m 4 s


Turn 23
================================================================
warning: entity 2 was directed to use 31 halite to move south, but only 12 halite was available
At command 5 of 5:
    3   m 6 s
    4   m 4 s
>>> 5   m 2 s


Turn 25
================================================================
warning: entity 8 was directed to use 24 halite to move north, but only 16 halite was available
At command 2 of 5:
    1   m 2 s
>>> 2   m 8 n
    3   m 0 n
    4   m 6 s


Turn 26
================================================================
warning: entity 0 was directed to use 77 halite to move south, but only 65 halite was available
At command 1 of 5:
>>> 1   m 0 s
    2   m 8 n
    3   m 2 e

warning: entity 2 was directed to use 46 halite to move east, but only 27 halite was available
At command 3 of 5:
    1   m 0 s
    2   m 8 n
>>> 3   m 2 e
    4   m 6 n
    5   m 4 n

warning: entity 6 was directed to use 27 halite to move north, but only 20 halite was available
At command 4 of 5:
    2   m 8 n
    3   m 2 e
>>> 4   m 6 n
    5   m 4 n

warning: entity 4 was directed to use 29 halite to move north, but only 21 halite was available
At command 5 of 5:
    3   m 2 e
    4   m 6 n
>>> 5   m 4 n


Turn 29
================================================================
warning: entity 8 was directed to use 51 halite to move north, but only 4 halite was available
At command 1 of 4:
>>> 1   m 8 n
    2   m 6 w
    3   m 2 s


Turn 30
================================================================
warning: entity 2 was directed to use 46 halite to move north, but only 20 halite was available
At command 2 of 4:
    1   m 8 n
>>> 2   m 2 n
    3   m 6 e
    4   m 4 w

warning: entity 6 was directed to use 28 halite to move east, but only 20 halite was available
At command 3 of 4:
    1   m 8 n
    2   m 2 n
>>> 3   m 6 e
    4   m 4 w

warning: entity 4 was directed to use 23 halite to move west, but only 22 halite was available
At command 4 of 4:
    2   m 2 n
    3   m 6 e
>>> 4   m 4 w


Turn 32
================================================================
warning: entity 8 was directed to use 55 halite to move west, but only 40 halite was available
At command 1 of 3:
>>> 1   m 8 w
    2   m 6 w
    3   m 4 n


Turn 34
================================================================
warning: entity 4 was directed to use 29 halite to move north, but only 14 halite was available
At command 3 of 3:
    1   m 8 e
    2   m 6 w
>>> 3   m 4 n


Turn 35
================================================================
warning: entity 6 was directed to use 21 halite to move east, but only 7 halite was available
At command 3 of 3:
    1   m 4 n
    2   m 8 w
>>> 3   m 6 e


Turn 36
================================================================
warning: entity 8 was directed to use 55 halite to move east, but only 42 halite was available
At command 3 of 3:
    1   m 6 e
    2   m 4 s
>>> 3   m 8 e


Turn 39
================================================================
warning: entity 4 was directed to use 22 halite to move north, but only 1 halite was available
At command 1 of 3:
>>> 1   m 4 n
    2   m 8 s
    3   m 6 e

warning: entity 6 was directed to use 24 halite to move east, but only 4 halite was available
At command 3 of 3:
    1   m 4 n
    2   m 8 s
>>> 3   m 6 e


Turn 41
================================================================
warning: entity 8 was directed to use 51 halite to move south, but only 6 halite was available
At command 3 of 3:
    1   m 4 e
    2   m 6 s
>>> 3   m 8 s


Turn 42
================================================================
warning: entity 4 was directed to use 21 halite to move west, but only 19 halite was available
At command 2 of 3:
    1   m 8 s
>>> 2   m 4 w
    3   m 6 s


Turn 43
================================================================
warning: entity 6 was directed to use 26 halite to move south, but only 13 halite was available
At command 3 of 3:
    1   m 4 w
    2   m 8 w
>>> 3   m 6 s


Turn 45
================================================================
warning: entity 8 was directed to use 42 halite to move west, but only 13 halite was available
At command 3 of 3:
    1   m 6 s
    2   m 4 n
>>> 3   m 8 w


Turn 46
================================================================
warning: entity 4 was directed to use 22 halite to move south, but only 19 halite was available
At command 3 of 3:
    1   m 8 w
    2   m 6 s
>>> 3   m 4 s


Turn 47
================================================================
warning: entity 6 was directed to use 41 halite to move north, but only 12 halite was available
At command 3 of 3:
    1   m 4 s
    2   m 8 n
>>> 3   m 6 n


Turn 49
================================================================
warning: entity 8 was directed to use 42 halite to move north, but only 9 halite was available
At command 3 of 3:
    1   m 6 s
    2   m 4 s
>>> 3   m 8 n


Turn 50
================================================================
warning: entity 4 was directed to use 26 halite to move east, but only 24 halite was available
At command 3 of 3:
    1   m 8 e
    2   m 6 e
>>> 3   m 4 e


Turn 51
================================================================
warning: entity 6 was directed to use 31 halite to move west, but only 30 halite was available
At command 3 of 3:
    1   m 4 e
    2   m 8 w
>>> 3   m 6 w

