
Turn 3
================================================================
warning: entity 1 was directed to use 5 halite to move east, but only 0 halite was available
At command 1 of 2:
>>> 1   m 1 e
    2   g


Turn 5
================================================================
warning: entity 1 was directed to use 21 halite to move east, but only 10 halite was available
At command 1 of 3:
>>> 1   m 1 e
    2   m 3 s
    3   g

warning: entity 3 was directed to use 1 halite to move south, but only 0 halite was available
At command 2 of 3:
    1   m 1 e
>>> 2   m 3 s
    3   g


Turn 7
================================================================
warning: entity 5 was directed to use 4 halite to move north, but only 0 halite was available
At command 2 of 4:
    1   m 1 w
>>> 2   m 5 n
    3   m 3 w
    4   g

warning: entity 3 was directed to use 12 halite to move west, but only 3 halite was available
At command 3 of 4:
    1   m 1 w
    2   m 5 n
>>> 3   m 3 w
    4   g


Turn 9
================================================================
warning: entity 5 was directed to use 16 halite to move south, but only 8 halite was available
At command 1 of 5:
>>> 1   m 5 s
    2   m 1 w
    3   m 7 w

warning: entity 7 was directed to use 2 halite to move west, but only 0 halite was available
At command 3 of 5:
    1   m 5 s
    2   m 1 w
>>> 3   m 7 w
    4   m 3 s
    5   g

warning: owned entities 1, 5 collided on cell (25, 16) as the result of moves on this turn
At command 2 of 5:
    1   m 5 s
>>> 2   m 1 w
    3   m 7 w
    4   m 3 s


Turn 10
================================================================
warning: entity 3 was directed to use 29 halite to move west, but only 15 halite was available
At command 1 of 3:
>>> 1   m 3 w
    2   m 7 w
    3   m 9 e


Turn 11
================================================================
warning: entity 9 was directed to use 3 halite to move east, but only 0 halite was available
At command 2 of 3:
    1   m 3 w
>>> 2   m 9 e
    3   m 7 n

warning: entity 7 was directed to use 8 halite to move north, but only 5 halite was available
At command 3 of 3:
    1   m 3 w
    2   m 9 e
>>> 3   m 7 n


Turn 13
================================================================
warning: entity 9 was directed to use 17 halite to move east, but only 6 halite was available
At command 2 of 3:
    1   m 3 n
>>> 2   m 9 e
    3   m 7 n


Turn 14
================================================================
warning: entity 7 was directed to use 14 halite to move west, but only 7 halite was available
At command 3 of 3:
    1   m 9 e
    2   m 3 s
>>> 3   m 7 w


Turn 15
================================================================
warning: entity 3 was directed to use 24 halite to move north, but only 17 halite was available
At command 1 of 3:
>>> 1   m 3 n
    2   m 9 s
    3   m 7 w


Turn 17
================================================================
warning: entity 9 was directed to use 18 halite to move east, but only 13 halite was available
At command 2 of 3:
    1   m 3 e
>>> 2   m 9 e
    3   m 7 w


Turn 18
================================================================
warning: entity 7 was directed to use 36 halite to move north, but only 8 halite was available
At command 3 of 3:
    1   m 9 e
    2   m 3 w
>>> 3   m 7 n


Turn 20
================================================================
warning: entity 3 was directed to use 21 halite to move west, but only 15 halite was available
At command 3 of 3:
    1   m 7 s
    2   m 9 e
>>> 3   m 3 w


Turn 21
================================================================
warning: entity 9 was directed to use 14 halite to move north, but only 4 halite was available
At command 3 of 3:
    1   m 3 w
    2   m 7 n
>>> 3   m 9 n


Turn 22
================================================================
warning: entity 7 was directed to use 37 halite to move south, but only 9 halite was available
At command 3 of 3:
    1   m 9 n
    2   m 3 s
>>> 3   m 7 s


Turn 25
================================================================
warning: entity 9 was directed to use 32 halite to move east, but only 2 halite was available
At command 1 of 3:
>>> 1   m 9 e
    2   m 3 w
    3   m 7 s

warning: entity 3 was directed to use 21 halite to move west, but only 7 halite was available
At command 2 of 3:
    1   m 9 e
>>> 2   m 3 w
    3   m 7 s


Turn 26
================================================================
warning: entity 7 was directed to use 27 halite to move north, but only 20 halite was available
At command 3 of 3:
    1   m 9 s
    2   m 3 w
>>> 3   m 7 n


Turn 29
================================================================
warning: entity 3 was directed to use 25 halite to move west, but only 18 halite was available
At command 1 of 2:
>>> 1   m 3 w
    2   m 7 e


Turn 30
================================================================
warning: entity 7 was directed to use 28 halite to move west, but only 20 halite was available
At command 2 of 2:
    1   m 3 w
>>> 2   m 7 w


Turn 35
================================================================
warning: entity 7 was directed to use 21 halite to move west, but only 7 halite was available
At command 1 of 1:
>>> 1   m 7 w


Turn 39
================================================================
warning: entity 7 was directed to use 24 halite to move west, but only 4 halite was available
At command 1 of 1:
>>> 1   m 7 w


Turn 43
================================================================
warning: entity 7 was directed to use 26 halite to move south, but only 13 halite was available
At command 1 of 1:
>>> 1   m 7 s


Turn 47
================================================================
warning: entity 7 was directed to use 41 halite to move south, but only 12 halite was available
At command 1 of 1:
>>> 1   m 7 s

