
Turn 11
================================================================
warning: entity 8 was directed to use 12 halite to move west, but only 0 halite was available
At command 5 of 5:
    3   m 6 o
    4   m 0 o
>>> 5   m 8 w


Turn 17
================================================================
warning: entity 0 was directed to use 14 halite to move west, but only 0 halite was available
At command 1 of 5:
>>> 1   m 0 w
    2   m 8 o
    3   m 4 o

warning: owned entities 6, 0 collided on cell (15, 32) as the result of moves on this turn
At command 4 of 5:
    2   m 8 o
    3   m 4 o
>>> 4   m 6 e
    5   m 2 n


Turn 19
================================================================
warning: entity 2 was directed to use 12 halite to move east, but only 0 halite was available
At command 3 of 3:
    1   m 8 o
    2   m 4 n
>>> 3   m 2 e


Turn 21
================================================================
warning: entity 4 was directed to use 15 halite to move south, but only 0 halite was available
At command 3 of 4:
    1   m 8 o
    2   m 2 o
>>> 3   m 4 s
    4   g


Turn 23
================================================================
warning: entity 10 was directed to use 9 halite to move west, but only 0 halite was available
At command 4 of 4:
    2   m 2 o
    3   m 4 o
>>> 4   m 10 w


Turn 25
================================================================
warning: entity 8 was directed to use 7 halite to move west, but only 0 halite was available
At command 3 of 5:
    1   m 2 s
    2   m 4 o
>>> 3   m 8 w
    4   m 10 w
    5   g


Turn 27
================================================================
warning: entity 12 was directed to use 11 halite to move west, but only 0 halite was available
At command 5 of 6:
    3   m 2 o
    4   m 8 e
>>> 5   m 12 w
    6   g


Turn 28
================================================================
warning: entity 8 was directed to use 5 halite to move north, but only 2 halite was available
At command 4 of 6:
    2   m 10 o
    3   m 2 o
>>> 4   m 8 n
    5   m 12 w
    6   m 14 e


Turn 29
================================================================
warning: entity 14 was directed to use 9 halite to move east, but only 0 halite was available
At command 6 of 6:
    4   m 4 o
    5   m 12 s
>>> 6   m 14 e


Turn 39
================================================================
warning: entity 2 was directed to use 8 halite to move west, but only 0 halite was available
At command 4 of 7:
    2   m 12 o
    3   m 8 o
>>> 4   m 2 w
    5   m 10 o
    6   m 14 o


Turn 44
================================================================
warning: entity 4 was directed to use 6 halite to move east, but only 0 halite was available
At command 1 of 8:
>>> 1   m 4 e
    2   m 12 e
    3   m 2 o


Turn 46
================================================================
warning: entity 4 was directed to use 14 halite to move south, but only 12 halite was available
At command 6 of 8:
    4   m 16 w
    5   m 8 o
>>> 6   m 4 s
    7   m 12 n
    8   m 18 w

warning: entity 18 was directed to use 6 halite to move west, but only 0 halite was available
At command 8 of 8:
    6   m 4 s
    7   m 12 n
>>> 8   m 18 w


Turn 48
================================================================
warning: entity 10 was directed to use 11 halite to move west, but only 0 halite was available
At command 6 of 9:
    4   m 4 s
    5   m 12 n
>>> 6   m 10 w
    7   m 2 o
    8   m 18 s

warning: entity 18 was directed to use 13 halite to move south, but only 12 halite was available
At command 8 of 9:
    6   m 10 w
    7   m 2 o
>>> 8   m 18 s
    9   g


Turn 50
================================================================
error: timed out after 2000 ms (when reading string)
Last input received was:


