
Turn 3
================================================================
warning: entity 0 was directed to use 1 halite to move west, but only 0 halite was available
At command 1 of 2:
>>> 1   m 0 w
    2   g


Turn 5
================================================================
warning: entity 2 was directed to use 1 halite to move west, but only 0 halite was available
At command 1 of 3:
>>> 1   m 2 w
    2   m 0 w
    3   g

warning: entity 0 was directed to use 6 halite to move west, but only 3 halite was available
At command 2 of 3:
    1   m 2 w
>>> 2   m 0 w
    3   g


Turn 7
================================================================
warning: entity 0 was directed to use 17 halite to move west, but only 15 halite was available
At command 2 of 4:
    1   m 2 w
>>> 2   m 0 w
    3   m 4 w
    4   g

warning: entity 4 was directed to use 1 halite to move west, but only 0 halite was available
At command 3 of 4:
    1   m 2 w
    2   m 0 w
>>> 3   m 4 w
    4   g


Turn 9
================================================================
warning: entity 2 was directed to use 14 halite to move west, but only 1 halite was available
At command 1 of 5:
>>> 1   m 2 w
    2   m 0 w
    3   m 6 w

warning: entity 6 was directed to use 1 halite to move west, but only 0 halite was available
At command 3 of 5:
    1   m 2 w
    2   m 0 w
>>> 3   m 6 w
    4   m 4 w
    5   g

warning: entity 4 was directed to use 4 halite to move west, but only 3 halite was available
At command 4 of 5:
    2   m 0 w
    3   m 6 w
>>> 4   m 4 w
    5   g


Turn 12
================================================================
warning: entity 4 was directed to use 10 halite to move west, but only 0 halite was available
At command 1 of 5:
>>> 1   m 4 w
    2   m 8 w
    3   m 0 s

warning: entity 8 was directed to use 3 halite to move west, but only 0 halite was available
At command 2 of 5:
    1   m 4 w
>>> 2   m 8 w
    3   m 0 s
    4   m 6 w

warning: entity 0 was directed to use 19 halite to move south, but only 5 halite was available
At command 3 of 5:
    1   m 4 w
    2   m 8 w
>>> 3   m 0 s
    4   m 6 w
    5   m 2 o

warning: entity 6 was directed to use 9 halite to move west, but only 1 halite was available
At command 4 of 5:
    2   m 8 w
    3   m 0 s
>>> 4   m 6 w
    5   m 2 o


Turn 14
================================================================
warning: entity 8 was directed to use 12 halite to move west, but only 7 halite was available
At command 1 of 5:
>>> 1   m 8 w
    2   m 0 o
    3   m 4 s

warning: owned entities 6, 2 collided on cell (5, 18) as the result of moves on this turn
At command 4 of 5:
    2   m 0 o
    3   m 4 s
>>> 4   m 6 w
    5   m 2 e

Other commands that placed an entity on this cell:
    3   m 4 s
    4   m 6 w
>>> 5   m 2 e


Turn 55
================================================================
warning: entity 0 was directed to use 2 halite to move west, but only 0 halite was available
At command 2 of 3:
    1   m 8 n
>>> 2   m 0 w
    3   m 4 n


Turn 57
================================================================
warning: entity 0 was directed to use 9 halite to move west, but only 6 halite was available
At command 1 of 3:
>>> 1   m 0 w
    2   m 8 n
    3   m 4 n


Turn 63
================================================================
warning: entity 4 was directed to use 1 halite to move west, but only 0 halite was available
At command 3 of 3:
    1   m 8 w
    2   m 0 n
>>> 3   m 4 w


Turn 65
================================================================
warning: entity 0 was directed to use 17 halite to move west, but only 6 halite was available
At command 1 of 4:
>>> 1   m 0 w
    2   m 10 w
    3   m 8 w

warning: entity 8 was directed to use 1 halite to move west, but only 0 halite was available
At command 3 of 4:
    1   m 0 w
    2   m 10 w
>>> 3   m 8 w
    4   m 4 w

warning: entity 4 was directed to use 7 halite to move west, but only 4 halite was available
At command 4 of 4:
    2   m 10 w
    3   m 8 w
>>> 4   m 4 w


Turn 67
================================================================
warning: entity 10 was directed to use 1 halite to move west, but only 0 halite was available
At command 2 of 5:
    1   m 0 o
>>> 2   m 10 w
    3   m 4 s
    4   m 11 s


Turn 68
================================================================
warning: entity 4 was directed to use 15 halite to move south, but only 2 halite was available
At command 2 of 5:
    1   m 10 w
>>> 2   m 4 s
    3   m 11 s
    4   m 8 w

warning: entity 11 was directed to use 1 halite to move south, but only 0 halite was available
At command 3 of 5:
    1   m 10 w
    2   m 4 s
>>> 3   m 11 s
    4   m 8 w
    5   m 0 w

warning: entity 8 was directed to use 8 halite to move west, but only 1 halite was available
At command 4 of 5:
    2   m 4 s
    3   m 11 s
>>> 4   m 8 w
    5   m 0 w


Turn 69
================================================================
warning: entity 10 was directed to use 5 halite to move west, but only 4 halite was available
At command 5 of 5:
    3   m 4 s
    4   m 11 s
>>> 5   m 10 w


Turn 70
================================================================
warning: owned entities 8, 4 collided on cell (4, 18) as the result of moves on this turn
At command 1 of 5:
>>> 1   m 8 w
    2   m 10 w
    3   m 4 o


Turn 71
================================================================
warning: entity 10 was directed to use 15 halite to move south, but only 14 halite was available
At command 1 of 3:
>>> 1   m 10 s
    2   m 11 w
    3   m 0 w

warning: entity 11 was directed to use 7 halite to move west, but only 1 halite was available
At command 2 of 3:
    1   m 10 s
>>> 2   m 11 w
    3   m 0 w


Turn 74
================================================================
warning: entity 11 was directed to use 15 halite to move south, but only 14 halite was available
At command 2 of 3:
    1   m 10 o
>>> 2   m 11 s
    3   m 0 w


Turn 79
================================================================
warning: entity 11 was directed to use 12 halite to move west, but only 0 halite was available
At command 2 of 3:
    1   m 10 w
>>> 2   m 11 w
    3   m 0 s


Turn 80
================================================================
warning: entity 10 was directed to use 17 halite to move south, but only 15 halite was available
At command 2 of 3:
    1   m 11 s
>>> 2   m 10 s
    3   m 0 w


Turn 83
================================================================
warning: entity 11 was directed to use 16 halite to move south, but only 2 halite was available
At command 2 of 3:
    1   m 10 s
>>> 2   m 11 s
    3   m 0 s


Turn 84
================================================================
warning: entity 10 was directed to use 16 halite to move south, but only 14 halite was available
At command 2 of 3:
    1   m 11 w
>>> 2   m 10 s
    3   m 0 s

